-------------------------------------------------------------------------------
Test set: com.myapp.order.OrderControllerIntegrationTest$PerformanceTests
-------------------------------------------------------------------------------
Tests run: 2, Failures: 0, Errors: 2, Skipped: 0, Time elapsed: 0.012 s <<< FAILURE! -- in com.myapp.order.OrderControllerIntegrationTest$PerformanceTests
com.myapp.order.OrderControllerIntegrationTest$PerformanceTests.bulkOrderCreation_100Orders_CompletesInReasonableTime -- Time elapsed: 0.005 s <<< ERROR!
java.lang.NoClassDefFoundError: Could not initialize class com.myapp.common.utils.DatabaseUtil
	at com.myapp.common.TestDatabaseManager.cleanAllTestData(TestDatabaseManager.java:188)
	at com.myapp.common.TestDatabaseManager.cleanup(TestDatabaseManager.java:74)
	at com.myapp.order.OrderControllerIntegrationTest.setUp(OrderControllerIntegrationTest.java:50)
	at java.base/java.lang.reflect.Method.invoke(Method.java:569)
	at java.base/java.util.ArrayList.forEach(ArrayList.java:1511)
	at java.base/java.util.ArrayList.forEach(ArrayList.java:1511)
	at java.base/java.util.ArrayList.forEach(ArrayList.java:1511)
	Suppressed: java.lang.NoClassDefFoundError: Could not initialize class com.myapp.common.utils.DatabaseUtil
		at com.myapp.common.TestDatabaseManager.cleanAllTestData(TestDatabaseManager.java:188)
		at com.myapp.common.TestDatabaseManager.cleanup(TestDatabaseManager.java:74)
		at com.myapp.order.OrderControllerIntegrationTest.tearDown(OrderControllerIntegrationTest.java:69)
		... 4 more
	Caused by: java.lang.ExceptionInInitializerError: Exception java.lang.ExceptionInInitializerError [in thread "main"]
		at com.myapp.common.utils.DatabaseUtil.buildSessionFactory(DatabaseUtil.java:81)
		at com.myapp.common.utils.DatabaseUtil.<clinit>(DatabaseUtil.java:20)
		at com.myapp.api.RegistrationApiTest.setUpClass(RegistrationApiTest.java:91)
		at java.base/java.lang.reflect.Method.invoke(Method.java:569)
		... 1 more
Caused by: [CIRCULAR REFERENCE: java.lang.ExceptionInInitializerError: Exception java.lang.ExceptionInInitializerError [in thread "main"]]

com.myapp.order.OrderControllerIntegrationTest$PerformanceTests.orderStatusQueries_LargeDataset_FastResponse -- Time elapsed: 0.003 s <<< ERROR!
java.lang.NoClassDefFoundError: Could not initialize class com.myapp.common.utils.DatabaseUtil
	at com.myapp.common.TestDatabaseManager.cleanAllTestData(TestDatabaseManager.java:188)
	at com.myapp.common.TestDatabaseManager.cleanup(TestDatabaseManager.java:74)
	at com.myapp.order.OrderControllerIntegrationTest.setUp(OrderControllerIntegrationTest.java:50)
	at java.base/java.lang.reflect.Method.invoke(Method.java:569)
	at java.base/java.util.ArrayList.forEach(ArrayList.java:1511)
	at java.base/java.util.ArrayList.forEach(ArrayList.java:1511)
	at java.base/java.util.ArrayList.forEach(ArrayList.java:1511)
	Suppressed: java.lang.NoClassDefFoundError: Could not initialize class com.myapp.common.utils.DatabaseUtil
		at com.myapp.common.TestDatabaseManager.cleanAllTestData(TestDatabaseManager.java:188)
		at com.myapp.common.TestDatabaseManager.cleanup(TestDatabaseManager.java:74)
		at com.myapp.order.OrderControllerIntegrationTest.tearDown(OrderControllerIntegrationTest.java:69)
		... 4 more
	Caused by: java.lang.ExceptionInInitializerError: Exception java.lang.ExceptionInInitializerError [in thread "main"]
		at com.myapp.common.utils.DatabaseUtil.buildSessionFactory(DatabaseUtil.java:81)
		at com.myapp.common.utils.DatabaseUtil.<clinit>(DatabaseUtil.java:20)
		at com.myapp.api.RegistrationApiTest.setUpClass(RegistrationApiTest.java:91)
		at java.base/java.lang.reflect.Method.invoke(Method.java:569)
		... 1 more
Caused by: [CIRCULAR REFERENCE: java.lang.ExceptionInInitializerError: Exception java.lang.ExceptionInInitializerError [in thread "main"]]

