-------------------------------------------------------------------------------
Test set: com.myapp.vendor.VendorRepositoryTest$GetVendorsWithItemCountsTests
-------------------------------------------------------------------------------
Tests run: 6, Failures: 0, Errors: 6, Skipped: 0, Time elapsed: 0.013 s <<< FAILURE! -- in com.myapp.vendor.VendorRepositoryTest$GetVendorsWithItemCountsTests
com.myapp.vendor.VendorRepositoryTest$GetVendorsWithItemCountsTests.testGetVendorsWithItemCounts -- Time elapsed: 0.002 s <<< ERROR!
java.lang.NoClassDefFoundError: Could not initialize class com.myapp.common.utils.DatabaseUtil
	at com.myapp.vendor.VendorRepository.getVendorsWithItemCounts(VendorRepository.java:175)
	at com.myapp.vendor.VendorRepositoryTest$GetVendorsWithItemCountsTests.testGetVendorsWithItemCounts(VendorRepositoryTest.java:411)
	at java.base/java.lang.reflect.Method.invoke(Method.java:569)
	at java.base/java.util.ArrayList.forEach(ArrayList.java:1511)
	at java.base/java.util.ArrayList.forEach(ArrayList.java:1511)
	at java.base/java.util.ArrayList.forEach(ArrayList.java:1511)
Caused by: java.lang.ExceptionInInitializerError: Exception java.lang.ExceptionInInitializerError [in thread "main"]
	at com.myapp.common.utils.DatabaseUtil.buildSessionFactory(DatabaseUtil.java:81)
	at com.myapp.common.utils.DatabaseUtil.<clinit>(DatabaseUtil.java:20)
	at com.myapp.api.RegistrationApiTest.setUpClass(RegistrationApiTest.java:91)
	at java.base/java.lang.reflect.Method.invoke(Method.java:569)
	... 1 more

com.myapp.vendor.VendorRepositoryTest$GetVendorsWithItemCountsTests.testGetVendorsWithItemCountsOnlyApproved -- Time elapsed: 0.001 s <<< ERROR!
java.lang.NoClassDefFoundError: Could not initialize class com.myapp.common.utils.DatabaseUtil
	at com.myapp.vendor.VendorRepository.getVendorsWithItemCounts(VendorRepository.java:175)
	at com.myapp.vendor.VendorRepositoryTest$GetVendorsWithItemCountsTests.testGetVendorsWithItemCountsOnlyApproved(VendorRepositoryTest.java:447)
	at java.base/java.lang.reflect.Method.invoke(Method.java:569)
	at java.base/java.util.ArrayList.forEach(ArrayList.java:1511)
	at java.base/java.util.ArrayList.forEach(ArrayList.java:1511)
	at java.base/java.util.ArrayList.forEach(ArrayList.java:1511)
Caused by: java.lang.ExceptionInInitializerError: Exception java.lang.ExceptionInInitializerError [in thread "main"]
	at com.myapp.common.utils.DatabaseUtil.buildSessionFactory(DatabaseUtil.java:81)
	at com.myapp.common.utils.DatabaseUtil.<clinit>(DatabaseUtil.java:20)
	at com.myapp.api.RegistrationApiTest.setUpClass(RegistrationApiTest.java:91)
	at java.base/java.lang.reflect.Method.invoke(Method.java:569)
	... 1 more

com.myapp.vendor.VendorRepositoryTest$GetVendorsWithItemCountsTests.testGetVendorsWithItemCountsOnlyAvailable -- Time elapsed: 0.001 s <<< ERROR!
java.lang.NoClassDefFoundError: Could not initialize class com.myapp.common.utils.DatabaseUtil
	at com.myapp.vendor.VendorRepository.getVendorsWithItemCounts(VendorRepository.java:175)
	at com.myapp.vendor.VendorRepositoryTest$GetVendorsWithItemCountsTests.testGetVendorsWithItemCountsOnlyAvailable(VendorRepositoryTest.java:455)
	at java.base/java.lang.reflect.Method.invoke(Method.java:569)
	at java.base/java.util.ArrayList.forEach(ArrayList.java:1511)
	at java.base/java.util.ArrayList.forEach(ArrayList.java:1511)
	at java.base/java.util.ArrayList.forEach(ArrayList.java:1511)
Caused by: java.lang.ExceptionInInitializerError: Exception java.lang.ExceptionInInitializerError [in thread "main"]
	at com.myapp.common.utils.DatabaseUtil.buildSessionFactory(DatabaseUtil.java:81)
	at com.myapp.common.utils.DatabaseUtil.<clinit>(DatabaseUtil.java:20)
	at com.myapp.api.RegistrationApiTest.setUpClass(RegistrationApiTest.java:91)
	at java.base/java.lang.reflect.Method.invoke(Method.java:569)
	... 1 more

com.myapp.vendor.VendorRepositoryTest$GetVendorsWithItemCountsTests.testGetVendorsWithItemCountsEmpty -- Time elapsed: 0.001 s <<< ERROR!
java.lang.NoClassDefFoundError: Could not initialize class com.myapp.common.utils.DatabaseUtil
	at com.myapp.vendor.VendorRepository.getVendorsWithItemCounts(VendorRepository.java:175)
	at com.myapp.vendor.VendorRepositoryTest$GetVendorsWithItemCountsTests.testGetVendorsWithItemCountsEmpty(VendorRepositoryTest.java:440)
	at java.base/java.lang.reflect.Method.invoke(Method.java:569)
	at java.base/java.util.ArrayList.forEach(ArrayList.java:1511)
	at java.base/java.util.ArrayList.forEach(ArrayList.java:1511)
	at java.base/java.util.ArrayList.forEach(ArrayList.java:1511)
Caused by: java.lang.ExceptionInInitializerError: Exception java.lang.ExceptionInInitializerError [in thread "main"]
	at com.myapp.common.utils.DatabaseUtil.buildSessionFactory(DatabaseUtil.java:81)
	at com.myapp.common.utils.DatabaseUtil.<clinit>(DatabaseUtil.java:20)
	at com.myapp.api.RegistrationApiTest.setUpClass(RegistrationApiTest.java:91)
	at java.base/java.lang.reflect.Method.invoke(Method.java:569)
	... 1 more

com.myapp.vendor.VendorRepositoryTest$GetVendorsWithItemCountsTests.testGetVendorsWithItemCountsOrdering -- Time elapsed: 0 s <<< ERROR!
java.lang.NoClassDefFoundError: Could not initialize class com.myapp.common.utils.DatabaseUtil
	at com.myapp.vendor.VendorRepository.getVendorsWithItemCounts(VendorRepository.java:175)
	at com.myapp.vendor.VendorRepositoryTest$GetVendorsWithItemCountsTests.testGetVendorsWithItemCountsOrdering(VendorRepositoryTest.java:430)
	at java.base/java.lang.reflect.Method.invoke(Method.java:569)
	at java.base/java.util.ArrayList.forEach(ArrayList.java:1511)
	at java.base/java.util.ArrayList.forEach(ArrayList.java:1511)
	at java.base/java.util.ArrayList.forEach(ArrayList.java:1511)
Caused by: java.lang.ExceptionInInitializerError: Exception java.lang.ExceptionInInitializerError [in thread "main"]
	at com.myapp.common.utils.DatabaseUtil.buildSessionFactory(DatabaseUtil.java:81)
	at com.myapp.common.utils.DatabaseUtil.<clinit>(DatabaseUtil.java:20)
	at com.myapp.api.RegistrationApiTest.setUpClass(RegistrationApiTest.java:91)
	at java.base/java.lang.reflect.Method.invoke(Method.java:569)
	... 1 more

com.myapp.vendor.VendorRepositoryTest$GetVendorsWithItemCountsTests.testGetVendorsWithItemCountsValidFields -- Time elapsed: 0.001 s <<< ERROR!
java.lang.NoClassDefFoundError: Could not initialize class com.myapp.common.utils.DatabaseUtil
	at com.myapp.vendor.VendorRepository.getVendorsWithItemCounts(VendorRepository.java:175)
	at com.myapp.vendor.VendorRepositoryTest$GetVendorsWithItemCountsTests.testGetVendorsWithItemCountsValidFields(VendorRepositoryTest.java:418)
	at java.base/java.lang.reflect.Method.invoke(Method.java:569)
	at java.base/java.util.ArrayList.forEach(ArrayList.java:1511)
	at java.base/java.util.ArrayList.forEach(ArrayList.java:1511)
	at java.base/java.util.ArrayList.forEach(ArrayList.java:1511)
Caused by: java.lang.ExceptionInInitializerError: Exception java.lang.ExceptionInInitializerError [in thread "main"]
	at com.myapp.common.utils.DatabaseUtil.buildSessionFactory(DatabaseUtil.java:81)
	at com.myapp.common.utils.DatabaseUtil.<clinit>(DatabaseUtil.java:20)
	at com.myapp.api.RegistrationApiTest.setUpClass(RegistrationApiTest.java:91)
	at java.base/java.lang.reflect.Method.invoke(Method.java:569)
	... 1 more

