-------------------------------------------------------------------------------
Test set: com.myapp.restaurant.RestaurantServiceTest$RestaurantDeleteTests
-------------------------------------------------------------------------------
Tests run: 4, Failures: 0, Errors: 4, Skipped: 0, Time elapsed: 0.024 s <<< FAILURE! -- in com.myapp.restaurant.RestaurantServiceTest$RestaurantDeleteTests
com.myapp.restaurant.RestaurantServiceTest$RestaurantDeleteTests.shouldThrowExceptionForZeroIdInDelete -- Time elapsed: 0.008 s <<< ERROR!
java.lang.NoClassDefFoundError: Could not initialize class com.myapp.common.utils.DatabaseUtil
	at com.myapp.restaurant.RestaurantRepository.deleteAll(RestaurantRepository.java:98)
	at com.myapp.restaurant.RestaurantServiceTest.setUp(RestaurantServiceTest.java:132)
	at java.base/java.lang.reflect.Method.invoke(Method.java:569)
	at java.base/java.util.ArrayList.forEach(ArrayList.java:1511)
	at java.base/java.util.ArrayList.forEach(ArrayList.java:1511)
	at java.base/java.util.ArrayList.forEach(ArrayList.java:1511)
	Suppressed: java.lang.NoClassDefFoundError: Could not initialize class com.myapp.common.utils.DatabaseUtil
		at com.myapp.restaurant.RestaurantRepository.deleteAll(RestaurantRepository.java:98)
		at com.myapp.restaurant.RestaurantServiceTest.tearDown(RestaurantServiceTest.java:146)
		... 4 more
	Caused by: java.lang.ExceptionInInitializerError: Exception java.lang.ExceptionInInitializerError [in thread "main"]
		at com.myapp.common.utils.DatabaseUtil.buildSessionFactory(DatabaseUtil.java:81)
		at com.myapp.common.utils.DatabaseUtil.<clinit>(DatabaseUtil.java:20)
		at com.myapp.api.RegistrationApiTest.setUpClass(RegistrationApiTest.java:91)
		at java.base/java.lang.reflect.Method.invoke(Method.java:569)
		... 1 more
Caused by: [CIRCULAR REFERENCE: java.lang.ExceptionInInitializerError: Exception java.lang.ExceptionInInitializerError [in thread "main"]]

com.myapp.restaurant.RestaurantServiceTest$RestaurantDeleteTests.shouldThrowNotFoundExceptionForNonExistentRestaurantInDelete -- Time elapsed: 0.004 s <<< ERROR!
java.lang.NoClassDefFoundError: Could not initialize class com.myapp.common.utils.DatabaseUtil
	at com.myapp.restaurant.RestaurantRepository.deleteAll(RestaurantRepository.java:98)
	at com.myapp.restaurant.RestaurantServiceTest.setUp(RestaurantServiceTest.java:132)
	at java.base/java.lang.reflect.Method.invoke(Method.java:569)
	at java.base/java.util.ArrayList.forEach(ArrayList.java:1511)
	at java.base/java.util.ArrayList.forEach(ArrayList.java:1511)
	at java.base/java.util.ArrayList.forEach(ArrayList.java:1511)
	Suppressed: java.lang.NoClassDefFoundError: Could not initialize class com.myapp.common.utils.DatabaseUtil
		at com.myapp.restaurant.RestaurantRepository.deleteAll(RestaurantRepository.java:98)
		at com.myapp.restaurant.RestaurantServiceTest.tearDown(RestaurantServiceTest.java:146)
		... 4 more
	Caused by: java.lang.ExceptionInInitializerError: Exception java.lang.ExceptionInInitializerError [in thread "main"]
		at com.myapp.common.utils.DatabaseUtil.buildSessionFactory(DatabaseUtil.java:81)
		at com.myapp.common.utils.DatabaseUtil.<clinit>(DatabaseUtil.java:20)
		at com.myapp.api.RegistrationApiTest.setUpClass(RegistrationApiTest.java:91)
		at java.base/java.lang.reflect.Method.invoke(Method.java:569)
		... 1 more
Caused by: [CIRCULAR REFERENCE: java.lang.ExceptionInInitializerError: Exception java.lang.ExceptionInInitializerError [in thread "main"]]

com.myapp.restaurant.RestaurantServiceTest$RestaurantDeleteTests.shouldThrowExceptionForNullIdInDelete -- Time elapsed: 0.002 s <<< ERROR!
java.lang.NoClassDefFoundError: Could not initialize class com.myapp.common.utils.DatabaseUtil
	at com.myapp.restaurant.RestaurantRepository.deleteAll(RestaurantRepository.java:98)
	at com.myapp.restaurant.RestaurantServiceTest.setUp(RestaurantServiceTest.java:132)
	at java.base/java.lang.reflect.Method.invoke(Method.java:569)
	at java.base/java.util.ArrayList.forEach(ArrayList.java:1511)
	at java.base/java.util.ArrayList.forEach(ArrayList.java:1511)
	at java.base/java.util.ArrayList.forEach(ArrayList.java:1511)
	Suppressed: java.lang.NoClassDefFoundError: Could not initialize class com.myapp.common.utils.DatabaseUtil
		at com.myapp.restaurant.RestaurantRepository.deleteAll(RestaurantRepository.java:98)
		at com.myapp.restaurant.RestaurantServiceTest.tearDown(RestaurantServiceTest.java:146)
		... 4 more
	Caused by: java.lang.ExceptionInInitializerError: Exception java.lang.ExceptionInInitializerError [in thread "main"]
		at com.myapp.common.utils.DatabaseUtil.buildSessionFactory(DatabaseUtil.java:81)
		at com.myapp.common.utils.DatabaseUtil.<clinit>(DatabaseUtil.java:20)
		at com.myapp.api.RegistrationApiTest.setUpClass(RegistrationApiTest.java:91)
		at java.base/java.lang.reflect.Method.invoke(Method.java:569)
		... 1 more
Caused by: [CIRCULAR REFERENCE: java.lang.ExceptionInInitializerError: Exception java.lang.ExceptionInInitializerError [in thread "main"]]

com.myapp.restaurant.RestaurantServiceTest$RestaurantDeleteTests.shouldDeleteExistingRestaurant -- Time elapsed: 0.003 s <<< ERROR!
java.lang.NoClassDefFoundError: Could not initialize class com.myapp.common.utils.DatabaseUtil
	at com.myapp.restaurant.RestaurantRepository.deleteAll(RestaurantRepository.java:98)
	at com.myapp.restaurant.RestaurantServiceTest.setUp(RestaurantServiceTest.java:132)
	at java.base/java.lang.reflect.Method.invoke(Method.java:569)
	at java.base/java.util.ArrayList.forEach(ArrayList.java:1511)
	at java.base/java.util.ArrayList.forEach(ArrayList.java:1511)
	at java.base/java.util.ArrayList.forEach(ArrayList.java:1511)
	Suppressed: java.lang.NoClassDefFoundError: Could not initialize class com.myapp.common.utils.DatabaseUtil
		at com.myapp.restaurant.RestaurantRepository.deleteAll(RestaurantRepository.java:98)
		at com.myapp.restaurant.RestaurantServiceTest.tearDown(RestaurantServiceTest.java:146)
		... 4 more
	Caused by: java.lang.ExceptionInInitializerError: Exception java.lang.ExceptionInInitializerError [in thread "main"]
		at com.myapp.common.utils.DatabaseUtil.buildSessionFactory(DatabaseUtil.java:81)
		at com.myapp.common.utils.DatabaseUtil.<clinit>(DatabaseUtil.java:20)
		at com.myapp.api.RegistrationApiTest.setUpClass(RegistrationApiTest.java:91)
		at java.base/java.lang.reflect.Method.invoke(Method.java:569)
		... 1 more
Caused by: [CIRCULAR REFERENCE: java.lang.ExceptionInInitializerError: Exception java.lang.ExceptionInInitializerError [in thread "main"]]

