-------------------------------------------------------------------------------
Test set: com.myapp.favorites.FavoritesRepositoryTest$AdminOperationsTests
-------------------------------------------------------------------------------
Tests run: 6, Failures: 0, Errors: 6, Skipped: 0, Time elapsed: 0.037 s <<< FAILURE! -- in com.myapp.favorites.FavoritesRepositoryTest$AdminOperationsTests
com.myapp.favorites.FavoritesRepositoryTest$AdminOperationsTests.shouldFindAllFavorites -- Time elapsed: 0.001 s <<< ERROR!
java.lang.NoClassDefFoundError: Could not initialize class com.myapp.common.utils.DatabaseUtil
	at com.myapp.favorites.FavoritesRepository.clear(FavoritesRepository.java:495)
	at com.myapp.favorites.FavoritesRepositoryTest.setUp(FavoritesRepositoryTest.java:53)
	at java.base/java.lang.reflect.Method.invoke(Method.java:569)
	at java.base/java.util.ArrayList.forEach(ArrayList.java:1511)
	at java.base/java.util.ArrayList.forEach(ArrayList.java:1511)
	at java.base/java.util.ArrayList.forEach(ArrayList.java:1511)
	Suppressed: java.lang.NoClassDefFoundError: Could not initialize class com.myapp.common.utils.DatabaseUtil
		at com.myapp.favorites.FavoritesRepository.clear(FavoritesRepository.java:495)
		at com.myapp.favorites.FavoritesRepositoryTest.tearDown(FavoritesRepositoryTest.java:76)
		... 4 more
	Caused by: java.lang.ExceptionInInitializerError: Exception java.lang.ExceptionInInitializerError [in thread "main"]
		at com.myapp.common.utils.DatabaseUtil.buildSessionFactory(DatabaseUtil.java:81)
		at com.myapp.common.utils.DatabaseUtil.<clinit>(DatabaseUtil.java:20)
		at com.myapp.api.RegistrationApiTest.setUpClass(RegistrationApiTest.java:91)
		at java.base/java.lang.reflect.Method.invoke(Method.java:569)
		... 1 more
Caused by: [CIRCULAR REFERENCE: java.lang.ExceptionInInitializerError: Exception java.lang.ExceptionInInitializerError [in thread "main"]]

com.myapp.favorites.FavoritesRepositoryTest$AdminOperationsTests.shouldHandleZeroLimitInPagination -- Time elapsed: 0.001 s <<< ERROR!
java.lang.NoClassDefFoundError: Could not initialize class com.myapp.common.utils.DatabaseUtil
	at com.myapp.favorites.FavoritesRepository.clear(FavoritesRepository.java:495)
	at com.myapp.favorites.FavoritesRepositoryTest.setUp(FavoritesRepositoryTest.java:53)
	at java.base/java.lang.reflect.Method.invoke(Method.java:569)
	at java.base/java.util.ArrayList.forEach(ArrayList.java:1511)
	at java.base/java.util.ArrayList.forEach(ArrayList.java:1511)
	at java.base/java.util.ArrayList.forEach(ArrayList.java:1511)
	Suppressed: java.lang.NoClassDefFoundError: Could not initialize class com.myapp.common.utils.DatabaseUtil
		at com.myapp.favorites.FavoritesRepository.clear(FavoritesRepository.java:495)
		at com.myapp.favorites.FavoritesRepositoryTest.tearDown(FavoritesRepositoryTest.java:76)
		... 4 more
	Caused by: java.lang.ExceptionInInitializerError: Exception java.lang.ExceptionInInitializerError [in thread "main"]
		at com.myapp.common.utils.DatabaseUtil.buildSessionFactory(DatabaseUtil.java:81)
		at com.myapp.common.utils.DatabaseUtil.<clinit>(DatabaseUtil.java:20)
		at com.myapp.api.RegistrationApiTest.setUpClass(RegistrationApiTest.java:91)
		at java.base/java.lang.reflect.Method.invoke(Method.java:569)
		... 1 more
Caused by: [CIRCULAR REFERENCE: java.lang.ExceptionInInitializerError: Exception java.lang.ExceptionInInitializerError [in thread "main"]]

com.myapp.favorites.FavoritesRepositoryTest$AdminOperationsTests.shouldClearAllFavorites -- Time elapsed: 0.002 s <<< ERROR!
java.lang.NoClassDefFoundError: Could not initialize class com.myapp.common.utils.DatabaseUtil
	at com.myapp.favorites.FavoritesRepository.clear(FavoritesRepository.java:495)
	at com.myapp.favorites.FavoritesRepositoryTest.setUp(FavoritesRepositoryTest.java:53)
	at java.base/java.lang.reflect.Method.invoke(Method.java:569)
	at java.base/java.util.ArrayList.forEach(ArrayList.java:1511)
	at java.base/java.util.ArrayList.forEach(ArrayList.java:1511)
	at java.base/java.util.ArrayList.forEach(ArrayList.java:1511)
	Suppressed: java.lang.NoClassDefFoundError: Could not initialize class com.myapp.common.utils.DatabaseUtil
		at com.myapp.favorites.FavoritesRepository.clear(FavoritesRepository.java:495)
		at com.myapp.favorites.FavoritesRepositoryTest.tearDown(FavoritesRepositoryTest.java:76)
		... 4 more
	Caused by: java.lang.ExceptionInInitializerError: Exception java.lang.ExceptionInInitializerError [in thread "main"]
		at com.myapp.common.utils.DatabaseUtil.buildSessionFactory(DatabaseUtil.java:81)
		at com.myapp.common.utils.DatabaseUtil.<clinit>(DatabaseUtil.java:20)
		at com.myapp.api.RegistrationApiTest.setUpClass(RegistrationApiTest.java:91)
		at java.base/java.lang.reflect.Method.invoke(Method.java:569)
		... 1 more
Caused by: [CIRCULAR REFERENCE: java.lang.ExceptionInInitializerError: Exception java.lang.ExceptionInInitializerError [in thread "main"]]

com.myapp.favorites.FavoritesRepositoryTest$AdminOperationsTests.shouldHandleNegativeOffsetInPagination -- Time elapsed: 0.009 s <<< ERROR!
java.lang.NoClassDefFoundError: Could not initialize class com.myapp.common.utils.DatabaseUtil
	at com.myapp.favorites.FavoritesRepository.clear(FavoritesRepository.java:495)
	at com.myapp.favorites.FavoritesRepositoryTest.setUp(FavoritesRepositoryTest.java:53)
	at java.base/java.lang.reflect.Method.invoke(Method.java:569)
	at java.base/java.util.ArrayList.forEach(ArrayList.java:1511)
	at java.base/java.util.ArrayList.forEach(ArrayList.java:1511)
	at java.base/java.util.ArrayList.forEach(ArrayList.java:1511)
	Suppressed: java.lang.NoClassDefFoundError: Could not initialize class com.myapp.common.utils.DatabaseUtil
		at com.myapp.favorites.FavoritesRepository.clear(FavoritesRepository.java:495)
		at com.myapp.favorites.FavoritesRepositoryTest.tearDown(FavoritesRepositoryTest.java:76)
		... 4 more
	Caused by: java.lang.ExceptionInInitializerError: Exception java.lang.ExceptionInInitializerError [in thread "main"]
		at com.myapp.common.utils.DatabaseUtil.buildSessionFactory(DatabaseUtil.java:81)
		at com.myapp.common.utils.DatabaseUtil.<clinit>(DatabaseUtil.java:20)
		at com.myapp.api.RegistrationApiTest.setUpClass(RegistrationApiTest.java:91)
		at java.base/java.lang.reflect.Method.invoke(Method.java:569)
		... 1 more
Caused by: [CIRCULAR REFERENCE: java.lang.ExceptionInInitializerError: Exception java.lang.ExceptionInInitializerError [in thread "main"]]

com.myapp.favorites.FavoritesRepositoryTest$AdminOperationsTests.shouldFindFavoritesWithPagination -- Time elapsed: 0.006 s <<< ERROR!
java.lang.NoClassDefFoundError: Could not initialize class com.myapp.common.utils.DatabaseUtil
	at com.myapp.favorites.FavoritesRepository.clear(FavoritesRepository.java:495)
	at com.myapp.favorites.FavoritesRepositoryTest.setUp(FavoritesRepositoryTest.java:53)
	at java.base/java.lang.reflect.Method.invoke(Method.java:569)
	at java.base/java.util.ArrayList.forEach(ArrayList.java:1511)
	at java.base/java.util.ArrayList.forEach(ArrayList.java:1511)
	at java.base/java.util.ArrayList.forEach(ArrayList.java:1511)
	Suppressed: java.lang.NoClassDefFoundError: Could not initialize class com.myapp.common.utils.DatabaseUtil
		at com.myapp.favorites.FavoritesRepository.clear(FavoritesRepository.java:495)
		at com.myapp.favorites.FavoritesRepositoryTest.tearDown(FavoritesRepositoryTest.java:76)
		... 4 more
	Caused by: java.lang.ExceptionInInitializerError: Exception java.lang.ExceptionInInitializerError [in thread "main"]
		at com.myapp.common.utils.DatabaseUtil.buildSessionFactory(DatabaseUtil.java:81)
		at com.myapp.common.utils.DatabaseUtil.<clinit>(DatabaseUtil.java:20)
		at com.myapp.api.RegistrationApiTest.setUpClass(RegistrationApiTest.java:91)
		at java.base/java.lang.reflect.Method.invoke(Method.java:569)
		... 1 more
Caused by: [CIRCULAR REFERENCE: java.lang.ExceptionInInitializerError: Exception java.lang.ExceptionInInitializerError [in thread "main"]]

com.myapp.favorites.FavoritesRepositoryTest$AdminOperationsTests.shouldHandleLargeOffsetInPagination -- Time elapsed: 0.004 s <<< ERROR!
java.lang.NoClassDefFoundError: Could not initialize class com.myapp.common.utils.DatabaseUtil
	at com.myapp.favorites.FavoritesRepository.clear(FavoritesRepository.java:495)
	at com.myapp.favorites.FavoritesRepositoryTest.setUp(FavoritesRepositoryTest.java:53)
	at java.base/java.lang.reflect.Method.invoke(Method.java:569)
	at java.base/java.util.ArrayList.forEach(ArrayList.java:1511)
	at java.base/java.util.ArrayList.forEach(ArrayList.java:1511)
	at java.base/java.util.ArrayList.forEach(ArrayList.java:1511)
	Suppressed: java.lang.NoClassDefFoundError: Could not initialize class com.myapp.common.utils.DatabaseUtil
		at com.myapp.favorites.FavoritesRepository.clear(FavoritesRepository.java:495)
		at com.myapp.favorites.FavoritesRepositoryTest.tearDown(FavoritesRepositoryTest.java:76)
		... 4 more
	Caused by: java.lang.ExceptionInInitializerError: Exception java.lang.ExceptionInInitializerError [in thread "main"]
		at com.myapp.common.utils.DatabaseUtil.buildSessionFactory(DatabaseUtil.java:81)
		at com.myapp.common.utils.DatabaseUtil.<clinit>(DatabaseUtil.java:20)
		at com.myapp.api.RegistrationApiTest.setUpClass(RegistrationApiTest.java:91)
		at java.base/java.lang.reflect.Method.invoke(Method.java:569)
		... 1 more
Caused by: [CIRCULAR REFERENCE: java.lang.ExceptionInInitializerError: Exception java.lang.ExceptionInInitializerError [in thread "main"]]

