-------------------------------------------------------------------------------
Test set: com.myapp.stress.DatabasePerformanceTest$ConcurrentDatabaseTests
-------------------------------------------------------------------------------
Tests run: 3, Failures: 0, Errors: 3, Skipped: 0, Time elapsed: 0.010 s <<< FAILURE! -- in com.myapp.stress.DatabasePerformanceTest$ConcurrentDatabaseTests
com.myapp.stress.DatabasePerformanceTest$ConcurrentDatabaseTests.concurrentUserRegistration_SamePhone_PreventsDuplicates -- Time elapsed: 0.002 s <<< ERROR!
java.lang.NoClassDefFoundError: Could not initialize class com.myapp.common.utils.DatabaseUtil
	at com.myapp.common.TestDatabaseManager.cleanAllTestData(TestDatabaseManager.java:188)
	at com.myapp.common.TestDatabaseManager.cleanup(TestDatabaseManager.java:74)
	at com.myapp.stress.DatabasePerformanceTest.setUp(DatabasePerformanceTest.java:53)
	at java.base/java.lang.reflect.Method.invoke(Method.java:569)
	at java.base/java.util.ArrayList.forEach(ArrayList.java:1511)
	at java.base/java.util.ArrayList.forEach(ArrayList.java:1511)
	at java.base/java.util.ArrayList.forEach(ArrayList.java:1511)
Caused by: java.lang.ExceptionInInitializerError: Exception java.lang.ExceptionInInitializerError [in thread "main"]
	at com.myapp.common.utils.DatabaseUtil.buildSessionFactory(DatabaseUtil.java:81)
	at com.myapp.common.utils.DatabaseUtil.<clinit>(DatabaseUtil.java:20)
	at com.myapp.api.RegistrationApiTest.setUpClass(RegistrationApiTest.java:91)
	at java.base/java.lang.reflect.Method.invoke(Method.java:569)
	... 1 more

com.myapp.stress.DatabasePerformanceTest$ConcurrentDatabaseTests.concurrentRestaurantStatusUpdates_ConsistentFinalState -- Time elapsed: 0.002 s <<< ERROR!
java.lang.NoClassDefFoundError: Could not initialize class com.myapp.common.utils.DatabaseUtil
	at com.myapp.common.TestDatabaseManager.cleanAllTestData(TestDatabaseManager.java:188)
	at com.myapp.common.TestDatabaseManager.cleanup(TestDatabaseManager.java:74)
	at com.myapp.stress.DatabasePerformanceTest.setUp(DatabasePerformanceTest.java:53)
	at java.base/java.lang.reflect.Method.invoke(Method.java:569)
	at java.base/java.util.ArrayList.forEach(ArrayList.java:1511)
	at java.base/java.util.ArrayList.forEach(ArrayList.java:1511)
	at java.base/java.util.ArrayList.forEach(ArrayList.java:1511)
Caused by: java.lang.ExceptionInInitializerError: Exception java.lang.ExceptionInInitializerError [in thread "main"]
	at com.myapp.common.utils.DatabaseUtil.buildSessionFactory(DatabaseUtil.java:81)
	at com.myapp.common.utils.DatabaseUtil.<clinit>(DatabaseUtil.java:20)
	at com.myapp.api.RegistrationApiTest.setUpClass(RegistrationApiTest.java:91)
	at java.base/java.lang.reflect.Method.invoke(Method.java:569)
	... 1 more

com.myapp.stress.DatabasePerformanceTest$ConcurrentDatabaseTests.concurrentNotificationOperations_DataConsistency -- Time elapsed: 0.001 s <<< ERROR!
java.lang.NoClassDefFoundError: Could not initialize class com.myapp.common.utils.DatabaseUtil
	at com.myapp.common.TestDatabaseManager.cleanAllTestData(TestDatabaseManager.java:188)
	at com.myapp.common.TestDatabaseManager.cleanup(TestDatabaseManager.java:74)
	at com.myapp.stress.DatabasePerformanceTest.setUp(DatabasePerformanceTest.java:53)
	at java.base/java.lang.reflect.Method.invoke(Method.java:569)
	at java.base/java.util.ArrayList.forEach(ArrayList.java:1511)
	at java.base/java.util.ArrayList.forEach(ArrayList.java:1511)
	at java.base/java.util.ArrayList.forEach(ArrayList.java:1511)
Caused by: java.lang.ExceptionInInitializerError: Exception java.lang.ExceptionInInitializerError [in thread "main"]
	at com.myapp.common.utils.DatabaseUtil.buildSessionFactory(DatabaseUtil.java:81)
	at com.myapp.common.utils.DatabaseUtil.<clinit>(DatabaseUtil.java:20)
	at com.myapp.api.RegistrationApiTest.setUpClass(RegistrationApiTest.java:91)
	at java.base/java.lang.reflect.Method.invoke(Method.java:569)
	... 1 more

