-------------------------------------------------------------------------------
Test set: com.myapp.stress.AdvancedStressTest
-------------------------------------------------------------------------------
Tests run: 5, Failures: 0, Errors: 5, Skipped: 0, Time elapsed: 0.061 s <<< FAILURE! -- in com.myapp.stress.AdvancedStressTest
com.myapp.stress.AdvancedStressTest.testSecurityPenetration -- Time elapsed: 0.011 s <<< ERROR!
java.lang.NoClassDefFoundError: Could not initialize class com.myapp.common.utils.DatabaseUtil
	at com.myapp.common.TestDatabaseManager.cleanAllTestData(TestDatabaseManager.java:188)
	at com.myapp.common.TestDatabaseManager.cleanup(TestDatabaseManager.java:74)
	at com.myapp.stress.AdvancedStressTest.setUp(AdvancedStressTest.java:41)
	at java.base/java.lang.reflect.Method.invoke(Method.java:569)
	at java.base/java.util.ArrayList.forEach(ArrayList.java:1511)
	at java.base/java.util.ArrayList.forEach(ArrayList.java:1511)
	Suppressed: java.lang.NoClassDefFoundError: Could not initialize class com.myapp.common.utils.DatabaseUtil
		at com.myapp.common.TestDatabaseManager.cleanAllTestData(TestDatabaseManager.java:188)
		at com.myapp.common.TestDatabaseManager.cleanup(TestDatabaseManager.java:74)
		at com.myapp.stress.AdvancedStressTest.tearDown(AdvancedStressTest.java:47)
		... 3 more
	Caused by: java.lang.ExceptionInInitializerError: Exception java.lang.ExceptionInInitializerError [in thread "main"]
		at com.myapp.common.utils.DatabaseUtil.buildSessionFactory(DatabaseUtil.java:81)
		at com.myapp.common.utils.DatabaseUtil.<clinit>(DatabaseUtil.java:20)
		at com.myapp.api.RegistrationApiTest.setUpClass(RegistrationApiTest.java:91)
		at java.base/java.lang.reflect.Method.invoke(Method.java:569)
		... 1 more
Caused by: [CIRCULAR REFERENCE: java.lang.ExceptionInInitializerError: Exception java.lang.ExceptionInInitializerError [in thread "main"]]

com.myapp.stress.AdvancedStressTest.testHighConcurrentLoad -- Time elapsed: 0.014 s <<< ERROR!
java.lang.NoClassDefFoundError: Could not initialize class com.myapp.common.utils.DatabaseUtil
	at com.myapp.common.TestDatabaseManager.cleanAllTestData(TestDatabaseManager.java:188)
	at com.myapp.common.TestDatabaseManager.cleanup(TestDatabaseManager.java:74)
	at com.myapp.stress.AdvancedStressTest.setUp(AdvancedStressTest.java:41)
	at java.base/java.lang.reflect.Method.invoke(Method.java:569)
	at java.base/java.util.ArrayList.forEach(ArrayList.java:1511)
	at java.base/java.util.ArrayList.forEach(ArrayList.java:1511)
	Suppressed: java.lang.NoClassDefFoundError: Could not initialize class com.myapp.common.utils.DatabaseUtil
		at com.myapp.common.TestDatabaseManager.cleanAllTestData(TestDatabaseManager.java:188)
		at com.myapp.common.TestDatabaseManager.cleanup(TestDatabaseManager.java:74)
		at com.myapp.stress.AdvancedStressTest.tearDown(AdvancedStressTest.java:47)
		... 3 more
	Caused by: java.lang.ExceptionInInitializerError: Exception java.lang.ExceptionInInitializerError [in thread "main"]
		at com.myapp.common.utils.DatabaseUtil.buildSessionFactory(DatabaseUtil.java:81)
		at com.myapp.common.utils.DatabaseUtil.<clinit>(DatabaseUtil.java:20)
		at com.myapp.api.RegistrationApiTest.setUpClass(RegistrationApiTest.java:91)
		at java.base/java.lang.reflect.Method.invoke(Method.java:569)
		... 1 more
Caused by: [CIRCULAR REFERENCE: java.lang.ExceptionInInitializerError: Exception java.lang.ExceptionInInitializerError [in thread "main"]]

com.myapp.stress.AdvancedStressTest.testMemoryLeakage -- Time elapsed: 0.012 s <<< ERROR!
java.lang.NoClassDefFoundError: Could not initialize class com.myapp.common.utils.DatabaseUtil
	at com.myapp.common.TestDatabaseManager.cleanAllTestData(TestDatabaseManager.java:188)
	at com.myapp.common.TestDatabaseManager.cleanup(TestDatabaseManager.java:74)
	at com.myapp.stress.AdvancedStressTest.setUp(AdvancedStressTest.java:41)
	at java.base/java.lang.reflect.Method.invoke(Method.java:569)
	at java.base/java.util.ArrayList.forEach(ArrayList.java:1511)
	at java.base/java.util.ArrayList.forEach(ArrayList.java:1511)
	Suppressed: java.lang.NoClassDefFoundError: Could not initialize class com.myapp.common.utils.DatabaseUtil
		at com.myapp.common.TestDatabaseManager.cleanAllTestData(TestDatabaseManager.java:188)
		at com.myapp.common.TestDatabaseManager.cleanup(TestDatabaseManager.java:74)
		at com.myapp.stress.AdvancedStressTest.tearDown(AdvancedStressTest.java:47)
		... 3 more
	Caused by: java.lang.ExceptionInInitializerError: Exception java.lang.ExceptionInInitializerError [in thread "main"]
		at com.myapp.common.utils.DatabaseUtil.buildSessionFactory(DatabaseUtil.java:81)
		at com.myapp.common.utils.DatabaseUtil.<clinit>(DatabaseUtil.java:20)
		at com.myapp.api.RegistrationApiTest.setUpClass(RegistrationApiTest.java:91)
		at java.base/java.lang.reflect.Method.invoke(Method.java:569)
		... 1 more
Caused by: [CIRCULAR REFERENCE: java.lang.ExceptionInInitializerError: Exception java.lang.ExceptionInInitializerError [in thread "main"]]

com.myapp.stress.AdvancedStressTest.testDataCorruption -- Time elapsed: 0.007 s <<< ERROR!
java.lang.NoClassDefFoundError: Could not initialize class com.myapp.common.utils.DatabaseUtil
	at com.myapp.common.TestDatabaseManager.cleanAllTestData(TestDatabaseManager.java:188)
	at com.myapp.common.TestDatabaseManager.cleanup(TestDatabaseManager.java:74)
	at com.myapp.stress.AdvancedStressTest.setUp(AdvancedStressTest.java:41)
	at java.base/java.lang.reflect.Method.invoke(Method.java:569)
	at java.base/java.util.ArrayList.forEach(ArrayList.java:1511)
	at java.base/java.util.ArrayList.forEach(ArrayList.java:1511)
	Suppressed: java.lang.NoClassDefFoundError: Could not initialize class com.myapp.common.utils.DatabaseUtil
		at com.myapp.common.TestDatabaseManager.cleanAllTestData(TestDatabaseManager.java:188)
		at com.myapp.common.TestDatabaseManager.cleanup(TestDatabaseManager.java:74)
		at com.myapp.stress.AdvancedStressTest.tearDown(AdvancedStressTest.java:47)
		... 3 more
	Caused by: java.lang.ExceptionInInitializerError: Exception java.lang.ExceptionInInitializerError [in thread "main"]
		at com.myapp.common.utils.DatabaseUtil.buildSessionFactory(DatabaseUtil.java:81)
		at com.myapp.common.utils.DatabaseUtil.<clinit>(DatabaseUtil.java:20)
		at com.myapp.api.RegistrationApiTest.setUpClass(RegistrationApiTest.java:91)
		at java.base/java.lang.reflect.Method.invoke(Method.java:569)
		... 1 more
Caused by: [CIRCULAR REFERENCE: java.lang.ExceptionInInitializerError: Exception java.lang.ExceptionInInitializerError [in thread "main"]]

com.myapp.stress.AdvancedStressTest.testEdgeCasesAndBoundaryValues -- Time elapsed: 0.013 s <<< ERROR!
java.lang.NoClassDefFoundError: Could not initialize class com.myapp.common.utils.DatabaseUtil
	at com.myapp.common.TestDatabaseManager.cleanAllTestData(TestDatabaseManager.java:188)
	at com.myapp.common.TestDatabaseManager.cleanup(TestDatabaseManager.java:74)
	at com.myapp.stress.AdvancedStressTest.setUp(AdvancedStressTest.java:41)
	at java.base/java.lang.reflect.Method.invoke(Method.java:569)
	at java.base/java.util.ArrayList.forEach(ArrayList.java:1511)
	at java.base/java.util.ArrayList.forEach(ArrayList.java:1511)
	Suppressed: java.lang.NoClassDefFoundError: Could not initialize class com.myapp.common.utils.DatabaseUtil
		at com.myapp.common.TestDatabaseManager.cleanAllTestData(TestDatabaseManager.java:188)
		at com.myapp.common.TestDatabaseManager.cleanup(TestDatabaseManager.java:74)
		at com.myapp.stress.AdvancedStressTest.tearDown(AdvancedStressTest.java:47)
		... 3 more
	Caused by: java.lang.ExceptionInInitializerError: Exception java.lang.ExceptionInInitializerError [in thread "main"]
		at com.myapp.common.utils.DatabaseUtil.buildSessionFactory(DatabaseUtil.java:81)
		at com.myapp.common.utils.DatabaseUtil.<clinit>(DatabaseUtil.java:20)
		at com.myapp.api.RegistrationApiTest.setUpClass(RegistrationApiTest.java:91)
		at java.base/java.lang.reflect.Method.invoke(Method.java:569)
		... 1 more
Caused by: [CIRCULAR REFERENCE: java.lang.ExceptionInInitializerError: Exception java.lang.ExceptionInInitializerError [in thread "main"]]

