-------------------------------------------------------------------------------
Test set: com.myapp.auth.AuthServiceProfileTest$ProfileEdgeCases
-------------------------------------------------------------------------------
Tests run: 3, Failures: 0, Errors: 3, Skipped: 0, Time elapsed: 0.031 s <<< FAILURE! -- in com.myapp.auth.AuthServiceProfileTest$ProfileEdgeCases
com.myapp.auth.AuthServiceProfileTest$ProfileEdgeCases.getProfile_afterMultipleUpdates_returnsLatestData -- Time elapsed: 0.015 s <<< ERROR!
java.lang.NoClassDefFoundError: Could not initialize class com.myapp.common.utils.DatabaseUtil
	at com.myapp.auth.AuthRepository.deleteAll(AuthRepository.java:152)
	at com.myapp.auth.AuthServiceProfileTest.setUp(AuthServiceProfileTest.java:23)
	at java.base/java.lang.reflect.Method.invoke(Method.java:569)
	at java.base/java.util.ArrayList.forEach(ArrayList.java:1511)
	at java.base/java.util.ArrayList.forEach(ArrayList.java:1511)
	at java.base/java.util.ArrayList.forEach(ArrayList.java:1511)
Caused by: java.lang.ExceptionInInitializerError: Exception java.lang.ExceptionInInitializerError [in thread "main"]
	at com.myapp.common.utils.DatabaseUtil.buildSessionFactory(DatabaseUtil.java:81)
	at com.myapp.common.utils.DatabaseUtil.<clinit>(DatabaseUtil.java:20)
	at com.myapp.api.RegistrationApiTest.setUpClass(RegistrationApiTest.java:91)
	at java.base/java.lang.reflect.Method.invoke(Method.java:569)
	... 1 more

com.myapp.auth.AuthServiceProfileTest$ProfileEdgeCases.profileData_consistencyAcrossOperations_maintained -- Time elapsed: 0.004 s <<< ERROR!
java.lang.NoClassDefFoundError: Could not initialize class com.myapp.common.utils.DatabaseUtil
	at com.myapp.auth.AuthRepository.deleteAll(AuthRepository.java:152)
	at com.myapp.auth.AuthServiceProfileTest.setUp(AuthServiceProfileTest.java:23)
	at java.base/java.lang.reflect.Method.invoke(Method.java:569)
	at java.base/java.util.ArrayList.forEach(ArrayList.java:1511)
	at java.base/java.util.ArrayList.forEach(ArrayList.java:1511)
	at java.base/java.util.ArrayList.forEach(ArrayList.java:1511)
Caused by: java.lang.ExceptionInInitializerError: Exception java.lang.ExceptionInInitializerError [in thread "main"]
	at com.myapp.common.utils.DatabaseUtil.buildSessionFactory(DatabaseUtil.java:81)
	at com.myapp.common.utils.DatabaseUtil.<clinit>(DatabaseUtil.java:20)
	at com.myapp.api.RegistrationApiTest.setUpClass(RegistrationApiTest.java:91)
	at java.base/java.lang.reflect.Method.invoke(Method.java:569)
	... 1 more

com.myapp.auth.AuthServiceProfileTest$ProfileEdgeCases.profileOperations_concurrentUpdates_handledCorrectly -- Time elapsed: 0.006 s <<< ERROR!
java.lang.NoClassDefFoundError: Could not initialize class com.myapp.common.utils.DatabaseUtil
	at com.myapp.auth.AuthRepository.deleteAll(AuthRepository.java:152)
	at com.myapp.auth.AuthServiceProfileTest.setUp(AuthServiceProfileTest.java:23)
	at java.base/java.lang.reflect.Method.invoke(Method.java:569)
	at java.base/java.util.ArrayList.forEach(ArrayList.java:1511)
	at java.base/java.util.ArrayList.forEach(ArrayList.java:1511)
	at java.base/java.util.ArrayList.forEach(ArrayList.java:1511)
Caused by: java.lang.ExceptionInInitializerError: Exception java.lang.ExceptionInInitializerError [in thread "main"]
	at com.myapp.common.utils.DatabaseUtil.buildSessionFactory(DatabaseUtil.java:81)
	at com.myapp.common.utils.DatabaseUtil.<clinit>(DatabaseUtil.java:20)
	at com.myapp.api.RegistrationApiTest.setUpClass(RegistrationApiTest.java:91)
	at java.base/java.lang.reflect.Method.invoke(Method.java:569)
	... 1 more

