-------------------------------------------------------------------------------
Test set: com.myapp.item.ItemServiceEdgeCaseTest$ConcurrentOperationsTests
-------------------------------------------------------------------------------
Tests run: 2, Failures: 0, Errors: 2, Skipped: 0, Time elapsed: 0.006 s <<< FAILURE! -- in com.myapp.item.ItemServiceEdgeCaseTest$ConcurrentOperationsTests
com.myapp.item.ItemServiceEdgeCaseTest$ConcurrentOperationsTests.concurrentQuantityUpdates_SameItem_ConsistentFinalState -- Time elapsed: 0.004 s <<< ERROR!
java.lang.NoClassDefFoundError: Could not initialize class com.myapp.common.utils.DatabaseUtil
	at com.myapp.common.TestDatabaseManager.cleanAllTestData(TestDatabaseManager.java:188)
	at com.myapp.common.TestDatabaseManager.cleanup(TestDatabaseManager.java:74)
	at com.myapp.item.ItemServiceEdgeCaseTest.setUp(ItemServiceEdgeCaseTest.java:82)
	at java.base/java.lang.reflect.Method.invoke(Method.java:569)
	at java.base/java.util.ArrayList.forEach(ArrayList.java:1511)
	at java.base/java.util.ArrayList.forEach(ArrayList.java:1511)
	at java.base/java.util.ArrayList.forEach(ArrayList.java:1511)
Caused by: java.lang.ExceptionInInitializerError: Exception java.lang.ExceptionInInitializerError [in thread "main"]
	at com.myapp.common.utils.DatabaseUtil.buildSessionFactory(DatabaseUtil.java:81)
	at com.myapp.common.utils.DatabaseUtil.<clinit>(DatabaseUtil.java:20)
	at com.myapp.api.RegistrationApiTest.setUpClass(RegistrationApiTest.java:91)
	at java.base/java.lang.reflect.Method.invoke(Method.java:569)
	... 1 more

com.myapp.item.ItemServiceEdgeCaseTest$ConcurrentOperationsTests.concurrentItemCreation_SameName_HandledGracefully -- Time elapsed: 0.001 s <<< ERROR!
java.lang.NoClassDefFoundError: Could not initialize class com.myapp.common.utils.DatabaseUtil
	at com.myapp.common.TestDatabaseManager.cleanAllTestData(TestDatabaseManager.java:188)
	at com.myapp.common.TestDatabaseManager.cleanup(TestDatabaseManager.java:74)
	at com.myapp.item.ItemServiceEdgeCaseTest.setUp(ItemServiceEdgeCaseTest.java:82)
	at java.base/java.lang.reflect.Method.invoke(Method.java:569)
	at java.base/java.util.ArrayList.forEach(ArrayList.java:1511)
	at java.base/java.util.ArrayList.forEach(ArrayList.java:1511)
	at java.base/java.util.ArrayList.forEach(ArrayList.java:1511)
Caused by: java.lang.ExceptionInInitializerError: Exception java.lang.ExceptionInInitializerError [in thread "main"]
	at com.myapp.common.utils.DatabaseUtil.buildSessionFactory(DatabaseUtil.java:81)
	at com.myapp.common.utils.DatabaseUtil.<clinit>(DatabaseUtil.java:20)
	at com.myapp.api.RegistrationApiTest.setUpClass(RegistrationApiTest.java:91)
	at java.base/java.lang.reflect.Method.invoke(Method.java:569)
	... 1 more

