-------------------------------------------------------------------------------
Test set: com.myapp.vendor.VendorControllerTest$FilterVendorsTests
-------------------------------------------------------------------------------
Tests run: 4, Failures: 0, Errors: 3, Skipped: 0, Time elapsed: 0.022 s <<< FAILURE! -- in com.myapp.vendor.VendorControllerTest$FilterVendorsTests
com.myapp.vendor.VendorControllerTest$FilterVendorsTests.testFilterVendorsAllCriteria -- Time elapsed: 0.007 s <<< ERROR!
java.lang.NoClassDefFoundError: Could not initialize class com.myapp.common.utils.DatabaseUtil
	at com.myapp.vendor.VendorRepository.findByFilters(VendorRepository.java:223)
	at com.myapp.vendor.VendorController.filterVendors(VendorController.java:379)
	at com.myapp.vendor.VendorController.handlePost(VendorController.java:353)
	at com.myapp.vendor.VendorController.handle(VendorController.java:90)
	at com.myapp.vendor.VendorControllerTest$FilterVendorsTests.testFilterVendorsAllCriteria(VendorControllerTest.java:657)
	at java.base/java.lang.reflect.Method.invoke(Method.java:569)
	at java.base/java.util.ArrayList.forEach(ArrayList.java:1511)
	at java.base/java.util.ArrayList.forEach(ArrayList.java:1511)
	at java.base/java.util.ArrayList.forEach(ArrayList.java:1511)
Caused by: java.lang.ExceptionInInitializerError: Exception java.lang.ExceptionInInitializerError [in thread "main"]
	at com.myapp.common.utils.DatabaseUtil.buildSessionFactory(DatabaseUtil.java:81)
	at com.myapp.common.utils.DatabaseUtil.<clinit>(DatabaseUtil.java:20)
	at com.myapp.api.RegistrationApiTest.setUpClass(RegistrationApiTest.java:91)
	at java.base/java.lang.reflect.Method.invoke(Method.java:569)
	... 1 more

com.myapp.vendor.VendorControllerTest$FilterVendorsTests.testFilterVendorsEmpty -- Time elapsed: 0 s <<< ERROR!
java.lang.NoClassDefFoundError: Could not initialize class com.myapp.common.utils.DatabaseUtil
	at com.myapp.vendor.VendorRepository.findByFilters(VendorRepository.java:223)
	at com.myapp.vendor.VendorController.filterVendors(VendorController.java:379)
	at com.myapp.vendor.VendorController.handlePost(VendorController.java:353)
	at com.myapp.vendor.VendorController.handle(VendorController.java:90)
	at com.myapp.vendor.VendorControllerTest$FilterVendorsTests.testFilterVendorsEmpty(VendorControllerTest.java:698)
	at java.base/java.lang.reflect.Method.invoke(Method.java:569)
	at java.base/java.util.ArrayList.forEach(ArrayList.java:1511)
	at java.base/java.util.ArrayList.forEach(ArrayList.java:1511)
	at java.base/java.util.ArrayList.forEach(ArrayList.java:1511)
Caused by: java.lang.ExceptionInInitializerError: Exception java.lang.ExceptionInInitializerError [in thread "main"]
	at com.myapp.common.utils.DatabaseUtil.buildSessionFactory(DatabaseUtil.java:81)
	at com.myapp.common.utils.DatabaseUtil.<clinit>(DatabaseUtil.java:20)
	at com.myapp.api.RegistrationApiTest.setUpClass(RegistrationApiTest.java:91)
	at java.base/java.lang.reflect.Method.invoke(Method.java:569)
	... 1 more

com.myapp.vendor.VendorControllerTest$FilterVendorsTests.testFilterVendorsPartialCriteria -- Time elapsed: 0.015 s <<< ERROR!
java.lang.NoClassDefFoundError: Could not initialize class com.myapp.common.utils.DatabaseUtil
	at com.myapp.vendor.VendorRepository.findByFilters(VendorRepository.java:223)
	at com.myapp.vendor.VendorController.filterVendors(VendorController.java:379)
	at com.myapp.vendor.VendorController.handlePost(VendorController.java:353)
	at com.myapp.vendor.VendorController.handle(VendorController.java:90)
	at com.myapp.vendor.VendorControllerTest$FilterVendorsTests.testFilterVendorsPartialCriteria(VendorControllerTest.java:680)
	at java.base/java.lang.reflect.Method.invoke(Method.java:569)
	at java.base/java.util.ArrayList.forEach(ArrayList.java:1511)
	at java.base/java.util.ArrayList.forEach(ArrayList.java:1511)
	at java.base/java.util.ArrayList.forEach(ArrayList.java:1511)
Caused by: java.lang.ExceptionInInitializerError: Exception java.lang.ExceptionInInitializerError [in thread "main"]
	at com.myapp.common.utils.DatabaseUtil.buildSessionFactory(DatabaseUtil.java:81)
	at com.myapp.common.utils.DatabaseUtil.<clinit>(DatabaseUtil.java:20)
	at com.myapp.api.RegistrationApiTest.setUpClass(RegistrationApiTest.java:91)
	at java.base/java.lang.reflect.Method.invoke(Method.java:569)
	... 1 more

