-------------------------------------------------------------------------------
Test set: com.myapp.restaurant.RestaurantServiceTest$RegistrationValidationTests
-------------------------------------------------------------------------------
Tests run: 17, Failures: 0, Errors: 17, Skipped: 0, Time elapsed: 0.065 s <<< FAILURE! -- in com.myapp.restaurant.RestaurantServiceTest$RegistrationValidationTests
com.myapp.restaurant.RestaurantServiceTest$RegistrationValidationTests.shouldAcceptAddressWith200Characters -- Time elapsed: 0.010 s <<< ERROR!
java.lang.NoClassDefFoundError: Could not initialize class com.myapp.common.utils.DatabaseUtil
	at com.myapp.restaurant.RestaurantRepository.deleteAll(RestaurantRepository.java:98)
	at com.myapp.restaurant.RestaurantServiceTest.setUp(RestaurantServiceTest.java:132)
	at java.base/java.lang.reflect.Method.invoke(Method.java:569)
	at java.base/java.util.ArrayList.forEach(ArrayList.java:1511)
	at java.base/java.util.ArrayList.forEach(ArrayList.java:1511)
	at java.base/java.util.ArrayList.forEach(ArrayList.java:1511)
	Suppressed: java.lang.NoClassDefFoundError: Could not initialize class com.myapp.common.utils.DatabaseUtil
		at com.myapp.restaurant.RestaurantRepository.deleteAll(RestaurantRepository.java:98)
		at com.myapp.restaurant.RestaurantServiceTest.tearDown(RestaurantServiceTest.java:146)
		... 4 more
	Caused by: java.lang.ExceptionInInitializerError: Exception java.lang.ExceptionInInitializerError [in thread "main"]
		at com.myapp.common.utils.DatabaseUtil.buildSessionFactory(DatabaseUtil.java:81)
		at com.myapp.common.utils.DatabaseUtil.<clinit>(DatabaseUtil.java:20)
		at com.myapp.api.RegistrationApiTest.setUpClass(RegistrationApiTest.java:91)
		at java.base/java.lang.reflect.Method.invoke(Method.java:569)
		... 1 more
Caused by: [CIRCULAR REFERENCE: java.lang.ExceptionInInitializerError: Exception java.lang.ExceptionInInitializerError [in thread "main"]]

com.myapp.restaurant.RestaurantServiceTest$RegistrationValidationTests.shouldThrowExceptionForZeroOwnerId -- Time elapsed: 0.006 s <<< ERROR!
java.lang.NoClassDefFoundError: Could not initialize class com.myapp.common.utils.DatabaseUtil
	at com.myapp.restaurant.RestaurantRepository.deleteAll(RestaurantRepository.java:98)
	at com.myapp.restaurant.RestaurantServiceTest.setUp(RestaurantServiceTest.java:132)
	at java.base/java.lang.reflect.Method.invoke(Method.java:569)
	at java.base/java.util.ArrayList.forEach(ArrayList.java:1511)
	at java.base/java.util.ArrayList.forEach(ArrayList.java:1511)
	at java.base/java.util.ArrayList.forEach(ArrayList.java:1511)
	Suppressed: java.lang.NoClassDefFoundError: Could not initialize class com.myapp.common.utils.DatabaseUtil
		at com.myapp.restaurant.RestaurantRepository.deleteAll(RestaurantRepository.java:98)
		at com.myapp.restaurant.RestaurantServiceTest.tearDown(RestaurantServiceTest.java:146)
		... 4 more
	Caused by: java.lang.ExceptionInInitializerError: Exception java.lang.ExceptionInInitializerError [in thread "main"]
		at com.myapp.common.utils.DatabaseUtil.buildSessionFactory(DatabaseUtil.java:81)
		at com.myapp.common.utils.DatabaseUtil.<clinit>(DatabaseUtil.java:20)
		at com.myapp.api.RegistrationApiTest.setUpClass(RegistrationApiTest.java:91)
		at java.base/java.lang.reflect.Method.invoke(Method.java:569)
		... 1 more
Caused by: [CIRCULAR REFERENCE: java.lang.ExceptionInInitializerError: Exception java.lang.ExceptionInInitializerError [in thread "main"]]

com.myapp.restaurant.RestaurantServiceTest$RegistrationValidationTests.shouldThrowExceptionForNullRestaurantName -- Time elapsed: 0.004 s <<< ERROR!
java.lang.NoClassDefFoundError: Could not initialize class com.myapp.common.utils.DatabaseUtil
	at com.myapp.restaurant.RestaurantRepository.deleteAll(RestaurantRepository.java:98)
	at com.myapp.restaurant.RestaurantServiceTest.setUp(RestaurantServiceTest.java:132)
	at java.base/java.lang.reflect.Method.invoke(Method.java:569)
	at java.base/java.util.ArrayList.forEach(ArrayList.java:1511)
	at java.base/java.util.ArrayList.forEach(ArrayList.java:1511)
	at java.base/java.util.ArrayList.forEach(ArrayList.java:1511)
	Suppressed: java.lang.NoClassDefFoundError: Could not initialize class com.myapp.common.utils.DatabaseUtil
		at com.myapp.restaurant.RestaurantRepository.deleteAll(RestaurantRepository.java:98)
		at com.myapp.restaurant.RestaurantServiceTest.tearDown(RestaurantServiceTest.java:146)
		... 4 more
	Caused by: java.lang.ExceptionInInitializerError: Exception java.lang.ExceptionInInitializerError [in thread "main"]
		at com.myapp.common.utils.DatabaseUtil.buildSessionFactory(DatabaseUtil.java:81)
		at com.myapp.common.utils.DatabaseUtil.<clinit>(DatabaseUtil.java:20)
		at com.myapp.api.RegistrationApiTest.setUpClass(RegistrationApiTest.java:91)
		at java.base/java.lang.reflect.Method.invoke(Method.java:569)
		... 1 more
Caused by: [CIRCULAR REFERENCE: java.lang.ExceptionInInitializerError: Exception java.lang.ExceptionInInitializerError [in thread "main"]]

com.myapp.restaurant.RestaurantServiceTest$RegistrationValidationTests.shouldThrowExceptionForLongPhone -- Time elapsed: 0.003 s <<< ERROR!
java.lang.NoClassDefFoundError: Could not initialize class com.myapp.common.utils.DatabaseUtil
	at com.myapp.restaurant.RestaurantRepository.deleteAll(RestaurantRepository.java:98)
	at com.myapp.restaurant.RestaurantServiceTest.setUp(RestaurantServiceTest.java:132)
	at java.base/java.lang.reflect.Method.invoke(Method.java:569)
	at java.base/java.util.ArrayList.forEach(ArrayList.java:1511)
	at java.base/java.util.ArrayList.forEach(ArrayList.java:1511)
	at java.base/java.util.ArrayList.forEach(ArrayList.java:1511)
	Suppressed: java.lang.NoClassDefFoundError: Could not initialize class com.myapp.common.utils.DatabaseUtil
		at com.myapp.restaurant.RestaurantRepository.deleteAll(RestaurantRepository.java:98)
		at com.myapp.restaurant.RestaurantServiceTest.tearDown(RestaurantServiceTest.java:146)
		... 4 more
	Caused by: java.lang.ExceptionInInitializerError: Exception java.lang.ExceptionInInitializerError [in thread "main"]
		at com.myapp.common.utils.DatabaseUtil.buildSessionFactory(DatabaseUtil.java:81)
		at com.myapp.common.utils.DatabaseUtil.<clinit>(DatabaseUtil.java:20)
		at com.myapp.api.RegistrationApiTest.setUpClass(RegistrationApiTest.java:91)
		at java.base/java.lang.reflect.Method.invoke(Method.java:569)
		... 1 more
Caused by: [CIRCULAR REFERENCE: java.lang.ExceptionInInitializerError: Exception java.lang.ExceptionInInitializerError [in thread "main"]]

com.myapp.restaurant.RestaurantServiceTest$RegistrationValidationTests.shouldThrowExceptionForNullRestaurantObject -- Time elapsed: 0.004 s <<< ERROR!
java.lang.NoClassDefFoundError: Could not initialize class com.myapp.common.utils.DatabaseUtil
	at com.myapp.restaurant.RestaurantRepository.deleteAll(RestaurantRepository.java:98)
	at com.myapp.restaurant.RestaurantServiceTest.setUp(RestaurantServiceTest.java:132)
	at java.base/java.lang.reflect.Method.invoke(Method.java:569)
	at java.base/java.util.ArrayList.forEach(ArrayList.java:1511)
	at java.base/java.util.ArrayList.forEach(ArrayList.java:1511)
	at java.base/java.util.ArrayList.forEach(ArrayList.java:1511)
	Suppressed: java.lang.NoClassDefFoundError: Could not initialize class com.myapp.common.utils.DatabaseUtil
		at com.myapp.restaurant.RestaurantRepository.deleteAll(RestaurantRepository.java:98)
		at com.myapp.restaurant.RestaurantServiceTest.tearDown(RestaurantServiceTest.java:146)
		... 4 more
	Caused by: java.lang.ExceptionInInitializerError: Exception java.lang.ExceptionInInitializerError [in thread "main"]
		at com.myapp.common.utils.DatabaseUtil.buildSessionFactory(DatabaseUtil.java:81)
		at com.myapp.common.utils.DatabaseUtil.<clinit>(DatabaseUtil.java:20)
		at com.myapp.api.RegistrationApiTest.setUpClass(RegistrationApiTest.java:91)
		at java.base/java.lang.reflect.Method.invoke(Method.java:569)
		... 1 more
Caused by: [CIRCULAR REFERENCE: java.lang.ExceptionInInitializerError: Exception java.lang.ExceptionInInitializerError [in thread "main"]]

com.myapp.restaurant.RestaurantServiceTest$RegistrationValidationTests.shouldThrowExceptionForEmptyPhone -- Time elapsed: 0 s <<< ERROR!
java.lang.NoClassDefFoundError: Could not initialize class com.myapp.common.utils.DatabaseUtil
	at com.myapp.restaurant.RestaurantRepository.deleteAll(RestaurantRepository.java:98)
	at com.myapp.restaurant.RestaurantServiceTest.setUp(RestaurantServiceTest.java:132)
	at java.base/java.lang.reflect.Method.invoke(Method.java:569)
	at java.base/java.util.ArrayList.forEach(ArrayList.java:1511)
	at java.base/java.util.ArrayList.forEach(ArrayList.java:1511)
	at java.base/java.util.ArrayList.forEach(ArrayList.java:1511)
	Suppressed: java.lang.NoClassDefFoundError: Could not initialize class com.myapp.common.utils.DatabaseUtil
		at com.myapp.restaurant.RestaurantRepository.deleteAll(RestaurantRepository.java:98)
		at com.myapp.restaurant.RestaurantServiceTest.tearDown(RestaurantServiceTest.java:146)
		... 4 more
	Caused by: java.lang.ExceptionInInitializerError: Exception java.lang.ExceptionInInitializerError [in thread "main"]
		at com.myapp.common.utils.DatabaseUtil.buildSessionFactory(DatabaseUtil.java:81)
		at com.myapp.common.utils.DatabaseUtil.<clinit>(DatabaseUtil.java:20)
		at com.myapp.api.RegistrationApiTest.setUpClass(RegistrationApiTest.java:91)
		at java.base/java.lang.reflect.Method.invoke(Method.java:569)
		... 1 more
Caused by: [CIRCULAR REFERENCE: java.lang.ExceptionInInitializerError: Exception java.lang.ExceptionInInitializerError [in thread "main"]]

com.myapp.restaurant.RestaurantServiceTest$RegistrationValidationTests.shouldThrowExceptionForWhitespaceOnlyRestaurantName -- Time elapsed: 0 s <<< ERROR!
java.lang.NoClassDefFoundError: Could not initialize class com.myapp.common.utils.DatabaseUtil
	at com.myapp.restaurant.RestaurantRepository.deleteAll(RestaurantRepository.java:98)
	at com.myapp.restaurant.RestaurantServiceTest.setUp(RestaurantServiceTest.java:132)
	at java.base/java.lang.reflect.Method.invoke(Method.java:569)
	at java.base/java.util.ArrayList.forEach(ArrayList.java:1511)
	at java.base/java.util.ArrayList.forEach(ArrayList.java:1511)
	at java.base/java.util.ArrayList.forEach(ArrayList.java:1511)
	Suppressed: java.lang.NoClassDefFoundError: Could not initialize class com.myapp.common.utils.DatabaseUtil
		at com.myapp.restaurant.RestaurantRepository.deleteAll(RestaurantRepository.java:98)
		at com.myapp.restaurant.RestaurantServiceTest.tearDown(RestaurantServiceTest.java:146)
		... 4 more
	Caused by: java.lang.ExceptionInInitializerError: Exception java.lang.ExceptionInInitializerError [in thread "main"]
		at com.myapp.common.utils.DatabaseUtil.buildSessionFactory(DatabaseUtil.java:81)
		at com.myapp.common.utils.DatabaseUtil.<clinit>(DatabaseUtil.java:20)
		at com.myapp.api.RegistrationApiTest.setUpClass(RegistrationApiTest.java:91)
		at java.base/java.lang.reflect.Method.invoke(Method.java:569)
		... 1 more
Caused by: [CIRCULAR REFERENCE: java.lang.ExceptionInInitializerError: Exception java.lang.ExceptionInInitializerError [in thread "main"]]

com.myapp.restaurant.RestaurantServiceTest$RegistrationValidationTests.shouldThrowExceptionForNullPhone -- Time elapsed: 0.009 s <<< ERROR!
java.lang.NoClassDefFoundError: Could not initialize class com.myapp.common.utils.DatabaseUtil
	at com.myapp.restaurant.RestaurantRepository.deleteAll(RestaurantRepository.java:98)
	at com.myapp.restaurant.RestaurantServiceTest.setUp(RestaurantServiceTest.java:132)
	at java.base/java.lang.reflect.Method.invoke(Method.java:569)
	at java.base/java.util.ArrayList.forEach(ArrayList.java:1511)
	at java.base/java.util.ArrayList.forEach(ArrayList.java:1511)
	at java.base/java.util.ArrayList.forEach(ArrayList.java:1511)
	Suppressed: java.lang.NoClassDefFoundError: Could not initialize class com.myapp.common.utils.DatabaseUtil
		at com.myapp.restaurant.RestaurantRepository.deleteAll(RestaurantRepository.java:98)
		at com.myapp.restaurant.RestaurantServiceTest.tearDown(RestaurantServiceTest.java:146)
		... 4 more
	Caused by: java.lang.ExceptionInInitializerError: Exception java.lang.ExceptionInInitializerError [in thread "main"]
		at com.myapp.common.utils.DatabaseUtil.buildSessionFactory(DatabaseUtil.java:81)
		at com.myapp.common.utils.DatabaseUtil.<clinit>(DatabaseUtil.java:20)
		at com.myapp.api.RegistrationApiTest.setUpClass(RegistrationApiTest.java:91)
		at java.base/java.lang.reflect.Method.invoke(Method.java:569)
		... 1 more
Caused by: [CIRCULAR REFERENCE: java.lang.ExceptionInInitializerError: Exception java.lang.ExceptionInInitializerError [in thread "main"]]

com.myapp.restaurant.RestaurantServiceTest$RegistrationValidationTests.shouldThrowExceptionForNullAddress -- Time elapsed: 0.005 s <<< ERROR!
java.lang.NoClassDefFoundError: Could not initialize class com.myapp.common.utils.DatabaseUtil
	at com.myapp.restaurant.RestaurantRepository.deleteAll(RestaurantRepository.java:98)
	at com.myapp.restaurant.RestaurantServiceTest.setUp(RestaurantServiceTest.java:132)
	at java.base/java.lang.reflect.Method.invoke(Method.java:569)
	at java.base/java.util.ArrayList.forEach(ArrayList.java:1511)
	at java.base/java.util.ArrayList.forEach(ArrayList.java:1511)
	at java.base/java.util.ArrayList.forEach(ArrayList.java:1511)
	Suppressed: java.lang.NoClassDefFoundError: Could not initialize class com.myapp.common.utils.DatabaseUtil
		at com.myapp.restaurant.RestaurantRepository.deleteAll(RestaurantRepository.java:98)
		at com.myapp.restaurant.RestaurantServiceTest.tearDown(RestaurantServiceTest.java:146)
		... 4 more
	Caused by: java.lang.ExceptionInInitializerError: Exception java.lang.ExceptionInInitializerError [in thread "main"]
		at com.myapp.common.utils.DatabaseUtil.buildSessionFactory(DatabaseUtil.java:81)
		at com.myapp.common.utils.DatabaseUtil.<clinit>(DatabaseUtil.java:20)
		at com.myapp.api.RegistrationApiTest.setUpClass(RegistrationApiTest.java:91)
		at java.base/java.lang.reflect.Method.invoke(Method.java:569)
		... 1 more
Caused by: [CIRCULAR REFERENCE: java.lang.ExceptionInInitializerError: Exception java.lang.ExceptionInInitializerError [in thread "main"]]

com.myapp.restaurant.RestaurantServiceTest$RegistrationValidationTests.shouldThrowExceptionForNullOwnerId -- Time elapsed: 0 s <<< ERROR!
java.lang.NoClassDefFoundError: Could not initialize class com.myapp.common.utils.DatabaseUtil
	at com.myapp.restaurant.RestaurantRepository.deleteAll(RestaurantRepository.java:98)
	at com.myapp.restaurant.RestaurantServiceTest.setUp(RestaurantServiceTest.java:132)
	at java.base/java.lang.reflect.Method.invoke(Method.java:569)
	at java.base/java.util.ArrayList.forEach(ArrayList.java:1511)
	at java.base/java.util.ArrayList.forEach(ArrayList.java:1511)
	at java.base/java.util.ArrayList.forEach(ArrayList.java:1511)
	Suppressed: java.lang.NoClassDefFoundError: Could not initialize class com.myapp.common.utils.DatabaseUtil
		at com.myapp.restaurant.RestaurantRepository.deleteAll(RestaurantRepository.java:98)
		at com.myapp.restaurant.RestaurantServiceTest.tearDown(RestaurantServiceTest.java:146)
		... 4 more
	Caused by: java.lang.ExceptionInInitializerError: Exception java.lang.ExceptionInInitializerError [in thread "main"]
		at com.myapp.common.utils.DatabaseUtil.buildSessionFactory(DatabaseUtil.java:81)
		at com.myapp.common.utils.DatabaseUtil.<clinit>(DatabaseUtil.java:20)
		at com.myapp.api.RegistrationApiTest.setUpClass(RegistrationApiTest.java:91)
		at java.base/java.lang.reflect.Method.invoke(Method.java:569)
		... 1 more
Caused by: [CIRCULAR REFERENCE: java.lang.ExceptionInInitializerError: Exception java.lang.ExceptionInInitializerError [in thread "main"]]

com.myapp.restaurant.RestaurantServiceTest$RegistrationValidationTests.shouldThrowExceptionForLongRestaurantName -- Time elapsed: 0 s <<< ERROR!
java.lang.NoClassDefFoundError: Could not initialize class com.myapp.common.utils.DatabaseUtil
	at com.myapp.restaurant.RestaurantRepository.deleteAll(RestaurantRepository.java:98)
	at com.myapp.restaurant.RestaurantServiceTest.setUp(RestaurantServiceTest.java:132)
	at java.base/java.lang.reflect.Method.invoke(Method.java:569)
	at java.base/java.util.ArrayList.forEach(ArrayList.java:1511)
	at java.base/java.util.ArrayList.forEach(ArrayList.java:1511)
	at java.base/java.util.ArrayList.forEach(ArrayList.java:1511)
	Suppressed: java.lang.NoClassDefFoundError: Could not initialize class com.myapp.common.utils.DatabaseUtil
		at com.myapp.restaurant.RestaurantRepository.deleteAll(RestaurantRepository.java:98)
		at com.myapp.restaurant.RestaurantServiceTest.tearDown(RestaurantServiceTest.java:146)
		... 4 more
	Caused by: java.lang.ExceptionInInitializerError: Exception java.lang.ExceptionInInitializerError [in thread "main"]
		at com.myapp.common.utils.DatabaseUtil.buildSessionFactory(DatabaseUtil.java:81)
		at com.myapp.common.utils.DatabaseUtil.<clinit>(DatabaseUtil.java:20)
		at com.myapp.api.RegistrationApiTest.setUpClass(RegistrationApiTest.java:91)
		at java.base/java.lang.reflect.Method.invoke(Method.java:569)
		... 1 more
Caused by: [CIRCULAR REFERENCE: java.lang.ExceptionInInitializerError: Exception java.lang.ExceptionInInitializerError [in thread "main"]]

com.myapp.restaurant.RestaurantServiceTest$RegistrationValidationTests.shouldThrowExceptionForEmptyAddress -- Time elapsed: 0.009 s <<< ERROR!
java.lang.NoClassDefFoundError: Could not initialize class com.myapp.common.utils.DatabaseUtil
	at com.myapp.restaurant.RestaurantRepository.deleteAll(RestaurantRepository.java:98)
	at com.myapp.restaurant.RestaurantServiceTest.setUp(RestaurantServiceTest.java:132)
	at java.base/java.lang.reflect.Method.invoke(Method.java:569)
	at java.base/java.util.ArrayList.forEach(ArrayList.java:1511)
	at java.base/java.util.ArrayList.forEach(ArrayList.java:1511)
	at java.base/java.util.ArrayList.forEach(ArrayList.java:1511)
	Suppressed: java.lang.NoClassDefFoundError: Could not initialize class com.myapp.common.utils.DatabaseUtil
		at com.myapp.restaurant.RestaurantRepository.deleteAll(RestaurantRepository.java:98)
		at com.myapp.restaurant.RestaurantServiceTest.tearDown(RestaurantServiceTest.java:146)
		... 4 more
	Caused by: java.lang.ExceptionInInitializerError: Exception java.lang.ExceptionInInitializerError [in thread "main"]
		at com.myapp.common.utils.DatabaseUtil.buildSessionFactory(DatabaseUtil.java:81)
		at com.myapp.common.utils.DatabaseUtil.<clinit>(DatabaseUtil.java:20)
		at com.myapp.api.RegistrationApiTest.setUpClass(RegistrationApiTest.java:91)
		at java.base/java.lang.reflect.Method.invoke(Method.java:569)
		... 1 more
Caused by: [CIRCULAR REFERENCE: java.lang.ExceptionInInitializerError: Exception java.lang.ExceptionInInitializerError [in thread "main"]]

com.myapp.restaurant.RestaurantServiceTest$RegistrationValidationTests.shouldThrowExceptionForEmptyRestaurantName -- Time elapsed: 0 s <<< ERROR!
java.lang.NoClassDefFoundError: Could not initialize class com.myapp.common.utils.DatabaseUtil
	at com.myapp.restaurant.RestaurantRepository.deleteAll(RestaurantRepository.java:98)
	at com.myapp.restaurant.RestaurantServiceTest.setUp(RestaurantServiceTest.java:132)
	at java.base/java.lang.reflect.Method.invoke(Method.java:569)
	at java.base/java.util.ArrayList.forEach(ArrayList.java:1511)
	at java.base/java.util.ArrayList.forEach(ArrayList.java:1511)
	at java.base/java.util.ArrayList.forEach(ArrayList.java:1511)
	Suppressed: java.lang.NoClassDefFoundError: Could not initialize class com.myapp.common.utils.DatabaseUtil
		at com.myapp.restaurant.RestaurantRepository.deleteAll(RestaurantRepository.java:98)
		at com.myapp.restaurant.RestaurantServiceTest.tearDown(RestaurantServiceTest.java:146)
		... 4 more
	Caused by: java.lang.ExceptionInInitializerError: Exception java.lang.ExceptionInInitializerError [in thread "main"]
		at com.myapp.common.utils.DatabaseUtil.buildSessionFactory(DatabaseUtil.java:81)
		at com.myapp.common.utils.DatabaseUtil.<clinit>(DatabaseUtil.java:20)
		at com.myapp.api.RegistrationApiTest.setUpClass(RegistrationApiTest.java:91)
		at java.base/java.lang.reflect.Method.invoke(Method.java:569)
		... 1 more
Caused by: [CIRCULAR REFERENCE: java.lang.ExceptionInInitializerError: Exception java.lang.ExceptionInInitializerError [in thread "main"]]

com.myapp.restaurant.RestaurantServiceTest$RegistrationValidationTests.shouldThrowExceptionForNegativeOwnerId -- Time elapsed: 0.007 s <<< ERROR!
java.lang.NoClassDefFoundError: Could not initialize class com.myapp.common.utils.DatabaseUtil
	at com.myapp.restaurant.RestaurantRepository.deleteAll(RestaurantRepository.java:98)
	at com.myapp.restaurant.RestaurantServiceTest.setUp(RestaurantServiceTest.java:132)
	at java.base/java.lang.reflect.Method.invoke(Method.java:569)
	at java.base/java.util.ArrayList.forEach(ArrayList.java:1511)
	at java.base/java.util.ArrayList.forEach(ArrayList.java:1511)
	at java.base/java.util.ArrayList.forEach(ArrayList.java:1511)
	Suppressed: java.lang.NoClassDefFoundError: Could not initialize class com.myapp.common.utils.DatabaseUtil
		at com.myapp.restaurant.RestaurantRepository.deleteAll(RestaurantRepository.java:98)
		at com.myapp.restaurant.RestaurantServiceTest.tearDown(RestaurantServiceTest.java:146)
		... 4 more
	Caused by: java.lang.ExceptionInInitializerError: Exception java.lang.ExceptionInInitializerError [in thread "main"]
		at com.myapp.common.utils.DatabaseUtil.buildSessionFactory(DatabaseUtil.java:81)
		at com.myapp.common.utils.DatabaseUtil.<clinit>(DatabaseUtil.java:20)
		at com.myapp.api.RegistrationApiTest.setUpClass(RegistrationApiTest.java:91)
		at java.base/java.lang.reflect.Method.invoke(Method.java:569)
		... 1 more
Caused by: [CIRCULAR REFERENCE: java.lang.ExceptionInInitializerError: Exception java.lang.ExceptionInInitializerError [in thread "main"]]

com.myapp.restaurant.RestaurantServiceTest$RegistrationValidationTests.shouldAcceptPhoneWith20Characters -- Time elapsed: 0 s <<< ERROR!
java.lang.NoClassDefFoundError: Could not initialize class com.myapp.common.utils.DatabaseUtil
	at com.myapp.restaurant.RestaurantRepository.deleteAll(RestaurantRepository.java:98)
	at com.myapp.restaurant.RestaurantServiceTest.setUp(RestaurantServiceTest.java:132)
	at java.base/java.lang.reflect.Method.invoke(Method.java:569)
	at java.base/java.util.ArrayList.forEach(ArrayList.java:1511)
	at java.base/java.util.ArrayList.forEach(ArrayList.java:1511)
	at java.base/java.util.ArrayList.forEach(ArrayList.java:1511)
	Suppressed: java.lang.NoClassDefFoundError: Could not initialize class com.myapp.common.utils.DatabaseUtil
		at com.myapp.restaurant.RestaurantRepository.deleteAll(RestaurantRepository.java:98)
		at com.myapp.restaurant.RestaurantServiceTest.tearDown(RestaurantServiceTest.java:146)
		... 4 more
	Caused by: java.lang.ExceptionInInitializerError: Exception java.lang.ExceptionInInitializerError [in thread "main"]
		at com.myapp.common.utils.DatabaseUtil.buildSessionFactory(DatabaseUtil.java:81)
		at com.myapp.common.utils.DatabaseUtil.<clinit>(DatabaseUtil.java:20)
		at com.myapp.api.RegistrationApiTest.setUpClass(RegistrationApiTest.java:91)
		at java.base/java.lang.reflect.Method.invoke(Method.java:569)
		... 1 more
Caused by: [CIRCULAR REFERENCE: java.lang.ExceptionInInitializerError: Exception java.lang.ExceptionInInitializerError [in thread "main"]]

com.myapp.restaurant.RestaurantServiceTest$RegistrationValidationTests.shouldThrowExceptionForLongAddress -- Time elapsed: 0 s <<< ERROR!
java.lang.NoClassDefFoundError: Could not initialize class com.myapp.common.utils.DatabaseUtil
	at com.myapp.restaurant.RestaurantRepository.deleteAll(RestaurantRepository.java:98)
	at com.myapp.restaurant.RestaurantServiceTest.setUp(RestaurantServiceTest.java:132)
	at java.base/java.lang.reflect.Method.invoke(Method.java:569)
	at java.base/java.util.ArrayList.forEach(ArrayList.java:1511)
	at java.base/java.util.ArrayList.forEach(ArrayList.java:1511)
	at java.base/java.util.ArrayList.forEach(ArrayList.java:1511)
	Suppressed: java.lang.NoClassDefFoundError: Could not initialize class com.myapp.common.utils.DatabaseUtil
		at com.myapp.restaurant.RestaurantRepository.deleteAll(RestaurantRepository.java:98)
		at com.myapp.restaurant.RestaurantServiceTest.tearDown(RestaurantServiceTest.java:146)
		... 4 more
	Caused by: java.lang.ExceptionInInitializerError: Exception java.lang.ExceptionInInitializerError [in thread "main"]
		at com.myapp.common.utils.DatabaseUtil.buildSessionFactory(DatabaseUtil.java:81)
		at com.myapp.common.utils.DatabaseUtil.<clinit>(DatabaseUtil.java:20)
		at com.myapp.api.RegistrationApiTest.setUpClass(RegistrationApiTest.java:91)
		at java.base/java.lang.reflect.Method.invoke(Method.java:569)
		... 1 more
Caused by: [CIRCULAR REFERENCE: java.lang.ExceptionInInitializerError: Exception java.lang.ExceptionInInitializerError [in thread "main"]]

com.myapp.restaurant.RestaurantServiceTest$RegistrationValidationTests.shouldAcceptRestaurantNameWith100Characters -- Time elapsed: 0 s <<< ERROR!
java.lang.NoClassDefFoundError: Could not initialize class com.myapp.common.utils.DatabaseUtil
	at com.myapp.restaurant.RestaurantRepository.deleteAll(RestaurantRepository.java:98)
	at com.myapp.restaurant.RestaurantServiceTest.setUp(RestaurantServiceTest.java:132)
	at java.base/java.lang.reflect.Method.invoke(Method.java:569)
	at java.base/java.util.ArrayList.forEach(ArrayList.java:1511)
	at java.base/java.util.ArrayList.forEach(ArrayList.java:1511)
	at java.base/java.util.ArrayList.forEach(ArrayList.java:1511)
	Suppressed: java.lang.NoClassDefFoundError: Could not initialize class com.myapp.common.utils.DatabaseUtil
		at com.myapp.restaurant.RestaurantRepository.deleteAll(RestaurantRepository.java:98)
		at com.myapp.restaurant.RestaurantServiceTest.tearDown(RestaurantServiceTest.java:146)
		... 4 more
	Caused by: java.lang.ExceptionInInitializerError: Exception java.lang.ExceptionInInitializerError [in thread "main"]
		at com.myapp.common.utils.DatabaseUtil.buildSessionFactory(DatabaseUtil.java:81)
		at com.myapp.common.utils.DatabaseUtil.<clinit>(DatabaseUtil.java:20)
		at com.myapp.api.RegistrationApiTest.setUpClass(RegistrationApiTest.java:91)
		at java.base/java.lang.reflect.Method.invoke(Method.java:569)
		... 1 more
Caused by: [CIRCULAR REFERENCE: java.lang.ExceptionInInitializerError: Exception java.lang.ExceptionInInitializerError [in thread "main"]]

