<?xml version="1.0" encoding="UTF-8"?>
<testsuite xmlns:xsi="http://www.w3.org/2001/XMLSchema-instance" xsi:noNamespaceSchemaLocation="https://maven.apache.org/surefire/maven-surefire-plugin/xsd/surefire-test-report-3.0.xsd" version="3.0" name="com.myapp.review.RatingRepositoryTest$PerformanceTests" time="0.176" tests="2" errors="0" skipped="0" failures="0">
  <properties>
[...]
</properties>
  <testcase name="shouldHandleComplexQueriesEfficiently" classname="com.myapp.review.RatingRepositoryTest$PerformanceTests" time="0.059">
    <system-out><![CDATA[2025-07-03 23:42:48.250 [main] DEBUG org.hibernate.SQL - 
    delete 
    from
        ratings
Hibernate: 
    delete 
    from
        ratings
2025-07-03 23:42:48.252 [main] DEBUG c.myapp.common.TestDatabaseManager - Cleaned all rating data from test database
2025-07-03 23:42:48.252 [main] INFO  com.myapp.review.RatingRepository - Created new rating: Rating{id=309, userId=1, restaurantId=2, ratingScore=1, hasReview=true, isVerified=false, helpfulCount=0, createdAt=2025-07-03T23:42:48.252779193}
2025-07-03 23:42:48.252 [main] DEBUG org.hibernate.SQL - 
    insert 
    into
        ratings
        (created_at, helpful_count, is_verified, rating_score, restaurant_id, review_text, updated_at, user_id, id) 
    values
        (?, ?, ?, ?, ?, ?, ?, ?, ?)
Hibernate: 
    insert 
    into
        ratings
        (created_at, helpful_count, is_verified, rating_score, restaurant_id, review_text, updated_at, user_id, id) 
    values
        (?, ?, ?, ?, ?, ?, ?, ?, ?)
2025-07-03 23:42:48.255 [main] INFO  com.myapp.review.RatingRepository - Created new rating: Rating{id=310, userId=1, restaurantId=2, ratingScore=2, hasReview=true, isVerified=false, helpfulCount=0, createdAt=2025-07-03T23:42:48.254978100}
2025-07-03 23:42:48.255 [main] DEBUG org.hibernate.SQL - 
    insert 
    into
        ratings
        (created_at, helpful_count, is_verified, rating_score, restaurant_id, review_text, updated_at, user_id, id) 
    values
        (?, ?, ?, ?, ?, ?, ?, ?, ?)
Hibernate: 
    insert 
    into
        ratings
        (created_at, helpful_count, is_verified, rating_score, restaurant_id, review_text, updated_at, user_id, id) 
    values
        (?, ?, ?, ?, ?, ?, ?, ?, ?)
2025-07-03 23:42:48.257 [main] INFO  com.myapp.review.RatingRepository - Created new rating: Rating{id=311, userId=1, restaurantId=2, ratingScore=3, hasReview=true, isVerified=false, helpfulCount=0, createdAt=2025-07-03T23:42:48.257191377}
2025-07-03 23:42:48.257 [main] DEBUG org.hibernate.SQL - 
    insert 
    into
        ratings
        (created_at, helpful_count, is_verified, rating_score, restaurant_id, review_text, updated_at, user_id, id) 
    values
        (?, ?, ?, ?, ?, ?, ?, ?, ?)
Hibernate: 
    insert 
    into
        ratings
        (created_at, helpful_count, is_verified, rating_score, restaurant_id, review_text, updated_at, user_id, id) 
    values
        (?, ?, ?, ?, ?, ?, ?, ?, ?)
2025-07-03 23:42:48.259 [main] INFO  com.myapp.review.RatingRepository - Created new rating: Rating{id=312, userId=1, restaurantId=2, ratingScore=4, hasReview=true, isVerified=false, helpfulCount=0, createdAt=2025-07-03T23:42:48.259393894}
2025-07-03 23:42:48.259 [main] DEBUG org.hibernate.SQL - 
    insert 
    into
        ratings
        (created_at, helpful_count, is_verified, rating_score, restaurant_id, review_text, updated_at, user_id, id) 
    values
        (?, ?, ?, ?, ?, ?, ?, ?, ?)
Hibernate: 
    insert 
    into
        ratings
        (created_at, helpful_count, is_verified, rating_score, restaurant_id, review_text, updated_at, user_id, id) 
    values
        (?, ?, ?, ?, ?, ?, ?, ?, ?)
2025-07-03 23:42:48.261 [main] INFO  com.myapp.review.RatingRepository - Created new rating: Rating{id=313, userId=1, restaurantId=2, ratingScore=5, hasReview=true, isVerified=false, helpfulCount=0, createdAt=2025-07-03T23:42:48.261652441}
2025-07-03 23:42:48.261 [main] DEBUG org.hibernate.SQL - 
    insert 
    into
        ratings
        (created_at, helpful_count, is_verified, rating_score, restaurant_id, review_text, updated_at, user_id, id) 
    values
        (?, ?, ?, ?, ?, ?, ?, ?, ?)
Hibernate: 
    insert 
    into
        ratings
        (created_at, helpful_count, is_verified, rating_score, restaurant_id, review_text, updated_at, user_id, id) 
    values
        (?, ?, ?, ?, ?, ?, ?, ?, ?)
2025-07-03 23:42:48.263 [main] INFO  com.myapp.review.RatingRepository - Created new rating: Rating{id=314, userId=1, restaurantId=2, ratingScore=1, hasReview=true, isVerified=false, helpfulCount=0, createdAt=2025-07-03T23:42:48.263735867}
2025-07-03 23:42:48.263 [main] DEBUG org.hibernate.SQL - 
    insert 
    into
        ratings
        (created_at, helpful_count, is_verified, rating_score, restaurant_id, review_text, updated_at, user_id, id) 
    values
        (?, ?, ?, ?, ?, ?, ?, ?, ?)
Hibernate: 
    insert 
    into
        ratings
        (created_at, helpful_count, is_verified, rating_score, restaurant_id, review_text, updated_at, user_id, id) 
    values
        (?, ?, ?, ?, ?, ?, ?, ?, ?)
2025-07-03 23:42:48.266 [main] INFO  com.myapp.review.RatingRepository - Created new rating: Rating{id=315, userId=1, restaurantId=2, ratingScore=2, hasReview=true, isVerified=false, helpfulCount=0, createdAt=2025-07-03T23:42:48.266063335}
2025-07-03 23:42:48.266 [main] DEBUG org.hibernate.SQL - 
    insert 
    into
        ratings
        (created_at, helpful_count, is_verified, rating_score, restaurant_id, review_text, updated_at, user_id, id) 
    values
        (?, ?, ?, ?, ?, ?, ?, ?, ?)
Hibernate: 
    insert 
    into
        ratings
        (created_at, helpful_count, is_verified, rating_score, restaurant_id, review_text, updated_at, user_id, id) 
    values
        (?, ?, ?, ?, ?, ?, ?, ?, ?)
2025-07-03 23:42:48.268 [main] INFO  com.myapp.review.RatingRepository - Created new rating: Rating{id=316, userId=1, restaurantId=2, ratingScore=3, hasReview=true, isVerified=false, helpfulCount=0, createdAt=2025-07-03T23:42:48.268270242}
2025-07-03 23:42:48.268 [main] DEBUG org.hibernate.SQL - 
    insert 
    into
        ratings
        (created_at, helpful_count, is_verified, rating_score, restaurant_id, review_text, updated_at, user_id, id) 
    values
        (?, ?, ?, ?, ?, ?, ?, ?, ?)
Hibernate: 
    insert 
    into
        ratings
        (created_at, helpful_count, is_verified, rating_score, restaurant_id, review_text, updated_at, user_id, id) 
    values
        (?, ?, ?, ?, ?, ?, ?, ?, ?)
2025-07-03 23:42:48.270 [main] INFO  com.myapp.review.RatingRepository - Created new rating: Rating{id=317, userId=1, restaurantId=2, ratingScore=4, hasReview=true, isVerified=false, helpfulCount=0, createdAt=2025-07-03T23:42:48.270586460}
2025-07-03 23:42:48.270 [main] DEBUG org.hibernate.SQL - 
    insert 
    into
        ratings
        (created_at, helpful_count, is_verified, rating_score, restaurant_id, review_text, updated_at, user_id, id) 
    values
        (?, ?, ?, ?, ?, ?, ?, ?, ?)
Hibernate: 
    insert 
    into
        ratings
        (created_at, helpful_count, is_verified, rating_score, restaurant_id, review_text, updated_at, user_id, id) 
    values
        (?, ?, ?, ?, ?, ?, ?, ?, ?)
2025-07-03 23:42:48.272 [main] INFO  com.myapp.review.RatingRepository - Created new rating: Rating{id=318, userId=1, restaurantId=2, ratingScore=5, hasReview=true, isVerified=false, helpfulCount=0, createdAt=2025-07-03T23:42:48.272780777}
2025-07-03 23:42:48.272 [main] DEBUG org.hibernate.SQL - 
    insert 
    into
        ratings
        (created_at, helpful_count, is_verified, rating_score, restaurant_id, review_text, updated_at, user_id, id) 
    values
        (?, ?, ?, ?, ?, ?, ?, ?, ?)
Hibernate: 
    insert 
    into
        ratings
        (created_at, helpful_count, is_verified, rating_score, restaurant_id, review_text, updated_at, user_id, id) 
    values
        (?, ?, ?, ?, ?, ?, ?, ?, ?)
2025-07-03 23:42:48.274 [main] INFO  com.myapp.review.RatingRepository - Created new rating: Rating{id=319, userId=1, restaurantId=2, ratingScore=1, hasReview=true, isVerified=false, helpfulCount=0, createdAt=2025-07-03T23:42:48.274961074}
2025-07-03 23:42:48.275 [main] DEBUG org.hibernate.SQL - 
    insert 
    into
        ratings
        (created_at, helpful_count, is_verified, rating_score, restaurant_id, review_text, updated_at, user_id, id) 
    values
        (?, ?, ?, ?, ?, ?, ?, ?, ?)
Hibernate: 
    insert 
    into
        ratings
        (created_at, helpful_count, is_verified, rating_score, restaurant_id, review_text, updated_at, user_id, id) 
    values
        (?, ?, ?, ?, ?, ?, ?, ?, ?)
2025-07-03 23:42:48.277 [main] INFO  com.myapp.review.RatingRepository - Created new rating: Rating{id=320, userId=1, restaurantId=2, ratingScore=2, hasReview=true, isVerified=false, helpfulCount=0, createdAt=2025-07-03T23:42:48.277208821}
2025-07-03 23:42:48.277 [main] DEBUG org.hibernate.SQL - 
    insert 
    into
        ratings
        (created_at, helpful_count, is_verified, rating_score, restaurant_id, review_text, updated_at, user_id, id) 
    values
        (?, ?, ?, ?, ?, ?, ?, ?, ?)
Hibernate: 
    insert 
    into
        ratings
        (created_at, helpful_count, is_verified, rating_score, restaurant_id, review_text, updated_at, user_id, id) 
    values
        (?, ?, ?, ?, ?, ?, ?, ?, ?)
2025-07-03 23:42:48.279 [main] INFO  com.myapp.review.RatingRepository - Created new rating: Rating{id=321, userId=1, restaurantId=2, ratingScore=3, hasReview=true, isVerified=false, helpfulCount=0, createdAt=2025-07-03T23:42:48.279542439}
2025-07-03 23:42:48.279 [main] DEBUG org.hibernate.SQL - 
    insert 
    into
        ratings
        (created_at, helpful_count, is_verified, rating_score, restaurant_id, review_text, updated_at, user_id, id) 
    values
        (?, ?, ?, ?, ?, ?, ?, ?, ?)
Hibernate: 
    insert 
    into
        ratings
        (created_at, helpful_count, is_verified, rating_score, restaurant_id, review_text, updated_at, user_id, id) 
    values
        (?, ?, ?, ?, ?, ?, ?, ?, ?)
2025-07-03 23:42:48.281 [main] INFO  com.myapp.review.RatingRepository - Created new rating: Rating{id=322, userId=1, restaurantId=2, ratingScore=4, hasReview=true, isVerified=false, helpfulCount=0, createdAt=2025-07-03T23:42:48.281709556}
2025-07-03 23:42:48.281 [main] DEBUG org.hibernate.SQL - 
    insert 
    into
        ratings
        (created_at, helpful_count, is_verified, rating_score, restaurant_id, review_text, updated_at, user_id, id) 
    values
        (?, ?, ?, ?, ?, ?, ?, ?, ?)
Hibernate: 
    insert 
    into
        ratings
        (created_at, helpful_count, is_verified, rating_score, restaurant_id, review_text, updated_at, user_id, id) 
    values
        (?, ?, ?, ?, ?, ?, ?, ?, ?)
2025-07-03 23:42:48.284 [main] INFO  com.myapp.review.RatingRepository - Created new rating: Rating{id=323, userId=1, restaurantId=2, ratingScore=5, hasReview=true, isVerified=false, helpfulCount=0, createdAt=2025-07-03T23:42:48.284134075}
2025-07-03 23:42:48.284 [main] DEBUG org.hibernate.SQL - 
    insert 
    into
        ratings
        (created_at, helpful_count, is_verified, rating_score, restaurant_id, review_text, updated_at, user_id, id) 
    values
        (?, ?, ?, ?, ?, ?, ?, ?, ?)
Hibernate: 
    insert 
    into
        ratings
        (created_at, helpful_count, is_verified, rating_score, restaurant_id, review_text, updated_at, user_id, id) 
    values
        (?, ?, ?, ?, ?, ?, ?, ?, ?)
2025-07-03 23:42:48.286 [main] INFO  com.myapp.review.RatingRepository - Created new rating: Rating{id=324, userId=1, restaurantId=2, ratingScore=1, hasReview=true, isVerified=false, helpfulCount=0, createdAt=2025-07-03T23:42:48.286237291}
2025-07-03 23:42:48.286 [main] DEBUG org.hibernate.SQL - 
    insert 
    into
        ratings
        (created_at, helpful_count, is_verified, rating_score, restaurant_id, review_text, updated_at, user_id, id) 
    values
        (?, ?, ?, ?, ?, ?, ?, ?, ?)
Hibernate: 
    insert 
    into
        ratings
        (created_at, helpful_count, is_verified, rating_score, restaurant_id, review_text, updated_at, user_id, id) 
    values
        (?, ?, ?, ?, ?, ?, ?, ?, ?)
2025-07-03 23:42:48.288 [main] INFO  com.myapp.review.RatingRepository - Created new rating: Rating{id=325, userId=1, restaurantId=2, ratingScore=2, hasReview=true, isVerified=false, helpfulCount=0, createdAt=2025-07-03T23:42:48.288385287}
2025-07-03 23:42:48.288 [main] DEBUG org.hibernate.SQL - 
    insert 
    into
        ratings
        (created_at, helpful_count, is_verified, rating_score, restaurant_id, review_text, updated_at, user_id, id) 
    values
        (?, ?, ?, ?, ?, ?, ?, ?, ?)
Hibernate: 
    insert 
    into
        ratings
        (created_at, helpful_count, is_verified, rating_score, restaurant_id, review_text, updated_at, user_id, id) 
    values
        (?, ?, ?, ?, ?, ?, ?, ?, ?)
2025-07-03 23:42:48.290 [main] INFO  com.myapp.review.RatingRepository - Created new rating: Rating{id=326, userId=1, restaurantId=2, ratingScore=3, hasReview=true, isVerified=false, helpfulCount=0, createdAt=2025-07-03T23:42:48.290534654}
2025-07-03 23:42:48.290 [main] DEBUG org.hibernate.SQL - 
    insert 
    into
        ratings
        (created_at, helpful_count, is_verified, rating_score, restaurant_id, review_text, updated_at, user_id, id) 
    values
        (?, ?, ?, ?, ?, ?, ?, ?, ?)
Hibernate: 
    insert 
    into
        ratings
        (created_at, helpful_count, is_verified, rating_score, restaurant_id, review_text, updated_at, user_id, id) 
    values
        (?, ?, ?, ?, ?, ?, ?, ?, ?)
2025-07-03 23:42:48.292 [main] INFO  com.myapp.review.RatingRepository - Created new rating: Rating{id=327, userId=1, restaurantId=2, ratingScore=4, hasReview=true, isVerified=false, helpfulCount=0, createdAt=2025-07-03T23:42:48.292718081}
2025-07-03 23:42:48.292 [main] DEBUG org.hibernate.SQL - 
    insert 
    into
        ratings
        (created_at, helpful_count, is_verified, rating_score, restaurant_id, review_text, updated_at, user_id, id) 
    values
        (?, ?, ?, ?, ?, ?, ?, ?, ?)
Hibernate: 
    insert 
    into
        ratings
        (created_at, helpful_count, is_verified, rating_score, restaurant_id, review_text, updated_at, user_id, id) 
    values
        (?, ?, ?, ?, ?, ?, ?, ?, ?)
2025-07-03 23:42:48.295 [main] INFO  com.myapp.review.RatingRepository - Created new rating: Rating{id=328, userId=1, restaurantId=2, ratingScore=5, hasReview=true, isVerified=false, helpfulCount=0, createdAt=2025-07-03T23:42:48.295026448}
2025-07-03 23:42:48.295 [main] DEBUG org.hibernate.SQL - 
    insert 
    into
        ratings
        (created_at, helpful_count, is_verified, rating_score, restaurant_id, review_text, updated_at, user_id, id) 
    values
        (?, ?, ?, ?, ?, ?, ?, ?, ?)
Hibernate: 
    insert 
    into
        ratings
        (created_at, helpful_count, is_verified, rating_score, restaurant_id, review_text, updated_at, user_id, id) 
    values
        (?, ?, ?, ?, ?, ?, ?, ?, ?)
2025-07-03 23:42:48.304 [main] DEBUG org.hibernate.SQL - 
    select
        avg(r1_0.rating_score) 
    from
        ratings r1_0 
    where
        r1_0.restaurant_id=?
Hibernate: 
    select
        avg(r1_0.rating_score) 
    from
        ratings r1_0 
    where
        r1_0.restaurant_id=?
2025-07-03 23:42:48.305 [main] DEBUG org.hibernate.SQL - 
    select
        count(r1_0.id) 
    from
        ratings r1_0 
    where
        r1_0.restaurant_id=?
Hibernate: 
    select
        count(r1_0.id) 
    from
        ratings r1_0 
    where
        r1_0.restaurant_id=?
2025-07-03 23:42:48.305 [main] DEBUG org.hibernate.SQL - 
    select
        r1_0.rating_score,
        count(r1_0.id) 
    from
        ratings r1_0 
    where
        r1_0.restaurant_id=? 
    group by
        r1_0.rating_score
Hibernate: 
    select
        r1_0.rating_score,
        count(r1_0.id) 
    from
        ratings r1_0 
    where
        r1_0.restaurant_id=? 
    group by
        r1_0.rating_score
2025-07-03 23:42:48.308 [main] DEBUG org.hibernate.SQL - 
    select
        r1_0.id,
        r1_0.created_at,
        r1_0.helpful_count,
        r1_0.is_verified,
        r1_0.rating_score,
        r1_0.restaurant_id,
        r1_0.review_text,
        r1_0.updated_at,
        r1_0.user_id 
    from
        ratings r1_0 
    where
        r1_0.rating_score between ? and ? 
    order by
        r1_0.created_at desc
Hibernate: 
    select
        r1_0.id,
        r1_0.created_at,
        r1_0.helpful_count,
        r1_0.is_verified,
        r1_0.rating_score,
        r1_0.restaurant_id,
        r1_0.review_text,
        r1_0.updated_at,
        r1_0.user_id 
    from
        ratings r1_0 
    where
        r1_0.rating_score between ? and ? 
    order by
        r1_0.created_at desc
]]></system-out>
  </testcase>
  <testcase name="shouldHandleBulkOperationsEfficiently" classname="com.myapp.review.RatingRepositoryTest$PerformanceTests" time="0.117">
    <system-out><![CDATA[2025-07-03 23:42:48.309 [main] DEBUG org.hibernate.SQL - 
    delete 
    from
        ratings
Hibernate: 
    delete 
    from
        ratings
2025-07-03 23:42:48.311 [main] DEBUG c.myapp.common.TestDatabaseManager - Cleaned all rating data from test database
2025-07-03 23:42:48.312 [main] INFO  com.myapp.review.RatingRepository - Created new rating: Rating{id=329, userId=1, restaurantId=2, ratingScore=4, hasReview=true, isVerified=false, helpfulCount=0, createdAt=2025-07-03T23:42:48.312000359}
2025-07-03 23:42:48.312 [main] DEBUG org.hibernate.SQL - 
    insert 
    into
        ratings
        (created_at, helpful_count, is_verified, rating_score, restaurant_id, review_text, updated_at, user_id, id) 
    values
        (?, ?, ?, ?, ?, ?, ?, ?, ?)
Hibernate: 
    insert 
    into
        ratings
        (created_at, helpful_count, is_verified, rating_score, restaurant_id, review_text, updated_at, user_id, id) 
    values
        (?, ?, ?, ?, ?, ?, ?, ?, ?)
2025-07-03 23:42:48.314 [main] INFO  com.myapp.review.RatingRepository - Created new rating: Rating{id=330, userId=1, restaurantId=2, ratingScore=4, hasReview=true, isVerified=false, helpfulCount=0, createdAt=2025-07-03T23:42:48.314205546}
2025-07-03 23:42:48.314 [main] DEBUG org.hibernate.SQL - 
    insert 
    into
        ratings
        (created_at, helpful_count, is_verified, rating_score, restaurant_id, review_text, updated_at, user_id, id) 
    values
        (?, ?, ?, ?, ?, ?, ?, ?, ?)
Hibernate: 
    insert 
    into
        ratings
        (created_at, helpful_count, is_verified, rating_score, restaurant_id, review_text, updated_at, user_id, id) 
    values
        (?, ?, ?, ?, ?, ?, ?, ?, ?)
2025-07-03 23:42:48.316 [main] INFO  com.myapp.review.RatingRepository - Created new rating: Rating{id=331, userId=1, restaurantId=2, ratingScore=4, hasReview=true, isVerified=false, helpfulCount=0, createdAt=2025-07-03T23:42:48.316416523}
2025-07-03 23:42:48.316 [main] DEBUG org.hibernate.SQL - 
    insert 
    into
        ratings
        (created_at, helpful_count, is_verified, rating_score, restaurant_id, review_text, updated_at, user_id, id) 
    values
        (?, ?, ?, ?, ?, ?, ?, ?, ?)
Hibernate: 
    insert 
    into
        ratings
        (created_at, helpful_count, is_verified, rating_score, restaurant_id, review_text, updated_at, user_id, id) 
    values
        (?, ?, ?, ?, ?, ?, ?, ?, ?)
2025-07-03 23:42:48.318 [main] INFO  com.myapp.review.RatingRepository - Created new rating: Rating{id=332, userId=1, restaurantId=2, ratingScore=4, hasReview=true, isVerified=false, helpfulCount=0, createdAt=2025-07-03T23:42:48.318702041}
2025-07-03 23:42:48.318 [main] DEBUG org.hibernate.SQL - 
    insert 
    into
        ratings
        (created_at, helpful_count, is_verified, rating_score, restaurant_id, review_text, updated_at, user_id, id) 
    values
        (?, ?, ?, ?, ?, ?, ?, ?, ?)
Hibernate: 
    insert 
    into
        ratings
        (created_at, helpful_count, is_verified, rating_score, restaurant_id, review_text, updated_at, user_id, id) 
    values
        (?, ?, ?, ?, ?, ?, ?, ?, ?)
2025-07-03 23:42:48.320 [main] INFO  com.myapp.review.RatingRepository - Created new rating: Rating{id=333, userId=1, restaurantId=2, ratingScore=4, hasReview=true, isVerified=false, helpfulCount=0, createdAt=2025-07-03T23:42:48.320965788}
2025-07-03 23:42:48.321 [main] DEBUG org.hibernate.SQL - 
    insert 
    into
        ratings
        (created_at, helpful_count, is_verified, rating_score, restaurant_id, review_text, updated_at, user_id, id) 
    values
        (?, ?, ?, ?, ?, ?, ?, ?, ?)
Hibernate: 
    insert 
    into
        ratings
        (created_at, helpful_count, is_verified, rating_score, restaurant_id, review_text, updated_at, user_id, id) 
    values
        (?, ?, ?, ?, ?, ?, ?, ?, ?)
2025-07-03 23:42:48.323 [main] INFO  com.myapp.review.RatingRepository - Created new rating: Rating{id=334, userId=1, restaurantId=2, ratingScore=4, hasReview=true, isVerified=false, helpfulCount=0, createdAt=2025-07-03T23:42:48.323267456}
2025-07-03 23:42:48.323 [main] DEBUG org.hibernate.SQL - 
    insert 
    into
        ratings
        (created_at, helpful_count, is_verified, rating_score, restaurant_id, review_text, updated_at, user_id, id) 
    values
        (?, ?, ?, ?, ?, ?, ?, ?, ?)
Hibernate: 
    insert 
    into
        ratings
        (created_at, helpful_count, is_verified, rating_score, restaurant_id, review_text, updated_at, user_id, id) 
    values
        (?, ?, ?, ?, ?, ?, ?, ?, ?)
2025-07-03 23:42:48.325 [main] INFO  com.myapp.review.RatingRepository - Created new rating: Rating{id=335, userId=1, restaurantId=2, ratingScore=4, hasReview=true, isVerified=false, helpfulCount=0, createdAt=2025-07-03T23:42:48.325530934}
2025-07-03 23:42:48.325 [main] DEBUG org.hibernate.SQL - 
    insert 
    into
        ratings
        (created_at, helpful_count, is_verified, rating_score, restaurant_id, review_text, updated_at, user_id, id) 
    values
        (?, ?, ?, ?, ?, ?, ?, ?, ?)
Hibernate: 
    insert 
    into
        ratings
        (created_at, helpful_count, is_verified, rating_score, restaurant_id, review_text, updated_at, user_id, id) 
    values
        (?, ?, ?, ?, ?, ?, ?, ?, ?)
2025-07-03 23:42:48.327 [main] INFO  com.myapp.review.RatingRepository - Created new rating: Rating{id=336, userId=1, restaurantId=2, ratingScore=4, hasReview=true, isVerified=false, helpfulCount=0, createdAt=2025-07-03T23:42:48.327681340}
2025-07-03 23:42:48.327 [main] DEBUG org.hibernate.SQL - 
    insert 
    into
        ratings
        (created_at, helpful_count, is_verified, rating_score, restaurant_id, review_text, updated_at, user_id, id) 
    values
        (?, ?, ?, ?, ?, ?, ?, ?, ?)
Hibernate: 
    insert 
    into
        ratings
        (created_at, helpful_count, is_verified, rating_score, restaurant_id, review_text, updated_at, user_id, id) 
    values
        (?, ?, ?, ?, ?, ?, ?, ?, ?)
2025-07-03 23:42:48.329 [main] INFO  com.myapp.review.RatingRepository - Created new rating: Rating{id=337, userId=1, restaurantId=2, ratingScore=4, hasReview=true, isVerified=false, helpfulCount=0, createdAt=2025-07-03T23:42:48.329924527}
2025-07-03 23:42:48.330 [main] DEBUG org.hibernate.SQL - 
    insert 
    into
        ratings
        (created_at, helpful_count, is_verified, rating_score, restaurant_id, review_text, updated_at, user_id, id) 
    values
        (?, ?, ?, ?, ?, ?, ?, ?, ?)
Hibernate: 
    insert 
    into
        ratings
        (created_at, helpful_count, is_verified, rating_score, restaurant_id, review_text, updated_at, user_id, id) 
    values
        (?, ?, ?, ?, ?, ?, ?, ?, ?)
2025-07-03 23:42:48.332 [main] INFO  com.myapp.review.RatingRepository - Created new rating: Rating{id=338, userId=1, restaurantId=2, ratingScore=4, hasReview=true, isVerified=false, helpfulCount=0, createdAt=2025-07-03T23:42:48.332173335}
2025-07-03 23:42:48.332 [main] DEBUG org.hibernate.SQL - 
    insert 
    into
        ratings
        (created_at, helpful_count, is_verified, rating_score, restaurant_id, review_text, updated_at, user_id, id) 
    values
        (?, ?, ?, ?, ?, ?, ?, ?, ?)
Hibernate: 
    insert 
    into
        ratings
        (created_at, helpful_count, is_verified, rating_score, restaurant_id, review_text, updated_at, user_id, id) 
    values
        (?, ?, ?, ?, ?, ?, ?, ?, ?)
2025-07-03 23:42:48.334 [main] INFO  com.myapp.review.RatingRepository - Created new rating: Rating{id=339, userId=1, restaurantId=2, ratingScore=4, hasReview=true, isVerified=false, helpfulCount=0, createdAt=2025-07-03T23:42:48.334362802}
2025-07-03 23:42:48.334 [main] DEBUG org.hibernate.SQL - 
    insert 
    into
        ratings
        (created_at, helpful_count, is_verified, rating_score, restaurant_id, review_text, updated_at, user_id, id) 
    values
        (?, ?, ?, ?, ?, ?, ?, ?, ?)
Hibernate: 
    insert 
    into
        ratings
        (created_at, helpful_count, is_verified, rating_score, restaurant_id, review_text, updated_at, user_id, id) 
    values
        (?, ?, ?, ?, ?, ?, ?, ?, ?)
2025-07-03 23:42:48.336 [main] INFO  com.myapp.review.RatingRepository - Created new rating: Rating{id=340, userId=1, restaurantId=2, ratingScore=4, hasReview=true, isVerified=false, helpfulCount=0, createdAt=2025-07-03T23:42:48.336573169}
2025-07-03 23:42:48.336 [main] DEBUG org.hibernate.SQL - 
    insert 
    into
        ratings
        (created_at, helpful_count, is_verified, rating_score, restaurant_id, review_text, updated_at, user_id, id) 
    values
        (?, ?, ?, ?, ?, ?, ?, ?, ?)
Hibernate: 
    insert 
    into
        ratings
        (created_at, helpful_count, is_verified, rating_score, restaurant_id, review_text, updated_at, user_id, id) 
    values
        (?, ?, ?, ?, ?, ?, ?, ?, ?)
2025-07-03 23:42:48.338 [main] INFO  com.myapp.review.RatingRepository - Created new rating: Rating{id=341, userId=1, restaurantId=2, ratingScore=4, hasReview=true, isVerified=false, helpfulCount=0, createdAt=2025-07-03T23:42:48.338718095}
2025-07-03 23:42:48.338 [main] DEBUG org.hibernate.SQL - 
    insert 
    into
        ratings
        (created_at, helpful_count, is_verified, rating_score, restaurant_id, review_text, updated_at, user_id, id) 
    values
        (?, ?, ?, ?, ?, ?, ?, ?, ?)
Hibernate: 
    insert 
    into
        ratings
        (created_at, helpful_count, is_verified, rating_score, restaurant_id, review_text, updated_at, user_id, id) 
    values
        (?, ?, ?, ?, ?, ?, ?, ?, ?)
2025-07-03 23:42:48.343 [main] INFO  com.myapp.review.RatingRepository - Created new rating: Rating{id=342, userId=1, restaurantId=2, ratingScore=4, hasReview=true, isVerified=false, helpfulCount=0, createdAt=2025-07-03T23:42:48.343399861}
2025-07-03 23:42:48.343 [main] DEBUG org.hibernate.SQL - 
    insert 
    into
        ratings
        (created_at, helpful_count, is_verified, rating_score, restaurant_id, review_text, updated_at, user_id, id) 
    values
        (?, ?, ?, ?, ?, ?, ?, ?, ?)
Hibernate: 
    insert 
    into
        ratings
        (created_at, helpful_count, is_verified, rating_score, restaurant_id, review_text, updated_at, user_id, id) 
    values
        (?, ?, ?, ?, ?, ?, ?, ?, ?)
2025-07-03 23:42:48.345 [main] INFO  com.myapp.review.RatingRepository - Created new rating: Rating{id=343, userId=1, restaurantId=2, ratingScore=4, hasReview=true, isVerified=false, helpfulCount=0, createdAt=2025-07-03T23:42:48.345643649}
2025-07-03 23:42:48.345 [main] DEBUG org.hibernate.SQL - 
    insert 
    into
        ratings
        (created_at, helpful_count, is_verified, rating_score, restaurant_id, review_text, updated_at, user_id, id) 
    values
        (?, ?, ?, ?, ?, ?, ?, ?, ?)
Hibernate: 
    insert 
    into
        ratings
        (created_at, helpful_count, is_verified, rating_score, restaurant_id, review_text, updated_at, user_id, id) 
    values
        (?, ?, ?, ?, ?, ?, ?, ?, ?)
2025-07-03 23:42:48.347 [main] INFO  com.myapp.review.RatingRepository - Created new rating: Rating{id=344, userId=1, restaurantId=2, ratingScore=4, hasReview=true, isVerified=false, helpfulCount=0, createdAt=2025-07-03T23:42:48.347840865}
2025-07-03 23:42:48.347 [main] DEBUG org.hibernate.SQL - 
    insert 
    into
        ratings
        (created_at, helpful_count, is_verified, rating_score, restaurant_id, review_text, updated_at, user_id, id) 
    values
        (?, ?, ?, ?, ?, ?, ?, ?, ?)
Hibernate: 
    insert 
    into
        ratings
        (created_at, helpful_count, is_verified, rating_score, restaurant_id, review_text, updated_at, user_id, id) 
    values
        (?, ?, ?, ?, ?, ?, ?, ?, ?)
2025-07-03 23:42:48.350 [main] INFO  com.myapp.review.RatingRepository - Created new rating: Rating{id=345, userId=1, restaurantId=2, ratingScore=4, hasReview=true, isVerified=false, helpfulCount=0, createdAt=2025-07-03T23:42:48.350176053}
2025-07-03 23:42:48.350 [main] DEBUG org.hibernate.SQL - 
    insert 
    into
        ratings
        (created_at, helpful_count, is_verified, rating_score, restaurant_id, review_text, updated_at, user_id, id) 
    values
        (?, ?, ?, ?, ?, ?, ?, ?, ?)
Hibernate: 
    insert 
    into
        ratings
        (created_at, helpful_count, is_verified, rating_score, restaurant_id, review_text, updated_at, user_id, id) 
    values
        (?, ?, ?, ?, ?, ?, ?, ?, ?)
2025-07-03 23:42:48.352 [main] INFO  com.myapp.review.RatingRepository - Created new rating: Rating{id=346, userId=1, restaurantId=2, ratingScore=4, hasReview=true, isVerified=false, helpfulCount=0, createdAt=2025-07-03T23:42:48.352333590}
2025-07-03 23:42:48.352 [main] DEBUG org.hibernate.SQL - 
    insert 
    into
        ratings
        (created_at, helpful_count, is_verified, rating_score, restaurant_id, review_text, updated_at, user_id, id) 
    values
        (?, ?, ?, ?, ?, ?, ?, ?, ?)
Hibernate: 
    insert 
    into
        ratings
        (created_at, helpful_count, is_verified, rating_score, restaurant_id, review_text, updated_at, user_id, id) 
    values
        (?, ?, ?, ?, ?, ?, ?, ?, ?)
2025-07-03 23:42:48.354 [main] INFO  com.myapp.review.RatingRepository - Created new rating: Rating{id=347, userId=1, restaurantId=2, ratingScore=4, hasReview=true, isVerified=false, helpfulCount=0, createdAt=2025-07-03T23:42:48.354493067}
2025-07-03 23:42:48.354 [main] DEBUG org.hibernate.SQL - 
    insert 
    into
        ratings
        (created_at, helpful_count, is_verified, rating_score, restaurant_id, review_text, updated_at, user_id, id) 
    values
        (?, ?, ?, ?, ?, ?, ?, ?, ?)
Hibernate: 
    insert 
    into
        ratings
        (created_at, helpful_count, is_verified, rating_score, restaurant_id, review_text, updated_at, user_id, id) 
    values
        (?, ?, ?, ?, ?, ?, ?, ?, ?)
2025-07-03 23:42:48.356 [main] INFO  com.myapp.review.RatingRepository - Created new rating: Rating{id=348, userId=1, restaurantId=2, ratingScore=4, hasReview=true, isVerified=false, helpfulCount=0, createdAt=2025-07-03T23:42:48.356584443}
2025-07-03 23:42:48.356 [main] DEBUG org.hibernate.SQL - 
    insert 
    into
        ratings
        (created_at, helpful_count, is_verified, rating_score, restaurant_id, review_text, updated_at, user_id, id) 
    values
        (?, ?, ?, ?, ?, ?, ?, ?, ?)
Hibernate: 
    insert 
    into
        ratings
        (created_at, helpful_count, is_verified, rating_score, restaurant_id, review_text, updated_at, user_id, id) 
    values
        (?, ?, ?, ?, ?, ?, ?, ?, ?)
2025-07-03 23:42:48.358 [main] INFO  com.myapp.review.RatingRepository - Created new rating: Rating{id=349, userId=1, restaurantId=2, ratingScore=4, hasReview=true, isVerified=false, helpfulCount=0, createdAt=2025-07-03T23:42:48.358851610}
2025-07-03 23:42:48.358 [main] DEBUG org.hibernate.SQL - 
    insert 
    into
        ratings
        (created_at, helpful_count, is_verified, rating_score, restaurant_id, review_text, updated_at, user_id, id) 
    values
        (?, ?, ?, ?, ?, ?, ?, ?, ?)
Hibernate: 
    insert 
    into
        ratings
        (created_at, helpful_count, is_verified, rating_score, restaurant_id, review_text, updated_at, user_id, id) 
    values
        (?, ?, ?, ?, ?, ?, ?, ?, ?)
2025-07-03 23:42:48.361 [main] INFO  com.myapp.review.RatingRepository - Created new rating: Rating{id=350, userId=1, restaurantId=2, ratingScore=4, hasReview=true, isVerified=false, helpfulCount=0, createdAt=2025-07-03T23:42:48.361019507}
2025-07-03 23:42:48.361 [main] DEBUG org.hibernate.SQL - 
    insert 
    into
        ratings
        (created_at, helpful_count, is_verified, rating_score, restaurant_id, review_text, updated_at, user_id, id) 
    values
        (?, ?, ?, ?, ?, ?, ?, ?, ?)
Hibernate: 
    insert 
    into
        ratings
        (created_at, helpful_count, is_verified, rating_score, restaurant_id, review_text, updated_at, user_id, id) 
    values
        (?, ?, ?, ?, ?, ?, ?, ?, ?)
2025-07-03 23:42:48.363 [main] INFO  com.myapp.review.RatingRepository - Created new rating: Rating{id=351, userId=1, restaurantId=2, ratingScore=4, hasReview=true, isVerified=false, helpfulCount=0, createdAt=2025-07-03T23:42:48.363175804}
2025-07-03 23:42:48.363 [main] DEBUG org.hibernate.SQL - 
    insert 
    into
        ratings
        (created_at, helpful_count, is_verified, rating_score, restaurant_id, review_text, updated_at, user_id, id) 
    values
        (?, ?, ?, ?, ?, ?, ?, ?, ?)
Hibernate: 
    insert 
    into
        ratings
        (created_at, helpful_count, is_verified, rating_score, restaurant_id, review_text, updated_at, user_id, id) 
    values
        (?, ?, ?, ?, ?, ?, ?, ?, ?)
2025-07-03 23:42:48.365 [main] DEBUG org.hibernate.SQL - 
    select
        next_val as id_val 
    from
        ratings_SEQ
Hibernate: 
    select
        next_val as id_val 
    from
        ratings_SEQ
2025-07-03 23:42:48.365 [main] DEBUG org.hibernate.SQL - 
    update
        ratings_SEQ 
    set
        next_val= ? 
    where
        next_val=?
Hibernate: 
    update
        ratings_SEQ 
    set
        next_val= ? 
    where
        next_val=?
2025-07-03 23:42:48.367 [main] INFO  com.myapp.review.RatingRepository - Created new rating: Rating{id=352, userId=1, restaurantId=2, ratingScore=4, hasReview=true, isVerified=false, helpfulCount=0, createdAt=2025-07-03T23:42:48.365380581}
2025-07-03 23:42:48.367 [main] DEBUG org.hibernate.SQL - 
    insert 
    into
        ratings
        (created_at, helpful_count, is_verified, rating_score, restaurant_id, review_text, updated_at, user_id, id) 
    values
        (?, ?, ?, ?, ?, ?, ?, ?, ?)
Hibernate: 
    insert 
    into
        ratings
        (created_at, helpful_count, is_verified, rating_score, restaurant_id, review_text, updated_at, user_id, id) 
    values
        (?, ?, ?, ?, ?, ?, ?, ?, ?)
2025-07-03 23:42:48.369 [main] INFO  com.myapp.review.RatingRepository - Created new rating: Rating{id=353, userId=1, restaurantId=2, ratingScore=4, hasReview=true, isVerified=false, helpfulCount=0, createdAt=2025-07-03T23:42:48.369628303}
2025-07-03 23:42:48.369 [main] DEBUG org.hibernate.SQL - 
    insert 
    into
        ratings
        (created_at, helpful_count, is_verified, rating_score, restaurant_id, review_text, updated_at, user_id, id) 
    values
        (?, ?, ?, ?, ?, ?, ?, ?, ?)
Hibernate: 
    insert 
    into
        ratings
        (created_at, helpful_count, is_verified, rating_score, restaurant_id, review_text, updated_at, user_id, id) 
    values
        (?, ?, ?, ?, ?, ?, ?, ?, ?)
2025-07-03 23:42:48.371 [main] INFO  com.myapp.review.RatingRepository - Created new rating: Rating{id=354, userId=1, restaurantId=2, ratingScore=4, hasReview=true, isVerified=false, helpfulCount=0, createdAt=2025-07-03T23:42:48.371846}
2025-07-03 23:42:48.371 [main] DEBUG org.hibernate.SQL - 
    insert 
    into
        ratings
        (created_at, helpful_count, is_verified, rating_score, restaurant_id, review_text, updated_at, user_id, id) 
    values
        (?, ?, ?, ?, ?, ?, ?, ?, ?)
Hibernate: 
    insert 
    into
        ratings
        (created_at, helpful_count, is_verified, rating_score, restaurant_id, review_text, updated_at, user_id, id) 
    values
        (?, ?, ?, ?, ?, ?, ?, ?, ?)
2025-07-03 23:42:48.374 [main] INFO  com.myapp.review.RatingRepository - Created new rating: Rating{id=355, userId=1, restaurantId=2, ratingScore=4, hasReview=true, isVerified=false, helpfulCount=0, createdAt=2025-07-03T23:42:48.374132368}
2025-07-03 23:42:48.374 [main] DEBUG org.hibernate.SQL - 
    insert 
    into
        ratings
        (created_at, helpful_count, is_verified, rating_score, restaurant_id, review_text, updated_at, user_id, id) 
    values
        (?, ?, ?, ?, ?, ?, ?, ?, ?)
Hibernate: 
    insert 
    into
        ratings
        (created_at, helpful_count, is_verified, rating_score, restaurant_id, review_text, updated_at, user_id, id) 
    values
        (?, ?, ?, ?, ?, ?, ?, ?, ?)
2025-07-03 23:42:48.376 [main] INFO  com.myapp.review.RatingRepository - Created new rating: Rating{id=356, userId=1, restaurantId=2, ratingScore=4, hasReview=true, isVerified=false, helpfulCount=0, createdAt=2025-07-03T23:42:48.376213214}
2025-07-03 23:42:48.376 [main] DEBUG org.hibernate.SQL - 
    insert 
    into
        ratings
        (created_at, helpful_count, is_verified, rating_score, restaurant_id, review_text, updated_at, user_id, id) 
    values
        (?, ?, ?, ?, ?, ?, ?, ?, ?)
Hibernate: 
    insert 
    into
        ratings
        (created_at, helpful_count, is_verified, rating_score, restaurant_id, review_text, updated_at, user_id, id) 
    values
        (?, ?, ?, ?, ?, ?, ?, ?, ?)
2025-07-03 23:42:48.378 [main] INFO  com.myapp.review.RatingRepository - Created new rating: Rating{id=357, userId=1, restaurantId=2, ratingScore=4, hasReview=true, isVerified=false, helpfulCount=0, createdAt=2025-07-03T23:42:48.378297330}
2025-07-03 23:42:48.378 [main] DEBUG org.hibernate.SQL - 
    insert 
    into
        ratings
        (created_at, helpful_count, is_verified, rating_score, restaurant_id, review_text, updated_at, user_id, id) 
    values
        (?, ?, ?, ?, ?, ?, ?, ?, ?)
Hibernate: 
    insert 
    into
        ratings
        (created_at, helpful_count, is_verified, rating_score, restaurant_id, review_text, updated_at, user_id, id) 
    values
        (?, ?, ?, ?, ?, ?, ?, ?, ?)
2025-07-03 23:42:48.380 [main] INFO  com.myapp.review.RatingRepository - Created new rating: Rating{id=358, userId=1, restaurantId=2, ratingScore=4, hasReview=true, isVerified=false, helpfulCount=0, createdAt=2025-07-03T23:42:48.380369276}
2025-07-03 23:42:48.380 [main] DEBUG org.hibernate.SQL - 
    insert 
    into
        ratings
        (created_at, helpful_count, is_verified, rating_score, restaurant_id, review_text, updated_at, user_id, id) 
    values
        (?, ?, ?, ?, ?, ?, ?, ?, ?)
Hibernate: 
    insert 
    into
        ratings
        (created_at, helpful_count, is_verified, rating_score, restaurant_id, review_text, updated_at, user_id, id) 
    values
        (?, ?, ?, ?, ?, ?, ?, ?, ?)
2025-07-03 23:42:48.382 [main] INFO  com.myapp.review.RatingRepository - Created new rating: Rating{id=359, userId=1, restaurantId=2, ratingScore=4, hasReview=true, isVerified=false, helpfulCount=0, createdAt=2025-07-03T23:42:48.382490522}
2025-07-03 23:42:48.382 [main] DEBUG org.hibernate.SQL - 
    insert 
    into
        ratings
        (created_at, helpful_count, is_verified, rating_score, restaurant_id, review_text, updated_at, user_id, id) 
    values
        (?, ?, ?, ?, ?, ?, ?, ?, ?)
Hibernate: 
    insert 
    into
        ratings
        (created_at, helpful_count, is_verified, rating_score, restaurant_id, review_text, updated_at, user_id, id) 
    values
        (?, ?, ?, ?, ?, ?, ?, ?, ?)
2025-07-03 23:42:48.384 [main] INFO  com.myapp.review.RatingRepository - Created new rating: Rating{id=360, userId=1, restaurantId=2, ratingScore=4, hasReview=true, isVerified=false, helpfulCount=0, createdAt=2025-07-03T23:42:48.384812550}
2025-07-03 23:42:48.384 [main] DEBUG org.hibernate.SQL - 
    insert 
    into
        ratings
        (created_at, helpful_count, is_verified, rating_score, restaurant_id, review_text, updated_at, user_id, id) 
    values
        (?, ?, ?, ?, ?, ?, ?, ?, ?)
Hibernate: 
    insert 
    into
        ratings
        (created_at, helpful_count, is_verified, rating_score, restaurant_id, review_text, updated_at, user_id, id) 
    values
        (?, ?, ?, ?, ?, ?, ?, ?, ?)
2025-07-03 23:42:48.386 [main] INFO  com.myapp.review.RatingRepository - Created new rating: Rating{id=361, userId=1, restaurantId=2, ratingScore=4, hasReview=true, isVerified=false, helpfulCount=0, createdAt=2025-07-03T23:42:48.386950587}
2025-07-03 23:42:48.387 [main] DEBUG org.hibernate.SQL - 
    insert 
    into
        ratings
        (created_at, helpful_count, is_verified, rating_score, restaurant_id, review_text, updated_at, user_id, id) 
    values
        (?, ?, ?, ?, ?, ?, ?, ?, ?)
Hibernate: 
    insert 
    into
        ratings
        (created_at, helpful_count, is_verified, rating_score, restaurant_id, review_text, updated_at, user_id, id) 
    values
        (?, ?, ?, ?, ?, ?, ?, ?, ?)
2025-07-03 23:42:48.389 [main] INFO  com.myapp.review.RatingRepository - Created new rating: Rating{id=362, userId=1, restaurantId=2, ratingScore=4, hasReview=true, isVerified=false, helpfulCount=0, createdAt=2025-07-03T23:42:48.389098083}
2025-07-03 23:42:48.389 [main] DEBUG org.hibernate.SQL - 
    insert 
    into
        ratings
        (created_at, helpful_count, is_verified, rating_score, restaurant_id, review_text, updated_at, user_id, id) 
    values
        (?, ?, ?, ?, ?, ?, ?, ?, ?)
Hibernate: 
    insert 
    into
        ratings
        (created_at, helpful_count, is_verified, rating_score, restaurant_id, review_text, updated_at, user_id, id) 
    values
        (?, ?, ?, ?, ?, ?, ?, ?, ?)
2025-07-03 23:42:48.391 [main] INFO  com.myapp.review.RatingRepository - Created new rating: Rating{id=363, userId=1, restaurantId=2, ratingScore=4, hasReview=true, isVerified=false, helpfulCount=0, createdAt=2025-07-03T23:42:48.391412131}
2025-07-03 23:42:48.391 [main] DEBUG org.hibernate.SQL - 
    insert 
    into
        ratings
        (created_at, helpful_count, is_verified, rating_score, restaurant_id, review_text, updated_at, user_id, id) 
    values
        (?, ?, ?, ?, ?, ?, ?, ?, ?)
Hibernate: 
    insert 
    into
        ratings
        (created_at, helpful_count, is_verified, rating_score, restaurant_id, review_text, updated_at, user_id, id) 
    values
        (?, ?, ?, ?, ?, ?, ?, ?, ?)
2025-07-03 23:42:48.393 [main] INFO  com.myapp.review.RatingRepository - Created new rating: Rating{id=364, userId=1, restaurantId=2, ratingScore=4, hasReview=true, isVerified=false, helpfulCount=0, createdAt=2025-07-03T23:42:48.393594008}
2025-07-03 23:42:48.393 [main] DEBUG org.hibernate.SQL - 
    insert 
    into
        ratings
        (created_at, helpful_count, is_verified, rating_score, restaurant_id, review_text, updated_at, user_id, id) 
    values
        (?, ?, ?, ?, ?, ?, ?, ?, ?)
Hibernate: 
    insert 
    into
        ratings
        (created_at, helpful_count, is_verified, rating_score, restaurant_id, review_text, updated_at, user_id, id) 
    values
        (?, ?, ?, ?, ?, ?, ?, ?, ?)
2025-07-03 23:42:48.395 [main] INFO  com.myapp.review.RatingRepository - Created new rating: Rating{id=365, userId=1, restaurantId=2, ratingScore=4, hasReview=true, isVerified=false, helpfulCount=0, createdAt=2025-07-03T23:42:48.395752075}
2025-07-03 23:42:48.396 [main] DEBUG org.hibernate.SQL - 
    insert 
    into
        ratings
        (created_at, helpful_count, is_verified, rating_score, restaurant_id, review_text, updated_at, user_id, id) 
    values
        (?, ?, ?, ?, ?, ?, ?, ?, ?)
Hibernate: 
    insert 
    into
        ratings
        (created_at, helpful_count, is_verified, rating_score, restaurant_id, review_text, updated_at, user_id, id) 
    values
        (?, ?, ?, ?, ?, ?, ?, ?, ?)
2025-07-03 23:42:48.398 [main] INFO  com.myapp.review.RatingRepository - Created new rating: Rating{id=366, userId=1, restaurantId=2, ratingScore=4, hasReview=true, isVerified=false, helpfulCount=0, createdAt=2025-07-03T23:42:48.398330904}
2025-07-03 23:42:48.398 [main] DEBUG org.hibernate.SQL - 
    insert 
    into
        ratings
        (created_at, helpful_count, is_verified, rating_score, restaurant_id, review_text, updated_at, user_id, id) 
    values
        (?, ?, ?, ?, ?, ?, ?, ?, ?)
Hibernate: 
    insert 
    into
        ratings
        (created_at, helpful_count, is_verified, rating_score, restaurant_id, review_text, updated_at, user_id, id) 
    values
        (?, ?, ?, ?, ?, ?, ?, ?, ?)
2025-07-03 23:42:48.400 [main] INFO  com.myapp.review.RatingRepository - Created new rating: Rating{id=367, userId=1, restaurantId=2, ratingScore=4, hasReview=true, isVerified=false, helpfulCount=0, createdAt=2025-07-03T23:42:48.400466751}
2025-07-03 23:42:48.400 [main] DEBUG org.hibernate.SQL - 
    insert 
    into
        ratings
        (created_at, helpful_count, is_verified, rating_score, restaurant_id, review_text, updated_at, user_id, id) 
    values
        (?, ?, ?, ?, ?, ?, ?, ?, ?)
Hibernate: 
    insert 
    into
        ratings
        (created_at, helpful_count, is_verified, rating_score, restaurant_id, review_text, updated_at, user_id, id) 
    values
        (?, ?, ?, ?, ?, ?, ?, ?, ?)
2025-07-03 23:42:48.402 [main] INFO  com.myapp.review.RatingRepository - Created new rating: Rating{id=368, userId=1, restaurantId=2, ratingScore=4, hasReview=true, isVerified=false, helpfulCount=0, createdAt=2025-07-03T23:42:48.402801439}
2025-07-03 23:42:48.402 [main] DEBUG org.hibernate.SQL - 
    insert 
    into
        ratings
        (created_at, helpful_count, is_verified, rating_score, restaurant_id, review_text, updated_at, user_id, id) 
    values
        (?, ?, ?, ?, ?, ?, ?, ?, ?)
Hibernate: 
    insert 
    into
        ratings
        (created_at, helpful_count, is_verified, rating_score, restaurant_id, review_text, updated_at, user_id, id) 
    values
        (?, ?, ?, ?, ?, ?, ?, ?, ?)
2025-07-03 23:42:48.404 [main] INFO  com.myapp.review.RatingRepository - Created new rating: Rating{id=369, userId=1, restaurantId=2, ratingScore=4, hasReview=true, isVerified=false, helpfulCount=0, createdAt=2025-07-03T23:42:48.404936965}
2025-07-03 23:42:48.405 [main] DEBUG org.hibernate.SQL - 
    insert 
    into
        ratings
        (created_at, helpful_count, is_verified, rating_score, restaurant_id, review_text, updated_at, user_id, id) 
    values
        (?, ?, ?, ?, ?, ?, ?, ?, ?)
Hibernate: 
    insert 
    into
        ratings
        (created_at, helpful_count, is_verified, rating_score, restaurant_id, review_text, updated_at, user_id, id) 
    values
        (?, ?, ?, ?, ?, ?, ?, ?, ?)
2025-07-03 23:42:48.407 [main] INFO  com.myapp.review.RatingRepository - Created new rating: Rating{id=370, userId=1, restaurantId=2, ratingScore=4, hasReview=true, isVerified=false, helpfulCount=0, createdAt=2025-07-03T23:42:48.407050542}
2025-07-03 23:42:48.407 [main] DEBUG org.hibernate.SQL - 
    insert 
    into
        ratings
        (created_at, helpful_count, is_verified, rating_score, restaurant_id, review_text, updated_at, user_id, id) 
    values
        (?, ?, ?, ?, ?, ?, ?, ?, ?)
Hibernate: 
    insert 
    into
        ratings
        (created_at, helpful_count, is_verified, rating_score, restaurant_id, review_text, updated_at, user_id, id) 
    values
        (?, ?, ?, ?, ?, ?, ?, ?, ?)
2025-07-03 23:42:48.409 [main] INFO  com.myapp.review.RatingRepository - Created new rating: Rating{id=371, userId=1, restaurantId=2, ratingScore=4, hasReview=true, isVerified=false, helpfulCount=0, createdAt=2025-07-03T23:42:48.409213118}
2025-07-03 23:42:48.409 [main] DEBUG org.hibernate.SQL - 
    insert 
    into
        ratings
        (created_at, helpful_count, is_verified, rating_score, restaurant_id, review_text, updated_at, user_id, id) 
    values
        (?, ?, ?, ?, ?, ?, ?, ?, ?)
Hibernate: 
    insert 
    into
        ratings
        (created_at, helpful_count, is_verified, rating_score, restaurant_id, review_text, updated_at, user_id, id) 
    values
        (?, ?, ?, ?, ?, ?, ?, ?, ?)
2025-07-03 23:42:48.411 [main] INFO  com.myapp.review.RatingRepository - Created new rating: Rating{id=372, userId=1, restaurantId=2, ratingScore=4, hasReview=true, isVerified=false, helpfulCount=0, createdAt=2025-07-03T23:42:48.411379665}
2025-07-03 23:42:48.411 [main] DEBUG org.hibernate.SQL - 
    insert 
    into
        ratings
        (created_at, helpful_count, is_verified, rating_score, restaurant_id, review_text, updated_at, user_id, id) 
    values
        (?, ?, ?, ?, ?, ?, ?, ?, ?)
Hibernate: 
    insert 
    into
        ratings
        (created_at, helpful_count, is_verified, rating_score, restaurant_id, review_text, updated_at, user_id, id) 
    values
        (?, ?, ?, ?, ?, ?, ?, ?, ?)
2025-07-03 23:42:48.413 [main] INFO  com.myapp.review.RatingRepository - Created new rating: Rating{id=373, userId=1, restaurantId=2, ratingScore=4, hasReview=true, isVerified=false, helpfulCount=0, createdAt=2025-07-03T23:42:48.413549142}
2025-07-03 23:42:48.413 [main] DEBUG org.hibernate.SQL - 
    insert 
    into
        ratings
        (created_at, helpful_count, is_verified, rating_score, restaurant_id, review_text, updated_at, user_id, id) 
    values
        (?, ?, ?, ?, ?, ?, ?, ?, ?)
Hibernate: 
    insert 
    into
        ratings
        (created_at, helpful_count, is_verified, rating_score, restaurant_id, review_text, updated_at, user_id, id) 
    values
        (?, ?, ?, ?, ?, ?, ?, ?, ?)
2025-07-03 23:42:48.415 [main] INFO  com.myapp.review.RatingRepository - Created new rating: Rating{id=374, userId=1, restaurantId=2, ratingScore=4, hasReview=true, isVerified=false, helpfulCount=0, createdAt=2025-07-03T23:42:48.415704078}
2025-07-03 23:42:48.415 [main] DEBUG org.hibernate.SQL - 
    insert 
    into
        ratings
        (created_at, helpful_count, is_verified, rating_score, restaurant_id, review_text, updated_at, user_id, id) 
    values
        (?, ?, ?, ?, ?, ?, ?, ?, ?)
Hibernate: 
    insert 
    into
        ratings
        (created_at, helpful_count, is_verified, rating_score, restaurant_id, review_text, updated_at, user_id, id) 
    values
        (?, ?, ?, ?, ?, ?, ?, ?, ?)
2025-07-03 23:42:48.417 [main] INFO  com.myapp.review.RatingRepository - Created new rating: Rating{id=375, userId=1, restaurantId=2, ratingScore=4, hasReview=true, isVerified=false, helpfulCount=0, createdAt=2025-07-03T23:42:48.417798255}
2025-07-03 23:42:48.417 [main] DEBUG org.hibernate.SQL - 
    insert 
    into
        ratings
        (created_at, helpful_count, is_verified, rating_score, restaurant_id, review_text, updated_at, user_id, id) 
    values
        (?, ?, ?, ?, ?, ?, ?, ?, ?)
Hibernate: 
    insert 
    into
        ratings
        (created_at, helpful_count, is_verified, rating_score, restaurant_id, review_text, updated_at, user_id, id) 
    values
        (?, ?, ?, ?, ?, ?, ?, ?, ?)
2025-07-03 23:42:48.419 [main] INFO  com.myapp.review.RatingRepository - Created new rating: Rating{id=376, userId=1, restaurantId=2, ratingScore=4, hasReview=true, isVerified=false, helpfulCount=0, createdAt=2025-07-03T23:42:48.419893971}
2025-07-03 23:42:48.419 [main] DEBUG org.hibernate.SQL - 
    insert 
    into
        ratings
        (created_at, helpful_count, is_verified, rating_score, restaurant_id, review_text, updated_at, user_id, id) 
    values
        (?, ?, ?, ?, ?, ?, ?, ?, ?)
Hibernate: 
    insert 
    into
        ratings
        (created_at, helpful_count, is_verified, rating_score, restaurant_id, review_text, updated_at, user_id, id) 
    values
        (?, ?, ?, ?, ?, ?, ?, ?, ?)
2025-07-03 23:42:48.422 [main] INFO  com.myapp.review.RatingRepository - Created new rating: Rating{id=377, userId=1, restaurantId=2, ratingScore=4, hasReview=true, isVerified=false, helpfulCount=0, createdAt=2025-07-03T23:42:48.422057827}
2025-07-03 23:42:48.422 [main] DEBUG org.hibernate.SQL - 
    insert 
    into
        ratings
        (created_at, helpful_count, is_verified, rating_score, restaurant_id, review_text, updated_at, user_id, id) 
    values
        (?, ?, ?, ?, ?, ?, ?, ?, ?)
Hibernate: 
    insert 
    into
        ratings
        (created_at, helpful_count, is_verified, rating_score, restaurant_id, review_text, updated_at, user_id, id) 
    values
        (?, ?, ?, ?, ?, ?, ?, ?, ?)
2025-07-03 23:42:48.424 [main] INFO  com.myapp.review.RatingRepository - Created new rating: Rating{id=378, userId=1, restaurantId=2, ratingScore=4, hasReview=true, isVerified=false, helpfulCount=0, createdAt=2025-07-03T23:42:48.424184414}
2025-07-03 23:42:48.424 [main] DEBUG org.hibernate.SQL - 
    insert 
    into
        ratings
        (created_at, helpful_count, is_verified, rating_score, restaurant_id, review_text, updated_at, user_id, id) 
    values
        (?, ?, ?, ?, ?, ?, ?, ?, ?)
Hibernate: 
    insert 
    into
        ratings
        (created_at, helpful_count, is_verified, rating_score, restaurant_id, review_text, updated_at, user_id, id) 
    values
        (?, ?, ?, ?, ?, ?, ?, ?, ?)
]]></system-out>
  </testcase>
</testsuite>