<?xml version="1.0" encoding="UTF-8"?>
<testsuite xmlns:xsi="http://www.w3.org/2001/XMLSchema-instance" xsi:noNamespaceSchemaLocation="https://maven.apache.org/surefire/maven-surefire-plugin/xsd/surefire-test-report-3.0.xsd" version="3.0" name="com.myapp.order.OrderControllerIntegrationTest$ConcurrentAccessTests" time="0.811" tests="2" errors="0" skipped="0" failures="0">
  <properties>
[...]
</properties>
  <testcase name="concurrentCartUpdates_MultipleThreads_ConsistentState" classname="com.myapp.order.OrderControllerIntegrationTest$ConcurrentAccessTests" time="0.369">
    <system-out><![CDATA[Hibernate: delete from notifications
Hibernate: delete from ratings
Hibernate: delete from order_items
Hibernate: delete from orders
Hibernate: delete from food_items
Hibernate: delete from restaurants
Hibernate: delete from users
🚀 شروع تست به‌روزرسانی همزمان سبد خرید
📋 آماده‌سازی داده‌های تست
🔨 شروع ایجاد کاربر تست با ایمیل: customer.concurrent@test.com
🔄 تلاش شماره 1 از 3 برای ذخیره کاربر
Hibernate: select u1_0.id,u1_0.address,u1_0.email,u1_0.full_name,u1_0.is_active,u1_0.password_hash,u1_0.phone,u1_0.role from users u1_0 where u1_0.phone=?
Hibernate: insert into users (address,email,full_name,is_active,password_hash,phone,role) values (?,?,?,?,?,?,?)
Hibernate: select last_insert_rowid()
✅ کاربر تست با موفقیت ذخیره شد - ID: 1, ایمیل: customer.concurrent@test.com
🏪 شروع ایجاد رستوران تست با نام: رستوران همزمان
🔨 شروع ایجاد کاربر تست با ایمیل: restaurant.owner.1751321359867@test.com
🔄 تلاش شماره 1 از 3 برای ذخیره کاربر
Hibernate: select u1_0.id,u1_0.address,u1_0.email,u1_0.full_name,u1_0.is_active,u1_0.password_hash,u1_0.phone,u1_0.role from users u1_0 where u1_0.phone=?
🔄 تولید داده‌های جدید کاربر - نام: کاربر تست - 60867, تلفن: +989010060867
🔄 تلاش شماره 2 از 3 برای ذخیره کاربر
Hibernate: select u1_0.id,u1_0.address,u1_0.email,u1_0.full_name,u1_0.is_active,u1_0.password_hash,u1_0.phone,u1_0.role from users u1_0 where u1_0.phone=?
Hibernate: insert into users (address,email,full_name,is_active,password_hash,phone,role) values (?,?,?,?,?,?,?)
Hibernate: select last_insert_rowid()
✅ کاربر تست با موفقیت ذخیره شد - ID: 2, ایمیل: restaurant.owner.1751321359867@test.com
👤 مالک رستوران ایجاد شد - ID: 2
💾 تلاش برای ذخیره رستوران در پایگاه داده...
🔄 تلاش شماره 1 از 3 برای ذخیره رستوران
Hibernate: insert into restaurants (address,name,owner_id,phone,status) values (?,?,?,?,?)
Hibernate: select last_insert_rowid()
✅ رستوران با موفقیت ذخیره شد - ID: 1
Hibernate: select r1_0.id,r1_0.address,r1_0.name,r1_0.owner_id,r1_0.phone,r1_0.status from restaurants r1_0 where r1_0.id=?
✅ تأیید: رستوران قابل بازیابی است
🍕 شروع ایجاد آیتم غذا تست: پیتزا همزمان - قیمت: 25.99
💾 تلاش برای ذخیره آیتم غذا در پایگاه داده...
🔄 تلاش شماره 1 از 3 برای ذخیره آیتم غذا
Hibernate: insert into food_items (available,category,description,image_url,keywords,name,price,quantity,restaurant_id) values (?,?,?,?,?,?,?,?,?)
Hibernate: select last_insert_rowid()
✅ آیتم غذا با موفقیت ذخیره شد - ID: 1
Hibernate: select fi1_0.id,fi1_0.available,fi1_0.category,fi1_0.description,fi1_0.image_url,fi1_0.keywords,fi1_0.name,fi1_0.price,fi1_0.quantity,fi1_0.restaurant_id from food_items fi1_0 where fi1_0.id=?
✅ تأیید: آیتم غذا قابل بازیابی است
Hibernate: select r1_0.id,r1_0.address,r1_0.name,r1_0.owner_id,r1_0.phone,r1_0.status from restaurants r1_0 where r1_0.id=?
Hibernate: insert into orders (actual_delivery_time,customer_id,delivery_address,estimated_delivery_time,notes,order_date,phone,restaurant_id,status,total_amount) values (?,?,?,?,?,?,?,?,?,?)
Hibernate: select last_insert_rowid()
✅ سفارش آماده برای تست همزمان - ID: 1
🔄 شبیه‌سازی 10 کاربر همزمان
🧵 Thread 1 در حال اضافه کردن آیتم
🧵 Thread 2 در حال اضافه کردن آیتم
🧵 Thread 3 در حال اضافه کردن آیتم
🧵 Thread 4 در حال اضافه کردن آیتم
🧵 Thread 5 در حال اضافه کردن آیتم
🧵 Thread 6 در حال اضافه کردن آیتم
Hibernate: select o1_0.id,o1_0.actual_delivery_time,o1_0.customer_id,o1_0.delivery_address,o1_0.estimated_delivery_time,o1_0.notes,o1_0.order_date,oi1_0.order_id,oi1_0.id,oi1_0.food_item_id,fi1_0.id,fi1_0.available,fi1_0.category,fi1_0.description,fi1_0.image_url,fi1_0.keywords,fi1_0.name,fi1_0.price,fi1_0.quantity,fi1_0.restaurant_id,oi1_0.price,oi1_0.quantity,o1_0.phone,o1_0.restaurant_id,o1_0.status,o1_0.total_amount from orders o1_0 left join order_items oi1_0 on o1_0.id=oi1_0.order_id left join food_items fi1_0 on fi1_0.id=oi1_0.food_item_id where o1_0.id=?
Hibernate: select o1_0.id,o1_0.actual_delivery_time,o1_0.customer_id,o1_0.delivery_address,o1_0.estimated_delivery_time,o1_0.notes,o1_0.order_date,oi1_0.order_id,oi1_0.id,oi1_0.food_item_id,fi1_0.id,fi1_0.available,fi1_0.category,fi1_0.description,fi1_0.image_url,fi1_0.keywords,fi1_0.name,fi1_0.price,fi1_0.quantity,fi1_0.restaurant_id,oi1_0.price,oi1_0.quantity,o1_0.phone,o1_0.restaurant_id,o1_0.status,o1_0.total_amount from orders o1_0 left join order_items oi1_0 on o1_0.id=oi1_0.order_id left join food_items fi1_0 on fi1_0.id=oi1_0.food_item_id where o1_0.id=?
Hibernate: select o1_0.id,o1_0.actual_delivery_time,o1_0.customer_id,o1_0.delivery_address,o1_0.estimated_delivery_time,o1_0.notes,o1_0.order_date,oi1_0.order_id,oi1_0.id,oi1_0.food_item_id,fi1_0.id,fi1_0.available,fi1_0.category,fi1_0.description,fi1_0.image_url,fi1_0.keywords,fi1_0.name,fi1_0.price,fi1_0.quantity,fi1_0.restaurant_id,oi1_0.price,oi1_0.quantity,o1_0.phone,o1_0.restaurant_id,o1_0.status,o1_0.total_amount from orders o1_0 left join order_items oi1_0 on o1_0.id=oi1_0.order_id left join food_items fi1_0 on fi1_0.id=oi1_0.food_item_id where o1_0.id=?
Hibernate: select o1_0.id,o1_0.actual_delivery_time,o1_0.customer_id,o1_0.delivery_address,o1_0.estimated_delivery_time,o1_0.notes,o1_0.order_date,oi1_0.order_id,oi1_0.id,oi1_0.food_item_id,fi1_0.id,fi1_0.available,fi1_0.category,fi1_0.description,fi1_0.image_url,fi1_0.keywords,fi1_0.name,fi1_0.price,fi1_0.quantity,fi1_0.restaurant_id,oi1_0.price,oi1_0.quantity,o1_0.phone,o1_0.restaurant_id,o1_0.status,o1_0.total_amount from orders o1_0 left join order_items oi1_0 on o1_0.id=oi1_0.order_id left join food_items fi1_0 on fi1_0.id=oi1_0.food_item_id where o1_0.id=?
Hibernate: select o1_0.id,o1_0.actual_delivery_time,o1_0.customer_id,o1_0.delivery_address,o1_0.estimated_delivery_time,o1_0.notes,o1_0.order_date,oi1_0.order_id,oi1_0.id,oi1_0.food_item_id,fi1_0.id,fi1_0.available,fi1_0.category,fi1_0.description,fi1_0.image_url,fi1_0.keywords,fi1_0.name,fi1_0.price,fi1_0.quantity,fi1_0.restaurant_id,oi1_0.price,oi1_0.quantity,o1_0.phone,o1_0.restaurant_id,o1_0.status,o1_0.total_amount from orders o1_0 left join order_items oi1_0 on o1_0.id=oi1_0.order_id left join food_items fi1_0 on fi1_0.id=oi1_0.food_item_id where o1_0.id=?
🧵 Thread 7 در حال اضافه کردن آیتم
Hibernate: select o1_0.id,o1_0.actual_delivery_time,o1_0.customer_id,o1_0.delivery_address,o1_0.estimated_delivery_time,o1_0.notes,o1_0.order_date,oi1_0.order_id,oi1_0.id,oi1_0.food_item_id,fi1_0.id,fi1_0.available,fi1_0.category,fi1_0.description,fi1_0.image_url,fi1_0.keywords,fi1_0.name,fi1_0.price,fi1_0.quantity,fi1_0.restaurant_id,oi1_0.price,oi1_0.quantity,o1_0.phone,o1_0.restaurant_id,o1_0.status,o1_0.total_amount from orders o1_0 left join order_items oi1_0 on o1_0.id=oi1_0.order_id left join food_items fi1_0 on fi1_0.id=oi1_0.food_item_id where o1_0.id=?
Hibernate: select o1_0.id,o1_0.actual_delivery_time,o1_0.customer_id,o1_0.delivery_address,o1_0.estimated_delivery_time,o1_0.notes,o1_0.order_date,oi1_0.order_id,oi1_0.id,oi1_0.food_item_id,fi1_0.id,fi1_0.available,fi1_0.category,fi1_0.description,fi1_0.image_url,fi1_0.keywords,fi1_0.name,fi1_0.price,fi1_0.quantity,fi1_0.restaurant_id,oi1_0.price,oi1_0.quantity,o1_0.phone,o1_0.restaurant_id,o1_0.status,o1_0.total_amount from orders o1_0 left join order_items oi1_0 on o1_0.id=oi1_0.order_id left join food_items fi1_0 on fi1_0.id=oi1_0.food_item_id where o1_0.id=?
🧵 Thread 8 در حال اضافه کردن آیتم
🧵 Thread 9 در حال اضافه کردن آیتم
Hibernate: select o1_0.id,o1_0.actual_delivery_time,o1_0.customer_id,o1_0.delivery_address,o1_0.estimated_delivery_time,o1_0.notes,o1_0.order_date,oi1_0.order_id,oi1_0.id,oi1_0.food_item_id,fi1_0.id,fi1_0.available,fi1_0.category,fi1_0.description,fi1_0.image_url,fi1_0.keywords,fi1_0.name,fi1_0.price,fi1_0.quantity,fi1_0.restaurant_id,oi1_0.price,oi1_0.quantity,o1_0.phone,o1_0.restaurant_id,o1_0.status,o1_0.total_amount from orders o1_0 left join order_items oi1_0 on o1_0.id=oi1_0.order_id left join food_items fi1_0 on fi1_0.id=oi1_0.food_item_id where o1_0.id=?
🧵 Thread 10 در حال اضافه کردن آیتم
Hibernate: select o1_0.id,o1_0.actual_delivery_time,o1_0.customer_id,o1_0.delivery_address,o1_0.estimated_delivery_time,o1_0.notes,o1_0.order_date,oi1_0.order_id,oi1_0.id,oi1_0.food_item_id,fi1_0.id,fi1_0.available,fi1_0.category,fi1_0.description,fi1_0.image_url,fi1_0.keywords,fi1_0.name,fi1_0.price,fi1_0.quantity,fi1_0.restaurant_id,oi1_0.price,oi1_0.quantity,o1_0.phone,o1_0.restaurant_id,o1_0.status,o1_0.total_amount from orders o1_0 left join order_items oi1_0 on o1_0.id=oi1_0.order_id left join food_items fi1_0 on fi1_0.id=oi1_0.food_item_id where o1_0.id=?
Hibernate: select o1_0.id,o1_0.actual_delivery_time,o1_0.customer_id,o1_0.delivery_address,o1_0.estimated_delivery_time,o1_0.notes,o1_0.order_date,oi1_0.order_id,oi1_0.id,oi1_0.food_item_id,fi1_0.id,fi1_0.available,fi1_0.category,fi1_0.description,fi1_0.image_url,fi1_0.keywords,fi1_0.name,fi1_0.price,fi1_0.quantity,fi1_0.restaurant_id,oi1_0.price,oi1_0.quantity,o1_0.phone,o1_0.restaurant_id,o1_0.status,o1_0.total_amount from orders o1_0 left join order_items oi1_0 on o1_0.id=oi1_0.order_id left join food_items fi1_0 on fi1_0.id=oi1_0.food_item_id where o1_0.id=?
Hibernate: select fi1_0.id,fi1_0.available,fi1_0.category,fi1_0.description,fi1_0.image_url,fi1_0.keywords,fi1_0.name,fi1_0.price,fi1_0.quantity,fi1_0.restaurant_id from food_items fi1_0 where fi1_0.id=?
Hibernate: select fi1_0.id,fi1_0.available,fi1_0.category,fi1_0.description,fi1_0.image_url,fi1_0.keywords,fi1_0.name,fi1_0.price,fi1_0.quantity,fi1_0.restaurant_id from food_items fi1_0 where fi1_0.id=?
Hibernate: select fi1_0.id,fi1_0.available,fi1_0.category,fi1_0.description,fi1_0.image_url,fi1_0.keywords,fi1_0.name,fi1_0.price,fi1_0.quantity,fi1_0.restaurant_id from food_items fi1_0 where fi1_0.id=?
Hibernate: select fi1_0.id,fi1_0.available,fi1_0.category,fi1_0.description,fi1_0.image_url,fi1_0.keywords,fi1_0.name,fi1_0.price,fi1_0.quantity,fi1_0.restaurant_id from food_items fi1_0 where fi1_0.id=?
Hibernate: select fi1_0.id,fi1_0.available,fi1_0.category,fi1_0.description,fi1_0.image_url,fi1_0.keywords,fi1_0.name,fi1_0.price,fi1_0.quantity,fi1_0.restaurant_id from food_items fi1_0 where fi1_0.id=?
Hibernate: select o1_0.id,o1_0.actual_delivery_time,o1_0.customer_id,o1_0.delivery_address,o1_0.estimated_delivery_time,o1_0.notes,o1_0.order_date,o1_0.phone,o1_0.restaurant_id,o1_0.status,o1_0.total_amount,oi1_0.order_id,oi1_0.id,oi1_0.food_item_id,oi1_0.price,oi1_0.quantity from orders o1_0 left join order_items oi1_0 on o1_0.id=oi1_0.order_id where o1_0.id=?
Hibernate: select o1_0.id,o1_0.actual_delivery_time,o1_0.customer_id,o1_0.delivery_address,o1_0.estimated_delivery_time,o1_0.notes,o1_0.order_date,o1_0.phone,o1_0.restaurant_id,o1_0.status,o1_0.total_amount,oi1_0.order_id,oi1_0.id,oi1_0.food_item_id,oi1_0.price,oi1_0.quantity from orders o1_0 left join order_items oi1_0 on o1_0.id=oi1_0.order_id where o1_0.id=?
Hibernate: select o1_0.id,o1_0.actual_delivery_time,o1_0.customer_id,o1_0.delivery_address,o1_0.estimated_delivery_time,o1_0.notes,o1_0.order_date,o1_0.phone,o1_0.restaurant_id,o1_0.status,o1_0.total_amount,oi1_0.order_id,oi1_0.id,oi1_0.food_item_id,oi1_0.price,oi1_0.quantity from orders o1_0 left join order_items oi1_0 on o1_0.id=oi1_0.order_id where o1_0.id=?
Hibernate: select o1_0.id,o1_0.actual_delivery_time,o1_0.customer_id,o1_0.delivery_address,o1_0.estimated_delivery_time,o1_0.notes,o1_0.order_date,o1_0.phone,o1_0.restaurant_id,o1_0.status,o1_0.total_amount,oi1_0.order_id,oi1_0.id,oi1_0.food_item_id,oi1_0.price,oi1_0.quantity from orders o1_0 left join order_items oi1_0 on o1_0.id=oi1_0.order_id where o1_0.id=?
Hibernate: select o1_0.id,o1_0.actual_delivery_time,o1_0.customer_id,o1_0.delivery_address,o1_0.estimated_delivery_time,o1_0.notes,o1_0.order_date,o1_0.phone,o1_0.restaurant_id,o1_0.status,o1_0.total_amount,oi1_0.order_id,oi1_0.id,oi1_0.food_item_id,oi1_0.price,oi1_0.quantity from orders o1_0 left join order_items oi1_0 on o1_0.id=oi1_0.order_id where o1_0.id=?
Hibernate: insert into order_items (food_item_id,order_id,price,quantity) values (?,?,?,?)
Hibernate: insert into order_items (food_item_id,order_id,price,quantity) values (?,?,?,?)
Hibernate: insert into order_items (food_item_id,order_id,price,quantity) values (?,?,?,?)
Hibernate: insert into order_items (food_item_id,order_id,price,quantity) values (?,?,?,?)
Hibernate: insert into order_items (food_item_id,order_id,price,quantity) values (?,?,?,?)
Hibernate: select fi1_0.id,fi1_0.available,fi1_0.category,fi1_0.description,fi1_0.image_url,fi1_0.keywords,fi1_0.name,fi1_0.price,fi1_0.quantity,fi1_0.restaurant_id from food_items fi1_0 where fi1_0.id=?
Hibernate: select last_insert_rowid()
Hibernate: select o1_0.id,o1_0.actual_delivery_time,o1_0.customer_id,o1_0.delivery_address,o1_0.estimated_delivery_time,o1_0.notes,o1_0.order_date,o1_0.phone,o1_0.restaurant_id,o1_0.status,o1_0.total_amount,oi1_0.order_id,oi1_0.id,oi1_0.food_item_id,oi1_0.price,oi1_0.quantity from orders o1_0 left join order_items oi1_0 on o1_0.id=oi1_0.order_id where o1_0.id=?
Hibernate: select fi1_0.id,fi1_0.available,fi1_0.category,fi1_0.description,fi1_0.image_url,fi1_0.keywords,fi1_0.name,fi1_0.price,fi1_0.quantity,fi1_0.restaurant_id from food_items fi1_0 where fi1_0.id=?
Hibernate: insert into order_items (food_item_id,order_id,price,quantity) values (?,?,?,?)
Hibernate: update orders set actual_delivery_time=?,customer_id=?,delivery_address=?,estimated_delivery_time=?,notes=?,order_date=?,phone=?,restaurant_id=?,status=?,total_amount=? where id=?
Hibernate: select o1_0.id,o1_0.actual_delivery_time,o1_0.customer_id,o1_0.delivery_address,o1_0.estimated_delivery_time,o1_0.notes,o1_0.order_date,o1_0.phone,o1_0.restaurant_id,o1_0.status,o1_0.total_amount,oi1_0.order_id,oi1_0.id,oi1_0.food_item_id,oi1_0.price,oi1_0.quantity from orders o1_0 left join order_items oi1_0 on o1_0.id=oi1_0.order_id where o1_0.id=?
Hibernate: insert into order_items (food_item_id,order_id,price,quantity) values (?,?,?,?)
✅ Thread 3 موفق بود
❌ Thread 6 ناموفق: org.hibernate.exception.LockAcquisitionException: could not execute statement [[SQLITE_BUSY] The database file is locked (database is locked)] [insert into order_items (food_item_id,order_id,price,quantity) values (?,?,?,?)]
❌ Thread 5 ناموفق: org.hibernate.exception.LockAcquisitionException: could not execute statement [[SQLITE_BUSY] The database file is locked (database is locked)] [insert into order_items (food_item_id,order_id,price,quantity) values (?,?,?,?)]
❌ Thread 1 ناموفق: org.hibernate.exception.LockAcquisitionException: could not execute statement [[SQLITE_BUSY] The database file is locked (database is locked)] [insert into order_items (food_item_id,order_id,price,quantity) values (?,?,?,?)]
Hibernate: select fi1_0.id,fi1_0.available,fi1_0.category,fi1_0.description,fi1_0.image_url,fi1_0.keywords,fi1_0.name,fi1_0.price,fi1_0.quantity,fi1_0.restaurant_id from food_items fi1_0 where fi1_0.id=?
❌ Thread 7 ناموفق: org.hibernate.exception.LockAcquisitionException: could not execute statement [[SQLITE_BUSY_SNAPSHOT] Another database connection has already written to the database (database is locked)] [insert into order_items (food_item_id,order_id,price,quantity) values (?,?,?,?)]
❌ Thread 2 ناموفق: org.hibernate.exception.LockAcquisitionException: could not execute statement [[SQLITE_BUSY] The database file is locked (database is locked)] [insert into order_items (food_item_id,order_id,price,quantity) values (?,?,?,?)]
Hibernate: select o1_0.id,o1_0.actual_delivery_time,o1_0.customer_id,o1_0.delivery_address,o1_0.estimated_delivery_time,o1_0.notes,o1_0.order_date,o1_0.phone,o1_0.restaurant_id,o1_0.status,o1_0.total_amount,oi1_0.order_id,oi1_0.id,oi1_0.food_item_id,oi1_0.price,oi1_0.quantity from orders o1_0 left join order_items oi1_0 on o1_0.id=oi1_0.order_id where o1_0.id=?
❌ Thread 4 ناموفق: org.hibernate.exception.LockAcquisitionException: could not execute statement [[SQLITE_BUSY] The database file is locked (database is locked)] [insert into order_items (food_item_id,order_id,price,quantity) values (?,?,?,?)]
Hibernate: select fi1_0.id,fi1_0.available,fi1_0.category,fi1_0.description,fi1_0.image_url,fi1_0.keywords,fi1_0.name,fi1_0.price,fi1_0.quantity,fi1_0.restaurant_id from food_items fi1_0 where fi1_0.id=?
Hibernate: update orders set actual_delivery_time=?,customer_id=?,delivery_address=?,estimated_delivery_time=?,notes=?,order_date=?,phone=?,restaurant_id=?,status=?,total_amount=? where id=?
Hibernate: update order_items set food_item_id=?,order_id=?,price=?,quantity=? where id=?
Hibernate: select o1_0.id,o1_0.actual_delivery_time,o1_0.customer_id,o1_0.delivery_address,o1_0.estimated_delivery_time,o1_0.notes,o1_0.order_date,o1_0.phone,o1_0.restaurant_id,o1_0.status,o1_0.total_amount,oi1_0.order_id,oi1_0.id,oi1_0.food_item_id,oi1_0.price,oi1_0.quantity from orders o1_0 left join order_items oi1_0 on o1_0.id=oi1_0.order_id where o1_0.id=?
✅ Thread 10 موفق بود
✅ Thread 9 موفق بود
Hibernate: select fi1_0.id,fi1_0.available,fi1_0.category,fi1_0.description,fi1_0.image_url,fi1_0.keywords,fi1_0.name,fi1_0.price,fi1_0.quantity,fi1_0.restaurant_id from food_items fi1_0 where fi1_0.id=?
Hibernate: select o1_0.id,o1_0.actual_delivery_time,o1_0.customer_id,o1_0.delivery_address,o1_0.estimated_delivery_time,o1_0.notes,o1_0.order_date,o1_0.phone,o1_0.restaurant_id,o1_0.status,o1_0.total_amount,oi1_0.order_id,oi1_0.id,oi1_0.food_item_id,oi1_0.price,oi1_0.quantity from orders o1_0 left join order_items oi1_0 on o1_0.id=oi1_0.order_id where o1_0.id=?
Hibernate: update orders set actual_delivery_time=?,customer_id=?,delivery_address=?,estimated_delivery_time=?,notes=?,order_date=?,phone=?,restaurant_id=?,status=?,total_amount=? where id=?
Hibernate: update order_items set food_item_id=?,order_id=?,price=?,quantity=? where id=?
✅ Thread 8 موفق بود
📊 بررسی وضعیت نهایی سفارش
Hibernate: select o1_0.id,o1_0.actual_delivery_time,o1_0.customer_id,o1_0.delivery_address,o1_0.estimated_delivery_time,o1_0.notes,o1_0.order_date,oi1_0.order_id,oi1_0.id,oi1_0.food_item_id,fi1_0.id,fi1_0.available,fi1_0.category,fi1_0.description,fi1_0.image_url,fi1_0.keywords,fi1_0.name,fi1_0.price,fi1_0.quantity,fi1_0.restaurant_id,oi1_0.price,oi1_0.quantity,o1_0.phone,o1_0.restaurant_id,o1_0.status,o1_0.total_amount from orders o1_0 left join order_items oi1_0 on o1_0.id=oi1_0.order_id left join food_items fi1_0 on fi1_0.id=oi1_0.food_item_id where o1_0.id=?
📈 تعداد عملیات موفق: 4 از 10
📦 تعداد آیتم‌های نهایی: 1
🎉 تست همزمانی با موفقیت تکمیل شد
Hibernate: delete from notifications
Hibernate: delete from ratings
Hibernate: delete from order_items
Hibernate: delete from orders
Hibernate: delete from food_items
Hibernate: delete from restaurants
Hibernate: delete from users
]]></system-out>
    <system-err><![CDATA[❌ تلاش 1 ناموفق: Phone number already exists: +989010059867
Jul 01, 2025 1:39:19 AM org.hibernate.engine.jdbc.spi.SqlExceptionHelper logExceptions
WARN: SQL Error: 5, SQLState: null
Jul 01, 2025 1:39:19 AM org.hibernate.engine.jdbc.spi.SqlExceptionHelper logExceptions
ERROR: [SQLITE_BUSY] The database file is locked (database is locked)
Jul 01, 2025 1:39:19 AM org.hibernate.engine.jdbc.spi.SqlExceptionHelper logExceptions
WARN: SQL Error: 5, SQLState: null
Jul 01, 2025 1:39:19 AM org.hibernate.engine.jdbc.spi.SqlExceptionHelper logExceptions
WARN: SQL Error: 5, SQLState: null
Jul 01, 2025 1:39:19 AM org.hibernate.engine.jdbc.spi.SqlExceptionHelper logExceptions
WARN: SQL Error: 5, SQLState: null
Jul 01, 2025 1:39:19 AM org.hibernate.engine.jdbc.spi.SqlExceptionHelper logExceptions
WARN: SQL Error: 5, SQLState: null
Jul 01, 2025 1:39:19 AM org.hibernate.engine.jdbc.spi.SqlExceptionHelper logExceptions
ERROR: [SQLITE_BUSY] The database file is locked (database is locked)
Jul 01, 2025 1:39:19 AM org.hibernate.engine.jdbc.spi.SqlExceptionHelper logExceptions
ERROR: [SQLITE_BUSY] The database file is locked (database is locked)
Jul 01, 2025 1:39:19 AM org.hibernate.engine.jdbc.spi.SqlExceptionHelper logExceptions
WARN: SQL Error: 5, SQLState: null
Jul 01, 2025 1:39:19 AM org.hibernate.engine.jdbc.spi.SqlExceptionHelper logExceptions
ERROR: [SQLITE_BUSY_SNAPSHOT] Another database connection has already written to the database (database is locked)
Jul 01, 2025 1:39:19 AM org.hibernate.engine.jdbc.spi.SqlExceptionHelper logExceptions
ERROR: [SQLITE_BUSY] The database file is locked (database is locked)
Jul 01, 2025 1:39:19 AM org.hibernate.engine.jdbc.spi.SqlExceptionHelper logExceptions
ERROR: [SQLITE_BUSY] The database file is locked (database is locked)
]]></system-err>
  </testcase>
  <testcase name="concurrentStatusUpdates_MultipleThreads_FinalStateConsistent" classname="com.myapp.order.OrderControllerIntegrationTest$ConcurrentAccessTests" time="0.44">
    <system-out><![CDATA[Hibernate: delete from notifications
Hibernate: delete from ratings
Hibernate: delete from order_items
Hibernate: delete from orders
Hibernate: delete from food_items
Hibernate: delete from restaurants
Hibernate: delete from users
🚀 شروع تست به‌روزرسانی همزمان وضعیت
🔨 شروع ایجاد کاربر تست با ایمیل: customer.status@test.com
🔄 تلاش شماره 1 از 3 برای ذخیره کاربر
Hibernate: select u1_0.id,u1_0.address,u1_0.email,u1_0.full_name,u1_0.is_active,u1_0.password_hash,u1_0.phone,u1_0.role from users u1_0 where u1_0.phone=?
Hibernate: insert into users (address,email,full_name,is_active,password_hash,phone,role) values (?,?,?,?,?,?,?)
Hibernate: select last_insert_rowid()
✅ کاربر تست با موفقیت ذخیره شد - ID: 1, ایمیل: customer.status@test.com
🏪 شروع ایجاد رستوران تست با نام: رستوران وضعیت
🔨 شروع ایجاد کاربر تست با ایمیل: restaurant.owner.1751321360238@test.com
🔄 تلاش شماره 1 از 3 برای ذخیره کاربر
Hibernate: select u1_0.id,u1_0.address,u1_0.email,u1_0.full_name,u1_0.is_active,u1_0.password_hash,u1_0.phone,u1_0.role from users u1_0 where u1_0.phone=?
🔄 تولید داده‌های جدید کاربر - نام: کاربر تست - 61241, تلفن: +989010061241
🔄 تلاش شماره 2 از 3 برای ذخیره کاربر
Hibernate: select u1_0.id,u1_0.address,u1_0.email,u1_0.full_name,u1_0.is_active,u1_0.password_hash,u1_0.phone,u1_0.role from users u1_0 where u1_0.phone=?
Hibernate: insert into users (address,email,full_name,is_active,password_hash,phone,role) values (?,?,?,?,?,?,?)
Hibernate: select last_insert_rowid()
✅ کاربر تست با موفقیت ذخیره شد - ID: 2, ایمیل: restaurant.owner.1751321360238@test.com
👤 مالک رستوران ایجاد شد - ID: 2
💾 تلاش برای ذخیره رستوران در پایگاه داده...
🔄 تلاش شماره 1 از 3 برای ذخیره رستوران
Hibernate: insert into restaurants (address,name,owner_id,phone,status) values (?,?,?,?,?)
Hibernate: select last_insert_rowid()
✅ رستوران با موفقیت ذخیره شد - ID: 1
Hibernate: select r1_0.id,r1_0.address,r1_0.name,r1_0.owner_id,r1_0.phone,r1_0.status from restaurants r1_0 where r1_0.id=?
✅ تأیید: رستوران قابل بازیابی است
Hibernate: select r1_0.id,r1_0.address,r1_0.name,r1_0.owner_id,r1_0.phone,r1_0.status from restaurants r1_0 where r1_0.id=?
Hibernate: insert into orders (actual_delivery_time,customer_id,delivery_address,estimated_delivery_time,notes,order_date,phone,restaurant_id,status,total_amount) values (?,?,?,?,?,?,?,?,?,?)
Hibernate: select last_insert_rowid()
Hibernate: select o1_0.id,o1_0.actual_delivery_time,o1_0.customer_id,o1_0.delivery_address,o1_0.estimated_delivery_time,o1_0.notes,o1_0.order_date,oi1_0.order_id,oi1_0.id,oi1_0.food_item_id,fi1_0.id,fi1_0.available,fi1_0.category,fi1_0.description,fi1_0.image_url,fi1_0.keywords,fi1_0.name,fi1_0.price,fi1_0.quantity,fi1_0.restaurant_id,oi1_0.price,oi1_0.quantity,o1_0.phone,o1_0.restaurant_id,o1_0.status,o1_0.total_amount from orders o1_0 left join order_items oi1_0 on o1_0.id=oi1_0.order_id left join food_items fi1_0 on fi1_0.id=oi1_0.food_item_id where o1_0.id=?
🎭 ایجاد mock order
🔄 تلاش برای تغییر همزمان وضعیت
Hibernate: select o1_0.id,o1_0.actual_delivery_time,o1_0.customer_id,o1_0.delivery_address,o1_0.estimated_delivery_time,o1_0.notes,o1_0.order_date,oi1_0.order_id,oi1_0.id,oi1_0.food_item_id,fi1_0.id,fi1_0.available,fi1_0.category,fi1_0.description,fi1_0.image_url,fi1_0.keywords,fi1_0.name,fi1_0.price,fi1_0.quantity,fi1_0.restaurant_id,oi1_0.price,oi1_0.quantity,o1_0.phone,o1_0.restaurant_id,o1_0.status,o1_0.total_amount from orders o1_0 left join order_items oi1_0 on o1_0.id=oi1_0.order_id left join food_items fi1_0 on fi1_0.id=oi1_0.food_item_id where o1_0.id=?
Hibernate: select o1_0.id,o1_0.actual_delivery_time,o1_0.customer_id,o1_0.delivery_address,o1_0.estimated_delivery_time,o1_0.notes,o1_0.order_date,oi1_0.order_id,oi1_0.id,oi1_0.food_item_id,fi1_0.id,fi1_0.available,fi1_0.category,fi1_0.description,fi1_0.image_url,fi1_0.keywords,fi1_0.name,fi1_0.price,fi1_0.quantity,fi1_0.restaurant_id,oi1_0.price,oi1_0.quantity,o1_0.phone,o1_0.restaurant_id,o1_0.status,o1_0.total_amount from orders o1_0 left join order_items oi1_0 on o1_0.id=oi1_0.order_id left join food_items fi1_0 on fi1_0.id=oi1_0.food_item_id where o1_0.id=?
Hibernate: select o1_0.id,o1_0.actual_delivery_time,o1_0.customer_id,o1_0.delivery_address,o1_0.estimated_delivery_time,o1_0.notes,o1_0.order_date,oi1_0.order_id,oi1_0.id,oi1_0.food_item_id,fi1_0.id,fi1_0.available,fi1_0.category,fi1_0.description,fi1_0.image_url,fi1_0.keywords,fi1_0.name,fi1_0.price,fi1_0.quantity,fi1_0.restaurant_id,oi1_0.price,oi1_0.quantity,o1_0.phone,o1_0.restaurant_id,o1_0.status,o1_0.total_amount from orders o1_0 left join order_items oi1_0 on o1_0.id=oi1_0.order_id left join food_items fi1_0 on fi1_0.id=oi1_0.food_item_id where o1_0.id=?
Hibernate: select o1_0.id,o1_0.actual_delivery_time,o1_0.customer_id,o1_0.delivery_address,o1_0.estimated_delivery_time,o1_0.notes,o1_0.order_date,oi1_0.order_id,oi1_0.id,oi1_0.food_item_id,fi1_0.id,fi1_0.available,fi1_0.category,fi1_0.description,fi1_0.image_url,fi1_0.keywords,fi1_0.name,fi1_0.price,fi1_0.quantity,fi1_0.restaurant_id,oi1_0.price,oi1_0.quantity,o1_0.phone,o1_0.restaurant_id,o1_0.status,o1_0.total_amount from orders o1_0 left join order_items oi1_0 on o1_0.id=oi1_0.order_id left join food_items fi1_0 on fi1_0.id=oi1_0.food_item_id where o1_0.id=?
⚠️  مشکل در تغییر وضعیت به PREPARING: Order not found with id=1751321360345
⚠️  مشکل در تغییر وضعیت به CONFIRMED: Order not found with id=1751321360345
⚠️  مشکل در تغییر وضعیت به READY: Order not found with id=1751321360345
⚠️  مشکل در تغییر وضعیت به OUT_FOR_DELIVERY: Order not found with id=1751321360345
Hibernate: select o1_0.id,o1_0.actual_delivery_time,o1_0.customer_id,o1_0.delivery_address,o1_0.estimated_delivery_time,o1_0.notes,o1_0.order_date,oi1_0.order_id,oi1_0.id,oi1_0.food_item_id,fi1_0.id,fi1_0.available,fi1_0.category,fi1_0.description,fi1_0.image_url,fi1_0.keywords,fi1_0.name,fi1_0.price,fi1_0.quantity,fi1_0.restaurant_id,oi1_0.price,oi1_0.quantity,o1_0.phone,o1_0.restaurant_id,o1_0.status,o1_0.total_amount from orders o1_0 left join order_items oi1_0 on o1_0.id=oi1_0.order_id left join food_items fi1_0 on fi1_0.id=oi1_0.food_item_id where o1_0.id=?
⚠️  مشکل در دریافت وضعیت نهایی: Order not found with id=1751321360345
Hibernate: delete from notifications
Hibernate: delete from ratings
Hibernate: delete from order_items
Hibernate: delete from orders
Hibernate: delete from food_items
Hibernate: delete from restaurants
Hibernate: delete from users
]]></system-out>
    <system-err><![CDATA[❌ تلاش 1 ناموفق: Phone number already exists: +989010060238
]]></system-err>
  </testcase>
</testsuite>