<?xml version="1.0" encoding="UTF-8"?>
<testsuite xmlns:xsi="http://www.w3.org/2001/XMLSchema-instance" xsi:noNamespaceSchemaLocation="https://maven.apache.org/surefire/maven-surefire-plugin/xsd/surefire-test-report-3.0.xsd" version="3.0" name="com.myapp.order.OrderControllerIntegrationTest$CompleteOrderWorkflowTests" time="0.88" tests="2" errors="0" skipped="0" failures="0">
  <properties>
[...]
</properties>
  <testcase name="completeOrderLifecycle_FullWorkflow_Success" classname="com.myapp.order.OrderControllerIntegrationTest$CompleteOrderWorkflowTests" time="0.536">
    <system-out><![CDATA[Hibernate: delete from notifications
Hibernate: delete from ratings
Hibernate: delete from order_items
Hibernate: delete from orders
Hibernate: delete from food_items
Hibernate: delete from restaurants
Hibernate: delete from users
🚀 شروع تست چرخه کامل زندگی سفارش
📋 مرحله 1: آماده‌سازی داده‌های تست
🔨 شروع ایجاد کاربر تست با ایمیل: customer@test.com
🔄 تلاش شماره 1 از 3 برای ذخیره کاربر
Hibernate: select u1_0.id,u1_0.address,u1_0.email,u1_0.full_name,u1_0.is_active,u1_0.password_hash,u1_0.phone,u1_0.role from users u1_0 where u1_0.phone=?
Hibernate: insert into users (address,email,full_name,is_active,password_hash,phone,role) values (?,?,?,?,?,?,?)
Hibernate: select last_insert_rowid()
✅ کاربر تست با موفقیت ذخیره شد - ID: 1, ایمیل: customer@test.com
🏪 شروع ایجاد رستوران تست با نام: رستوران تست
🔨 شروع ایجاد کاربر تست با ایمیل: restaurant.owner.1751321358995@test.com
🔄 تلاش شماره 1 از 3 برای ذخیره کاربر
Hibernate: select u1_0.id,u1_0.address,u1_0.email,u1_0.full_name,u1_0.is_active,u1_0.password_hash,u1_0.phone,u1_0.role from users u1_0 where u1_0.phone=?
🔄 تولید داده‌های جدید کاربر - نام: کاربر تست - 59995, تلفن: +989010059995
🔄 تلاش شماره 2 از 3 برای ذخیره کاربر
Hibernate: select u1_0.id,u1_0.address,u1_0.email,u1_0.full_name,u1_0.is_active,u1_0.password_hash,u1_0.phone,u1_0.role from users u1_0 where u1_0.phone=?
Hibernate: insert into users (address,email,full_name,is_active,password_hash,phone,role) values (?,?,?,?,?,?,?)
Hibernate: select last_insert_rowid()
✅ کاربر تست با موفقیت ذخیره شد - ID: 2, ایمیل: restaurant.owner.1751321358995@test.com
👤 مالک رستوران ایجاد شد - ID: 2
💾 تلاش برای ذخیره رستوران در پایگاه داده...
🔄 تلاش شماره 1 از 3 برای ذخیره رستوران
Hibernate: insert into restaurants (address,name,owner_id,phone,status) values (?,?,?,?,?)
Hibernate: select last_insert_rowid()
✅ رستوران با موفقیت ذخیره شد - ID: 1
Hibernate: select r1_0.id,r1_0.address,r1_0.name,r1_0.owner_id,r1_0.phone,r1_0.status from restaurants r1_0 where r1_0.id=?
✅ تأیید: رستوران قابل بازیابی است
🍕 شروع ایجاد آیتم غذا تست: پیتزا - قیمت: 25.99
💾 تلاش برای ذخیره آیتم غذا در پایگاه داده...
🔄 تلاش شماره 1 از 3 برای ذخیره آیتم غذا
Hibernate: insert into food_items (available,category,description,image_url,keywords,name,price,quantity,restaurant_id) values (?,?,?,?,?,?,?,?,?)
Hibernate: select last_insert_rowid()
✅ آیتم غذا با موفقیت ذخیره شد - ID: 1
Hibernate: select fi1_0.id,fi1_0.available,fi1_0.category,fi1_0.description,fi1_0.image_url,fi1_0.keywords,fi1_0.name,fi1_0.price,fi1_0.quantity,fi1_0.restaurant_id from food_items fi1_0 where fi1_0.id=?
✅ تأیید: آیتم غذا قابل بازیابی است
🍕 شروع ایجاد آیتم غذا تست: برگر - قیمت: 18.99
💾 تلاش برای ذخیره آیتم غذا در پایگاه داده...
🔄 تلاش شماره 1 از 3 برای ذخیره آیتم غذا
Hibernate: insert into food_items (available,category,description,image_url,keywords,name,price,quantity,restaurant_id) values (?,?,?,?,?,?,?,?,?)
Hibernate: select last_insert_rowid()
✅ آیتم غذا با موفقیت ذخیره شد - ID: 2
Hibernate: select fi1_0.id,fi1_0.available,fi1_0.category,fi1_0.description,fi1_0.image_url,fi1_0.keywords,fi1_0.name,fi1_0.price,fi1_0.quantity,fi1_0.restaurant_id from food_items fi1_0 where fi1_0.id=?
✅ تأیید: آیتم غذا قابل بازیابی است
🛒 مرحله 2: ایجاد سفارش اولیه
Hibernate: select r1_0.id,r1_0.address,r1_0.name,r1_0.owner_id,r1_0.phone,r1_0.status from restaurants r1_0 where r1_0.id=?
Hibernate: insert into orders (actual_delivery_time,customer_id,delivery_address,estimated_delivery_time,notes,order_date,phone,restaurant_id,status,total_amount) values (?,?,?,?,?,?,?,?,?,?)
Hibernate: select last_insert_rowid()
✅ سفارش با موفقیت ایجاد شد - ID: 1
🍕 مرحله 3: اضافه کردن آیتم‌ها به سبد خرید
Hibernate: select o1_0.id,o1_0.actual_delivery_time,o1_0.customer_id,o1_0.delivery_address,o1_0.estimated_delivery_time,o1_0.notes,o1_0.order_date,oi1_0.order_id,oi1_0.id,oi1_0.food_item_id,fi1_0.id,fi1_0.available,fi1_0.category,fi1_0.description,fi1_0.image_url,fi1_0.keywords,fi1_0.name,fi1_0.price,fi1_0.quantity,fi1_0.restaurant_id,oi1_0.price,oi1_0.quantity,o1_0.phone,o1_0.restaurant_id,o1_0.status,o1_0.total_amount from orders o1_0 left join order_items oi1_0 on o1_0.id=oi1_0.order_id left join food_items fi1_0 on fi1_0.id=oi1_0.food_item_id where o1_0.id=?
Hibernate: select fi1_0.id,fi1_0.available,fi1_0.category,fi1_0.description,fi1_0.image_url,fi1_0.keywords,fi1_0.name,fi1_0.price,fi1_0.quantity,fi1_0.restaurant_id from food_items fi1_0 where fi1_0.id=?
Hibernate: select o1_0.id,o1_0.actual_delivery_time,o1_0.customer_id,o1_0.delivery_address,o1_0.estimated_delivery_time,o1_0.notes,o1_0.order_date,o1_0.phone,o1_0.restaurant_id,o1_0.status,o1_0.total_amount,oi1_0.order_id,oi1_0.id,oi1_0.food_item_id,oi1_0.price,oi1_0.quantity from orders o1_0 left join order_items oi1_0 on o1_0.id=oi1_0.order_id where o1_0.id=?
Hibernate: insert into order_items (food_item_id,order_id,price,quantity) values (?,?,?,?)
Hibernate: select last_insert_rowid()
Hibernate: update orders set actual_delivery_time=?,customer_id=?,delivery_address=?,estimated_delivery_time=?,notes=?,order_date=?,phone=?,restaurant_id=?,status=?,total_amount=? where id=?
Hibernate: select o1_0.id,o1_0.actual_delivery_time,o1_0.customer_id,o1_0.delivery_address,o1_0.estimated_delivery_time,o1_0.notes,o1_0.order_date,oi1_0.order_id,oi1_0.id,oi1_0.food_item_id,fi1_0.id,fi1_0.available,fi1_0.category,fi1_0.description,fi1_0.image_url,fi1_0.keywords,fi1_0.name,fi1_0.price,fi1_0.quantity,fi1_0.restaurant_id,oi1_0.price,oi1_0.quantity,o1_0.phone,o1_0.restaurant_id,o1_0.status,o1_0.total_amount from orders o1_0 left join order_items oi1_0 on o1_0.id=oi1_0.order_id left join food_items fi1_0 on fi1_0.id=oi1_0.food_item_id where o1_0.id=?
Hibernate: select fi1_0.id,fi1_0.available,fi1_0.category,fi1_0.description,fi1_0.image_url,fi1_0.keywords,fi1_0.name,fi1_0.price,fi1_0.quantity,fi1_0.restaurant_id from food_items fi1_0 where fi1_0.id=?
Hibernate: select o1_0.id,o1_0.actual_delivery_time,o1_0.customer_id,o1_0.delivery_address,o1_0.estimated_delivery_time,o1_0.notes,o1_0.order_date,o1_0.phone,o1_0.restaurant_id,o1_0.status,o1_0.total_amount,oi1_0.order_id,oi1_0.id,oi1_0.food_item_id,oi1_0.price,oi1_0.quantity from orders o1_0 left join order_items oi1_0 on o1_0.id=oi1_0.order_id where o1_0.id=?
Hibernate: insert into order_items (food_item_id,order_id,price,quantity) values (?,?,?,?)
Hibernate: select last_insert_rowid()
Hibernate: update orders set actual_delivery_time=?,customer_id=?,delivery_address=?,estimated_delivery_time=?,notes=?,order_date=?,phone=?,restaurant_id=?,status=?,total_amount=? where id=?
Hibernate: select o1_0.id,o1_0.actual_delivery_time,o1_0.customer_id,o1_0.delivery_address,o1_0.estimated_delivery_time,o1_0.notes,o1_0.order_date,oi1_0.order_id,oi1_0.id,oi1_0.food_item_id,fi1_0.id,fi1_0.available,fi1_0.category,fi1_0.description,fi1_0.image_url,fi1_0.keywords,fi1_0.name,fi1_0.price,fi1_0.quantity,fi1_0.restaurant_id,oi1_0.price,oi1_0.quantity,o1_0.phone,o1_0.restaurant_id,o1_0.status,o1_0.total_amount from orders o1_0 left join order_items oi1_0 on o1_0.id=oi1_0.order_id left join food_items fi1_0 on fi1_0.id=oi1_0.food_item_id where o1_0.id=?
✅ آیتم‌ها با موفقیت اضافه شدند
🔄 مرحله 4: به‌روزرسانی تعداد آیتم
Hibernate: select o1_0.id,o1_0.actual_delivery_time,o1_0.customer_id,o1_0.delivery_address,o1_0.estimated_delivery_time,o1_0.notes,o1_0.order_date,oi1_0.order_id,oi1_0.id,oi1_0.food_item_id,fi1_0.id,fi1_0.available,fi1_0.category,fi1_0.description,fi1_0.image_url,fi1_0.keywords,fi1_0.name,fi1_0.price,fi1_0.quantity,fi1_0.restaurant_id,oi1_0.price,oi1_0.quantity,o1_0.phone,o1_0.restaurant_id,o1_0.status,o1_0.total_amount from orders o1_0 left join order_items oi1_0 on o1_0.id=oi1_0.order_id left join food_items fi1_0 on fi1_0.id=oi1_0.food_item_id where o1_0.id=?
Hibernate: select fi1_0.id,fi1_0.available,fi1_0.category,fi1_0.description,fi1_0.image_url,fi1_0.keywords,fi1_0.name,fi1_0.price,fi1_0.quantity,fi1_0.restaurant_id from food_items fi1_0 where fi1_0.id=?
Hibernate: select o1_0.id,o1_0.actual_delivery_time,o1_0.customer_id,o1_0.delivery_address,o1_0.estimated_delivery_time,o1_0.notes,o1_0.order_date,o1_0.phone,o1_0.restaurant_id,o1_0.status,o1_0.total_amount,oi1_0.order_id,oi1_0.id,oi1_0.food_item_id,oi1_0.price,oi1_0.quantity from orders o1_0 left join order_items oi1_0 on o1_0.id=oi1_0.order_id where o1_0.id=?
Hibernate: update orders set actual_delivery_time=?,customer_id=?,delivery_address=?,estimated_delivery_time=?,notes=?,order_date=?,phone=?,restaurant_id=?,status=?,total_amount=? where id=?
Hibernate: update order_items set food_item_id=?,order_id=?,price=?,quantity=? where id=?
Hibernate: select o1_0.id,o1_0.actual_delivery_time,o1_0.customer_id,o1_0.delivery_address,o1_0.estimated_delivery_time,o1_0.notes,o1_0.order_date,oi1_0.order_id,oi1_0.id,oi1_0.food_item_id,fi1_0.id,fi1_0.available,fi1_0.category,fi1_0.description,fi1_0.image_url,fi1_0.keywords,fi1_0.name,fi1_0.price,fi1_0.quantity,fi1_0.restaurant_id,oi1_0.price,oi1_0.quantity,o1_0.phone,o1_0.restaurant_id,o1_0.status,o1_0.total_amount from orders o1_0 left join order_items oi1_0 on o1_0.id=oi1_0.order_id left join food_items fi1_0 on fi1_0.id=oi1_0.food_item_id where o1_0.id=?
✅ تعداد آیتم با موفقیت به‌روزرسانی شد
📝 مرحله 5: ثبت نهایی سفارش
Hibernate: select o1_0.id,o1_0.actual_delivery_time,o1_0.customer_id,o1_0.delivery_address,o1_0.estimated_delivery_time,o1_0.notes,o1_0.order_date,oi1_0.order_id,oi1_0.id,oi1_0.food_item_id,fi1_0.id,fi1_0.available,fi1_0.category,fi1_0.description,fi1_0.image_url,fi1_0.keywords,fi1_0.name,fi1_0.price,fi1_0.quantity,fi1_0.restaurant_id,oi1_0.price,oi1_0.quantity,o1_0.phone,o1_0.restaurant_id,o1_0.status,o1_0.total_amount from orders o1_0 left join order_items oi1_0 on o1_0.id=oi1_0.order_id left join food_items fi1_0 on fi1_0.id=oi1_0.food_item_id where o1_0.id=?
Hibernate: select fi1_0.id,fi1_0.available,fi1_0.category,fi1_0.description,fi1_0.image_url,fi1_0.keywords,fi1_0.name,fi1_0.price,fi1_0.quantity,fi1_0.restaurant_id from food_items fi1_0 where fi1_0.id=?
Hibernate: select fi1_0.id,fi1_0.available,fi1_0.category,fi1_0.description,fi1_0.image_url,fi1_0.keywords,fi1_0.name,fi1_0.price,fi1_0.quantity,fi1_0.restaurant_id from food_items fi1_0 where fi1_0.id=?
Hibernate: select fi1_0.id,fi1_0.available,fi1_0.category,fi1_0.description,fi1_0.image_url,fi1_0.keywords,fi1_0.name,fi1_0.price,fi1_0.quantity,fi1_0.restaurant_id from food_items fi1_0 where fi1_0.id=?
Hibernate: update food_items set available=?,category=?,description=?,image_url=?,keywords=?,name=?,price=?,quantity=?,restaurant_id=? where id=?
Hibernate: select fi1_0.id,fi1_0.available,fi1_0.category,fi1_0.description,fi1_0.image_url,fi1_0.keywords,fi1_0.name,fi1_0.price,fi1_0.quantity,fi1_0.restaurant_id from food_items fi1_0 where fi1_0.id=?
Hibernate: update food_items set available=?,category=?,description=?,image_url=?,keywords=?,name=?,price=?,quantity=?,restaurant_id=? where id=?
Hibernate: select o1_0.id,o1_0.actual_delivery_time,o1_0.customer_id,o1_0.delivery_address,o1_0.estimated_delivery_time,o1_0.notes,o1_0.order_date,o1_0.phone,o1_0.restaurant_id,o1_0.status,o1_0.total_amount,oi1_0.order_id,oi1_0.id,oi1_0.food_item_id,oi1_0.price,oi1_0.quantity from orders o1_0 left join order_items oi1_0 on o1_0.id=oi1_0.order_id where o1_0.id=?
Hibernate: update orders set actual_delivery_time=?,customer_id=?,delivery_address=?,estimated_delivery_time=?,notes=?,order_date=?,phone=?,restaurant_id=?,status=?,total_amount=? where id=?
✅ سفارش با موفقیت ثبت شد
⚙️ مرحله 6: پردازش سفارش در مراحل مختلف
Hibernate: select o1_0.id,o1_0.actual_delivery_time,o1_0.customer_id,o1_0.delivery_address,o1_0.estimated_delivery_time,o1_0.notes,o1_0.order_date,oi1_0.order_id,oi1_0.id,oi1_0.food_item_id,fi1_0.id,fi1_0.available,fi1_0.category,fi1_0.description,fi1_0.image_url,fi1_0.keywords,fi1_0.name,fi1_0.price,fi1_0.quantity,fi1_0.restaurant_id,oi1_0.price,oi1_0.quantity,o1_0.phone,o1_0.restaurant_id,o1_0.status,o1_0.total_amount from orders o1_0 left join order_items oi1_0 on o1_0.id=oi1_0.order_id left join food_items fi1_0 on fi1_0.id=oi1_0.food_item_id where o1_0.id=?
⚠️  مشکل در تغییر وضعیت به CONFIRMED: Invalid status transition from CONFIRMED to CONFIRMED
Hibernate: select o1_0.id,o1_0.actual_delivery_time,o1_0.customer_id,o1_0.delivery_address,o1_0.estimated_delivery_time,o1_0.notes,o1_0.order_date,oi1_0.order_id,oi1_0.id,oi1_0.food_item_id,fi1_0.id,fi1_0.available,fi1_0.category,fi1_0.description,fi1_0.image_url,fi1_0.keywords,fi1_0.name,fi1_0.price,fi1_0.quantity,fi1_0.restaurant_id,oi1_0.price,oi1_0.quantity,o1_0.phone,o1_0.restaurant_id,o1_0.status,o1_0.total_amount from orders o1_0 left join order_items oi1_0 on o1_0.id=oi1_0.order_id left join food_items fi1_0 on fi1_0.id=oi1_0.food_item_id where o1_0.id=?
Hibernate: select o1_0.id,o1_0.actual_delivery_time,o1_0.customer_id,o1_0.delivery_address,o1_0.estimated_delivery_time,o1_0.notes,o1_0.order_date,o1_0.phone,o1_0.restaurant_id,o1_0.status,o1_0.total_amount from orders o1_0 where o1_0.id=?
Hibernate: update orders set actual_delivery_time=?,customer_id=?,delivery_address=?,estimated_delivery_time=?,notes=?,order_date=?,phone=?,restaurant_id=?,status=?,total_amount=? where id=?
Hibernate: select o1_0.id,o1_0.actual_delivery_time,o1_0.customer_id,o1_0.delivery_address,o1_0.estimated_delivery_time,o1_0.notes,o1_0.order_date,o1_0.phone,o1_0.restaurant_id,o1_0.status,o1_0.total_amount,oi1_0.order_id,oi1_0.id,oi1_0.food_item_id,oi1_0.price,oi1_0.quantity from orders o1_0 left join order_items oi1_0 on o1_0.id=oi1_0.order_id where o1_0.id=?
✅ وضعیت سفارش به PREPARING تغییر کرد
Hibernate: select o1_0.id,o1_0.actual_delivery_time,o1_0.customer_id,o1_0.delivery_address,o1_0.estimated_delivery_time,o1_0.notes,o1_0.order_date,oi1_0.order_id,oi1_0.id,oi1_0.food_item_id,fi1_0.id,fi1_0.available,fi1_0.category,fi1_0.description,fi1_0.image_url,fi1_0.keywords,fi1_0.name,fi1_0.price,fi1_0.quantity,fi1_0.restaurant_id,oi1_0.price,oi1_0.quantity,o1_0.phone,o1_0.restaurant_id,o1_0.status,o1_0.total_amount from orders o1_0 left join order_items oi1_0 on o1_0.id=oi1_0.order_id left join food_items fi1_0 on fi1_0.id=oi1_0.food_item_id where o1_0.id=?
Hibernate: select o1_0.id,o1_0.actual_delivery_time,o1_0.customer_id,o1_0.delivery_address,o1_0.estimated_delivery_time,o1_0.notes,o1_0.order_date,o1_0.phone,o1_0.restaurant_id,o1_0.status,o1_0.total_amount from orders o1_0 where o1_0.id=?
Hibernate: update orders set actual_delivery_time=?,customer_id=?,delivery_address=?,estimated_delivery_time=?,notes=?,order_date=?,phone=?,restaurant_id=?,status=?,total_amount=? where id=?
Hibernate: select o1_0.id,o1_0.actual_delivery_time,o1_0.customer_id,o1_0.delivery_address,o1_0.estimated_delivery_time,o1_0.notes,o1_0.order_date,o1_0.phone,o1_0.restaurant_id,o1_0.status,o1_0.total_amount,oi1_0.order_id,oi1_0.id,oi1_0.food_item_id,oi1_0.price,oi1_0.quantity from orders o1_0 left join order_items oi1_0 on o1_0.id=oi1_0.order_id where o1_0.id=?
✅ وضعیت سفارش به READY تغییر کرد
Hibernate: select o1_0.id,o1_0.actual_delivery_time,o1_0.customer_id,o1_0.delivery_address,o1_0.estimated_delivery_time,o1_0.notes,o1_0.order_date,oi1_0.order_id,oi1_0.id,oi1_0.food_item_id,fi1_0.id,fi1_0.available,fi1_0.category,fi1_0.description,fi1_0.image_url,fi1_0.keywords,fi1_0.name,fi1_0.price,fi1_0.quantity,fi1_0.restaurant_id,oi1_0.price,oi1_0.quantity,o1_0.phone,o1_0.restaurant_id,o1_0.status,o1_0.total_amount from orders o1_0 left join order_items oi1_0 on o1_0.id=oi1_0.order_id left join food_items fi1_0 on fi1_0.id=oi1_0.food_item_id where o1_0.id=?
Hibernate: select o1_0.id,o1_0.actual_delivery_time,o1_0.customer_id,o1_0.delivery_address,o1_0.estimated_delivery_time,o1_0.notes,o1_0.order_date,o1_0.phone,o1_0.restaurant_id,o1_0.status,o1_0.total_amount from orders o1_0 where o1_0.id=?
Hibernate: update orders set actual_delivery_time=?,customer_id=?,delivery_address=?,estimated_delivery_time=?,notes=?,order_date=?,phone=?,restaurant_id=?,status=?,total_amount=? where id=?
Hibernate: select o1_0.id,o1_0.actual_delivery_time,o1_0.customer_id,o1_0.delivery_address,o1_0.estimated_delivery_time,o1_0.notes,o1_0.order_date,o1_0.phone,o1_0.restaurant_id,o1_0.status,o1_0.total_amount,oi1_0.order_id,oi1_0.id,oi1_0.food_item_id,oi1_0.price,oi1_0.quantity from orders o1_0 left join order_items oi1_0 on o1_0.id=oi1_0.order_id where o1_0.id=?
✅ وضعیت سفارش به OUT_FOR_DELIVERY تغییر کرد
Hibernate: select o1_0.id,o1_0.actual_delivery_time,o1_0.customer_id,o1_0.delivery_address,o1_0.estimated_delivery_time,o1_0.notes,o1_0.order_date,oi1_0.order_id,oi1_0.id,oi1_0.food_item_id,fi1_0.id,fi1_0.available,fi1_0.category,fi1_0.description,fi1_0.image_url,fi1_0.keywords,fi1_0.name,fi1_0.price,fi1_0.quantity,fi1_0.restaurant_id,oi1_0.price,oi1_0.quantity,o1_0.phone,o1_0.restaurant_id,o1_0.status,o1_0.total_amount from orders o1_0 left join order_items oi1_0 on o1_0.id=oi1_0.order_id left join food_items fi1_0 on fi1_0.id=oi1_0.food_item_id where o1_0.id=?
Hibernate: select o1_0.id,o1_0.actual_delivery_time,o1_0.customer_id,o1_0.delivery_address,o1_0.estimated_delivery_time,o1_0.notes,o1_0.order_date,o1_0.phone,o1_0.restaurant_id,o1_0.status,o1_0.total_amount,oi1_0.order_id,oi1_0.id,oi1_0.food_item_id,oi1_0.price,oi1_0.quantity from orders o1_0 left join order_items oi1_0 on o1_0.id=oi1_0.order_id where o1_0.id=?
Hibernate: update orders set actual_delivery_time=?,customer_id=?,delivery_address=?,estimated_delivery_time=?,notes=?,order_date=?,phone=?,restaurant_id=?,status=?,total_amount=? where id=?
✅ وضعیت سفارش به DELIVERED تغییر کرد
Hibernate: select o1_0.id,o1_0.actual_delivery_time,o1_0.customer_id,o1_0.delivery_address,o1_0.estimated_delivery_time,o1_0.notes,o1_0.order_date,oi1_0.order_id,oi1_0.id,oi1_0.food_item_id,fi1_0.id,fi1_0.available,fi1_0.category,fi1_0.description,fi1_0.image_url,fi1_0.keywords,fi1_0.name,fi1_0.price,fi1_0.quantity,fi1_0.restaurant_id,oi1_0.price,oi1_0.quantity,o1_0.phone,o1_0.restaurant_id,o1_0.status,o1_0.total_amount from orders o1_0 left join order_items oi1_0 on o1_0.id=oi1_0.order_id left join food_items fi1_0 on fi1_0.id=oi1_0.food_item_id where o1_0.id=?
🎉 تست چرخه کامل زندگی سفارش با موفقیت تکمیل شد
Hibernate: delete from notifications
Hibernate: delete from ratings
Hibernate: delete from order_items
Hibernate: delete from orders
Hibernate: delete from food_items
Hibernate: delete from restaurants
Hibernate: delete from users
]]></system-out>
    <system-err><![CDATA[❌ تلاش 1 ناموفق: Phone number already exists: +989010058995
]]></system-err>
  </testcase>
  <testcase name="orderCancellation_FullWorkflow_Success" classname="com.myapp.order.OrderControllerIntegrationTest$CompleteOrderWorkflowTests" time="0.344">
    <system-out><![CDATA[Hibernate: delete from notifications
Hibernate: delete from ratings
Hibernate: delete from order_items
Hibernate: delete from orders
Hibernate: delete from food_items
Hibernate: delete from restaurants
Hibernate: delete from users
🚀 شروع تست گردش کار لغو سفارش
🔨 شروع ایجاد کاربر تست با ایمیل: customer.cancel@test.com
🔄 تلاش شماره 1 از 3 برای ذخیره کاربر
Hibernate: select u1_0.id,u1_0.address,u1_0.email,u1_0.full_name,u1_0.is_active,u1_0.password_hash,u1_0.phone,u1_0.role from users u1_0 where u1_0.phone=?
Hibernate: insert into users (address,email,full_name,is_active,password_hash,phone,role) values (?,?,?,?,?,?,?)
Hibernate: select last_insert_rowid()
✅ کاربر تست با موفقیت ذخیره شد - ID: 1, ایمیل: customer.cancel@test.com
🏪 شروع ایجاد رستوران تست با نام: رستوران لغو
🔨 شروع ایجاد کاربر تست با ایمیل: restaurant.owner.1751321359517@test.com
🔄 تلاش شماره 1 از 3 برای ذخیره کاربر
Hibernate: select u1_0.id,u1_0.address,u1_0.email,u1_0.full_name,u1_0.is_active,u1_0.password_hash,u1_0.phone,u1_0.role from users u1_0 where u1_0.phone=?
🔄 تولید داده‌های جدید کاربر - نام: کاربر تست - 60517, تلفن: +989010060517
🔄 تلاش شماره 2 از 3 برای ذخیره کاربر
Hibernate: select u1_0.id,u1_0.address,u1_0.email,u1_0.full_name,u1_0.is_active,u1_0.password_hash,u1_0.phone,u1_0.role from users u1_0 where u1_0.phone=?
Hibernate: insert into users (address,email,full_name,is_active,password_hash,phone,role) values (?,?,?,?,?,?,?)
Hibernate: select last_insert_rowid()
✅ کاربر تست با موفقیت ذخیره شد - ID: 2, ایمیل: restaurant.owner.1751321359517@test.com
👤 مالک رستوران ایجاد شد - ID: 2
💾 تلاش برای ذخیره رستوران در پایگاه داده...
🔄 تلاش شماره 1 از 3 برای ذخیره رستوران
Hibernate: insert into restaurants (address,name,owner_id,phone,status) values (?,?,?,?,?)
Hibernate: select last_insert_rowid()
✅ رستوران با موفقیت ذخیره شد - ID: 1
Hibernate: select r1_0.id,r1_0.address,r1_0.name,r1_0.owner_id,r1_0.phone,r1_0.status from restaurants r1_0 where r1_0.id=?
✅ تأیید: رستوران قابل بازیابی است
Hibernate: select r1_0.id,r1_0.address,r1_0.name,r1_0.owner_id,r1_0.phone,r1_0.status from restaurants r1_0 where r1_0.id=?
Hibernate: insert into orders (actual_delivery_time,customer_id,delivery_address,estimated_delivery_time,notes,order_date,phone,restaurant_id,status,total_amount) values (?,?,?,?,?,?,?,?,?,?)
Hibernate: select last_insert_rowid()
🍕 شروع ایجاد آیتم غذا تست: پیتزا لغو - قیمت: 25.99
💾 تلاش برای ذخیره آیتم غذا در پایگاه داده...
🔄 تلاش شماره 1 از 3 برای ذخیره آیتم غذا
Hibernate: insert into food_items (available,category,description,image_url,keywords,name,price,quantity,restaurant_id) values (?,?,?,?,?,?,?,?,?)
Hibernate: select last_insert_rowid()
✅ آیتم غذا با موفقیت ذخیره شد - ID: 1
Hibernate: select fi1_0.id,fi1_0.available,fi1_0.category,fi1_0.description,fi1_0.image_url,fi1_0.keywords,fi1_0.name,fi1_0.price,fi1_0.quantity,fi1_0.restaurant_id from food_items fi1_0 where fi1_0.id=?
✅ تأیید: آیتم غذا قابل بازیابی است
Hibernate: select o1_0.id,o1_0.actual_delivery_time,o1_0.customer_id,o1_0.delivery_address,o1_0.estimated_delivery_time,o1_0.notes,o1_0.order_date,oi1_0.order_id,oi1_0.id,oi1_0.food_item_id,fi1_0.id,fi1_0.available,fi1_0.category,fi1_0.description,fi1_0.image_url,fi1_0.keywords,fi1_0.name,fi1_0.price,fi1_0.quantity,fi1_0.restaurant_id,oi1_0.price,oi1_0.quantity,o1_0.phone,o1_0.restaurant_id,o1_0.status,o1_0.total_amount from orders o1_0 left join order_items oi1_0 on o1_0.id=oi1_0.order_id left join food_items fi1_0 on fi1_0.id=oi1_0.food_item_id where o1_0.id=?
Hibernate: select fi1_0.id,fi1_0.available,fi1_0.category,fi1_0.description,fi1_0.image_url,fi1_0.keywords,fi1_0.name,fi1_0.price,fi1_0.quantity,fi1_0.restaurant_id from food_items fi1_0 where fi1_0.id=?
Hibernate: select o1_0.id,o1_0.actual_delivery_time,o1_0.customer_id,o1_0.delivery_address,o1_0.estimated_delivery_time,o1_0.notes,o1_0.order_date,o1_0.phone,o1_0.restaurant_id,o1_0.status,o1_0.total_amount,oi1_0.order_id,oi1_0.id,oi1_0.food_item_id,oi1_0.price,oi1_0.quantity from orders o1_0 left join order_items oi1_0 on o1_0.id=oi1_0.order_id where o1_0.id=?
Hibernate: insert into order_items (food_item_id,order_id,price,quantity) values (?,?,?,?)
Hibernate: select last_insert_rowid()
Hibernate: update orders set actual_delivery_time=?,customer_id=?,delivery_address=?,estimated_delivery_time=?,notes=?,order_date=?,phone=?,restaurant_id=?,status=?,total_amount=? where id=?
Hibernate: select o1_0.id,o1_0.actual_delivery_time,o1_0.customer_id,o1_0.delivery_address,o1_0.estimated_delivery_time,o1_0.notes,o1_0.order_date,oi1_0.order_id,oi1_0.id,oi1_0.food_item_id,fi1_0.id,fi1_0.available,fi1_0.category,fi1_0.description,fi1_0.image_url,fi1_0.keywords,fi1_0.name,fi1_0.price,fi1_0.quantity,fi1_0.restaurant_id,oi1_0.price,oi1_0.quantity,o1_0.phone,o1_0.restaurant_id,o1_0.status,o1_0.total_amount from orders o1_0 left join order_items oi1_0 on o1_0.id=oi1_0.order_id left join food_items fi1_0 on fi1_0.id=oi1_0.food_item_id where o1_0.id=?
Hibernate: select fi1_0.id,fi1_0.available,fi1_0.category,fi1_0.description,fi1_0.image_url,fi1_0.keywords,fi1_0.name,fi1_0.price,fi1_0.quantity,fi1_0.restaurant_id from food_items fi1_0 where fi1_0.id=?
Hibernate: select fi1_0.id,fi1_0.available,fi1_0.category,fi1_0.description,fi1_0.image_url,fi1_0.keywords,fi1_0.name,fi1_0.price,fi1_0.quantity,fi1_0.restaurant_id from food_items fi1_0 where fi1_0.id=?
Hibernate: update food_items set available=?,category=?,description=?,image_url=?,keywords=?,name=?,price=?,quantity=?,restaurant_id=? where id=?
Hibernate: select o1_0.id,o1_0.actual_delivery_time,o1_0.customer_id,o1_0.delivery_address,o1_0.estimated_delivery_time,o1_0.notes,o1_0.order_date,o1_0.phone,o1_0.restaurant_id,o1_0.status,o1_0.total_amount,oi1_0.order_id,oi1_0.id,oi1_0.food_item_id,oi1_0.price,oi1_0.quantity from orders o1_0 left join order_items oi1_0 on o1_0.id=oi1_0.order_id where o1_0.id=?
Hibernate: update orders set actual_delivery_time=?,customer_id=?,delivery_address=?,estimated_delivery_time=?,notes=?,order_date=?,phone=?,restaurant_id=?,status=?,total_amount=? where id=?
❌ لغو سفارش
Hibernate: select o1_0.id,o1_0.actual_delivery_time,o1_0.customer_id,o1_0.delivery_address,o1_0.estimated_delivery_time,o1_0.notes,o1_0.order_date,oi1_0.order_id,oi1_0.id,oi1_0.food_item_id,fi1_0.id,fi1_0.available,fi1_0.category,fi1_0.description,fi1_0.image_url,fi1_0.keywords,fi1_0.name,fi1_0.price,fi1_0.quantity,fi1_0.restaurant_id,oi1_0.price,oi1_0.quantity,o1_0.phone,o1_0.restaurant_id,o1_0.status,o1_0.total_amount from orders o1_0 left join order_items oi1_0 on o1_0.id=oi1_0.order_id left join food_items fi1_0 on fi1_0.id=oi1_0.food_item_id where o1_0.id=?
Hibernate: select o1_0.id,o1_0.actual_delivery_time,o1_0.customer_id,o1_0.delivery_address,o1_0.estimated_delivery_time,o1_0.notes,o1_0.order_date,o1_0.phone,o1_0.restaurant_id,o1_0.status,o1_0.total_amount from orders o1_0 where o1_0.id=?
Hibernate: update orders set actual_delivery_time=?,customer_id=?,delivery_address=?,estimated_delivery_time=?,notes=?,order_date=?,phone=?,restaurant_id=?,status=?,total_amount=? where id=?
Hibernate: select o1_0.id,o1_0.actual_delivery_time,o1_0.customer_id,o1_0.delivery_address,o1_0.estimated_delivery_time,o1_0.notes,o1_0.order_date,o1_0.phone,o1_0.restaurant_id,o1_0.status,o1_0.total_amount,oi1_0.order_id,oi1_0.id,oi1_0.food_item_id,oi1_0.price,oi1_0.quantity from orders o1_0 left join order_items oi1_0 on o1_0.id=oi1_0.order_id where o1_0.id=?
Hibernate: select o1_0.id,o1_0.actual_delivery_time,o1_0.customer_id,o1_0.delivery_address,o1_0.estimated_delivery_time,o1_0.notes,o1_0.order_date,oi1_0.order_id,oi1_0.id,oi1_0.food_item_id,fi1_0.id,fi1_0.available,fi1_0.category,fi1_0.description,fi1_0.image_url,fi1_0.keywords,fi1_0.name,fi1_0.price,fi1_0.quantity,fi1_0.restaurant_id,oi1_0.price,oi1_0.quantity,o1_0.phone,o1_0.restaurant_id,o1_0.status,o1_0.total_amount from orders o1_0 left join order_items oi1_0 on o1_0.id=oi1_0.order_id left join food_items fi1_0 on fi1_0.id=oi1_0.food_item_id where o1_0.id=?
✅ سفارش با موفقیت لغو شد
🎉 تست لغو سفارش تکمیل شد
Hibernate: delete from notifications
Hibernate: delete from ratings
Hibernate: delete from order_items
Hibernate: delete from orders
Hibernate: delete from food_items
Hibernate: delete from restaurants
Hibernate: delete from users
]]></system-out>
    <system-err><![CDATA[❌ تلاش 1 ناموفق: Phone number already exists: +989010059517
]]></system-err>
  </testcase>
</testsuite>