<?xml version="1.0" encoding="UTF-8"?>
<testsuite xmlns:xsi="http://www.w3.org/2001/XMLSchema-instance" xsi:noNamespaceSchemaLocation="https://maven.apache.org/surefire/maven-surefire-plugin/xsd/surefire-test-report-3.0.xsd" version="3.0" name="com.myapp.auth.AuthServiceTest$ProfileManagementTests" time="0.127" tests="16" errors="0" skipped="0" failures="0">
  <properties>
[...]
</properties>
  <testcase name="updateProfile_nonExistentId_throwsException" classname="com.myapp.auth.AuthServiceTest$ProfileManagementTests" time="0.004">
    <system-out><![CDATA[2025-07-03 23:42:18.931 [main] DEBUG org.hibernate.SQL - 
    delete 
    from
        users
Hibernate: 
    delete 
    from
        users
2025-07-03 23:42:18.934 [main] DEBUG org.hibernate.SQL - 
    select
        u1_0.id,
        u1_0.address,
        u1_0.email,
        u1_0.full_name,
        u1_0.is_active,
        u1_0.password_hash,
        u1_0.phone,
        u1_0.role 
    from
        users u1_0 
    where
        u1_0.id=?
Hibernate: 
    select
        u1_0.id,
        u1_0.address,
        u1_0.email,
        u1_0.full_name,
        u1_0.is_active,
        u1_0.password_hash,
        u1_0.phone,
        u1_0.role 
    from
        users u1_0 
    where
        u1_0.id=?
]]></system-out>
  </testcase>
  <testcase name="updateProfile_nullRequest_throwsException" classname="com.myapp.auth.AuthServiceTest$ProfileManagementTests" time="0.006">
    <system-out><![CDATA[2025-07-03 23:42:18.935 [main] DEBUG org.hibernate.SQL - 
    delete 
    from
        users
Hibernate: 
    delete 
    from
        users
2025-07-03 23:42:18.938 [main] DEBUG org.hibernate.SQL - 
    select
        u1_0.id,
        u1_0.address,
        u1_0.email,
        u1_0.full_name,
        u1_0.is_active,
        u1_0.password_hash,
        u1_0.phone,
        u1_0.role 
    from
        users u1_0 
    where
        u1_0.phone=?
Hibernate: 
    select
        u1_0.id,
        u1_0.address,
        u1_0.email,
        u1_0.full_name,
        u1_0.is_active,
        u1_0.password_hash,
        u1_0.phone,
        u1_0.role 
    from
        users u1_0 
    where
        u1_0.phone=?
2025-07-03 23:42:18.938 [main] DEBUG org.hibernate.SQL - 
    insert 
    into
        users
        (address, email, full_name, is_active, password_hash, phone, role, id) 
    values
        (?, ?, ?, ?, ?, ?, ?, ?)
Hibernate: 
    insert 
    into
        users
        (address, email, full_name, is_active, password_hash, phone, role, id) 
    values
        (?, ?, ?, ?, ?, ?, ?, ?)
2025-07-03 23:42:18.941 [main] DEBUG org.hibernate.SQL - 
    select
        u1_0.id,
        u1_0.address,
        u1_0.email,
        u1_0.full_name,
        u1_0.is_active,
        u1_0.password_hash,
        u1_0.phone,
        u1_0.role 
    from
        users u1_0 
    where
        u1_0.id=?
Hibernate: 
    select
        u1_0.id,
        u1_0.address,
        u1_0.email,
        u1_0.full_name,
        u1_0.is_active,
        u1_0.password_hash,
        u1_0.phone,
        u1_0.role 
    from
        users u1_0 
    where
        u1_0.id=?
]]></system-out>
  </testcase>
  <testcase name="updateProfile_onlyEmail_success" classname="com.myapp.auth.AuthServiceTest$ProfileManagementTests" time="0.01">
    <system-out><![CDATA[2025-07-03 23:42:18.942 [main] DEBUG org.hibernate.SQL - 
    delete 
    from
        users
Hibernate: 
    delete 
    from
        users
2025-07-03 23:42:18.945 [main] DEBUG org.hibernate.SQL - 
    select
        u1_0.id,
        u1_0.address,
        u1_0.email,
        u1_0.full_name,
        u1_0.is_active,
        u1_0.password_hash,
        u1_0.phone,
        u1_0.role 
    from
        users u1_0 
    where
        u1_0.phone=?
Hibernate: 
    select
        u1_0.id,
        u1_0.address,
        u1_0.email,
        u1_0.full_name,
        u1_0.is_active,
        u1_0.password_hash,
        u1_0.phone,
        u1_0.role 
    from
        users u1_0 
    where
        u1_0.phone=?
2025-07-03 23:42:18.945 [main] DEBUG org.hibernate.SQL - 
    insert 
    into
        users
        (address, email, full_name, is_active, password_hash, phone, role, id) 
    values
        (?, ?, ?, ?, ?, ?, ?, ?)
Hibernate: 
    insert 
    into
        users
        (address, email, full_name, is_active, password_hash, phone, role, id) 
    values
        (?, ?, ?, ?, ?, ?, ?, ?)
2025-07-03 23:42:18.948 [main] DEBUG org.hibernate.SQL - 
    select
        u1_0.id,
        u1_0.address,
        u1_0.email,
        u1_0.full_name,
        u1_0.is_active,
        u1_0.password_hash,
        u1_0.phone,
        u1_0.role 
    from
        users u1_0 
    where
        u1_0.id=?
Hibernate: 
    select
        u1_0.id,
        u1_0.address,
        u1_0.email,
        u1_0.full_name,
        u1_0.is_active,
        u1_0.password_hash,
        u1_0.phone,
        u1_0.role 
    from
        users u1_0 
    where
        u1_0.id=?
2025-07-03 23:42:18.949 [main] DEBUG org.hibernate.SQL - 
    select
        u1_0.id,
        u1_0.address,
        u1_0.email,
        u1_0.full_name,
        u1_0.is_active,
        u1_0.password_hash,
        u1_0.phone,
        u1_0.role 
    from
        users u1_0 
    where
        u1_0.id=?
Hibernate: 
    select
        u1_0.id,
        u1_0.address,
        u1_0.email,
        u1_0.full_name,
        u1_0.is_active,
        u1_0.password_hash,
        u1_0.phone,
        u1_0.role 
    from
        users u1_0 
    where
        u1_0.id=?
2025-07-03 23:42:18.949 [main] DEBUG org.hibernate.SQL - 
    update
        users 
    set
        address=?,
        email=?,
        full_name=?,
        is_active=?,
        password_hash=?,
        phone=?,
        role=? 
    where
        id=?
Hibernate: 
    update
        users 
    set
        address=?,
        email=?,
        full_name=?,
        is_active=?,
        password_hash=?,
        phone=?,
        role=? 
    where
        id=?
]]></system-out>
  </testcase>
  <testcase name="getProfile_zeroId_throwsException" classname="com.myapp.auth.AuthServiceTest$ProfileManagementTests" time="0.003">
    <system-out><![CDATA[2025-07-03 23:42:18.952 [main] DEBUG org.hibernate.SQL - 
    delete 
    from
        users
Hibernate: 
    delete 
    from
        users
2025-07-03 23:42:18.955 [main] DEBUG org.hibernate.SQL - 
    select
        u1_0.id,
        u1_0.address,
        u1_0.email,
        u1_0.full_name,
        u1_0.is_active,
        u1_0.password_hash,
        u1_0.phone,
        u1_0.role 
    from
        users u1_0 
    where
        u1_0.id=?
Hibernate: 
    select
        u1_0.id,
        u1_0.address,
        u1_0.email,
        u1_0.full_name,
        u1_0.is_active,
        u1_0.password_hash,
        u1_0.phone,
        u1_0.role 
    from
        users u1_0 
    where
        u1_0.id=?
]]></system-out>
  </testcase>
  <testcase name="getProfile_existingUser_success" classname="com.myapp.auth.AuthServiceTest$ProfileManagementTests" time="0.007">
    <system-out><![CDATA[2025-07-03 23:42:18.956 [main] DEBUG org.hibernate.SQL - 
    delete 
    from
        users
Hibernate: 
    delete 
    from
        users
2025-07-03 23:42:18.958 [main] DEBUG org.hibernate.SQL - 
    select
        u1_0.id,
        u1_0.address,
        u1_0.email,
        u1_0.full_name,
        u1_0.is_active,
        u1_0.password_hash,
        u1_0.phone,
        u1_0.role 
    from
        users u1_0 
    where
        u1_0.phone=?
Hibernate: 
    select
        u1_0.id,
        u1_0.address,
        u1_0.email,
        u1_0.full_name,
        u1_0.is_active,
        u1_0.password_hash,
        u1_0.phone,
        u1_0.role 
    from
        users u1_0 
    where
        u1_0.phone=?
2025-07-03 23:42:18.959 [main] DEBUG org.hibernate.SQL - 
    insert 
    into
        users
        (address, email, full_name, is_active, password_hash, phone, role, id) 
    values
        (?, ?, ?, ?, ?, ?, ?, ?)
Hibernate: 
    insert 
    into
        users
        (address, email, full_name, is_active, password_hash, phone, role, id) 
    values
        (?, ?, ?, ?, ?, ?, ?, ?)
2025-07-03 23:42:18.961 [main] DEBUG org.hibernate.SQL - 
    select
        u1_0.id,
        u1_0.address,
        u1_0.email,
        u1_0.full_name,
        u1_0.is_active,
        u1_0.password_hash,
        u1_0.phone,
        u1_0.role 
    from
        users u1_0 
    where
        u1_0.id=?
Hibernate: 
    select
        u1_0.id,
        u1_0.address,
        u1_0.email,
        u1_0.full_name,
        u1_0.is_active,
        u1_0.password_hash,
        u1_0.phone,
        u1_0.role 
    from
        users u1_0 
    where
        u1_0.id=?
]]></system-out>
  </testcase>
  <testcase name="updateProfile_specialCharacters_success" classname="com.myapp.auth.AuthServiceTest$ProfileManagementTests" time="0.009">
    <system-out><![CDATA[2025-07-03 23:42:18.962 [main] DEBUG org.hibernate.SQL - 
    delete 
    from
        users
Hibernate: 
    delete 
    from
        users
2025-07-03 23:42:18.965 [main] DEBUG org.hibernate.SQL - 
    select
        u1_0.id,
        u1_0.address,
        u1_0.email,
        u1_0.full_name,
        u1_0.is_active,
        u1_0.password_hash,
        u1_0.phone,
        u1_0.role 
    from
        users u1_0 
    where
        u1_0.phone=?
Hibernate: 
    select
        u1_0.id,
        u1_0.address,
        u1_0.email,
        u1_0.full_name,
        u1_0.is_active,
        u1_0.password_hash,
        u1_0.phone,
        u1_0.role 
    from
        users u1_0 
    where
        u1_0.phone=?
2025-07-03 23:42:18.965 [main] DEBUG org.hibernate.SQL - 
    insert 
    into
        users
        (address, email, full_name, is_active, password_hash, phone, role, id) 
    values
        (?, ?, ?, ?, ?, ?, ?, ?)
Hibernate: 
    insert 
    into
        users
        (address, email, full_name, is_active, password_hash, phone, role, id) 
    values
        (?, ?, ?, ?, ?, ?, ?, ?)
2025-07-03 23:42:18.968 [main] DEBUG org.hibernate.SQL - 
    select
        u1_0.id,
        u1_0.address,
        u1_0.email,
        u1_0.full_name,
        u1_0.is_active,
        u1_0.password_hash,
        u1_0.phone,
        u1_0.role 
    from
        users u1_0 
    where
        u1_0.id=?
Hibernate: 
    select
        u1_0.id,
        u1_0.address,
        u1_0.email,
        u1_0.full_name,
        u1_0.is_active,
        u1_0.password_hash,
        u1_0.phone,
        u1_0.role 
    from
        users u1_0 
    where
        u1_0.id=?
2025-07-03 23:42:18.968 [main] DEBUG org.hibernate.SQL - 
    select
        u1_0.id,
        u1_0.address,
        u1_0.email,
        u1_0.full_name,
        u1_0.is_active,
        u1_0.password_hash,
        u1_0.phone,
        u1_0.role 
    from
        users u1_0 
    where
        u1_0.id=?
Hibernate: 
    select
        u1_0.id,
        u1_0.address,
        u1_0.email,
        u1_0.full_name,
        u1_0.is_active,
        u1_0.password_hash,
        u1_0.phone,
        u1_0.role 
    from
        users u1_0 
    where
        u1_0.id=?
2025-07-03 23:42:18.968 [main] DEBUG org.hibernate.SQL - 
    update
        users 
    set
        address=?,
        email=?,
        full_name=?,
        is_active=?,
        password_hash=?,
        phone=?,
        role=? 
    where
        id=?
Hibernate: 
    update
        users 
    set
        address=?,
        email=?,
        full_name=?,
        is_active=?,
        password_hash=?,
        phone=?,
        role=? 
    where
        id=?
]]></system-out>
  </testcase>
  <testcase name="updateProfile_onlyAddress_success" classname="com.myapp.auth.AuthServiceTest$ProfileManagementTests" time="0.009">
    <system-out><![CDATA[2025-07-03 23:42:18.971 [main] DEBUG org.hibernate.SQL - 
    delete 
    from
        users
Hibernate: 
    delete 
    from
        users
2025-07-03 23:42:18.974 [main] DEBUG org.hibernate.SQL - 
    select
        u1_0.id,
        u1_0.address,
        u1_0.email,
        u1_0.full_name,
        u1_0.is_active,
        u1_0.password_hash,
        u1_0.phone,
        u1_0.role 
    from
        users u1_0 
    where
        u1_0.phone=?
Hibernate: 
    select
        u1_0.id,
        u1_0.address,
        u1_0.email,
        u1_0.full_name,
        u1_0.is_active,
        u1_0.password_hash,
        u1_0.phone,
        u1_0.role 
    from
        users u1_0 
    where
        u1_0.phone=?
2025-07-03 23:42:18.975 [main] DEBUG org.hibernate.SQL - 
    insert 
    into
        users
        (address, email, full_name, is_active, password_hash, phone, role, id) 
    values
        (?, ?, ?, ?, ?, ?, ?, ?)
Hibernate: 
    insert 
    into
        users
        (address, email, full_name, is_active, password_hash, phone, role, id) 
    values
        (?, ?, ?, ?, ?, ?, ?, ?)
2025-07-03 23:42:18.977 [main] DEBUG org.hibernate.SQL - 
    select
        u1_0.id,
        u1_0.address,
        u1_0.email,
        u1_0.full_name,
        u1_0.is_active,
        u1_0.password_hash,
        u1_0.phone,
        u1_0.role 
    from
        users u1_0 
    where
        u1_0.id=?
Hibernate: 
    select
        u1_0.id,
        u1_0.address,
        u1_0.email,
        u1_0.full_name,
        u1_0.is_active,
        u1_0.password_hash,
        u1_0.phone,
        u1_0.role 
    from
        users u1_0 
    where
        u1_0.id=?
2025-07-03 23:42:18.977 [main] DEBUG org.hibernate.SQL - 
    select
        u1_0.id,
        u1_0.address,
        u1_0.email,
        u1_0.full_name,
        u1_0.is_active,
        u1_0.password_hash,
        u1_0.phone,
        u1_0.role 
    from
        users u1_0 
    where
        u1_0.id=?
Hibernate: 
    select
        u1_0.id,
        u1_0.address,
        u1_0.email,
        u1_0.full_name,
        u1_0.is_active,
        u1_0.password_hash,
        u1_0.phone,
        u1_0.role 
    from
        users u1_0 
    where
        u1_0.id=?
2025-07-03 23:42:18.978 [main] DEBUG org.hibernate.SQL - 
    update
        users 
    set
        address=?,
        email=?,
        full_name=?,
        is_active=?,
        password_hash=?,
        phone=?,
        role=? 
    where
        id=?
Hibernate: 
    update
        users 
    set
        address=?,
        email=?,
        full_name=?,
        is_active=?,
        password_hash=?,
        phone=?,
        role=? 
    where
        id=?
]]></system-out>
  </testcase>
  <testcase name="updateProfile_validData_success" classname="com.myapp.auth.AuthServiceTest$ProfileManagementTests" time="0.01">
    <system-out><![CDATA[2025-07-03 23:42:18.981 [main] DEBUG org.hibernate.SQL - 
    delete 
    from
        users
Hibernate: 
    delete 
    from
        users
2025-07-03 23:42:18.984 [main] DEBUG org.hibernate.SQL - 
    select
        u1_0.id,
        u1_0.address,
        u1_0.email,
        u1_0.full_name,
        u1_0.is_active,
        u1_0.password_hash,
        u1_0.phone,
        u1_0.role 
    from
        users u1_0 
    where
        u1_0.phone=?
Hibernate: 
    select
        u1_0.id,
        u1_0.address,
        u1_0.email,
        u1_0.full_name,
        u1_0.is_active,
        u1_0.password_hash,
        u1_0.phone,
        u1_0.role 
    from
        users u1_0 
    where
        u1_0.phone=?
2025-07-03 23:42:18.984 [main] DEBUG org.hibernate.SQL - 
    insert 
    into
        users
        (address, email, full_name, is_active, password_hash, phone, role, id) 
    values
        (?, ?, ?, ?, ?, ?, ?, ?)
Hibernate: 
    insert 
    into
        users
        (address, email, full_name, is_active, password_hash, phone, role, id) 
    values
        (?, ?, ?, ?, ?, ?, ?, ?)
2025-07-03 23:42:18.987 [main] DEBUG org.hibernate.SQL - 
    select
        u1_0.id,
        u1_0.address,
        u1_0.email,
        u1_0.full_name,
        u1_0.is_active,
        u1_0.password_hash,
        u1_0.phone,
        u1_0.role 
    from
        users u1_0 
    where
        u1_0.id=?
Hibernate: 
    select
        u1_0.id,
        u1_0.address,
        u1_0.email,
        u1_0.full_name,
        u1_0.is_active,
        u1_0.password_hash,
        u1_0.phone,
        u1_0.role 
    from
        users u1_0 
    where
        u1_0.id=?
2025-07-03 23:42:18.987 [main] DEBUG org.hibernate.SQL - 
    select
        u1_0.id,
        u1_0.address,
        u1_0.email,
        u1_0.full_name,
        u1_0.is_active,
        u1_0.password_hash,
        u1_0.phone,
        u1_0.role 
    from
        users u1_0 
    where
        u1_0.id=?
Hibernate: 
    select
        u1_0.id,
        u1_0.address,
        u1_0.email,
        u1_0.full_name,
        u1_0.is_active,
        u1_0.password_hash,
        u1_0.phone,
        u1_0.role 
    from
        users u1_0 
    where
        u1_0.id=?
2025-07-03 23:42:18.987 [main] DEBUG org.hibernate.SQL - 
    update
        users 
    set
        address=?,
        email=?,
        full_name=?,
        is_active=?,
        password_hash=?,
        phone=?,
        role=? 
    where
        id=?
Hibernate: 
    update
        users 
    set
        address=?,
        email=?,
        full_name=?,
        is_active=?,
        password_hash=?,
        phone=?,
        role=? 
    where
        id=?
]]></system-out>
  </testcase>
  <testcase name="getProfile_returnsUpdatedData_success" classname="com.myapp.auth.AuthServiceTest$ProfileManagementTests" time="0.01">
    <system-out><![CDATA[2025-07-03 23:42:18.991 [main] DEBUG org.hibernate.SQL - 
    delete 
    from
        users
Hibernate: 
    delete 
    from
        users
2025-07-03 23:42:18.993 [main] DEBUG org.hibernate.SQL - 
    select
        u1_0.id,
        u1_0.address,
        u1_0.email,
        u1_0.full_name,
        u1_0.is_active,
        u1_0.password_hash,
        u1_0.phone,
        u1_0.role 
    from
        users u1_0 
    where
        u1_0.phone=?
Hibernate: 
    select
        u1_0.id,
        u1_0.address,
        u1_0.email,
        u1_0.full_name,
        u1_0.is_active,
        u1_0.password_hash,
        u1_0.phone,
        u1_0.role 
    from
        users u1_0 
    where
        u1_0.phone=?
2025-07-03 23:42:18.994 [main] DEBUG org.hibernate.SQL - 
    insert 
    into
        users
        (address, email, full_name, is_active, password_hash, phone, role, id) 
    values
        (?, ?, ?, ?, ?, ?, ?, ?)
Hibernate: 
    insert 
    into
        users
        (address, email, full_name, is_active, password_hash, phone, role, id) 
    values
        (?, ?, ?, ?, ?, ?, ?, ?)
2025-07-03 23:42:18.996 [main] DEBUG org.hibernate.SQL - 
    select
        u1_0.id,
        u1_0.address,
        u1_0.email,
        u1_0.full_name,
        u1_0.is_active,
        u1_0.password_hash,
        u1_0.phone,
        u1_0.role 
    from
        users u1_0 
    where
        u1_0.id=?
Hibernate: 
    select
        u1_0.id,
        u1_0.address,
        u1_0.email,
        u1_0.full_name,
        u1_0.is_active,
        u1_0.password_hash,
        u1_0.phone,
        u1_0.role 
    from
        users u1_0 
    where
        u1_0.id=?
2025-07-03 23:42:18.997 [main] DEBUG org.hibernate.SQL - 
    select
        u1_0.id,
        u1_0.address,
        u1_0.email,
        u1_0.full_name,
        u1_0.is_active,
        u1_0.password_hash,
        u1_0.phone,
        u1_0.role 
    from
        users u1_0 
    where
        u1_0.id=?
Hibernate: 
    select
        u1_0.id,
        u1_0.address,
        u1_0.email,
        u1_0.full_name,
        u1_0.is_active,
        u1_0.password_hash,
        u1_0.phone,
        u1_0.role 
    from
        users u1_0 
    where
        u1_0.id=?
2025-07-03 23:42:18.997 [main] DEBUG org.hibernate.SQL - 
    update
        users 
    set
        address=?,
        email=?,
        full_name=?,
        is_active=?,
        password_hash=?,
        phone=?,
        role=? 
    where
        id=?
Hibernate: 
    update
        users 
    set
        address=?,
        email=?,
        full_name=?,
        is_active=?,
        password_hash=?,
        phone=?,
        role=? 
    where
        id=?
2025-07-03 23:42:18.999 [main] DEBUG org.hibernate.SQL - 
    select
        u1_0.id,
        u1_0.address,
        u1_0.email,
        u1_0.full_name,
        u1_0.is_active,
        u1_0.password_hash,
        u1_0.phone,
        u1_0.role 
    from
        users u1_0 
    where
        u1_0.id=?
Hibernate: 
    select
        u1_0.id,
        u1_0.address,
        u1_0.email,
        u1_0.full_name,
        u1_0.is_active,
        u1_0.password_hash,
        u1_0.phone,
        u1_0.role 
    from
        users u1_0 
    where
        u1_0.id=?
]]></system-out>
  </testcase>
  <testcase name="getProfile_nonExistentUser_throwsException" classname="com.myapp.auth.AuthServiceTest$ProfileManagementTests" time="0.003">
    <system-out><![CDATA[2025-07-03 23:42:19.000 [main] DEBUG org.hibernate.SQL - 
    delete 
    from
        users
Hibernate: 
    delete 
    from
        users
2025-07-03 23:42:19.003 [main] DEBUG org.hibernate.SQL - 
    select
        u1_0.id,
        u1_0.address,
        u1_0.email,
        u1_0.full_name,
        u1_0.is_active,
        u1_0.password_hash,
        u1_0.phone,
        u1_0.role 
    from
        users u1_0 
    where
        u1_0.id=?
Hibernate: 
    select
        u1_0.id,
        u1_0.address,
        u1_0.email,
        u1_0.full_name,
        u1_0.is_active,
        u1_0.password_hash,
        u1_0.phone,
        u1_0.role 
    from
        users u1_0 
    where
        u1_0.id=?
]]></system-out>
  </testcase>
  <testcase name="updateProfile_onlyFullName_success" classname="com.myapp.auth.AuthServiceTest$ProfileManagementTests" time="0.009">
    <system-out><![CDATA[2025-07-03 23:42:19.004 [main] DEBUG org.hibernate.SQL - 
    delete 
    from
        users
Hibernate: 
    delete 
    from
        users
2025-07-03 23:42:19.006 [main] DEBUG org.hibernate.SQL - 
    select
        u1_0.id,
        u1_0.address,
        u1_0.email,
        u1_0.full_name,
        u1_0.is_active,
        u1_0.password_hash,
        u1_0.phone,
        u1_0.role 
    from
        users u1_0 
    where
        u1_0.phone=?
Hibernate: 
    select
        u1_0.id,
        u1_0.address,
        u1_0.email,
        u1_0.full_name,
        u1_0.is_active,
        u1_0.password_hash,
        u1_0.phone,
        u1_0.role 
    from
        users u1_0 
    where
        u1_0.phone=?
2025-07-03 23:42:19.007 [main] DEBUG org.hibernate.SQL - 
    insert 
    into
        users
        (address, email, full_name, is_active, password_hash, phone, role, id) 
    values
        (?, ?, ?, ?, ?, ?, ?, ?)
Hibernate: 
    insert 
    into
        users
        (address, email, full_name, is_active, password_hash, phone, role, id) 
    values
        (?, ?, ?, ?, ?, ?, ?, ?)
2025-07-03 23:42:19.009 [main] DEBUG org.hibernate.SQL - 
    select
        u1_0.id,
        u1_0.address,
        u1_0.email,
        u1_0.full_name,
        u1_0.is_active,
        u1_0.password_hash,
        u1_0.phone,
        u1_0.role 
    from
        users u1_0 
    where
        u1_0.id=?
Hibernate: 
    select
        u1_0.id,
        u1_0.address,
        u1_0.email,
        u1_0.full_name,
        u1_0.is_active,
        u1_0.password_hash,
        u1_0.phone,
        u1_0.role 
    from
        users u1_0 
    where
        u1_0.id=?
2025-07-03 23:42:19.009 [main] DEBUG org.hibernate.SQL - 
    select
        u1_0.id,
        u1_0.address,
        u1_0.email,
        u1_0.full_name,
        u1_0.is_active,
        u1_0.password_hash,
        u1_0.phone,
        u1_0.role 
    from
        users u1_0 
    where
        u1_0.id=?
Hibernate: 
    select
        u1_0.id,
        u1_0.address,
        u1_0.email,
        u1_0.full_name,
        u1_0.is_active,
        u1_0.password_hash,
        u1_0.phone,
        u1_0.role 
    from
        users u1_0 
    where
        u1_0.id=?
2025-07-03 23:42:19.010 [main] DEBUG org.hibernate.SQL - 
    update
        users 
    set
        address=?,
        email=?,
        full_name=?,
        is_active=?,
        password_hash=?,
        phone=?,
        role=? 
    where
        id=?
Hibernate: 
    update
        users 
    set
        address=?,
        email=?,
        full_name=?,
        is_active=?,
        password_hash=?,
        phone=?,
        role=? 
    where
        id=?
]]></system-out>
  </testcase>
  <testcase name="updateProfile_emptyStrings_success" classname="com.myapp.auth.AuthServiceTest$ProfileManagementTests" time="0.01">
    <system-out><![CDATA[2025-07-03 23:42:19.013 [main] DEBUG org.hibernate.SQL - 
    delete 
    from
        users
Hibernate: 
    delete 
    from
        users
2025-07-03 23:42:19.015 [main] DEBUG org.hibernate.SQL - 
    select
        u1_0.id,
        u1_0.address,
        u1_0.email,
        u1_0.full_name,
        u1_0.is_active,
        u1_0.password_hash,
        u1_0.phone,
        u1_0.role 
    from
        users u1_0 
    where
        u1_0.phone=?
Hibernate: 
    select
        u1_0.id,
        u1_0.address,
        u1_0.email,
        u1_0.full_name,
        u1_0.is_active,
        u1_0.password_hash,
        u1_0.phone,
        u1_0.role 
    from
        users u1_0 
    where
        u1_0.phone=?
2025-07-03 23:42:19.016 [main] DEBUG org.hibernate.SQL - 
    insert 
    into
        users
        (address, email, full_name, is_active, password_hash, phone, role, id) 
    values
        (?, ?, ?, ?, ?, ?, ?, ?)
Hibernate: 
    insert 
    into
        users
        (address, email, full_name, is_active, password_hash, phone, role, id) 
    values
        (?, ?, ?, ?, ?, ?, ?, ?)
2025-07-03 23:42:19.018 [main] DEBUG org.hibernate.SQL - 
    select
        u1_0.id,
        u1_0.address,
        u1_0.email,
        u1_0.full_name,
        u1_0.is_active,
        u1_0.password_hash,
        u1_0.phone,
        u1_0.role 
    from
        users u1_0 
    where
        u1_0.id=?
Hibernate: 
    select
        u1_0.id,
        u1_0.address,
        u1_0.email,
        u1_0.full_name,
        u1_0.is_active,
        u1_0.password_hash,
        u1_0.phone,
        u1_0.role 
    from
        users u1_0 
    where
        u1_0.id=?
2025-07-03 23:42:19.019 [main] DEBUG org.hibernate.SQL - 
    select
        u1_0.id,
        u1_0.address,
        u1_0.email,
        u1_0.full_name,
        u1_0.is_active,
        u1_0.password_hash,
        u1_0.phone,
        u1_0.role 
    from
        users u1_0 
    where
        u1_0.id=?
Hibernate: 
    select
        u1_0.id,
        u1_0.address,
        u1_0.email,
        u1_0.full_name,
        u1_0.is_active,
        u1_0.password_hash,
        u1_0.phone,
        u1_0.role 
    from
        users u1_0 
    where
        u1_0.id=?
2025-07-03 23:42:19.019 [main] DEBUG org.hibernate.SQL - 
    update
        users 
    set
        address=?,
        email=?,
        full_name=?,
        is_active=?,
        password_hash=?,
        phone=?,
        role=? 
    where
        id=?
Hibernate: 
    update
        users 
    set
        address=?,
        email=?,
        full_name=?,
        is_active=?,
        password_hash=?,
        phone=?,
        role=? 
    where
        id=?
]]></system-out>
  </testcase>
  <testcase name="updateProfile_veryLongData_success" classname="com.myapp.auth.AuthServiceTest$ProfileManagementTests" time="0.009">
    <system-out><![CDATA[2025-07-03 23:42:19.022 [main] DEBUG org.hibernate.SQL - 
    delete 
    from
        users
Hibernate: 
    delete 
    from
        users
2025-07-03 23:42:19.025 [main] DEBUG org.hibernate.SQL - 
    select
        u1_0.id,
        u1_0.address,
        u1_0.email,
        u1_0.full_name,
        u1_0.is_active,
        u1_0.password_hash,
        u1_0.phone,
        u1_0.role 
    from
        users u1_0 
    where
        u1_0.phone=?
Hibernate: 
    select
        u1_0.id,
        u1_0.address,
        u1_0.email,
        u1_0.full_name,
        u1_0.is_active,
        u1_0.password_hash,
        u1_0.phone,
        u1_0.role 
    from
        users u1_0 
    where
        u1_0.phone=?
2025-07-03 23:42:19.025 [main] DEBUG org.hibernate.SQL - 
    insert 
    into
        users
        (address, email, full_name, is_active, password_hash, phone, role, id) 
    values
        (?, ?, ?, ?, ?, ?, ?, ?)
Hibernate: 
    insert 
    into
        users
        (address, email, full_name, is_active, password_hash, phone, role, id) 
    values
        (?, ?, ?, ?, ?, ?, ?, ?)
2025-07-03 23:42:19.027 [main] DEBUG org.hibernate.SQL - 
    select
        u1_0.id,
        u1_0.address,
        u1_0.email,
        u1_0.full_name,
        u1_0.is_active,
        u1_0.password_hash,
        u1_0.phone,
        u1_0.role 
    from
        users u1_0 
    where
        u1_0.id=?
Hibernate: 
    select
        u1_0.id,
        u1_0.address,
        u1_0.email,
        u1_0.full_name,
        u1_0.is_active,
        u1_0.password_hash,
        u1_0.phone,
        u1_0.role 
    from
        users u1_0 
    where
        u1_0.id=?
2025-07-03 23:42:19.028 [main] DEBUG org.hibernate.SQL - 
    select
        u1_0.id,
        u1_0.address,
        u1_0.email,
        u1_0.full_name,
        u1_0.is_active,
        u1_0.password_hash,
        u1_0.phone,
        u1_0.role 
    from
        users u1_0 
    where
        u1_0.id=?
Hibernate: 
    select
        u1_0.id,
        u1_0.address,
        u1_0.email,
        u1_0.full_name,
        u1_0.is_active,
        u1_0.password_hash,
        u1_0.phone,
        u1_0.role 
    from
        users u1_0 
    where
        u1_0.id=?
2025-07-03 23:42:19.028 [main] DEBUG org.hibernate.SQL - 
    update
        users 
    set
        address=?,
        email=?,
        full_name=?,
        is_active=?,
        password_hash=?,
        phone=?,
        role=? 
    where
        id=?
Hibernate: 
    update
        users 
    set
        address=?,
        email=?,
        full_name=?,
        is_active=?,
        password_hash=?,
        phone=?,
        role=? 
    where
        id=?
]]></system-out>
  </testcase>
  <testcase name="getProfile_negativeId_throwsException" classname="com.myapp.auth.AuthServiceTest$ProfileManagementTests" time="0.003">
    <system-out><![CDATA[2025-07-03 23:42:19.031 [main] DEBUG org.hibernate.SQL - 
    delete 
    from
        users
Hibernate: 
    delete 
    from
        users
2025-07-03 23:42:19.034 [main] DEBUG org.hibernate.SQL - 
    select
        u1_0.id,
        u1_0.address,
        u1_0.email,
        u1_0.full_name,
        u1_0.is_active,
        u1_0.password_hash,
        u1_0.phone,
        u1_0.role 
    from
        users u1_0 
    where
        u1_0.id=?
Hibernate: 
    select
        u1_0.id,
        u1_0.address,
        u1_0.email,
        u1_0.full_name,
        u1_0.is_active,
        u1_0.password_hash,
        u1_0.phone,
        u1_0.role 
    from
        users u1_0 
    where
        u1_0.id=?
]]></system-out>
  </testcase>
  <testcase name="updateProfile_preservesRoleAndPassword_success" classname="com.myapp.auth.AuthServiceTest$ProfileManagementTests" time="0.009">
    <system-out><![CDATA[2025-07-03 23:42:19.034 [main] DEBUG org.hibernate.SQL - 
    delete 
    from
        users
Hibernate: 
    delete 
    from
        users
2025-07-03 23:42:19.037 [main] DEBUG org.hibernate.SQL - 
    select
        u1_0.id,
        u1_0.address,
        u1_0.email,
        u1_0.full_name,
        u1_0.is_active,
        u1_0.password_hash,
        u1_0.phone,
        u1_0.role 
    from
        users u1_0 
    where
        u1_0.phone=?
Hibernate: 
    select
        u1_0.id,
        u1_0.address,
        u1_0.email,
        u1_0.full_name,
        u1_0.is_active,
        u1_0.password_hash,
        u1_0.phone,
        u1_0.role 
    from
        users u1_0 
    where
        u1_0.phone=?
2025-07-03 23:42:19.037 [main] DEBUG org.hibernate.SQL - 
    insert 
    into
        users
        (address, email, full_name, is_active, password_hash, phone, role, id) 
    values
        (?, ?, ?, ?, ?, ?, ?, ?)
Hibernate: 
    insert 
    into
        users
        (address, email, full_name, is_active, password_hash, phone, role, id) 
    values
        (?, ?, ?, ?, ?, ?, ?, ?)
2025-07-03 23:42:19.039 [main] DEBUG org.hibernate.SQL - 
    select
        u1_0.id,
        u1_0.address,
        u1_0.email,
        u1_0.full_name,
        u1_0.is_active,
        u1_0.password_hash,
        u1_0.phone,
        u1_0.role 
    from
        users u1_0 
    where
        u1_0.id=?
Hibernate: 
    select
        u1_0.id,
        u1_0.address,
        u1_0.email,
        u1_0.full_name,
        u1_0.is_active,
        u1_0.password_hash,
        u1_0.phone,
        u1_0.role 
    from
        users u1_0 
    where
        u1_0.id=?
2025-07-03 23:42:19.040 [main] DEBUG org.hibernate.SQL - 
    select
        u1_0.id,
        u1_0.address,
        u1_0.email,
        u1_0.full_name,
        u1_0.is_active,
        u1_0.password_hash,
        u1_0.phone,
        u1_0.role 
    from
        users u1_0 
    where
        u1_0.id=?
Hibernate: 
    select
        u1_0.id,
        u1_0.address,
        u1_0.email,
        u1_0.full_name,
        u1_0.is_active,
        u1_0.password_hash,
        u1_0.phone,
        u1_0.role 
    from
        users u1_0 
    where
        u1_0.id=?
2025-07-03 23:42:19.040 [main] DEBUG org.hibernate.SQL - 
    update
        users 
    set
        address=?,
        email=?,
        full_name=?,
        is_active=?,
        password_hash=?,
        phone=?,
        role=? 
    where
        id=?
Hibernate: 
    update
        users 
    set
        address=?,
        email=?,
        full_name=?,
        is_active=?,
        password_hash=?,
        phone=?,
        role=? 
    where
        id=?
]]></system-out>
  </testcase>
  <testcase name="updateProfile_multipleTimes_success" classname="com.myapp.auth.AuthServiceTest$ProfileManagementTests" time="0.015">
    <system-out><![CDATA[2025-07-03 23:42:19.043 [main] DEBUG org.hibernate.SQL - 
    delete 
    from
        users
Hibernate: 
    delete 
    from
        users
2025-07-03 23:42:19.046 [main] DEBUG org.hibernate.SQL - 
    select
        u1_0.id,
        u1_0.address,
        u1_0.email,
        u1_0.full_name,
        u1_0.is_active,
        u1_0.password_hash,
        u1_0.phone,
        u1_0.role 
    from
        users u1_0 
    where
        u1_0.phone=?
Hibernate: 
    select
        u1_0.id,
        u1_0.address,
        u1_0.email,
        u1_0.full_name,
        u1_0.is_active,
        u1_0.password_hash,
        u1_0.phone,
        u1_0.role 
    from
        users u1_0 
    where
        u1_0.phone=?
2025-07-03 23:42:19.046 [main] DEBUG org.hibernate.SQL - 
    insert 
    into
        users
        (address, email, full_name, is_active, password_hash, phone, role, id) 
    values
        (?, ?, ?, ?, ?, ?, ?, ?)
Hibernate: 
    insert 
    into
        users
        (address, email, full_name, is_active, password_hash, phone, role, id) 
    values
        (?, ?, ?, ?, ?, ?, ?, ?)
2025-07-03 23:42:19.049 [main] DEBUG org.hibernate.SQL - 
    select
        u1_0.id,
        u1_0.address,
        u1_0.email,
        u1_0.full_name,
        u1_0.is_active,
        u1_0.password_hash,
        u1_0.phone,
        u1_0.role 
    from
        users u1_0 
    where
        u1_0.id=?
Hibernate: 
    select
        u1_0.id,
        u1_0.address,
        u1_0.email,
        u1_0.full_name,
        u1_0.is_active,
        u1_0.password_hash,
        u1_0.phone,
        u1_0.role 
    from
        users u1_0 
    where
        u1_0.id=?
2025-07-03 23:42:19.049 [main] DEBUG org.hibernate.SQL - 
    select
        u1_0.id,
        u1_0.address,
        u1_0.email,
        u1_0.full_name,
        u1_0.is_active,
        u1_0.password_hash,
        u1_0.phone,
        u1_0.role 
    from
        users u1_0 
    where
        u1_0.id=?
Hibernate: 
    select
        u1_0.id,
        u1_0.address,
        u1_0.email,
        u1_0.full_name,
        u1_0.is_active,
        u1_0.password_hash,
        u1_0.phone,
        u1_0.role 
    from
        users u1_0 
    where
        u1_0.id=?
2025-07-03 23:42:19.050 [main] DEBUG org.hibernate.SQL - 
    update
        users 
    set
        address=?,
        email=?,
        full_name=?,
        is_active=?,
        password_hash=?,
        phone=?,
        role=? 
    where
        id=?
Hibernate: 
    update
        users 
    set
        address=?,
        email=?,
        full_name=?,
        is_active=?,
        password_hash=?,
        phone=?,
        role=? 
    where
        id=?
2025-07-03 23:42:19.052 [main] DEBUG org.hibernate.SQL - 
    select
        u1_0.id,
        u1_0.address,
        u1_0.email,
        u1_0.full_name,
        u1_0.is_active,
        u1_0.password_hash,
        u1_0.phone,
        u1_0.role 
    from
        users u1_0 
    where
        u1_0.id=?
Hibernate: 
    select
        u1_0.id,
        u1_0.address,
        u1_0.email,
        u1_0.full_name,
        u1_0.is_active,
        u1_0.password_hash,
        u1_0.phone,
        u1_0.role 
    from
        users u1_0 
    where
        u1_0.id=?
2025-07-03 23:42:19.052 [main] DEBUG org.hibernate.SQL - 
    select
        u1_0.id,
        u1_0.address,
        u1_0.email,
        u1_0.full_name,
        u1_0.is_active,
        u1_0.password_hash,
        u1_0.phone,
        u1_0.role 
    from
        users u1_0 
    where
        u1_0.id=?
Hibernate: 
    select
        u1_0.id,
        u1_0.address,
        u1_0.email,
        u1_0.full_name,
        u1_0.is_active,
        u1_0.password_hash,
        u1_0.phone,
        u1_0.role 
    from
        users u1_0 
    where
        u1_0.id=?
2025-07-03 23:42:19.053 [main] DEBUG org.hibernate.SQL - 
    update
        users 
    set
        address=?,
        email=?,
        full_name=?,
        is_active=?,
        password_hash=?,
        phone=?,
        role=? 
    where
        id=?
Hibernate: 
    update
        users 
    set
        address=?,
        email=?,
        full_name=?,
        is_active=?,
        password_hash=?,
        phone=?,
        role=? 
    where
        id=?
2025-07-03 23:42:19.055 [main] DEBUG org.hibernate.SQL - 
    select
        u1_0.id,
        u1_0.address,
        u1_0.email,
        u1_0.full_name,
        u1_0.is_active,
        u1_0.password_hash,
        u1_0.phone,
        u1_0.role 
    from
        users u1_0 
    where
        u1_0.id=?
Hibernate: 
    select
        u1_0.id,
        u1_0.address,
        u1_0.email,
        u1_0.full_name,
        u1_0.is_active,
        u1_0.password_hash,
        u1_0.phone,
        u1_0.role 
    from
        users u1_0 
    where
        u1_0.id=?
2025-07-03 23:42:19.055 [main] DEBUG org.hibernate.SQL - 
    select
        u1_0.id,
        u1_0.address,
        u1_0.email,
        u1_0.full_name,
        u1_0.is_active,
        u1_0.password_hash,
        u1_0.phone,
        u1_0.role 
    from
        users u1_0 
    where
        u1_0.id=?
Hibernate: 
    select
        u1_0.id,
        u1_0.address,
        u1_0.email,
        u1_0.full_name,
        u1_0.is_active,
        u1_0.password_hash,
        u1_0.phone,
        u1_0.role 
    from
        users u1_0 
    where
        u1_0.id=?
2025-07-03 23:42:19.056 [main] DEBUG org.hibernate.SQL - 
    update
        users 
    set
        address=?,
        email=?,
        full_name=?,
        is_active=?,
        password_hash=?,
        phone=?,
        role=? 
    where
        id=?
Hibernate: 
    update
        users 
    set
        address=?,
        email=?,
        full_name=?,
        is_active=?,
        password_hash=?,
        phone=?,
        role=? 
    where
        id=?
]]></system-out>
  </testcase>
</testsuite>