<?xml version="1.0" encoding="UTF-8"?>
<testsuite xmlns:xsi="http://www.w3.org/2001/XMLSchema-instance" xsi:noNamespaceSchemaLocation="https://maven.apache.org/surefire/maven-surefire-plugin/xsd/surefire-test-report-3.0.xsd" version="3.0" name="com.myapp.order.OrderControllerIntegrationTest$PerformanceTests" time="0.969" tests="2" errors="0" skipped="0" failures="0">
  <properties>
[...]
</properties>
  <testcase name="bulkOrderCreation_100Orders_CompletesInReasonableTime" classname="com.myapp.order.OrderControllerIntegrationTest$PerformanceTests" time="0.655">
    <system-out><![CDATA[Hibernate: delete from notifications
Hibernate: delete from ratings
Hibernate: delete from order_items
Hibernate: delete from orders
Hibernate: delete from food_items
Hibernate: delete from restaurants
Hibernate: delete from users
🚀 شروع تست ایجاد انبوه سفارش
📋 آماده‌سازی داده‌های پایه
🔨 شروع ایجاد کاربر تست با ایمیل: customer.performance@test.com
🔄 تلاش شماره 1 از 3 برای ذخیره کاربر
Hibernate: select u1_0.id,u1_0.address,u1_0.email,u1_0.full_name,u1_0.is_active,u1_0.password_hash,u1_0.phone,u1_0.role from users u1_0 where u1_0.phone=?
Hibernate: insert into users (address,email,full_name,is_active,password_hash,phone,role) values (?,?,?,?,?,?,?)
Hibernate: select last_insert_rowid()
✅ کاربر تست با موفقیت ذخیره شد - ID: 1, ایمیل: customer.performance@test.com
🏪 شروع ایجاد رستوران تست با نام: رستوران کارایی
🔨 شروع ایجاد کاربر تست با ایمیل: restaurant.owner.1751321361914@test.com
🔄 تلاش شماره 1 از 3 برای ذخیره کاربر
Hibernate: select u1_0.id,u1_0.address,u1_0.email,u1_0.full_name,u1_0.is_active,u1_0.password_hash,u1_0.phone,u1_0.role from users u1_0 where u1_0.phone=?
Hibernate: insert into users (address,email,full_name,is_active,password_hash,phone,role) values (?,?,?,?,?,?,?)
Hibernate: select last_insert_rowid()
✅ کاربر تست با موفقیت ذخیره شد - ID: 2, ایمیل: restaurant.owner.1751321361914@test.com
👤 مالک رستوران ایجاد شد - ID: 2
💾 تلاش برای ذخیره رستوران در پایگاه داده...
🔄 تلاش شماره 1 از 3 برای ذخیره رستوران
Hibernate: insert into restaurants (address,name,owner_id,phone,status) values (?,?,?,?,?)
Hibernate: select last_insert_rowid()
✅ رستوران با موفقیت ذخیره شد - ID: 1
Hibernate: select r1_0.id,r1_0.address,r1_0.name,r1_0.owner_id,r1_0.phone,r1_0.status from restaurants r1_0 where r1_0.id=?
✅ تأیید: رستوران قابل بازیابی است
🍕 شروع ایجاد آیتم غذا تست: پیتزا کارایی - قیمت: 25.99
💾 تلاش برای ذخیره آیتم غذا در پایگاه داده...
🔄 تلاش شماره 1 از 3 برای ذخیره آیتم غذا
Hibernate: insert into food_items (available,category,description,image_url,keywords,name,price,quantity,restaurant_id) values (?,?,?,?,?,?,?,?,?)
Hibernate: select last_insert_rowid()
✅ آیتم غذا با موفقیت ذخیره شد - ID: 1
Hibernate: select fi1_0.id,fi1_0.available,fi1_0.category,fi1_0.description,fi1_0.image_url,fi1_0.keywords,fi1_0.name,fi1_0.price,fi1_0.quantity,fi1_0.restaurant_id from food_items fi1_0 where fi1_0.id=?
✅ تأیید: آیتم غذا قابل بازیابی است
⏱️ شروع اندازه‌گیری زمان برای ایجاد 100 سفارش
Hibernate: select r1_0.id,r1_0.address,r1_0.name,r1_0.owner_id,r1_0.phone,r1_0.status from restaurants r1_0 where r1_0.id=?
Hibernate: select r1_0.id,r1_0.address,r1_0.name,r1_0.owner_id,r1_0.phone,r1_0.status from restaurants r1_0 where r1_0.id=?
Hibernate: select r1_0.id,r1_0.address,r1_0.name,r1_0.owner_id,r1_0.phone,r1_0.status from restaurants r1_0 where r1_0.id=?
Hibernate: select r1_0.id,r1_0.address,r1_0.name,r1_0.owner_id,r1_0.phone,r1_0.status from restaurants r1_0 where r1_0.id=?
Hibernate: select r1_0.id,r1_0.address,r1_0.name,r1_0.owner_id,r1_0.phone,r1_0.status from restaurants r1_0 where r1_0.id=?
Hibernate: select r1_0.id,r1_0.address,r1_0.name,r1_0.owner_id,r1_0.phone,r1_0.status from restaurants r1_0 where r1_0.id=?
Hibernate: select r1_0.id,r1_0.address,r1_0.name,r1_0.owner_id,r1_0.phone,r1_0.status from restaurants r1_0 where r1_0.id=?
Hibernate: select r1_0.id,r1_0.address,r1_0.name,r1_0.owner_id,r1_0.phone,r1_0.status from restaurants r1_0 where r1_0.id=?
Hibernate: select r1_0.id,r1_0.address,r1_0.name,r1_0.owner_id,r1_0.phone,r1_0.status from restaurants r1_0 where r1_0.id=?
Hibernate: select r1_0.id,r1_0.address,r1_0.name,r1_0.owner_id,r1_0.phone,r1_0.status from restaurants r1_0 where r1_0.id=?
Hibernate: select r1_0.id,r1_0.address,r1_0.name,r1_0.owner_id,r1_0.phone,r1_0.status from restaurants r1_0 where r1_0.id=?
Hibernate: select r1_0.id,r1_0.address,r1_0.name,r1_0.owner_id,r1_0.phone,r1_0.status from restaurants r1_0 where r1_0.id=?
Hibernate: select r1_0.id,r1_0.address,r1_0.name,r1_0.owner_id,r1_0.phone,r1_0.status from restaurants r1_0 where r1_0.id=?
Hibernate: select r1_0.id,r1_0.address,r1_0.name,r1_0.owner_id,r1_0.phone,r1_0.status from restaurants r1_0 where r1_0.id=?
Hibernate: select r1_0.id,r1_0.address,r1_0.name,r1_0.owner_id,r1_0.phone,r1_0.status from restaurants r1_0 where r1_0.id=?
Hibernate: select r1_0.id,r1_0.address,r1_0.name,r1_0.owner_id,r1_0.phone,r1_0.status from restaurants r1_0 where r1_0.id=?
Hibernate: insert into orders (actual_delivery_time,customer_id,delivery_address,estimated_delivery_time,notes,order_date,phone,restaurant_id,status,total_amount) values (?,?,?,?,?,?,?,?,?,?)
Hibernate: insert into orders (actual_delivery_time,customer_id,delivery_address,estimated_delivery_time,notes,order_date,phone,restaurant_id,status,total_amount) values (?,?,?,?,?,?,?,?,?,?)
Hibernate: insert into orders (actual_delivery_time,customer_id,delivery_address,estimated_delivery_time,notes,order_date,phone,restaurant_id,status,total_amount) values (?,?,?,?,?,?,?,?,?,?)
Hibernate: insert into orders (actual_delivery_time,customer_id,delivery_address,estimated_delivery_time,notes,order_date,phone,restaurant_id,status,total_amount) values (?,?,?,?,?,?,?,?,?,?)
Hibernate: insert into orders (actual_delivery_time,customer_id,delivery_address,estimated_delivery_time,notes,order_date,phone,restaurant_id,status,total_amount) values (?,?,?,?,?,?,?,?,?,?)
Hibernate: insert into orders (actual_delivery_time,customer_id,delivery_address,estimated_delivery_time,notes,order_date,phone,restaurant_id,status,total_amount) values (?,?,?,?,?,?,?,?,?,?)
Hibernate: insert into orders (actual_delivery_time,customer_id,delivery_address,estimated_delivery_time,notes,order_date,phone,restaurant_id,status,total_amount) values (?,?,?,?,?,?,?,?,?,?)
Hibernate: insert into orders (actual_delivery_time,customer_id,delivery_address,estimated_delivery_time,notes,order_date,phone,restaurant_id,status,total_amount) values (?,?,?,?,?,?,?,?,?,?)
Hibernate: select last_insert_rowid()
Hibernate: insert into orders (actual_delivery_time,customer_id,delivery_address,estimated_delivery_time,notes,order_date,phone,restaurant_id,status,total_amount) values (?,?,?,?,?,?,?,?,?,?)
Hibernate: insert into orders (actual_delivery_time,customer_id,delivery_address,estimated_delivery_time,notes,order_date,phone,restaurant_id,status,total_amount) values (?,?,?,?,?,?,?,?,?,?)
Hibernate: select o1_0.id,o1_0.actual_delivery_time,o1_0.customer_id,o1_0.delivery_address,o1_0.estimated_delivery_time,o1_0.notes,o1_0.order_date,oi1_0.order_id,oi1_0.id,oi1_0.food_item_id,fi1_0.id,fi1_0.available,fi1_0.category,fi1_0.description,fi1_0.image_url,fi1_0.keywords,fi1_0.name,fi1_0.price,fi1_0.quantity,fi1_0.restaurant_id,oi1_0.price,oi1_0.quantity,o1_0.phone,o1_0.restaurant_id,o1_0.status,o1_0.total_amount from orders o1_0 left join order_items oi1_0 on o1_0.id=oi1_0.order_id left join food_items fi1_0 on fi1_0.id=oi1_0.food_item_id where o1_0.id=?
Hibernate: select fi1_0.id,fi1_0.available,fi1_0.category,fi1_0.description,fi1_0.image_url,fi1_0.keywords,fi1_0.name,fi1_0.price,fi1_0.quantity,fi1_0.restaurant_id from food_items fi1_0 where fi1_0.id=?
Hibernate: select last_insert_rowid()
Hibernate: select o1_0.id,o1_0.actual_delivery_time,o1_0.customer_id,o1_0.delivery_address,o1_0.estimated_delivery_time,o1_0.notes,o1_0.order_date,o1_0.phone,o1_0.restaurant_id,o1_0.status,o1_0.total_amount,oi1_0.order_id,oi1_0.id,oi1_0.food_item_id,oi1_0.price,oi1_0.quantity from orders o1_0 left join order_items oi1_0 on o1_0.id=oi1_0.order_id where o1_0.id=?
Hibernate: select o1_0.id,o1_0.actual_delivery_time,o1_0.customer_id,o1_0.delivery_address,o1_0.estimated_delivery_time,o1_0.notes,o1_0.order_date,oi1_0.order_id,oi1_0.id,oi1_0.food_item_id,fi1_0.id,fi1_0.available,fi1_0.category,fi1_0.description,fi1_0.image_url,fi1_0.keywords,fi1_0.name,fi1_0.price,fi1_0.quantity,fi1_0.restaurant_id,oi1_0.price,oi1_0.quantity,o1_0.phone,o1_0.restaurant_id,o1_0.status,o1_0.total_amount from orders o1_0 left join order_items oi1_0 on o1_0.id=oi1_0.order_id left join food_items fi1_0 on fi1_0.id=oi1_0.food_item_id where o1_0.id=?
Hibernate: insert into orders (actual_delivery_time,customer_id,delivery_address,estimated_delivery_time,notes,order_date,phone,restaurant_id,status,total_amount) values (?,?,?,?,?,?,?,?,?,?)
Hibernate: select last_insert_rowid()
Hibernate: insert into order_items (food_item_id,order_id,price,quantity) values (?,?,?,?)
Hibernate: select fi1_0.id,fi1_0.available,fi1_0.category,fi1_0.description,fi1_0.image_url,fi1_0.keywords,fi1_0.name,fi1_0.price,fi1_0.quantity,fi1_0.restaurant_id from food_items fi1_0 where fi1_0.id=?
Hibernate: select o1_0.id,o1_0.actual_delivery_time,o1_0.customer_id,o1_0.delivery_address,o1_0.estimated_delivery_time,o1_0.notes,o1_0.order_date,oi1_0.order_id,oi1_0.id,oi1_0.food_item_id,fi1_0.id,fi1_0.available,fi1_0.category,fi1_0.description,fi1_0.image_url,fi1_0.keywords,fi1_0.name,fi1_0.price,fi1_0.quantity,fi1_0.restaurant_id,oi1_0.price,oi1_0.quantity,o1_0.phone,o1_0.restaurant_id,o1_0.status,o1_0.total_amount from orders o1_0 left join order_items oi1_0 on o1_0.id=oi1_0.order_id left join food_items fi1_0 on fi1_0.id=oi1_0.food_item_id where o1_0.id=?
Hibernate: select o1_0.id,o1_0.actual_delivery_time,o1_0.customer_id,o1_0.delivery_address,o1_0.estimated_delivery_time,o1_0.notes,o1_0.order_date,o1_0.phone,o1_0.restaurant_id,o1_0.status,o1_0.total_amount,oi1_0.order_id,oi1_0.id,oi1_0.food_item_id,oi1_0.price,oi1_0.quantity from orders o1_0 left join order_items oi1_0 on o1_0.id=oi1_0.order_id where o1_0.id=?
Hibernate: select fi1_0.id,fi1_0.available,fi1_0.category,fi1_0.description,fi1_0.image_url,fi1_0.keywords,fi1_0.name,fi1_0.price,fi1_0.quantity,fi1_0.restaurant_id from food_items fi1_0 where fi1_0.id=?
Hibernate: select o1_0.id,o1_0.actual_delivery_time,o1_0.customer_id,o1_0.delivery_address,o1_0.estimated_delivery_time,o1_0.notes,o1_0.order_date,o1_0.phone,o1_0.restaurant_id,o1_0.status,o1_0.total_amount,oi1_0.order_id,oi1_0.id,oi1_0.food_item_id,oi1_0.price,oi1_0.quantity from orders o1_0 left join order_items oi1_0 on o1_0.id=oi1_0.order_id where o1_0.id=?
Hibernate: select last_insert_rowid()
  ⚠️  مشکل در ایجاد سفارش 85: org.hibernate.exception.LockAcquisitionException: could not execute statement [[SQLITE_BUSY] The database file is locked (database is locked)] [insert into order_items (food_item_id,order_id,price,quantity) values (?,?,?,?)]
Hibernate: select r1_0.id,r1_0.address,r1_0.name,r1_0.owner_id,r1_0.phone,r1_0.status from restaurants r1_0 where r1_0.id=?
Hibernate: insert into order_items (food_item_id,order_id,price,quantity) values (?,?,?,?)
Hibernate: insert into order_items (food_item_id,order_id,price,quantity) values (?,?,?,?)
Hibernate: insert into orders (actual_delivery_time,customer_id,delivery_address,estimated_delivery_time,notes,order_date,phone,restaurant_id,status,total_amount) values (?,?,?,?,?,?,?,?,?,?)
Hibernate: select o1_0.id,o1_0.actual_delivery_time,o1_0.customer_id,o1_0.delivery_address,o1_0.estimated_delivery_time,o1_0.notes,o1_0.order_date,oi1_0.order_id,oi1_0.id,oi1_0.food_item_id,fi1_0.id,fi1_0.available,fi1_0.category,fi1_0.description,fi1_0.image_url,fi1_0.keywords,fi1_0.name,fi1_0.price,fi1_0.quantity,fi1_0.restaurant_id,oi1_0.price,oi1_0.quantity,o1_0.phone,o1_0.restaurant_id,o1_0.status,o1_0.total_amount from orders o1_0 left join order_items oi1_0 on o1_0.id=oi1_0.order_id left join food_items fi1_0 on fi1_0.id=oi1_0.food_item_id where o1_0.id=?
Hibernate: select last_insert_rowid()
Hibernate: insert into orders (actual_delivery_time,customer_id,delivery_address,estimated_delivery_time,notes,order_date,phone,restaurant_id,status,total_amount) values (?,?,?,?,?,?,?,?,?,?)
Hibernate: select fi1_0.id,fi1_0.available,fi1_0.category,fi1_0.description,fi1_0.image_url,fi1_0.keywords,fi1_0.name,fi1_0.price,fi1_0.quantity,fi1_0.restaurant_id from food_items fi1_0 where fi1_0.id=?
Hibernate: select last_insert_rowid()
Hibernate: select o1_0.id,o1_0.actual_delivery_time,o1_0.customer_id,o1_0.delivery_address,o1_0.estimated_delivery_time,o1_0.notes,o1_0.order_date,oi1_0.order_id,oi1_0.id,oi1_0.food_item_id,fi1_0.id,fi1_0.available,fi1_0.category,fi1_0.description,fi1_0.image_url,fi1_0.keywords,fi1_0.name,fi1_0.price,fi1_0.quantity,fi1_0.restaurant_id,oi1_0.price,oi1_0.quantity,o1_0.phone,o1_0.restaurant_id,o1_0.status,o1_0.total_amount from orders o1_0 left join order_items oi1_0 on o1_0.id=oi1_0.order_id left join food_items fi1_0 on fi1_0.id=oi1_0.food_item_id where o1_0.id=?
  ⚠️  مشکل در ایجاد سفارش 15: org.hibernate.exception.LockAcquisitionException: could not execute statement [[SQLITE_BUSY_SNAPSHOT] Another database connection has already written to the database (database is locked)] [insert into order_items (food_item_id,order_id,price,quantity) values (?,?,?,?)]
Hibernate: select o1_0.id,o1_0.actual_delivery_time,o1_0.customer_id,o1_0.delivery_address,o1_0.estimated_delivery_time,o1_0.notes,o1_0.order_date,oi1_0.order_id,oi1_0.id,oi1_0.food_item_id,fi1_0.id,fi1_0.available,fi1_0.category,fi1_0.description,fi1_0.image_url,fi1_0.keywords,fi1_0.name,fi1_0.price,fi1_0.quantity,fi1_0.restaurant_id,oi1_0.price,oi1_0.quantity,o1_0.phone,o1_0.restaurant_id,o1_0.status,o1_0.total_amount from orders o1_0 left join order_items oi1_0 on o1_0.id=oi1_0.order_id left join food_items fi1_0 on fi1_0.id=oi1_0.food_item_id where o1_0.id=?
Hibernate: select r1_0.id,r1_0.address,r1_0.name,r1_0.owner_id,r1_0.phone,r1_0.status from restaurants r1_0 where r1_0.id=?
Hibernate: select fi1_0.id,fi1_0.available,fi1_0.category,fi1_0.description,fi1_0.image_url,fi1_0.keywords,fi1_0.name,fi1_0.price,fi1_0.quantity,fi1_0.restaurant_id from food_items fi1_0 where fi1_0.id=?
  ⚠️  مشکل در ایجاد سفارش 97: org.hibernate.exception.LockAcquisitionException: could not execute statement [[SQLITE_BUSY_SNAPSHOT] Another database connection has already written to the database (database is locked)] [insert into order_items (food_item_id,order_id,price,quantity) values (?,?,?,?)]
Hibernate: select o1_0.id,o1_0.actual_delivery_time,o1_0.customer_id,o1_0.delivery_address,o1_0.estimated_delivery_time,o1_0.notes,o1_0.order_date,o1_0.phone,o1_0.restaurant_id,o1_0.status,o1_0.total_amount,oi1_0.order_id,oi1_0.id,oi1_0.food_item_id,oi1_0.price,oi1_0.quantity from orders o1_0 left join order_items oi1_0 on o1_0.id=oi1_0.order_id where o1_0.id=?
Hibernate: select r1_0.id,r1_0.address,r1_0.name,r1_0.owner_id,r1_0.phone,r1_0.status from restaurants r1_0 where r1_0.id=?
Hibernate: select fi1_0.id,fi1_0.available,fi1_0.category,fi1_0.description,fi1_0.image_url,fi1_0.keywords,fi1_0.name,fi1_0.price,fi1_0.quantity,fi1_0.restaurant_id from food_items fi1_0 where fi1_0.id=?
Hibernate: insert into orders (actual_delivery_time,customer_id,delivery_address,estimated_delivery_time,notes,order_date,phone,restaurant_id,status,total_amount) values (?,?,?,?,?,?,?,?,?,?)
Hibernate: select o1_0.id,o1_0.actual_delivery_time,o1_0.customer_id,o1_0.delivery_address,o1_0.estimated_delivery_time,o1_0.notes,o1_0.order_date,o1_0.phone,o1_0.restaurant_id,o1_0.status,o1_0.total_amount,oi1_0.order_id,oi1_0.id,oi1_0.food_item_id,oi1_0.price,oi1_0.quantity from orders o1_0 left join order_items oi1_0 on o1_0.id=oi1_0.order_id where o1_0.id=?
Hibernate: select last_insert_rowid()
Hibernate: insert into orders (actual_delivery_time,customer_id,delivery_address,estimated_delivery_time,notes,order_date,phone,restaurant_id,status,total_amount) values (?,?,?,?,?,?,?,?,?,?)
Hibernate: insert into order_items (food_item_id,order_id,price,quantity) values (?,?,?,?)
Hibernate: select o1_0.id,o1_0.actual_delivery_time,o1_0.customer_id,o1_0.delivery_address,o1_0.estimated_delivery_time,o1_0.notes,o1_0.order_date,o1_0.phone,o1_0.restaurant_id,o1_0.status,o1_0.total_amount,oi1_0.order_id,oi1_0.id,oi1_0.food_item_id,oi1_0.price,oi1_0.quantity from orders o1_0 left join order_items oi1_0 on o1_0.id=oi1_0.order_id where o1_0.id=?
Hibernate: insert into order_items (food_item_id,order_id,price,quantity) values (?,?,?,?)
Hibernate: insert into order_items (food_item_id,order_id,price,quantity) values (?,?,?,?)
Hibernate: select o1_0.id,o1_0.actual_delivery_time,o1_0.customer_id,o1_0.delivery_address,o1_0.estimated_delivery_time,o1_0.notes,o1_0.order_date,oi1_0.order_id,oi1_0.id,oi1_0.food_item_id,fi1_0.id,fi1_0.available,fi1_0.category,fi1_0.description,fi1_0.image_url,fi1_0.keywords,fi1_0.name,fi1_0.price,fi1_0.quantity,fi1_0.restaurant_id,oi1_0.price,oi1_0.quantity,o1_0.phone,o1_0.restaurant_id,o1_0.status,o1_0.total_amount from orders o1_0 left join order_items oi1_0 on o1_0.id=oi1_0.order_id left join food_items fi1_0 on fi1_0.id=oi1_0.food_item_id where o1_0.id=?
Hibernate: insert into orders (actual_delivery_time,customer_id,delivery_address,estimated_delivery_time,notes,order_date,phone,restaurant_id,status,total_amount) values (?,?,?,?,?,?,?,?,?,?)
Hibernate: select last_insert_rowid()
Hibernate: select fi1_0.id,fi1_0.available,fi1_0.category,fi1_0.description,fi1_0.image_url,fi1_0.keywords,fi1_0.name,fi1_0.price,fi1_0.quantity,fi1_0.restaurant_id from food_items fi1_0 where fi1_0.id=?
  ⚠️  مشکل در ایجاد سفارش 83: org.hibernate.exception.LockAcquisitionException: could not execute statement [[SQLITE_BUSY] The database file is locked (database is locked)] [insert into order_items (food_item_id,order_id,price,quantity) values (?,?,?,?)]
Hibernate: select r1_0.id,r1_0.address,r1_0.name,r1_0.owner_id,r1_0.phone,r1_0.status from restaurants r1_0 where r1_0.id=?
Hibernate: select o1_0.id,o1_0.actual_delivery_time,o1_0.customer_id,o1_0.delivery_address,o1_0.estimated_delivery_time,o1_0.notes,o1_0.order_date,o1_0.phone,o1_0.restaurant_id,o1_0.status,o1_0.total_amount,oi1_0.order_id,oi1_0.id,oi1_0.food_item_id,oi1_0.price,oi1_0.quantity from orders o1_0 left join order_items oi1_0 on o1_0.id=oi1_0.order_id where o1_0.id=?
Hibernate: select o1_0.id,o1_0.actual_delivery_time,o1_0.customer_id,o1_0.delivery_address,o1_0.estimated_delivery_time,o1_0.notes,o1_0.order_date,oi1_0.order_id,oi1_0.id,oi1_0.food_item_id,fi1_0.id,fi1_0.available,fi1_0.category,fi1_0.description,fi1_0.image_url,fi1_0.keywords,fi1_0.name,fi1_0.price,fi1_0.quantity,fi1_0.restaurant_id,oi1_0.price,oi1_0.quantity,o1_0.phone,o1_0.restaurant_id,o1_0.status,o1_0.total_amount from orders o1_0 left join order_items oi1_0 on o1_0.id=oi1_0.order_id left join food_items fi1_0 on fi1_0.id=oi1_0.food_item_id where o1_0.id=?
Hibernate: insert into orders (actual_delivery_time,customer_id,delivery_address,estimated_delivery_time,notes,order_date,phone,restaurant_id,status,total_amount) values (?,?,?,?,?,?,?,?,?,?)
Hibernate: select last_insert_rowid()
Hibernate: insert into order_items (food_item_id,order_id,price,quantity) values (?,?,?,?)
Hibernate: select fi1_0.id,fi1_0.available,fi1_0.category,fi1_0.description,fi1_0.image_url,fi1_0.keywords,fi1_0.name,fi1_0.price,fi1_0.quantity,fi1_0.restaurant_id from food_items fi1_0 where fi1_0.id=?
Hibernate: select o1_0.id,o1_0.actual_delivery_time,o1_0.customer_id,o1_0.delivery_address,o1_0.estimated_delivery_time,o1_0.notes,o1_0.order_date,oi1_0.order_id,oi1_0.id,oi1_0.food_item_id,fi1_0.id,fi1_0.available,fi1_0.category,fi1_0.description,fi1_0.image_url,fi1_0.keywords,fi1_0.name,fi1_0.price,fi1_0.quantity,fi1_0.restaurant_id,oi1_0.price,oi1_0.quantity,o1_0.phone,o1_0.restaurant_id,o1_0.status,o1_0.total_amount from orders o1_0 left join order_items oi1_0 on o1_0.id=oi1_0.order_id left join food_items fi1_0 on fi1_0.id=oi1_0.food_item_id where o1_0.id=?
  ⚠️  مشکل در ایجاد سفارش 7: org.hibernate.exception.LockAcquisitionException: could not execute statement [[SQLITE_BUSY_SNAPSHOT] Another database connection has already written to the database (database is locked)] [insert into order_items (food_item_id,order_id,price,quantity) values (?,?,?,?)]
Hibernate: select r1_0.id,r1_0.address,r1_0.name,r1_0.owner_id,r1_0.phone,r1_0.status from restaurants r1_0 where r1_0.id=?
Hibernate: select last_insert_rowid()
Hibernate: select o1_0.id,o1_0.actual_delivery_time,o1_0.customer_id,o1_0.delivery_address,o1_0.estimated_delivery_time,o1_0.notes,o1_0.order_date,o1_0.phone,o1_0.restaurant_id,o1_0.status,o1_0.total_amount,oi1_0.order_id,oi1_0.id,oi1_0.food_item_id,oi1_0.price,oi1_0.quantity from orders o1_0 left join order_items oi1_0 on o1_0.id=oi1_0.order_id where o1_0.id=?
Hibernate: select fi1_0.id,fi1_0.available,fi1_0.category,fi1_0.description,fi1_0.image_url,fi1_0.keywords,fi1_0.name,fi1_0.price,fi1_0.quantity,fi1_0.restaurant_id from food_items fi1_0 where fi1_0.id=?
Hibernate: insert into orders (actual_delivery_time,customer_id,delivery_address,estimated_delivery_time,notes,order_date,phone,restaurant_id,status,total_amount) values (?,?,?,?,?,?,?,?,?,?)
  ⚠️  مشکل در ایجاد سفارش 76: org.hibernate.exception.LockAcquisitionException: could not execute statement [[SQLITE_BUSY_SNAPSHOT] Another database connection has already written to the database (database is locked)] [insert into order_items (food_item_id,order_id,price,quantity) values (?,?,?,?)]
Hibernate: select o1_0.id,o1_0.actual_delivery_time,o1_0.customer_id,o1_0.delivery_address,o1_0.estimated_delivery_time,o1_0.notes,o1_0.order_date,o1_0.phone,o1_0.restaurant_id,o1_0.status,o1_0.total_amount,oi1_0.order_id,oi1_0.id,oi1_0.food_item_id,oi1_0.price,oi1_0.quantity from orders o1_0 left join order_items oi1_0 on o1_0.id=oi1_0.order_id where o1_0.id=?
Hibernate: select r1_0.id,r1_0.address,r1_0.name,r1_0.owner_id,r1_0.phone,r1_0.status from restaurants r1_0 where r1_0.id=?
Hibernate: select o1_0.id,o1_0.actual_delivery_time,o1_0.customer_id,o1_0.delivery_address,o1_0.estimated_delivery_time,o1_0.notes,o1_0.order_date,oi1_0.order_id,oi1_0.id,oi1_0.food_item_id,fi1_0.id,fi1_0.available,fi1_0.category,fi1_0.description,fi1_0.image_url,fi1_0.keywords,fi1_0.name,fi1_0.price,fi1_0.quantity,fi1_0.restaurant_id,oi1_0.price,oi1_0.quantity,o1_0.phone,o1_0.restaurant_id,o1_0.status,o1_0.total_amount from orders o1_0 left join order_items oi1_0 on o1_0.id=oi1_0.order_id left join food_items fi1_0 on fi1_0.id=oi1_0.food_item_id where o1_0.id=?
Hibernate: insert into order_items (food_item_id,order_id,price,quantity) values (?,?,?,?)
Hibernate: insert into order_items (food_item_id,order_id,price,quantity) values (?,?,?,?)
Hibernate: insert into orders (actual_delivery_time,customer_id,delivery_address,estimated_delivery_time,notes,order_date,phone,restaurant_id,status,total_amount) values (?,?,?,?,?,?,?,?,?,?)
Hibernate: select last_insert_rowid()
Hibernate: insert into orders (actual_delivery_time,customer_id,delivery_address,estimated_delivery_time,notes,order_date,phone,restaurant_id,status,total_amount) values (?,?,?,?,?,?,?,?,?,?)
Hibernate: select fi1_0.id,fi1_0.available,fi1_0.category,fi1_0.description,fi1_0.image_url,fi1_0.keywords,fi1_0.name,fi1_0.price,fi1_0.quantity,fi1_0.restaurant_id from food_items fi1_0 where fi1_0.id=?
Hibernate: select o1_0.id,o1_0.actual_delivery_time,o1_0.customer_id,o1_0.delivery_address,o1_0.estimated_delivery_time,o1_0.notes,o1_0.order_date,o1_0.phone,o1_0.restaurant_id,o1_0.status,o1_0.total_amount,oi1_0.order_id,oi1_0.id,oi1_0.food_item_id,oi1_0.price,oi1_0.quantity from orders o1_0 left join order_items oi1_0 on o1_0.id=oi1_0.order_id where o1_0.id=?
Hibernate: update orders set actual_delivery_time=?,customer_id=?,delivery_address=?,estimated_delivery_time=?,notes=?,order_date=?,phone=?,restaurant_id=?,status=?,total_amount=? where id=?
  ⚠️  مشکل در ایجاد سفارش 75: org.hibernate.exception.LockAcquisitionException: could not execute statement [[SQLITE_BUSY_SNAPSHOT] Another database connection has already written to the database (database is locked)] [insert into order_items (food_item_id,order_id,price,quantity) values (?,?,?,?)]
Hibernate: insert into order_items (food_item_id,order_id,price,quantity) values (?,?,?,?)
Hibernate: select r1_0.id,r1_0.address,r1_0.name,r1_0.owner_id,r1_0.phone,r1_0.status from restaurants r1_0 where r1_0.id=?
Hibernate: select r1_0.id,r1_0.address,r1_0.name,r1_0.owner_id,r1_0.phone,r1_0.status from restaurants r1_0 where r1_0.id=?
Hibernate: select last_insert_rowid()
  ⚠️  مشکل در ایجاد سفارش 82: org.hibernate.exception.LockAcquisitionException: could not execute statement [[SQLITE_BUSY_SNAPSHOT] Another database connection has already written to the database (database is locked)] [insert into order_items (food_item_id,order_id,price,quantity) values (?,?,?,?)]
Hibernate: select r1_0.id,r1_0.address,r1_0.name,r1_0.owner_id,r1_0.phone,r1_0.status from restaurants r1_0 where r1_0.id=?
Hibernate: insert into orders (actual_delivery_time,customer_id,delivery_address,estimated_delivery_time,notes,order_date,phone,restaurant_id,status,total_amount) values (?,?,?,?,?,?,?,?,?,?)
Hibernate: insert into orders (actual_delivery_time,customer_id,delivery_address,estimated_delivery_time,notes,order_date,phone,restaurant_id,status,total_amount) values (?,?,?,?,?,?,?,?,?,?)
Hibernate: insert into orders (actual_delivery_time,customer_id,delivery_address,estimated_delivery_time,notes,order_date,phone,restaurant_id,status,total_amount) values (?,?,?,?,?,?,?,?,?,?)
Hibernate: select last_insert_rowid()
Hibernate: select o1_0.id,o1_0.actual_delivery_time,o1_0.customer_id,o1_0.delivery_address,o1_0.estimated_delivery_time,o1_0.notes,o1_0.order_date,oi1_0.order_id,oi1_0.id,oi1_0.food_item_id,fi1_0.id,fi1_0.available,fi1_0.category,fi1_0.description,fi1_0.image_url,fi1_0.keywords,fi1_0.name,fi1_0.price,fi1_0.quantity,fi1_0.restaurant_id,oi1_0.price,oi1_0.quantity,o1_0.phone,o1_0.restaurant_id,o1_0.status,o1_0.total_amount from orders o1_0 left join order_items oi1_0 on o1_0.id=oi1_0.order_id left join food_items fi1_0 on fi1_0.id=oi1_0.food_item_id where o1_0.id=?
Hibernate: select o1_0.id,o1_0.actual_delivery_time,o1_0.customer_id,o1_0.delivery_address,o1_0.estimated_delivery_time,o1_0.notes,o1_0.order_date,oi1_0.order_id,oi1_0.id,oi1_0.food_item_id,fi1_0.id,fi1_0.available,fi1_0.category,fi1_0.description,fi1_0.image_url,fi1_0.keywords,fi1_0.name,fi1_0.price,fi1_0.quantity,fi1_0.restaurant_id,oi1_0.price,oi1_0.quantity,o1_0.phone,o1_0.restaurant_id,o1_0.status,o1_0.total_amount from orders o1_0 left join order_items oi1_0 on o1_0.id=oi1_0.order_id left join food_items fi1_0 on fi1_0.id=oi1_0.food_item_id where o1_0.id=?
Hibernate: select fi1_0.id,fi1_0.available,fi1_0.category,fi1_0.description,fi1_0.image_url,fi1_0.keywords,fi1_0.name,fi1_0.price,fi1_0.quantity,fi1_0.restaurant_id from food_items fi1_0 where fi1_0.id=?
Hibernate: select fi1_0.id,fi1_0.available,fi1_0.category,fi1_0.description,fi1_0.image_url,fi1_0.keywords,fi1_0.name,fi1_0.price,fi1_0.quantity,fi1_0.restaurant_id from food_items fi1_0 where fi1_0.id=?
Hibernate: insert into orders (actual_delivery_time,customer_id,delivery_address,estimated_delivery_time,notes,order_date,phone,restaurant_id,status,total_amount) values (?,?,?,?,?,?,?,?,?,?)
Hibernate: select last_insert_rowid()
Hibernate: select o1_0.id,o1_0.actual_delivery_time,o1_0.customer_id,o1_0.delivery_address,o1_0.estimated_delivery_time,o1_0.notes,o1_0.order_date,o1_0.phone,o1_0.restaurant_id,o1_0.status,o1_0.total_amount,oi1_0.order_id,oi1_0.id,oi1_0.food_item_id,oi1_0.price,oi1_0.quantity from orders o1_0 left join order_items oi1_0 on o1_0.id=oi1_0.order_id where o1_0.id=?
Hibernate: select o1_0.id,o1_0.actual_delivery_time,o1_0.customer_id,o1_0.delivery_address,o1_0.estimated_delivery_time,o1_0.notes,o1_0.order_date,o1_0.phone,o1_0.restaurant_id,o1_0.status,o1_0.total_amount,oi1_0.order_id,oi1_0.id,oi1_0.food_item_id,oi1_0.price,oi1_0.quantity from orders o1_0 left join order_items oi1_0 on o1_0.id=oi1_0.order_id where o1_0.id=?
Hibernate: insert into order_items (food_item_id,order_id,price,quantity) values (?,?,?,?)
Hibernate: select o1_0.id,o1_0.actual_delivery_time,o1_0.customer_id,o1_0.delivery_address,o1_0.estimated_delivery_time,o1_0.notes,o1_0.order_date,oi1_0.order_id,oi1_0.id,oi1_0.food_item_id,fi1_0.id,fi1_0.available,fi1_0.category,fi1_0.description,fi1_0.image_url,fi1_0.keywords,fi1_0.name,fi1_0.price,fi1_0.quantity,fi1_0.restaurant_id,oi1_0.price,oi1_0.quantity,o1_0.phone,o1_0.restaurant_id,o1_0.status,o1_0.total_amount from orders o1_0 left join order_items oi1_0 on o1_0.id=oi1_0.order_id left join food_items fi1_0 on fi1_0.id=oi1_0.food_item_id where o1_0.id=?
Hibernate: insert into order_items (food_item_id,order_id,price,quantity) values (?,?,?,?)
Hibernate: select fi1_0.id,fi1_0.available,fi1_0.category,fi1_0.description,fi1_0.image_url,fi1_0.keywords,fi1_0.name,fi1_0.price,fi1_0.quantity,fi1_0.restaurant_id from food_items fi1_0 where fi1_0.id=?
  ⚠️  مشکل در ایجاد سفارش 65: org.hibernate.exception.LockAcquisitionException: could not execute statement [[SQLITE_BUSY_SNAPSHOT] Another database connection has already written to the database (database is locked)] [insert into order_items (food_item_id,order_id,price,quantity) values (?,?,?,?)]
Hibernate: select r1_0.id,r1_0.address,r1_0.name,r1_0.owner_id,r1_0.phone,r1_0.status from restaurants r1_0 where r1_0.id=?
Hibernate: select o1_0.id,o1_0.actual_delivery_time,o1_0.customer_id,o1_0.delivery_address,o1_0.estimated_delivery_time,o1_0.notes,o1_0.order_date,o1_0.phone,o1_0.restaurant_id,o1_0.status,o1_0.total_amount,oi1_0.order_id,oi1_0.id,oi1_0.food_item_id,oi1_0.price,oi1_0.quantity from orders o1_0 left join order_items oi1_0 on o1_0.id=oi1_0.order_id where o1_0.id=?
Hibernate: insert into orders (actual_delivery_time,customer_id,delivery_address,estimated_delivery_time,notes,order_date,phone,restaurant_id,status,total_amount) values (?,?,?,?,?,?,?,?,?,?)
Hibernate: select last_insert_rowid()
Hibernate: insert into order_items (food_item_id,order_id,price,quantity) values (?,?,?,?)
Hibernate: select o1_0.id,o1_0.actual_delivery_time,o1_0.customer_id,o1_0.delivery_address,o1_0.estimated_delivery_time,o1_0.notes,o1_0.order_date,oi1_0.order_id,oi1_0.id,oi1_0.food_item_id,fi1_0.id,fi1_0.available,fi1_0.category,fi1_0.description,fi1_0.image_url,fi1_0.keywords,fi1_0.name,fi1_0.price,fi1_0.quantity,fi1_0.restaurant_id,oi1_0.price,oi1_0.quantity,o1_0.phone,o1_0.restaurant_id,o1_0.status,o1_0.total_amount from orders o1_0 left join order_items oi1_0 on o1_0.id=oi1_0.order_id left join food_items fi1_0 on fi1_0.id=oi1_0.food_item_id where o1_0.id=?
Hibernate: insert into orders (actual_delivery_time,customer_id,delivery_address,estimated_delivery_time,notes,order_date,phone,restaurant_id,status,total_amount) values (?,?,?,?,?,?,?,?,?,?)
Hibernate: select last_insert_rowid()
Hibernate: select fi1_0.id,fi1_0.available,fi1_0.category,fi1_0.description,fi1_0.image_url,fi1_0.keywords,fi1_0.name,fi1_0.price,fi1_0.quantity,fi1_0.restaurant_id from food_items fi1_0 where fi1_0.id=?
  ⚠️  مشکل در ایجاد سفارش 78: org.hibernate.exception.LockAcquisitionException: could not execute statement [[SQLITE_BUSY_SNAPSHOT] Another database connection has already written to the database (database is locked)] [insert into order_items (food_item_id,order_id,price,quantity) values (?,?,?,?)]
Hibernate: select o1_0.id,o1_0.actual_delivery_time,o1_0.customer_id,o1_0.delivery_address,o1_0.estimated_delivery_time,o1_0.notes,o1_0.order_date,oi1_0.order_id,oi1_0.id,oi1_0.food_item_id,fi1_0.id,fi1_0.available,fi1_0.category,fi1_0.description,fi1_0.image_url,fi1_0.keywords,fi1_0.name,fi1_0.price,fi1_0.quantity,fi1_0.restaurant_id,oi1_0.price,oi1_0.quantity,o1_0.phone,o1_0.restaurant_id,o1_0.status,o1_0.total_amount from orders o1_0 left join order_items oi1_0 on o1_0.id=oi1_0.order_id left join food_items fi1_0 on fi1_0.id=oi1_0.food_item_id where o1_0.id=?
Hibernate: select r1_0.id,r1_0.address,r1_0.name,r1_0.owner_id,r1_0.phone,r1_0.status from restaurants r1_0 where r1_0.id=?
Hibernate: select o1_0.id,o1_0.actual_delivery_time,o1_0.customer_id,o1_0.delivery_address,o1_0.estimated_delivery_time,o1_0.notes,o1_0.order_date,o1_0.phone,o1_0.restaurant_id,o1_0.status,o1_0.total_amount,oi1_0.order_id,oi1_0.id,oi1_0.food_item_id,oi1_0.price,oi1_0.quantity from orders o1_0 left join order_items oi1_0 on o1_0.id=oi1_0.order_id where o1_0.id=?
Hibernate: insert into orders (actual_delivery_time,customer_id,delivery_address,estimated_delivery_time,notes,order_date,phone,restaurant_id,status,total_amount) values (?,?,?,?,?,?,?,?,?,?)
Hibernate: select fi1_0.id,fi1_0.available,fi1_0.category,fi1_0.description,fi1_0.image_url,fi1_0.keywords,fi1_0.name,fi1_0.price,fi1_0.quantity,fi1_0.restaurant_id from food_items fi1_0 where fi1_0.id=?
Hibernate: insert into order_items (food_item_id,order_id,price,quantity) values (?,?,?,?)
Hibernate: select last_insert_rowid()
Hibernate: select o1_0.id,o1_0.actual_delivery_time,o1_0.customer_id,o1_0.delivery_address,o1_0.estimated_delivery_time,o1_0.notes,o1_0.order_date,o1_0.phone,o1_0.restaurant_id,o1_0.status,o1_0.total_amount,oi1_0.order_id,oi1_0.id,oi1_0.food_item_id,oi1_0.price,oi1_0.quantity from orders o1_0 left join order_items oi1_0 on o1_0.id=oi1_0.order_id where o1_0.id=?
Hibernate: select o1_0.id,o1_0.actual_delivery_time,o1_0.customer_id,o1_0.delivery_address,o1_0.estimated_delivery_time,o1_0.notes,o1_0.order_date,oi1_0.order_id,oi1_0.id,oi1_0.food_item_id,fi1_0.id,fi1_0.available,fi1_0.category,fi1_0.description,fi1_0.image_url,fi1_0.keywords,fi1_0.name,fi1_0.price,fi1_0.quantity,fi1_0.restaurant_id,oi1_0.price,oi1_0.quantity,o1_0.phone,o1_0.restaurant_id,o1_0.status,o1_0.total_amount from orders o1_0 left join order_items oi1_0 on o1_0.id=oi1_0.order_id left join food_items fi1_0 on fi1_0.id=oi1_0.food_item_id where o1_0.id=?
Hibernate: insert into order_items (food_item_id,order_id,price,quantity) values (?,?,?,?)
Hibernate: select fi1_0.id,fi1_0.available,fi1_0.category,fi1_0.description,fi1_0.image_url,fi1_0.keywords,fi1_0.name,fi1_0.price,fi1_0.quantity,fi1_0.restaurant_id from food_items fi1_0 where fi1_0.id=?
Hibernate: select last_insert_rowid()
Hibernate: select o1_0.id,o1_0.actual_delivery_time,o1_0.customer_id,o1_0.delivery_address,o1_0.estimated_delivery_time,o1_0.notes,o1_0.order_date,o1_0.phone,o1_0.restaurant_id,o1_0.status,o1_0.total_amount,oi1_0.order_id,oi1_0.id,oi1_0.food_item_id,oi1_0.price,oi1_0.quantity from orders o1_0 left join order_items oi1_0 on o1_0.id=oi1_0.order_id where o1_0.id=?
Hibernate: update orders set actual_delivery_time=?,customer_id=?,delivery_address=?,estimated_delivery_time=?,notes=?,order_date=?,phone=?,restaurant_id=?,status=?,total_amount=? where id=?
  ⚠️  مشکل در ایجاد سفارش 80: org.hibernate.exception.LockAcquisitionException: could not execute statement [[SQLITE_BUSY_SNAPSHOT] Another database connection has already written to the database (database is locked)] [insert into order_items (food_item_id,order_id,price,quantity) values (?,?,?,?)]
Hibernate: insert into order_items (food_item_id,order_id,price,quantity) values (?,?,?,?)
Hibernate: select r1_0.id,r1_0.address,r1_0.name,r1_0.owner_id,r1_0.phone,r1_0.status from restaurants r1_0 where r1_0.id=?
Hibernate: select r1_0.id,r1_0.address,r1_0.name,r1_0.owner_id,r1_0.phone,r1_0.status from restaurants r1_0 where r1_0.id=?
Hibernate: insert into orders (actual_delivery_time,customer_id,delivery_address,estimated_delivery_time,notes,order_date,phone,restaurant_id,status,total_amount) values (?,?,?,?,?,?,?,?,?,?)
Hibernate: insert into orders (actual_delivery_time,customer_id,delivery_address,estimated_delivery_time,notes,order_date,phone,restaurant_id,status,total_amount) values (?,?,?,?,?,?,?,?,?,?)
  ⚠️  مشکل در ایجاد سفارش 32: org.hibernate.exception.LockAcquisitionException: could not execute statement [[SQLITE_BUSY] The database file is locked (database is locked)] [insert into order_items (food_item_id,order_id,price,quantity) values (?,?,?,?)]
Hibernate: select last_insert_rowid()
Hibernate: select r1_0.id,r1_0.address,r1_0.name,r1_0.owner_id,r1_0.phone,r1_0.status from restaurants r1_0 where r1_0.id=?
Hibernate: insert into orders (actual_delivery_time,customer_id,delivery_address,estimated_delivery_time,notes,order_date,phone,restaurant_id,status,total_amount) values (?,?,?,?,?,?,?,?,?,?)
Hibernate: select last_insert_rowid()
Hibernate: select o1_0.id,o1_0.actual_delivery_time,o1_0.customer_id,o1_0.delivery_address,o1_0.estimated_delivery_time,o1_0.notes,o1_0.order_date,oi1_0.order_id,oi1_0.id,oi1_0.food_item_id,fi1_0.id,fi1_0.available,fi1_0.category,fi1_0.description,fi1_0.image_url,fi1_0.keywords,fi1_0.name,fi1_0.price,fi1_0.quantity,fi1_0.restaurant_id,oi1_0.price,oi1_0.quantity,o1_0.phone,o1_0.restaurant_id,o1_0.status,o1_0.total_amount from orders o1_0 left join order_items oi1_0 on o1_0.id=oi1_0.order_id left join food_items fi1_0 on fi1_0.id=oi1_0.food_item_id where o1_0.id=?
Hibernate: select last_insert_rowid()
Hibernate: select o1_0.id,o1_0.actual_delivery_time,o1_0.customer_id,o1_0.delivery_address,o1_0.estimated_delivery_time,o1_0.notes,o1_0.order_date,oi1_0.order_id,oi1_0.id,oi1_0.food_item_id,fi1_0.id,fi1_0.available,fi1_0.category,fi1_0.description,fi1_0.image_url,fi1_0.keywords,fi1_0.name,fi1_0.price,fi1_0.quantity,fi1_0.restaurant_id,oi1_0.price,oi1_0.quantity,o1_0.phone,o1_0.restaurant_id,o1_0.status,o1_0.total_amount from orders o1_0 left join order_items oi1_0 on o1_0.id=oi1_0.order_id left join food_items fi1_0 on fi1_0.id=oi1_0.food_item_id where o1_0.id=?
Hibernate: select fi1_0.id,fi1_0.available,fi1_0.category,fi1_0.description,fi1_0.image_url,fi1_0.keywords,fi1_0.name,fi1_0.price,fi1_0.quantity,fi1_0.restaurant_id from food_items fi1_0 where fi1_0.id=?
Hibernate: select fi1_0.id,fi1_0.available,fi1_0.category,fi1_0.description,fi1_0.image_url,fi1_0.keywords,fi1_0.name,fi1_0.price,fi1_0.quantity,fi1_0.restaurant_id from food_items fi1_0 where fi1_0.id=?
Hibernate: select o1_0.id,o1_0.actual_delivery_time,o1_0.customer_id,o1_0.delivery_address,o1_0.estimated_delivery_time,o1_0.notes,o1_0.order_date,oi1_0.order_id,oi1_0.id,oi1_0.food_item_id,fi1_0.id,fi1_0.available,fi1_0.category,fi1_0.description,fi1_0.image_url,fi1_0.keywords,fi1_0.name,fi1_0.price,fi1_0.quantity,fi1_0.restaurant_id,oi1_0.price,oi1_0.quantity,o1_0.phone,o1_0.restaurant_id,o1_0.status,o1_0.total_amount from orders o1_0 left join order_items oi1_0 on o1_0.id=oi1_0.order_id left join food_items fi1_0 on fi1_0.id=oi1_0.food_item_id where o1_0.id=?
Hibernate: select o1_0.id,o1_0.actual_delivery_time,o1_0.customer_id,o1_0.delivery_address,o1_0.estimated_delivery_time,o1_0.notes,o1_0.order_date,o1_0.phone,o1_0.restaurant_id,o1_0.status,o1_0.total_amount,oi1_0.order_id,oi1_0.id,oi1_0.food_item_id,oi1_0.price,oi1_0.quantity from orders o1_0 left join order_items oi1_0 on o1_0.id=oi1_0.order_id where o1_0.id=?
Hibernate: select o1_0.id,o1_0.actual_delivery_time,o1_0.customer_id,o1_0.delivery_address,o1_0.estimated_delivery_time,o1_0.notes,o1_0.order_date,o1_0.phone,o1_0.restaurant_id,o1_0.status,o1_0.total_amount,oi1_0.order_id,oi1_0.id,oi1_0.food_item_id,oi1_0.price,oi1_0.quantity from orders o1_0 left join order_items oi1_0 on o1_0.id=oi1_0.order_id where o1_0.id=?
Hibernate: select fi1_0.id,fi1_0.available,fi1_0.category,fi1_0.description,fi1_0.image_url,fi1_0.keywords,fi1_0.name,fi1_0.price,fi1_0.quantity,fi1_0.restaurant_id from food_items fi1_0 where fi1_0.id=?
Hibernate: insert into order_items (food_item_id,order_id,price,quantity) values (?,?,?,?)
Hibernate: insert into order_items (food_item_id,order_id,price,quantity) values (?,?,?,?)
Hibernate: select last_insert_rowid()
Hibernate: select o1_0.id,o1_0.actual_delivery_time,o1_0.customer_id,o1_0.delivery_address,o1_0.estimated_delivery_time,o1_0.notes,o1_0.order_date,o1_0.phone,o1_0.restaurant_id,o1_0.status,o1_0.total_amount,oi1_0.order_id,oi1_0.id,oi1_0.food_item_id,oi1_0.price,oi1_0.quantity from orders o1_0 left join order_items oi1_0 on o1_0.id=oi1_0.order_id where o1_0.id=?
Hibernate: insert into order_items (food_item_id,order_id,price,quantity) values (?,?,?,?)
Hibernate: update orders set actual_delivery_time=?,customer_id=?,delivery_address=?,estimated_delivery_time=?,notes=?,order_date=?,phone=?,restaurant_id=?,status=?,total_amount=? where id=?
  ⚠️  مشکل در ایجاد سفارش 67: org.hibernate.exception.LockAcquisitionException: could not execute statement [[SQLITE_BUSY] The database file is locked (database is locked)] [insert into order_items (food_item_id,order_id,price,quantity) values (?,?,?,?)]
Hibernate: select r1_0.id,r1_0.address,r1_0.name,r1_0.owner_id,r1_0.phone,r1_0.status from restaurants r1_0 where r1_0.id=?
Hibernate: select r1_0.id,r1_0.address,r1_0.name,r1_0.owner_id,r1_0.phone,r1_0.status from restaurants r1_0 where r1_0.id=?
  ⚠️  مشکل در ایجاد سفارش 87: org.hibernate.exception.LockAcquisitionException: could not execute statement [[SQLITE_BUSY_SNAPSHOT] Another database connection has already written to the database (database is locked)] [insert into order_items (food_item_id,order_id,price,quantity) values (?,?,?,?)]
Hibernate: select r1_0.id,r1_0.address,r1_0.name,r1_0.owner_id,r1_0.phone,r1_0.status from restaurants r1_0 where r1_0.id=?
Hibernate: insert into orders (actual_delivery_time,customer_id,delivery_address,estimated_delivery_time,notes,order_date,phone,restaurant_id,status,total_amount) values (?,?,?,?,?,?,?,?,?,?)
Hibernate: insert into orders (actual_delivery_time,customer_id,delivery_address,estimated_delivery_time,notes,order_date,phone,restaurant_id,status,total_amount) values (?,?,?,?,?,?,?,?,?,?)
Hibernate: insert into orders (actual_delivery_time,customer_id,delivery_address,estimated_delivery_time,notes,order_date,phone,restaurant_id,status,total_amount) values (?,?,?,?,?,?,?,?,?,?)
Hibernate: select last_insert_rowid()
Hibernate: select o1_0.id,o1_0.actual_delivery_time,o1_0.customer_id,o1_0.delivery_address,o1_0.estimated_delivery_time,o1_0.notes,o1_0.order_date,oi1_0.order_id,oi1_0.id,oi1_0.food_item_id,fi1_0.id,fi1_0.available,fi1_0.category,fi1_0.description,fi1_0.image_url,fi1_0.keywords,fi1_0.name,fi1_0.price,fi1_0.quantity,fi1_0.restaurant_id,oi1_0.price,oi1_0.quantity,o1_0.phone,o1_0.restaurant_id,o1_0.status,o1_0.total_amount from orders o1_0 left join order_items oi1_0 on o1_0.id=oi1_0.order_id left join food_items fi1_0 on fi1_0.id=oi1_0.food_item_id where o1_0.id=?
Hibernate: select fi1_0.id,fi1_0.available,fi1_0.category,fi1_0.description,fi1_0.image_url,fi1_0.keywords,fi1_0.name,fi1_0.price,fi1_0.quantity,fi1_0.restaurant_id from food_items fi1_0 where fi1_0.id=?
Hibernate: select last_insert_rowid()
  ⚠️  مشکل در ایجاد سفارش 3: org.hibernate.exception.LockAcquisitionException: could not execute statement [[SQLITE_BUSY] The database file is locked (database is locked)] [insert into order_items (food_item_id,order_id,price,quantity) values (?,?,?,?)]
Hibernate: select r1_0.id,r1_0.address,r1_0.name,r1_0.owner_id,r1_0.phone,r1_0.status from restaurants r1_0 where r1_0.id=?
Hibernate: select o1_0.id,o1_0.actual_delivery_time,o1_0.customer_id,o1_0.delivery_address,o1_0.estimated_delivery_time,o1_0.notes,o1_0.order_date,o1_0.phone,o1_0.restaurant_id,o1_0.status,o1_0.total_amount,oi1_0.order_id,oi1_0.id,oi1_0.food_item_id,oi1_0.price,oi1_0.quantity from orders o1_0 left join order_items oi1_0 on o1_0.id=oi1_0.order_id where o1_0.id=?
Hibernate: select o1_0.id,o1_0.actual_delivery_time,o1_0.customer_id,o1_0.delivery_address,o1_0.estimated_delivery_time,o1_0.notes,o1_0.order_date,oi1_0.order_id,oi1_0.id,oi1_0.food_item_id,fi1_0.id,fi1_0.available,fi1_0.category,fi1_0.description,fi1_0.image_url,fi1_0.keywords,fi1_0.name,fi1_0.price,fi1_0.quantity,fi1_0.restaurant_id,oi1_0.price,oi1_0.quantity,o1_0.phone,o1_0.restaurant_id,o1_0.status,o1_0.total_amount from orders o1_0 left join order_items oi1_0 on o1_0.id=oi1_0.order_id left join food_items fi1_0 on fi1_0.id=oi1_0.food_item_id where o1_0.id=?
Hibernate: insert into orders (actual_delivery_time,customer_id,delivery_address,estimated_delivery_time,notes,order_date,phone,restaurant_id,status,total_amount) values (?,?,?,?,?,?,?,?,?,?)
Hibernate: select last_insert_rowid()
  ⚠️  مشکل در ایجاد سفارش 33: org.hibernate.exception.LockAcquisitionException: could not execute statement [[SQLITE_BUSY] The database file is locked (database is locked)] [insert into order_items (food_item_id,order_id,price,quantity) values (?,?,?,?)]
Hibernate: select fi1_0.id,fi1_0.available,fi1_0.category,fi1_0.description,fi1_0.image_url,fi1_0.keywords,fi1_0.name,fi1_0.price,fi1_0.quantity,fi1_0.restaurant_id from food_items fi1_0 where fi1_0.id=?
Hibernate: insert into order_items (food_item_id,order_id,price,quantity) values (?,?,?,?)
Hibernate: select r1_0.id,r1_0.address,r1_0.name,r1_0.owner_id,r1_0.phone,r1_0.status from restaurants r1_0 where r1_0.id=?
Hibernate: select last_insert_rowid()
Hibernate: select o1_0.id,o1_0.actual_delivery_time,o1_0.customer_id,o1_0.delivery_address,o1_0.estimated_delivery_time,o1_0.notes,o1_0.order_date,o1_0.phone,o1_0.restaurant_id,o1_0.status,o1_0.total_amount,oi1_0.order_id,oi1_0.id,oi1_0.food_item_id,oi1_0.price,oi1_0.quantity from orders o1_0 left join order_items oi1_0 on o1_0.id=oi1_0.order_id where o1_0.id=?
Hibernate: insert into orders (actual_delivery_time,customer_id,delivery_address,estimated_delivery_time,notes,order_date,phone,restaurant_id,status,total_amount) values (?,?,?,?,?,?,?,?,?,?)
Hibernate: select o1_0.id,o1_0.actual_delivery_time,o1_0.customer_id,o1_0.delivery_address,o1_0.estimated_delivery_time,o1_0.notes,o1_0.order_date,oi1_0.order_id,oi1_0.id,oi1_0.food_item_id,fi1_0.id,fi1_0.available,fi1_0.category,fi1_0.description,fi1_0.image_url,fi1_0.keywords,fi1_0.name,fi1_0.price,fi1_0.quantity,fi1_0.restaurant_id,oi1_0.price,oi1_0.quantity,o1_0.phone,o1_0.restaurant_id,o1_0.status,o1_0.total_amount from orders o1_0 left join order_items oi1_0 on o1_0.id=oi1_0.order_id left join food_items fi1_0 on fi1_0.id=oi1_0.food_item_id where o1_0.id=?
Hibernate: select o1_0.id,o1_0.actual_delivery_time,o1_0.customer_id,o1_0.delivery_address,o1_0.estimated_delivery_time,o1_0.notes,o1_0.order_date,oi1_0.order_id,oi1_0.id,oi1_0.food_item_id,fi1_0.id,fi1_0.available,fi1_0.category,fi1_0.description,fi1_0.image_url,fi1_0.keywords,fi1_0.name,fi1_0.price,fi1_0.quantity,fi1_0.restaurant_id,oi1_0.price,oi1_0.quantity,o1_0.phone,o1_0.restaurant_id,o1_0.status,o1_0.total_amount from orders o1_0 left join order_items oi1_0 on o1_0.id=oi1_0.order_id left join food_items fi1_0 on fi1_0.id=oi1_0.food_item_id where o1_0.id=?
Hibernate: insert into order_items (food_item_id,order_id,price,quantity) values (?,?,?,?)
Hibernate: select fi1_0.id,fi1_0.available,fi1_0.category,fi1_0.description,fi1_0.image_url,fi1_0.keywords,fi1_0.name,fi1_0.price,fi1_0.quantity,fi1_0.restaurant_id from food_items fi1_0 where fi1_0.id=?
Hibernate: select fi1_0.id,fi1_0.available,fi1_0.category,fi1_0.description,fi1_0.image_url,fi1_0.keywords,fi1_0.name,fi1_0.price,fi1_0.quantity,fi1_0.restaurant_id from food_items fi1_0 where fi1_0.id=?
Hibernate: select o1_0.id,o1_0.actual_delivery_time,o1_0.customer_id,o1_0.delivery_address,o1_0.estimated_delivery_time,o1_0.notes,o1_0.order_date,o1_0.phone,o1_0.restaurant_id,o1_0.status,o1_0.total_amount,oi1_0.order_id,oi1_0.id,oi1_0.food_item_id,oi1_0.price,oi1_0.quantity from orders o1_0 left join order_items oi1_0 on o1_0.id=oi1_0.order_id where o1_0.id=?
Hibernate: select o1_0.id,o1_0.actual_delivery_time,o1_0.customer_id,o1_0.delivery_address,o1_0.estimated_delivery_time,o1_0.notes,o1_0.order_date,o1_0.phone,o1_0.restaurant_id,o1_0.status,o1_0.total_amount,oi1_0.order_id,oi1_0.id,oi1_0.food_item_id,oi1_0.price,oi1_0.quantity from orders o1_0 left join order_items oi1_0 on o1_0.id=oi1_0.order_id where o1_0.id=?
Hibernate: insert into order_items (food_item_id,order_id,price,quantity) values (?,?,?,?)
Hibernate: insert into order_items (food_item_id,order_id,price,quantity) values (?,?,?,?)
Hibernate: select last_insert_rowid()
Hibernate: update orders set actual_delivery_time=?,customer_id=?,delivery_address=?,estimated_delivery_time=?,notes=?,order_date=?,phone=?,restaurant_id=?,status=?,total_amount=? where id=?
Hibernate: select r1_0.id,r1_0.address,r1_0.name,r1_0.owner_id,r1_0.phone,r1_0.status from restaurants r1_0 where r1_0.id=?
Hibernate: insert into orders (actual_delivery_time,customer_id,delivery_address,estimated_delivery_time,notes,order_date,phone,restaurant_id,status,total_amount) values (?,?,?,?,?,?,?,?,?,?)
Hibernate: select last_insert_rowid()
Hibernate: select o1_0.id,o1_0.actual_delivery_time,o1_0.customer_id,o1_0.delivery_address,o1_0.estimated_delivery_time,o1_0.notes,o1_0.order_date,oi1_0.order_id,oi1_0.id,oi1_0.food_item_id,fi1_0.id,fi1_0.available,fi1_0.category,fi1_0.description,fi1_0.image_url,fi1_0.keywords,fi1_0.name,fi1_0.price,fi1_0.quantity,fi1_0.restaurant_id,oi1_0.price,oi1_0.quantity,o1_0.phone,o1_0.restaurant_id,o1_0.status,o1_0.total_amount from orders o1_0 left join order_items oi1_0 on o1_0.id=oi1_0.order_id left join food_items fi1_0 on fi1_0.id=oi1_0.food_item_id where o1_0.id=?
  ⚠️  مشکل در ایجاد سفارش 5: org.hibernate.exception.LockAcquisitionException: could not execute statement [[SQLITE_BUSY] The database file is locked (database is locked)] [insert into order_items (food_item_id,order_id,price,quantity) values (?,?,?,?)]
Hibernate: select r1_0.id,r1_0.address,r1_0.name,r1_0.owner_id,r1_0.phone,r1_0.status from restaurants r1_0 where r1_0.id=?
Hibernate: select fi1_0.id,fi1_0.available,fi1_0.category,fi1_0.description,fi1_0.image_url,fi1_0.keywords,fi1_0.name,fi1_0.price,fi1_0.quantity,fi1_0.restaurant_id from food_items fi1_0 where fi1_0.id=?
Hibernate: insert into orders (actual_delivery_time,customer_id,delivery_address,estimated_delivery_time,notes,order_date,phone,restaurant_id,status,total_amount) values (?,?,?,?,?,?,?,?,?,?)
Hibernate: select last_insert_rowid()
Hibernate: select o1_0.id,o1_0.actual_delivery_time,o1_0.customer_id,o1_0.delivery_address,o1_0.estimated_delivery_time,o1_0.notes,o1_0.order_date,o1_0.phone,o1_0.restaurant_id,o1_0.status,o1_0.total_amount,oi1_0.order_id,oi1_0.id,oi1_0.food_item_id,oi1_0.price,oi1_0.quantity from orders o1_0 left join order_items oi1_0 on o1_0.id=oi1_0.order_id where o1_0.id=?
Hibernate: insert into order_items (food_item_id,order_id,price,quantity) values (?,?,?,?)
Hibernate: select o1_0.id,o1_0.actual_delivery_time,o1_0.customer_id,o1_0.delivery_address,o1_0.estimated_delivery_time,o1_0.notes,o1_0.order_date,oi1_0.order_id,oi1_0.id,oi1_0.food_item_id,fi1_0.id,fi1_0.available,fi1_0.category,fi1_0.description,fi1_0.image_url,fi1_0.keywords,fi1_0.name,fi1_0.price,fi1_0.quantity,fi1_0.restaurant_id,oi1_0.price,oi1_0.quantity,o1_0.phone,o1_0.restaurant_id,o1_0.status,o1_0.total_amount from orders o1_0 left join order_items oi1_0 on o1_0.id=oi1_0.order_id left join food_items fi1_0 on fi1_0.id=oi1_0.food_item_id where o1_0.id=?
Hibernate: select fi1_0.id,fi1_0.available,fi1_0.category,fi1_0.description,fi1_0.image_url,fi1_0.keywords,fi1_0.name,fi1_0.price,fi1_0.quantity,fi1_0.restaurant_id from food_items fi1_0 where fi1_0.id=?
Hibernate: select last_insert_rowid()
  ⚠️  مشکل در ایجاد سفارش 66: org.hibernate.exception.LockAcquisitionException: could not execute statement [[SQLITE_BUSY] The database file is locked (database is locked)] [insert into order_items (food_item_id,order_id,price,quantity) values (?,?,?,?)]
  ⚠️  مشکل در ایجاد سفارش 77: org.hibernate.exception.LockAcquisitionException: could not execute statement [[SQLITE_BUSY_SNAPSHOT] Another database connection has already written to the database (database is locked)] [insert into order_items (food_item_id,order_id,price,quantity) values (?,?,?,?)]
Hibernate: select r1_0.id,r1_0.address,r1_0.name,r1_0.owner_id,r1_0.phone,r1_0.status from restaurants r1_0 where r1_0.id=?
Hibernate: select r1_0.id,r1_0.address,r1_0.name,r1_0.owner_id,r1_0.phone,r1_0.status from restaurants r1_0 where r1_0.id=?
Hibernate: select o1_0.id,o1_0.actual_delivery_time,o1_0.customer_id,o1_0.delivery_address,o1_0.estimated_delivery_time,o1_0.notes,o1_0.order_date,o1_0.phone,o1_0.restaurant_id,o1_0.status,o1_0.total_amount,oi1_0.order_id,oi1_0.id,oi1_0.food_item_id,oi1_0.price,oi1_0.quantity from orders o1_0 left join order_items oi1_0 on o1_0.id=oi1_0.order_id where o1_0.id=?
Hibernate: insert into orders (actual_delivery_time,customer_id,delivery_address,estimated_delivery_time,notes,order_date,phone,restaurant_id,status,total_amount) values (?,?,?,?,?,?,?,?,?,?)
Hibernate: insert into orders (actual_delivery_time,customer_id,delivery_address,estimated_delivery_time,notes,order_date,phone,restaurant_id,status,total_amount) values (?,?,?,?,?,?,?,?,?,?)
Hibernate: select o1_0.id,o1_0.actual_delivery_time,o1_0.customer_id,o1_0.delivery_address,o1_0.estimated_delivery_time,o1_0.notes,o1_0.order_date,oi1_0.order_id,oi1_0.id,oi1_0.food_item_id,fi1_0.id,fi1_0.available,fi1_0.category,fi1_0.description,fi1_0.image_url,fi1_0.keywords,fi1_0.name,fi1_0.price,fi1_0.quantity,fi1_0.restaurant_id,oi1_0.price,oi1_0.quantity,o1_0.phone,o1_0.restaurant_id,o1_0.status,o1_0.total_amount from orders o1_0 left join order_items oi1_0 on o1_0.id=oi1_0.order_id left join food_items fi1_0 on fi1_0.id=oi1_0.food_item_id where o1_0.id=?
Hibernate: select last_insert_rowid()
Hibernate: insert into order_items (food_item_id,order_id,price,quantity) values (?,?,?,?)
Hibernate: select fi1_0.id,fi1_0.available,fi1_0.category,fi1_0.description,fi1_0.image_url,fi1_0.keywords,fi1_0.name,fi1_0.price,fi1_0.quantity,fi1_0.restaurant_id from food_items fi1_0 where fi1_0.id=?
  ⚠️  مشکل در ایجاد سفارش 99: org.hibernate.exception.LockAcquisitionException: could not execute statement [[SQLITE_BUSY_SNAPSHOT] Another database connection has already written to the database (database is locked)] [insert into order_items (food_item_id,order_id,price,quantity) values (?,?,?,?)]
Hibernate: select o1_0.id,o1_0.actual_delivery_time,o1_0.customer_id,o1_0.delivery_address,o1_0.estimated_delivery_time,o1_0.notes,o1_0.order_date,oi1_0.order_id,oi1_0.id,oi1_0.food_item_id,fi1_0.id,fi1_0.available,fi1_0.category,fi1_0.description,fi1_0.image_url,fi1_0.keywords,fi1_0.name,fi1_0.price,fi1_0.quantity,fi1_0.restaurant_id,oi1_0.price,oi1_0.quantity,o1_0.phone,o1_0.restaurant_id,o1_0.status,o1_0.total_amount from orders o1_0 left join order_items oi1_0 on o1_0.id=oi1_0.order_id left join food_items fi1_0 on fi1_0.id=oi1_0.food_item_id where o1_0.id=?
Hibernate: select r1_0.id,r1_0.address,r1_0.name,r1_0.owner_id,r1_0.phone,r1_0.status from restaurants r1_0 where r1_0.id=?
Hibernate: select o1_0.id,o1_0.actual_delivery_time,o1_0.customer_id,o1_0.delivery_address,o1_0.estimated_delivery_time,o1_0.notes,o1_0.order_date,o1_0.phone,o1_0.restaurant_id,o1_0.status,o1_0.total_amount,oi1_0.order_id,oi1_0.id,oi1_0.food_item_id,oi1_0.price,oi1_0.quantity from orders o1_0 left join order_items oi1_0 on o1_0.id=oi1_0.order_id where o1_0.id=?
Hibernate: insert into orders (actual_delivery_time,customer_id,delivery_address,estimated_delivery_time,notes,order_date,phone,restaurant_id,status,total_amount) values (?,?,?,?,?,?,?,?,?,?)
Hibernate: select fi1_0.id,fi1_0.available,fi1_0.category,fi1_0.description,fi1_0.image_url,fi1_0.keywords,fi1_0.name,fi1_0.price,fi1_0.quantity,fi1_0.restaurant_id from food_items fi1_0 where fi1_0.id=?
Hibernate: select last_insert_rowid()
Hibernate: insert into order_items (food_item_id,order_id,price,quantity) values (?,?,?,?)
Hibernate: select o1_0.id,o1_0.actual_delivery_time,o1_0.customer_id,o1_0.delivery_address,o1_0.estimated_delivery_time,o1_0.notes,o1_0.order_date,o1_0.phone,o1_0.restaurant_id,o1_0.status,o1_0.total_amount,oi1_0.order_id,oi1_0.id,oi1_0.food_item_id,oi1_0.price,oi1_0.quantity from orders o1_0 left join order_items oi1_0 on o1_0.id=oi1_0.order_id where o1_0.id=?
Hibernate: select o1_0.id,o1_0.actual_delivery_time,o1_0.customer_id,o1_0.delivery_address,o1_0.estimated_delivery_time,o1_0.notes,o1_0.order_date,oi1_0.order_id,oi1_0.id,oi1_0.food_item_id,fi1_0.id,fi1_0.available,fi1_0.category,fi1_0.description,fi1_0.image_url,fi1_0.keywords,fi1_0.name,fi1_0.price,fi1_0.quantity,fi1_0.restaurant_id,oi1_0.price,oi1_0.quantity,o1_0.phone,o1_0.restaurant_id,o1_0.status,o1_0.total_amount from orders o1_0 left join order_items oi1_0 on o1_0.id=oi1_0.order_id left join food_items fi1_0 on fi1_0.id=oi1_0.food_item_id where o1_0.id=?
  ⚠️  مشکل در ایجاد سفارش 4: org.hibernate.exception.LockAcquisitionException: could not execute statement [[SQLITE_BUSY] The database file is locked (database is locked)] [insert into order_items (food_item_id,order_id,price,quantity) values (?,?,?,?)]
Hibernate: select r1_0.id,r1_0.address,r1_0.name,r1_0.owner_id,r1_0.phone,r1_0.status from restaurants r1_0 where r1_0.id=?
Hibernate: select fi1_0.id,fi1_0.available,fi1_0.category,fi1_0.description,fi1_0.image_url,fi1_0.keywords,fi1_0.name,fi1_0.price,fi1_0.quantity,fi1_0.restaurant_id from food_items fi1_0 where fi1_0.id=?
Hibernate: insert into order_items (food_item_id,order_id,price,quantity) values (?,?,?,?)
Hibernate: select last_insert_rowid()
Hibernate: insert into orders (actual_delivery_time,customer_id,delivery_address,estimated_delivery_time,notes,order_date,phone,restaurant_id,status,total_amount) values (?,?,?,?,?,?,?,?,?,?)
Hibernate: select o1_0.id,o1_0.actual_delivery_time,o1_0.customer_id,o1_0.delivery_address,o1_0.estimated_delivery_time,o1_0.notes,o1_0.order_date,o1_0.phone,o1_0.restaurant_id,o1_0.status,o1_0.total_amount,oi1_0.order_id,oi1_0.id,oi1_0.food_item_id,oi1_0.price,oi1_0.quantity from orders o1_0 left join order_items oi1_0 on o1_0.id=oi1_0.order_id where o1_0.id=?
Hibernate: update orders set actual_delivery_time=?,customer_id=?,delivery_address=?,estimated_delivery_time=?,notes=?,order_date=?,phone=?,restaurant_id=?,status=?,total_amount=? where id=?
Hibernate: insert into order_items (food_item_id,order_id,price,quantity) values (?,?,?,?)
Hibernate: select r1_0.id,r1_0.address,r1_0.name,r1_0.owner_id,r1_0.phone,r1_0.status from restaurants r1_0 where r1_0.id=?
  ⚠️  مشکل در ایجاد سفارش 89: org.hibernate.exception.LockAcquisitionException: could not execute statement [[SQLITE_BUSY] The database file is locked (database is locked)] [insert into order_items (food_item_id,order_id,price,quantity) values (?,?,?,?)]
Hibernate: select r1_0.id,r1_0.address,r1_0.name,r1_0.owner_id,r1_0.phone,r1_0.status from restaurants r1_0 where r1_0.id=?
Hibernate: insert into orders (actual_delivery_time,customer_id,delivery_address,estimated_delivery_time,notes,order_date,phone,restaurant_id,status,total_amount) values (?,?,?,?,?,?,?,?,?,?)
Hibernate: insert into orders (actual_delivery_time,customer_id,delivery_address,estimated_delivery_time,notes,order_date,phone,restaurant_id,status,total_amount) values (?,?,?,?,?,?,?,?,?,?)
Hibernate: select last_insert_rowid()
  ⚠️  مشکل در ایجاد سفارش 98: org.hibernate.exception.LockAcquisitionException: could not execute statement [[SQLITE_BUSY] The database file is locked (database is locked)] [insert into order_items (food_item_id,order_id,price,quantity) values (?,?,?,?)]
Hibernate: select o1_0.id,o1_0.actual_delivery_time,o1_0.customer_id,o1_0.delivery_address,o1_0.estimated_delivery_time,o1_0.notes,o1_0.order_date,oi1_0.order_id,oi1_0.id,oi1_0.food_item_id,fi1_0.id,fi1_0.available,fi1_0.category,fi1_0.description,fi1_0.image_url,fi1_0.keywords,fi1_0.name,fi1_0.price,fi1_0.quantity,fi1_0.restaurant_id,oi1_0.price,oi1_0.quantity,o1_0.phone,o1_0.restaurant_id,o1_0.status,o1_0.total_amount from orders o1_0 left join order_items oi1_0 on o1_0.id=oi1_0.order_id left join food_items fi1_0 on fi1_0.id=oi1_0.food_item_id where o1_0.id=?
Hibernate: select r1_0.id,r1_0.address,r1_0.name,r1_0.owner_id,r1_0.phone,r1_0.status from restaurants r1_0 where r1_0.id=?
Hibernate: insert into orders (actual_delivery_time,customer_id,delivery_address,estimated_delivery_time,notes,order_date,phone,restaurant_id,status,total_amount) values (?,?,?,?,?,?,?,?,?,?)
Hibernate: select last_insert_rowid()
Hibernate: select fi1_0.id,fi1_0.available,fi1_0.category,fi1_0.description,fi1_0.image_url,fi1_0.keywords,fi1_0.name,fi1_0.price,fi1_0.quantity,fi1_0.restaurant_id from food_items fi1_0 where fi1_0.id=?
Hibernate: select o1_0.id,o1_0.actual_delivery_time,o1_0.customer_id,o1_0.delivery_address,o1_0.estimated_delivery_time,o1_0.notes,o1_0.order_date,o1_0.phone,o1_0.restaurant_id,o1_0.status,o1_0.total_amount,oi1_0.order_id,oi1_0.id,oi1_0.food_item_id,oi1_0.price,oi1_0.quantity from orders o1_0 left join order_items oi1_0 on o1_0.id=oi1_0.order_id where o1_0.id=?
Hibernate: select o1_0.id,o1_0.actual_delivery_time,o1_0.customer_id,o1_0.delivery_address,o1_0.estimated_delivery_time,o1_0.notes,o1_0.order_date,oi1_0.order_id,oi1_0.id,oi1_0.food_item_id,fi1_0.id,fi1_0.available,fi1_0.category,fi1_0.description,fi1_0.image_url,fi1_0.keywords,fi1_0.name,fi1_0.price,fi1_0.quantity,fi1_0.restaurant_id,oi1_0.price,oi1_0.quantity,o1_0.phone,o1_0.restaurant_id,o1_0.status,o1_0.total_amount from orders o1_0 left join order_items oi1_0 on o1_0.id=oi1_0.order_id left join food_items fi1_0 on fi1_0.id=oi1_0.food_item_id where o1_0.id=?
Hibernate: insert into order_items (food_item_id,order_id,price,quantity) values (?,?,?,?)
Hibernate: select fi1_0.id,fi1_0.available,fi1_0.category,fi1_0.description,fi1_0.image_url,fi1_0.keywords,fi1_0.name,fi1_0.price,fi1_0.quantity,fi1_0.restaurant_id from food_items fi1_0 where fi1_0.id=?
Hibernate: select last_insert_rowid()
Hibernate: select o1_0.id,o1_0.actual_delivery_time,o1_0.customer_id,o1_0.delivery_address,o1_0.estimated_delivery_time,o1_0.notes,o1_0.order_date,o1_0.phone,o1_0.restaurant_id,o1_0.status,o1_0.total_amount,oi1_0.order_id,oi1_0.id,oi1_0.food_item_id,oi1_0.price,oi1_0.quantity from orders o1_0 left join order_items oi1_0 on o1_0.id=oi1_0.order_id where o1_0.id=?
Hibernate: update orders set actual_delivery_time=?,customer_id=?,delivery_address=?,estimated_delivery_time=?,notes=?,order_date=?,phone=?,restaurant_id=?,status=?,total_amount=? where id=?
Hibernate: insert into order_items (food_item_id,order_id,price,quantity) values (?,?,?,?)
Hibernate: select r1_0.id,r1_0.address,r1_0.name,r1_0.owner_id,r1_0.phone,r1_0.status from restaurants r1_0 where r1_0.id=?
Hibernate: insert into orders (actual_delivery_time,customer_id,delivery_address,estimated_delivery_time,notes,order_date,phone,restaurant_id,status,total_amount) values (?,?,?,?,?,?,?,?,?,?)
Hibernate: select last_insert_rowid()
Hibernate: select o1_0.id,o1_0.actual_delivery_time,o1_0.customer_id,o1_0.delivery_address,o1_0.estimated_delivery_time,o1_0.notes,o1_0.order_date,oi1_0.order_id,oi1_0.id,oi1_0.food_item_id,fi1_0.id,fi1_0.available,fi1_0.category,fi1_0.description,fi1_0.image_url,fi1_0.keywords,fi1_0.name,fi1_0.price,fi1_0.quantity,fi1_0.restaurant_id,oi1_0.price,oi1_0.quantity,o1_0.phone,o1_0.restaurant_id,o1_0.status,o1_0.total_amount from orders o1_0 left join order_items oi1_0 on o1_0.id=oi1_0.order_id left join food_items fi1_0 on fi1_0.id=oi1_0.food_item_id where o1_0.id=?
  ⚠️  مشکل در ایجاد سفارش 94: org.hibernate.exception.LockAcquisitionException: could not execute statement [[SQLITE_BUSY] The database file is locked (database is locked)] [insert into order_items (food_item_id,order_id,price,quantity) values (?,?,?,?)]
Hibernate: select r1_0.id,r1_0.address,r1_0.name,r1_0.owner_id,r1_0.phone,r1_0.status from restaurants r1_0 where r1_0.id=?
Hibernate: select fi1_0.id,fi1_0.available,fi1_0.category,fi1_0.description,fi1_0.image_url,fi1_0.keywords,fi1_0.name,fi1_0.price,fi1_0.quantity,fi1_0.restaurant_id from food_items fi1_0 where fi1_0.id=?
Hibernate: insert into orders (actual_delivery_time,customer_id,delivery_address,estimated_delivery_time,notes,order_date,phone,restaurant_id,status,total_amount) values (?,?,?,?,?,?,?,?,?,?)
Hibernate: select last_insert_rowid()
Hibernate: select o1_0.id,o1_0.actual_delivery_time,o1_0.customer_id,o1_0.delivery_address,o1_0.estimated_delivery_time,o1_0.notes,o1_0.order_date,o1_0.phone,o1_0.restaurant_id,o1_0.status,o1_0.total_amount,oi1_0.order_id,oi1_0.id,oi1_0.food_item_id,oi1_0.price,oi1_0.quantity from orders o1_0 left join order_items oi1_0 on o1_0.id=oi1_0.order_id where o1_0.id=?
Hibernate: select o1_0.id,o1_0.actual_delivery_time,o1_0.customer_id,o1_0.delivery_address,o1_0.estimated_delivery_time,o1_0.notes,o1_0.order_date,oi1_0.order_id,oi1_0.id,oi1_0.food_item_id,fi1_0.id,fi1_0.available,fi1_0.category,fi1_0.description,fi1_0.image_url,fi1_0.keywords,fi1_0.name,fi1_0.price,fi1_0.quantity,fi1_0.restaurant_id,oi1_0.price,oi1_0.quantity,o1_0.phone,o1_0.restaurant_id,o1_0.status,o1_0.total_amount from orders o1_0 left join order_items oi1_0 on o1_0.id=oi1_0.order_id left join food_items fi1_0 on fi1_0.id=oi1_0.food_item_id where o1_0.id=?
Hibernate: select last_insert_rowid()
Hibernate: insert into order_items (food_item_id,order_id,price,quantity) values (?,?,?,?)
Hibernate: select fi1_0.id,fi1_0.available,fi1_0.category,fi1_0.description,fi1_0.image_url,fi1_0.keywords,fi1_0.name,fi1_0.price,fi1_0.quantity,fi1_0.restaurant_id from food_items fi1_0 where fi1_0.id=?
Hibernate: select o1_0.id,o1_0.actual_delivery_time,o1_0.customer_id,o1_0.delivery_address,o1_0.estimated_delivery_time,o1_0.notes,o1_0.order_date,oi1_0.order_id,oi1_0.id,oi1_0.food_item_id,fi1_0.id,fi1_0.available,fi1_0.category,fi1_0.description,fi1_0.image_url,fi1_0.keywords,fi1_0.name,fi1_0.price,fi1_0.quantity,fi1_0.restaurant_id,oi1_0.price,oi1_0.quantity,o1_0.phone,o1_0.restaurant_id,o1_0.status,o1_0.total_amount from orders o1_0 left join order_items oi1_0 on o1_0.id=oi1_0.order_id left join food_items fi1_0 on fi1_0.id=oi1_0.food_item_id where o1_0.id=?
Hibernate: select o1_0.id,o1_0.actual_delivery_time,o1_0.customer_id,o1_0.delivery_address,o1_0.estimated_delivery_time,o1_0.notes,o1_0.order_date,o1_0.phone,o1_0.restaurant_id,o1_0.status,o1_0.total_amount,oi1_0.order_id,oi1_0.id,oi1_0.food_item_id,oi1_0.price,oi1_0.quantity from orders o1_0 left join order_items oi1_0 on o1_0.id=oi1_0.order_id where o1_0.id=?
Hibernate: select fi1_0.id,fi1_0.available,fi1_0.category,fi1_0.description,fi1_0.image_url,fi1_0.keywords,fi1_0.name,fi1_0.price,fi1_0.quantity,fi1_0.restaurant_id from food_items fi1_0 where fi1_0.id=?
Hibernate: select o1_0.id,o1_0.actual_delivery_time,o1_0.customer_id,o1_0.delivery_address,o1_0.estimated_delivery_time,o1_0.notes,o1_0.order_date,o1_0.phone,o1_0.restaurant_id,o1_0.status,o1_0.total_amount,oi1_0.order_id,oi1_0.id,oi1_0.food_item_id,oi1_0.price,oi1_0.quantity from orders o1_0 left join order_items oi1_0 on o1_0.id=oi1_0.order_id where o1_0.id=?
Hibernate: insert into order_items (food_item_id,order_id,price,quantity) values (?,?,?,?)
Hibernate: select last_insert_rowid()
Hibernate: insert into order_items (food_item_id,order_id,price,quantity) values (?,?,?,?)
Hibernate: update orders set actual_delivery_time=?,customer_id=?,delivery_address=?,estimated_delivery_time=?,notes=?,order_date=?,phone=?,restaurant_id=?,status=?,total_amount=? where id=?
Hibernate: select r1_0.id,r1_0.address,r1_0.name,r1_0.owner_id,r1_0.phone,r1_0.status from restaurants r1_0 where r1_0.id=?
Hibernate: insert into orders (actual_delivery_time,customer_id,delivery_address,estimated_delivery_time,notes,order_date,phone,restaurant_id,status,total_amount) values (?,?,?,?,?,?,?,?,?,?)
Hibernate: select last_insert_rowid()
Hibernate: select last_insert_rowid()
  ⚠️  مشکل در ایجاد سفارش 62: org.hibernate.exception.LockAcquisitionException: could not execute statement [[SQLITE_BUSY] The database file is locked (database is locked)] [insert into order_items (food_item_id,order_id,price,quantity) values (?,?,?,?)]
Hibernate: select o1_0.id,o1_0.actual_delivery_time,o1_0.customer_id,o1_0.delivery_address,o1_0.estimated_delivery_time,o1_0.notes,o1_0.order_date,oi1_0.order_id,oi1_0.id,oi1_0.food_item_id,fi1_0.id,fi1_0.available,fi1_0.category,fi1_0.description,fi1_0.image_url,fi1_0.keywords,fi1_0.name,fi1_0.price,fi1_0.quantity,fi1_0.restaurant_id,oi1_0.price,oi1_0.quantity,o1_0.phone,o1_0.restaurant_id,o1_0.status,o1_0.total_amount from orders o1_0 left join order_items oi1_0 on o1_0.id=oi1_0.order_id left join food_items fi1_0 on fi1_0.id=oi1_0.food_item_id where o1_0.id=?
Hibernate: select r1_0.id,r1_0.address,r1_0.name,r1_0.owner_id,r1_0.phone,r1_0.status from restaurants r1_0 where r1_0.id=?
Hibernate: insert into orders (actual_delivery_time,customer_id,delivery_address,estimated_delivery_time,notes,order_date,phone,restaurant_id,status,total_amount) values (?,?,?,?,?,?,?,?,?,?)
Hibernate: select fi1_0.id,fi1_0.available,fi1_0.category,fi1_0.description,fi1_0.image_url,fi1_0.keywords,fi1_0.name,fi1_0.price,fi1_0.quantity,fi1_0.restaurant_id from food_items fi1_0 where fi1_0.id=?
Hibernate: select o1_0.id,o1_0.actual_delivery_time,o1_0.customer_id,o1_0.delivery_address,o1_0.estimated_delivery_time,o1_0.notes,o1_0.order_date,oi1_0.order_id,oi1_0.id,oi1_0.food_item_id,fi1_0.id,fi1_0.available,fi1_0.category,fi1_0.description,fi1_0.image_url,fi1_0.keywords,fi1_0.name,fi1_0.price,fi1_0.quantity,fi1_0.restaurant_id,oi1_0.price,oi1_0.quantity,o1_0.phone,o1_0.restaurant_id,o1_0.status,o1_0.total_amount from orders o1_0 left join order_items oi1_0 on o1_0.id=oi1_0.order_id left join food_items fi1_0 on fi1_0.id=oi1_0.food_item_id where o1_0.id=?
Hibernate: select last_insert_rowid()
  ⚠️  مشکل در ایجاد سفارش 31: org.hibernate.exception.LockAcquisitionException: could not execute statement [[SQLITE_BUSY] The database file is locked (database is locked)] [insert into order_items (food_item_id,order_id,price,quantity) values (?,?,?,?)]
Hibernate: select r1_0.id,r1_0.address,r1_0.name,r1_0.owner_id,r1_0.phone,r1_0.status from restaurants r1_0 where r1_0.id=?
Hibernate: select o1_0.id,o1_0.actual_delivery_time,o1_0.customer_id,o1_0.delivery_address,o1_0.estimated_delivery_time,o1_0.notes,o1_0.order_date,o1_0.phone,o1_0.restaurant_id,o1_0.status,o1_0.total_amount,oi1_0.order_id,oi1_0.id,oi1_0.food_item_id,oi1_0.price,oi1_0.quantity from orders o1_0 left join order_items oi1_0 on o1_0.id=oi1_0.order_id where o1_0.id=?
Hibernate: select fi1_0.id,fi1_0.available,fi1_0.category,fi1_0.description,fi1_0.image_url,fi1_0.keywords,fi1_0.name,fi1_0.price,fi1_0.quantity,fi1_0.restaurant_id from food_items fi1_0 where fi1_0.id=?
Hibernate: select o1_0.id,o1_0.actual_delivery_time,o1_0.customer_id,o1_0.delivery_address,o1_0.estimated_delivery_time,o1_0.notes,o1_0.order_date,oi1_0.order_id,oi1_0.id,oi1_0.food_item_id,fi1_0.id,fi1_0.available,fi1_0.category,fi1_0.description,fi1_0.image_url,fi1_0.keywords,fi1_0.name,fi1_0.price,fi1_0.quantity,fi1_0.restaurant_id,oi1_0.price,oi1_0.quantity,o1_0.phone,o1_0.restaurant_id,o1_0.status,o1_0.total_amount from orders o1_0 left join order_items oi1_0 on o1_0.id=oi1_0.order_id left join food_items fi1_0 on fi1_0.id=oi1_0.food_item_id where o1_0.id=?
Hibernate: insert into orders (actual_delivery_time,customer_id,delivery_address,estimated_delivery_time,notes,order_date,phone,restaurant_id,status,total_amount) values (?,?,?,?,?,?,?,?,?,?)
Hibernate: insert into order_items (food_item_id,order_id,price,quantity) values (?,?,?,?)
Hibernate: select o1_0.id,o1_0.actual_delivery_time,o1_0.customer_id,o1_0.delivery_address,o1_0.estimated_delivery_time,o1_0.notes,o1_0.order_date,o1_0.phone,o1_0.restaurant_id,o1_0.status,o1_0.total_amount,oi1_0.order_id,oi1_0.id,oi1_0.food_item_id,oi1_0.price,oi1_0.quantity from orders o1_0 left join order_items oi1_0 on o1_0.id=oi1_0.order_id where o1_0.id=?
Hibernate: select last_insert_rowid()
Hibernate: select fi1_0.id,fi1_0.available,fi1_0.category,fi1_0.description,fi1_0.image_url,fi1_0.keywords,fi1_0.name,fi1_0.price,fi1_0.quantity,fi1_0.restaurant_id from food_items fi1_0 where fi1_0.id=?
Hibernate: insert into order_items (food_item_id,order_id,price,quantity) values (?,?,?,?)
Hibernate: select o1_0.id,o1_0.actual_delivery_time,o1_0.customer_id,o1_0.delivery_address,o1_0.estimated_delivery_time,o1_0.notes,o1_0.order_date,o1_0.phone,o1_0.restaurant_id,o1_0.status,o1_0.total_amount,oi1_0.order_id,oi1_0.id,oi1_0.food_item_id,oi1_0.price,oi1_0.quantity from orders o1_0 left join order_items oi1_0 on o1_0.id=oi1_0.order_id where o1_0.id=?
Hibernate: select last_insert_rowid()
Hibernate: select o1_0.id,o1_0.actual_delivery_time,o1_0.customer_id,o1_0.delivery_address,o1_0.estimated_delivery_time,o1_0.notes,o1_0.order_date,oi1_0.order_id,oi1_0.id,oi1_0.food_item_id,fi1_0.id,fi1_0.available,fi1_0.category,fi1_0.description,fi1_0.image_url,fi1_0.keywords,fi1_0.name,fi1_0.price,fi1_0.quantity,fi1_0.restaurant_id,oi1_0.price,oi1_0.quantity,o1_0.phone,o1_0.restaurant_id,o1_0.status,o1_0.total_amount from orders o1_0 left join order_items oi1_0 on o1_0.id=oi1_0.order_id left join food_items fi1_0 on fi1_0.id=oi1_0.food_item_id where o1_0.id=?
Hibernate: insert into order_items (food_item_id,order_id,price,quantity) values (?,?,?,?)
Hibernate: select fi1_0.id,fi1_0.available,fi1_0.category,fi1_0.description,fi1_0.image_url,fi1_0.keywords,fi1_0.name,fi1_0.price,fi1_0.quantity,fi1_0.restaurant_id from food_items fi1_0 where fi1_0.id=?
Hibernate: select o1_0.id,o1_0.actual_delivery_time,o1_0.customer_id,o1_0.delivery_address,o1_0.estimated_delivery_time,o1_0.notes,o1_0.order_date,oi1_0.order_id,oi1_0.id,oi1_0.food_item_id,fi1_0.id,fi1_0.available,fi1_0.category,fi1_0.description,fi1_0.image_url,fi1_0.keywords,fi1_0.name,fi1_0.price,fi1_0.quantity,fi1_0.restaurant_id,oi1_0.price,oi1_0.quantity,o1_0.phone,o1_0.restaurant_id,o1_0.status,o1_0.total_amount from orders o1_0 left join order_items oi1_0 on o1_0.id=oi1_0.order_id left join food_items fi1_0 on fi1_0.id=oi1_0.food_item_id where o1_0.id=?
Hibernate: select o1_0.id,o1_0.actual_delivery_time,o1_0.customer_id,o1_0.delivery_address,o1_0.estimated_delivery_time,o1_0.notes,o1_0.order_date,o1_0.phone,o1_0.restaurant_id,o1_0.status,o1_0.total_amount,oi1_0.order_id,oi1_0.id,oi1_0.food_item_id,oi1_0.price,oi1_0.quantity from orders o1_0 left join order_items oi1_0 on o1_0.id=oi1_0.order_id where o1_0.id=?
Hibernate: select fi1_0.id,fi1_0.available,fi1_0.category,fi1_0.description,fi1_0.image_url,fi1_0.keywords,fi1_0.name,fi1_0.price,fi1_0.quantity,fi1_0.restaurant_id from food_items fi1_0 where fi1_0.id=?
Hibernate: insert into order_items (food_item_id,order_id,price,quantity) values (?,?,?,?)
Hibernate: select last_insert_rowid()
Hibernate: select o1_0.id,o1_0.actual_delivery_time,o1_0.customer_id,o1_0.delivery_address,o1_0.estimated_delivery_time,o1_0.notes,o1_0.order_date,o1_0.phone,o1_0.restaurant_id,o1_0.status,o1_0.total_amount,oi1_0.order_id,oi1_0.id,oi1_0.food_item_id,oi1_0.price,oi1_0.quantity from orders o1_0 left join order_items oi1_0 on o1_0.id=oi1_0.order_id where o1_0.id=?
Hibernate: insert into order_items (food_item_id,order_id,price,quantity) values (?,?,?,?)
  ⚠️  مشکل در ایجاد سفارش 93: org.hibernate.exception.LockAcquisitionException: could not execute statement [[SQLITE_BUSY] The database file is locked (database is locked)] [insert into order_items (food_item_id,order_id,price,quantity) values (?,?,?,?)]
Hibernate: update orders set actual_delivery_time=?,customer_id=?,delivery_address=?,estimated_delivery_time=?,notes=?,order_date=?,phone=?,restaurant_id=?,status=?,total_amount=? where id=?
Hibernate: select r1_0.id,r1_0.address,r1_0.name,r1_0.owner_id,r1_0.phone,r1_0.status from restaurants r1_0 where r1_0.id=?
Hibernate: insert into orders (actual_delivery_time,customer_id,delivery_address,estimated_delivery_time,notes,order_date,phone,restaurant_id,status,total_amount) values (?,?,?,?,?,?,?,?,?,?)
Hibernate: select r1_0.id,r1_0.address,r1_0.name,r1_0.owner_id,r1_0.phone,r1_0.status from restaurants r1_0 where r1_0.id=?
Hibernate: select last_insert_rowid()
Hibernate: insert into orders (actual_delivery_time,customer_id,delivery_address,estimated_delivery_time,notes,order_date,phone,restaurant_id,status,total_amount) values (?,?,?,?,?,?,?,?,?,?)
Hibernate: select o1_0.id,o1_0.actual_delivery_time,o1_0.customer_id,o1_0.delivery_address,o1_0.estimated_delivery_time,o1_0.notes,o1_0.order_date,oi1_0.order_id,oi1_0.id,oi1_0.food_item_id,fi1_0.id,fi1_0.available,fi1_0.category,fi1_0.description,fi1_0.image_url,fi1_0.keywords,fi1_0.name,fi1_0.price,fi1_0.quantity,fi1_0.restaurant_id,oi1_0.price,oi1_0.quantity,o1_0.phone,o1_0.restaurant_id,o1_0.status,o1_0.total_amount from orders o1_0 left join order_items oi1_0 on o1_0.id=oi1_0.order_id left join food_items fi1_0 on fi1_0.id=oi1_0.food_item_id where o1_0.id=?
Hibernate: select fi1_0.id,fi1_0.available,fi1_0.category,fi1_0.description,fi1_0.image_url,fi1_0.keywords,fi1_0.name,fi1_0.price,fi1_0.quantity,fi1_0.restaurant_id from food_items fi1_0 where fi1_0.id=?
Hibernate: select o1_0.id,o1_0.actual_delivery_time,o1_0.customer_id,o1_0.delivery_address,o1_0.estimated_delivery_time,o1_0.notes,o1_0.order_date,o1_0.phone,o1_0.restaurant_id,o1_0.status,o1_0.total_amount,oi1_0.order_id,oi1_0.id,oi1_0.food_item_id,oi1_0.price,oi1_0.quantity from orders o1_0 left join order_items oi1_0 on o1_0.id=oi1_0.order_id where o1_0.id=?
  ⚠️  مشکل در ایجاد سفارش 90: org.hibernate.exception.LockAcquisitionException: could not execute statement [[SQLITE_BUSY] The database file is locked (database is locked)] [insert into order_items (food_item_id,order_id,price,quantity) values (?,?,?,?)]
Hibernate: select r1_0.id,r1_0.address,r1_0.name,r1_0.owner_id,r1_0.phone,r1_0.status from restaurants r1_0 where r1_0.id=?
Hibernate: select last_insert_rowid()
Hibernate: insert into order_items (food_item_id,order_id,price,quantity) values (?,?,?,?)
Hibernate: insert into orders (actual_delivery_time,customer_id,delivery_address,estimated_delivery_time,notes,order_date,phone,restaurant_id,status,total_amount) values (?,?,?,?,?,?,?,?,?,?)
Hibernate: select last_insert_rowid()
Hibernate: select o1_0.id,o1_0.actual_delivery_time,o1_0.customer_id,o1_0.delivery_address,o1_0.estimated_delivery_time,o1_0.notes,o1_0.order_date,oi1_0.order_id,oi1_0.id,oi1_0.food_item_id,fi1_0.id,fi1_0.available,fi1_0.category,fi1_0.description,fi1_0.image_url,fi1_0.keywords,fi1_0.name,fi1_0.price,fi1_0.quantity,fi1_0.restaurant_id,oi1_0.price,oi1_0.quantity,o1_0.phone,o1_0.restaurant_id,o1_0.status,o1_0.total_amount from orders o1_0 left join order_items oi1_0 on o1_0.id=oi1_0.order_id left join food_items fi1_0 on fi1_0.id=oi1_0.food_item_id where o1_0.id=?
Hibernate: select o1_0.id,o1_0.actual_delivery_time,o1_0.customer_id,o1_0.delivery_address,o1_0.estimated_delivery_time,o1_0.notes,o1_0.order_date,oi1_0.order_id,oi1_0.id,oi1_0.food_item_id,fi1_0.id,fi1_0.available,fi1_0.category,fi1_0.description,fi1_0.image_url,fi1_0.keywords,fi1_0.name,fi1_0.price,fi1_0.quantity,fi1_0.restaurant_id,oi1_0.price,oi1_0.quantity,o1_0.phone,o1_0.restaurant_id,o1_0.status,o1_0.total_amount from orders o1_0 left join order_items oi1_0 on o1_0.id=oi1_0.order_id left join food_items fi1_0 on fi1_0.id=oi1_0.food_item_id where o1_0.id=?
Hibernate: select fi1_0.id,fi1_0.available,fi1_0.category,fi1_0.description,fi1_0.image_url,fi1_0.keywords,fi1_0.name,fi1_0.price,fi1_0.quantity,fi1_0.restaurant_id from food_items fi1_0 where fi1_0.id=?
Hibernate: select fi1_0.id,fi1_0.available,fi1_0.category,fi1_0.description,fi1_0.image_url,fi1_0.keywords,fi1_0.name,fi1_0.price,fi1_0.quantity,fi1_0.restaurant_id from food_items fi1_0 where fi1_0.id=?
[...]
Hibernate: select last_insert_rowid()
Hibernate: select o1_0.id,o1_0.actual_delivery_time,o1_0.customer_id,o1_0.delivery_address,o1_0.estimated_delivery_time,o1_0.notes,o1_0.order_date,oi1_0.order_id,oi1_0.id,oi1_0.food_item_id,fi1_0.id,fi1_0.available,fi1_0.category,fi1_0.description,fi1_0.image_url,fi1_0.keywords,fi1_0.name,fi1_0.price,fi1_0.quantity,fi1_0.restaurant_id,oi1_0.price,oi1_0.quantity,o1_0.phone,o1_0.restaurant_id,o1_0.status,o1_0.total_amount from orders o1_0 left join order_items oi1_0 on o1_0.id=oi1_0.order_id left join food_items fi1_0 on fi1_0.id=oi1_0.food_item_id where o1_0.id=?
  ⚠️  مشکل در ایجاد سفارش 32: Cannot place empty order
Hibernate: select r1_0.id,r1_0.address,r1_0.name,r1_0.owner_id,r1_0.phone,r1_0.status from restaurants r1_0 where r1_0.id=?
Hibernate: insert into orders (actual_delivery_time,customer_id,delivery_address,estimated_delivery_time,notes,order_date,phone,restaurant_id,status,total_amount) values (?,?,?,?,?,?,?,?,?,?)
Hibernate: select last_insert_rowid()
Hibernate: select o1_0.id,o1_0.actual_delivery_time,o1_0.customer_id,o1_0.delivery_address,o1_0.estimated_delivery_time,o1_0.notes,o1_0.order_date,oi1_0.order_id,oi1_0.id,oi1_0.food_item_id,fi1_0.id,fi1_0.available,fi1_0.category,fi1_0.description,fi1_0.image_url,fi1_0.keywords,fi1_0.name,fi1_0.price,fi1_0.quantity,fi1_0.restaurant_id,oi1_0.price,oi1_0.quantity,o1_0.phone,o1_0.restaurant_id,o1_0.status,o1_0.total_amount from orders o1_0 left join order_items oi1_0 on o1_0.id=oi1_0.order_id left join food_items fi1_0 on fi1_0.id=oi1_0.food_item_id where o1_0.id=?
  ⚠️  مشکل در ایجاد سفارش 33: Cannot place empty order
Hibernate: select r1_0.id,r1_0.address,r1_0.name,r1_0.owner_id,r1_0.phone,r1_0.status from restaurants r1_0 where r1_0.id=?
Hibernate: insert into orders (actual_delivery_time,customer_id,delivery_address,estimated_delivery_time,notes,order_date,phone,restaurant_id,status,total_amount) values (?,?,?,?,?,?,?,?,?,?)
Hibernate: select last_insert_rowid()
Hibernate: select o1_0.id,o1_0.actual_delivery_time,o1_0.customer_id,o1_0.delivery_address,o1_0.estimated_delivery_time,o1_0.notes,o1_0.order_date,oi1_0.order_id,oi1_0.id,oi1_0.food_item_id,fi1_0.id,fi1_0.available,fi1_0.category,fi1_0.description,fi1_0.image_url,fi1_0.keywords,fi1_0.name,fi1_0.price,fi1_0.quantity,fi1_0.restaurant_id,oi1_0.price,oi1_0.quantity,o1_0.phone,o1_0.restaurant_id,o1_0.status,o1_0.total_amount from orders o1_0 left join order_items oi1_0 on o1_0.id=oi1_0.order_id left join food_items fi1_0 on fi1_0.id=oi1_0.food_item_id where o1_0.id=?
  ⚠️  مشکل در ایجاد سفارش 34: Cannot place empty order
Hibernate: select r1_0.id,r1_0.address,r1_0.name,r1_0.owner_id,r1_0.phone,r1_0.status from restaurants r1_0 where r1_0.id=?
Hibernate: insert into orders (actual_delivery_time,customer_id,delivery_address,estimated_delivery_time,notes,order_date,phone,restaurant_id,status,total_amount) values (?,?,?,?,?,?,?,?,?,?)
Hibernate: select last_insert_rowid()
Hibernate: select o1_0.id,o1_0.actual_delivery_time,o1_0.customer_id,o1_0.delivery_address,o1_0.estimated_delivery_time,o1_0.notes,o1_0.order_date,oi1_0.order_id,oi1_0.id,oi1_0.food_item_id,fi1_0.id,fi1_0.available,fi1_0.category,fi1_0.description,fi1_0.image_url,fi1_0.keywords,fi1_0.name,fi1_0.price,fi1_0.quantity,fi1_0.restaurant_id,oi1_0.price,oi1_0.quantity,o1_0.phone,o1_0.restaurant_id,o1_0.status,o1_0.total_amount from orders o1_0 left join order_items oi1_0 on o1_0.id=oi1_0.order_id left join food_items fi1_0 on fi1_0.id=oi1_0.food_item_id where o1_0.id=?
  ⚠️  مشکل در ایجاد سفارش 35: Cannot place empty order
Hibernate: select r1_0.id,r1_0.address,r1_0.name,r1_0.owner_id,r1_0.phone,r1_0.status from restaurants r1_0 where r1_0.id=?
Hibernate: insert into orders (actual_delivery_time,customer_id,delivery_address,estimated_delivery_time,notes,order_date,phone,restaurant_id,status,total_amount) values (?,?,?,?,?,?,?,?,?,?)
Hibernate: select last_insert_rowid()
Hibernate: select o1_0.id,o1_0.actual_delivery_time,o1_0.customer_id,o1_0.delivery_address,o1_0.estimated_delivery_time,o1_0.notes,o1_0.order_date,oi1_0.order_id,oi1_0.id,oi1_0.food_item_id,fi1_0.id,fi1_0.available,fi1_0.category,fi1_0.description,fi1_0.image_url,fi1_0.keywords,fi1_0.name,fi1_0.price,fi1_0.quantity,fi1_0.restaurant_id,oi1_0.price,oi1_0.quantity,o1_0.phone,o1_0.restaurant_id,o1_0.status,o1_0.total_amount from orders o1_0 left join order_items oi1_0 on o1_0.id=oi1_0.order_id left join food_items fi1_0 on fi1_0.id=oi1_0.food_item_id where o1_0.id=?
  ⚠️  مشکل در ایجاد سفارش 36: Cannot place empty order
Hibernate: select r1_0.id,r1_0.address,r1_0.name,r1_0.owner_id,r1_0.phone,r1_0.status from restaurants r1_0 where r1_0.id=?
Hibernate: insert into orders (actual_delivery_time,customer_id,delivery_address,estimated_delivery_time,notes,order_date,phone,restaurant_id,status,total_amount) values (?,?,?,?,?,?,?,?,?,?)
Hibernate: select last_insert_rowid()
Hibernate: select o1_0.id,o1_0.actual_delivery_time,o1_0.customer_id,o1_0.delivery_address,o1_0.estimated_delivery_time,o1_0.notes,o1_0.order_date,oi1_0.order_id,oi1_0.id,oi1_0.food_item_id,fi1_0.id,fi1_0.available,fi1_0.category,fi1_0.description,fi1_0.image_url,fi1_0.keywords,fi1_0.name,fi1_0.price,fi1_0.quantity,fi1_0.restaurant_id,oi1_0.price,oi1_0.quantity,o1_0.phone,o1_0.restaurant_id,o1_0.status,o1_0.total_amount from orders o1_0 left join order_items oi1_0 on o1_0.id=oi1_0.order_id left join food_items fi1_0 on fi1_0.id=oi1_0.food_item_id where o1_0.id=?
  ⚠️  مشکل در ایجاد سفارش 37: Cannot place empty order
Hibernate: select r1_0.id,r1_0.address,r1_0.name,r1_0.owner_id,r1_0.phone,r1_0.status from restaurants r1_0 where r1_0.id=?
Hibernate: insert into orders (actual_delivery_time,customer_id,delivery_address,estimated_delivery_time,notes,order_date,phone,restaurant_id,status,total_amount) values (?,?,?,?,?,?,?,?,?,?)
Hibernate: select last_insert_rowid()
Hibernate: select o1_0.id,o1_0.actual_delivery_time,o1_0.customer_id,o1_0.delivery_address,o1_0.estimated_delivery_time,o1_0.notes,o1_0.order_date,oi1_0.order_id,oi1_0.id,oi1_0.food_item_id,fi1_0.id,fi1_0.available,fi1_0.category,fi1_0.description,fi1_0.image_url,fi1_0.keywords,fi1_0.name,fi1_0.price,fi1_0.quantity,fi1_0.restaurant_id,oi1_0.price,oi1_0.quantity,o1_0.phone,o1_0.restaurant_id,o1_0.status,o1_0.total_amount from orders o1_0 left join order_items oi1_0 on o1_0.id=oi1_0.order_id left join food_items fi1_0 on fi1_0.id=oi1_0.food_item_id where o1_0.id=?
  ⚠️  مشکل در ایجاد سفارش 38: Cannot place empty order
Hibernate: select r1_0.id,r1_0.address,r1_0.name,r1_0.owner_id,r1_0.phone,r1_0.status from restaurants r1_0 where r1_0.id=?
Hibernate: insert into orders (actual_delivery_time,customer_id,delivery_address,estimated_delivery_time,notes,order_date,phone,restaurant_id,status,total_amount) values (?,?,?,?,?,?,?,?,?,?)
Hibernate: select last_insert_rowid()
Hibernate: select o1_0.id,o1_0.actual_delivery_time,o1_0.customer_id,o1_0.delivery_address,o1_0.estimated_delivery_time,o1_0.notes,o1_0.order_date,oi1_0.order_id,oi1_0.id,oi1_0.food_item_id,fi1_0.id,fi1_0.available,fi1_0.category,fi1_0.description,fi1_0.image_url,fi1_0.keywords,fi1_0.name,fi1_0.price,fi1_0.quantity,fi1_0.restaurant_id,oi1_0.price,oi1_0.quantity,o1_0.phone,o1_0.restaurant_id,o1_0.status,o1_0.total_amount from orders o1_0 left join order_items oi1_0 on o1_0.id=oi1_0.order_id left join food_items fi1_0 on fi1_0.id=oi1_0.food_item_id where o1_0.id=?
  ⚠️  مشکل در ایجاد سفارش 39: Cannot place empty order
Hibernate: select r1_0.id,r1_0.address,r1_0.name,r1_0.owner_id,r1_0.phone,r1_0.status from restaurants r1_0 where r1_0.id=?
Hibernate: insert into orders (actual_delivery_time,customer_id,delivery_address,estimated_delivery_time,notes,order_date,phone,restaurant_id,status,total_amount) values (?,?,?,?,?,?,?,?,?,?)
Hibernate: select last_insert_rowid()
Hibernate: select o1_0.id,o1_0.actual_delivery_time,o1_0.customer_id,o1_0.delivery_address,o1_0.estimated_delivery_time,o1_0.notes,o1_0.order_date,oi1_0.order_id,oi1_0.id,oi1_0.food_item_id,fi1_0.id,fi1_0.available,fi1_0.category,fi1_0.description,fi1_0.image_url,fi1_0.keywords,fi1_0.name,fi1_0.price,fi1_0.quantity,fi1_0.restaurant_id,oi1_0.price,oi1_0.quantity,o1_0.phone,o1_0.restaurant_id,o1_0.status,o1_0.total_amount from orders o1_0 left join order_items oi1_0 on o1_0.id=oi1_0.order_id left join food_items fi1_0 on fi1_0.id=oi1_0.food_item_id where o1_0.id=?
  ⚠️  مشکل در ایجاد سفارش 40: Cannot place empty order
Hibernate: select r1_0.id,r1_0.address,r1_0.name,r1_0.owner_id,r1_0.phone,r1_0.status from restaurants r1_0 where r1_0.id=?
Hibernate: insert into orders (actual_delivery_time,customer_id,delivery_address,estimated_delivery_time,notes,order_date,phone,restaurant_id,status,total_amount) values (?,?,?,?,?,?,?,?,?,?)
Hibernate: select last_insert_rowid()
Hibernate: select o1_0.id,o1_0.actual_delivery_time,o1_0.customer_id,o1_0.delivery_address,o1_0.estimated_delivery_time,o1_0.notes,o1_0.order_date,oi1_0.order_id,oi1_0.id,oi1_0.food_item_id,fi1_0.id,fi1_0.available,fi1_0.category,fi1_0.description,fi1_0.image_url,fi1_0.keywords,fi1_0.name,fi1_0.price,fi1_0.quantity,fi1_0.restaurant_id,oi1_0.price,oi1_0.quantity,o1_0.phone,o1_0.restaurant_id,o1_0.status,o1_0.total_amount from orders o1_0 left join order_items oi1_0 on o1_0.id=oi1_0.order_id left join food_items fi1_0 on fi1_0.id=oi1_0.food_item_id where o1_0.id=?
  ⚠️  مشکل در ایجاد سفارش 41: Cannot place empty order
Hibernate: select r1_0.id,r1_0.address,r1_0.name,r1_0.owner_id,r1_0.phone,r1_0.status from restaurants r1_0 where r1_0.id=?
Hibernate: insert into orders (actual_delivery_time,customer_id,delivery_address,estimated_delivery_time,notes,order_date,phone,restaurant_id,status,total_amount) values (?,?,?,?,?,?,?,?,?,?)
Hibernate: select last_insert_rowid()
Hibernate: select o1_0.id,o1_0.actual_delivery_time,o1_0.customer_id,o1_0.delivery_address,o1_0.estimated_delivery_time,o1_0.notes,o1_0.order_date,oi1_0.order_id,oi1_0.id,oi1_0.food_item_id,fi1_0.id,fi1_0.available,fi1_0.category,fi1_0.description,fi1_0.image_url,fi1_0.keywords,fi1_0.name,fi1_0.price,fi1_0.quantity,fi1_0.restaurant_id,oi1_0.price,oi1_0.quantity,o1_0.phone,o1_0.restaurant_id,o1_0.status,o1_0.total_amount from orders o1_0 left join order_items oi1_0 on o1_0.id=oi1_0.order_id left join food_items fi1_0 on fi1_0.id=oi1_0.food_item_id where o1_0.id=?
  ⚠️  مشکل در ایجاد سفارش 42: Cannot place empty order
Hibernate: select r1_0.id,r1_0.address,r1_0.name,r1_0.owner_id,r1_0.phone,r1_0.status from restaurants r1_0 where r1_0.id=?
Hibernate: insert into orders (actual_delivery_time,customer_id,delivery_address,estimated_delivery_time,notes,order_date,phone,restaurant_id,status,total_amount) values (?,?,?,?,?,?,?,?,?,?)
Hibernate: select last_insert_rowid()
Hibernate: select o1_0.id,o1_0.actual_delivery_time,o1_0.customer_id,o1_0.delivery_address,o1_0.estimated_delivery_time,o1_0.notes,o1_0.order_date,oi1_0.order_id,oi1_0.id,oi1_0.food_item_id,fi1_0.id,fi1_0.available,fi1_0.category,fi1_0.description,fi1_0.image_url,fi1_0.keywords,fi1_0.name,fi1_0.price,fi1_0.quantity,fi1_0.restaurant_id,oi1_0.price,oi1_0.quantity,o1_0.phone,o1_0.restaurant_id,o1_0.status,o1_0.total_amount from orders o1_0 left join order_items oi1_0 on o1_0.id=oi1_0.order_id left join food_items fi1_0 on fi1_0.id=oi1_0.food_item_id where o1_0.id=?
  ⚠️  مشکل در ایجاد سفارش 43: Cannot place empty order
Hibernate: select r1_0.id,r1_0.address,r1_0.name,r1_0.owner_id,r1_0.phone,r1_0.status from restaurants r1_0 where r1_0.id=?
Hibernate: insert into orders (actual_delivery_time,customer_id,delivery_address,estimated_delivery_time,notes,order_date,phone,restaurant_id,status,total_amount) values (?,?,?,?,?,?,?,?,?,?)
Hibernate: select last_insert_rowid()
Hibernate: select o1_0.id,o1_0.actual_delivery_time,o1_0.customer_id,o1_0.delivery_address,o1_0.estimated_delivery_time,o1_0.notes,o1_0.order_date,oi1_0.order_id,oi1_0.id,oi1_0.food_item_id,fi1_0.id,fi1_0.available,fi1_0.category,fi1_0.description,fi1_0.image_url,fi1_0.keywords,fi1_0.name,fi1_0.price,fi1_0.quantity,fi1_0.restaurant_id,oi1_0.price,oi1_0.quantity,o1_0.phone,o1_0.restaurant_id,o1_0.status,o1_0.total_amount from orders o1_0 left join order_items oi1_0 on o1_0.id=oi1_0.order_id left join food_items fi1_0 on fi1_0.id=oi1_0.food_item_id where o1_0.id=?
  ⚠️  مشکل در ایجاد سفارش 44: Cannot place empty order
Hibernate: select r1_0.id,r1_0.address,r1_0.name,r1_0.owner_id,r1_0.phone,r1_0.status from restaurants r1_0 where r1_0.id=?
Hibernate: insert into orders (actual_delivery_time,customer_id,delivery_address,estimated_delivery_time,notes,order_date,phone,restaurant_id,status,total_amount) values (?,?,?,?,?,?,?,?,?,?)
Hibernate: select last_insert_rowid()
Hibernate: select o1_0.id,o1_0.actual_delivery_time,o1_0.customer_id,o1_0.delivery_address,o1_0.estimated_delivery_time,o1_0.notes,o1_0.order_date,oi1_0.order_id,oi1_0.id,oi1_0.food_item_id,fi1_0.id,fi1_0.available,fi1_0.category,fi1_0.description,fi1_0.image_url,fi1_0.keywords,fi1_0.name,fi1_0.price,fi1_0.quantity,fi1_0.restaurant_id,oi1_0.price,oi1_0.quantity,o1_0.phone,o1_0.restaurant_id,o1_0.status,o1_0.total_amount from orders o1_0 left join order_items oi1_0 on o1_0.id=oi1_0.order_id left join food_items fi1_0 on fi1_0.id=oi1_0.food_item_id where o1_0.id=?
  ⚠️  مشکل در ایجاد سفارش 45: Cannot place empty order
Hibernate: select r1_0.id,r1_0.address,r1_0.name,r1_0.owner_id,r1_0.phone,r1_0.status from restaurants r1_0 where r1_0.id=?
Hibernate: insert into orders (actual_delivery_time,customer_id,delivery_address,estimated_delivery_time,notes,order_date,phone,restaurant_id,status,total_amount) values (?,?,?,?,?,?,?,?,?,?)
Hibernate: select last_insert_rowid()
Hibernate: select o1_0.id,o1_0.actual_delivery_time,o1_0.customer_id,o1_0.delivery_address,o1_0.estimated_delivery_time,o1_0.notes,o1_0.order_date,oi1_0.order_id,oi1_0.id,oi1_0.food_item_id,fi1_0.id,fi1_0.available,fi1_0.category,fi1_0.description,fi1_0.image_url,fi1_0.keywords,fi1_0.name,fi1_0.price,fi1_0.quantity,fi1_0.restaurant_id,oi1_0.price,oi1_0.quantity,o1_0.phone,o1_0.restaurant_id,o1_0.status,o1_0.total_amount from orders o1_0 left join order_items oi1_0 on o1_0.id=oi1_0.order_id left join food_items fi1_0 on fi1_0.id=oi1_0.food_item_id where o1_0.id=?
  ⚠️  مشکل در ایجاد سفارش 46: Cannot place empty order
Hibernate: select r1_0.id,r1_0.address,r1_0.name,r1_0.owner_id,r1_0.phone,r1_0.status from restaurants r1_0 where r1_0.id=?
Hibernate: insert into orders (actual_delivery_time,customer_id,delivery_address,estimated_delivery_time,notes,order_date,phone,restaurant_id,status,total_amount) values (?,?,?,?,?,?,?,?,?,?)
Hibernate: select last_insert_rowid()
Hibernate: select o1_0.id,o1_0.actual_delivery_time,o1_0.customer_id,o1_0.delivery_address,o1_0.estimated_delivery_time,o1_0.notes,o1_0.order_date,oi1_0.order_id,oi1_0.id,oi1_0.food_item_id,fi1_0.id,fi1_0.available,fi1_0.category,fi1_0.description,fi1_0.image_url,fi1_0.keywords,fi1_0.name,fi1_0.price,fi1_0.quantity,fi1_0.restaurant_id,oi1_0.price,oi1_0.quantity,o1_0.phone,o1_0.restaurant_id,o1_0.status,o1_0.total_amount from orders o1_0 left join order_items oi1_0 on o1_0.id=oi1_0.order_id left join food_items fi1_0 on fi1_0.id=oi1_0.food_item_id where o1_0.id=?
  ⚠️  مشکل در ایجاد سفارش 47: Cannot place empty order
Hibernate: select r1_0.id,r1_0.address,r1_0.name,r1_0.owner_id,r1_0.phone,r1_0.status from restaurants r1_0 where r1_0.id=?
Hibernate: insert into orders (actual_delivery_time,customer_id,delivery_address,estimated_delivery_time,notes,order_date,phone,restaurant_id,status,total_amount) values (?,?,?,?,?,?,?,?,?,?)
Hibernate: select last_insert_rowid()
Hibernate: select o1_0.id,o1_0.actual_delivery_time,o1_0.customer_id,o1_0.delivery_address,o1_0.estimated_delivery_time,o1_0.notes,o1_0.order_date,oi1_0.order_id,oi1_0.id,oi1_0.food_item_id,fi1_0.id,fi1_0.available,fi1_0.category,fi1_0.description,fi1_0.image_url,fi1_0.keywords,fi1_0.name,fi1_0.price,fi1_0.quantity,fi1_0.restaurant_id,oi1_0.price,oi1_0.quantity,o1_0.phone,o1_0.restaurant_id,o1_0.status,o1_0.total_amount from orders o1_0 left join order_items oi1_0 on o1_0.id=oi1_0.order_id left join food_items fi1_0 on fi1_0.id=oi1_0.food_item_id where o1_0.id=?
  ⚠️  مشکل در ایجاد سفارش 48: Cannot place empty order
Hibernate: select r1_0.id,r1_0.address,r1_0.name,r1_0.owner_id,r1_0.phone,r1_0.status from restaurants r1_0 where r1_0.id=?
Hibernate: insert into orders (actual_delivery_time,customer_id,delivery_address,estimated_delivery_time,notes,order_date,phone,restaurant_id,status,total_amount) values (?,?,?,?,?,?,?,?,?,?)
Hibernate: select last_insert_rowid()
Hibernate: select o1_0.id,o1_0.actual_delivery_time,o1_0.customer_id,o1_0.delivery_address,o1_0.estimated_delivery_time,o1_0.notes,o1_0.order_date,oi1_0.order_id,oi1_0.id,oi1_0.food_item_id,fi1_0.id,fi1_0.available,fi1_0.category,fi1_0.description,fi1_0.image_url,fi1_0.keywords,fi1_0.name,fi1_0.price,fi1_0.quantity,fi1_0.restaurant_id,oi1_0.price,oi1_0.quantity,o1_0.phone,o1_0.restaurant_id,o1_0.status,o1_0.total_amount from orders o1_0 left join order_items oi1_0 on o1_0.id=oi1_0.order_id left join food_items fi1_0 on fi1_0.id=oi1_0.food_item_id where o1_0.id=?
  ⚠️  مشکل در ایجاد سفارش 49: Cannot place empty order
✅ 0 سفارش از 50 سفارش آماده شد
⏱️ شروع آزمایش سرعت کوئری‌ها
Hibernate: select o1_0.id,o1_0.actual_delivery_time,o1_0.customer_id,o1_0.delivery_address,o1_0.estimated_delivery_time,o1_0.notes,o1_0.order_date,o1_0.phone,o1_0.restaurant_id,o1_0.status,o1_0.total_amount from orders o1_0 where o1_0.status=? order by o1_0.order_date desc
  ✓ کوئری PENDING: 50 سفارش
Hibernate: select o1_0.id,o1_0.actual_delivery_time,o1_0.customer_id,o1_0.delivery_address,o1_0.estimated_delivery_time,o1_0.notes,o1_0.order_date,o1_0.phone,o1_0.restaurant_id,o1_0.status,o1_0.total_amount from orders o1_0 where o1_0.status=? order by o1_0.order_date desc
  ✓ کوئری CONFIRMED: 0 سفارش
Hibernate: select o1_0.id,o1_0.actual_delivery_time,o1_0.customer_id,o1_0.delivery_address,o1_0.estimated_delivery_time,o1_0.notes,o1_0.order_date,o1_0.phone,o1_0.restaurant_id,o1_0.status,o1_0.total_amount from orders o1_0 where o1_0.status=? order by o1_0.order_date desc
  ✓ کوئری PREPARING: 0 سفارش
Hibernate: select o1_0.id,o1_0.actual_delivery_time,o1_0.customer_id,o1_0.delivery_address,o1_0.estimated_delivery_time,o1_0.notes,o1_0.order_date,o1_0.phone,o1_0.restaurant_id,o1_0.status,o1_0.total_amount from orders o1_0 where o1_0.status=? order by o1_0.order_date desc
  ✓ کوئری READY: 0 سفارش
Hibernate: select o1_0.id,o1_0.actual_delivery_time,o1_0.customer_id,o1_0.delivery_address,o1_0.estimated_delivery_time,o1_0.notes,o1_0.order_date,o1_0.phone,o1_0.restaurant_id,o1_0.status,o1_0.total_amount from orders o1_0 where o1_0.status=? order by o1_0.order_date desc
  ✓ کوئری OUT_FOR_DELIVERY: 0 سفارش
Hibernate: select o1_0.id,o1_0.actual_delivery_time,o1_0.customer_id,o1_0.delivery_address,o1_0.estimated_delivery_time,o1_0.notes,o1_0.order_date,o1_0.phone,o1_0.restaurant_id,o1_0.status,o1_0.total_amount from orders o1_0 where o1_0.status=? order by o1_0.order_date desc
  ✓ کوئری DELIVERED: 0 سفارش
Hibernate: select o1_0.id,o1_0.actual_delivery_time,o1_0.customer_id,o1_0.delivery_address,o1_0.estimated_delivery_time,o1_0.notes,o1_0.order_date,o1_0.phone,o1_0.restaurant_id,o1_0.status,o1_0.total_amount from orders o1_0 where o1_0.status=? order by o1_0.order_date desc
  ✓ کوئری CANCELLED: 0 سفارش
📈 تحلیل نتایج سرعت:
  - تعداد کوئری‌های موفق: 7 از 7
  - زمان کل کوئری‌ها: 18 میلی‌ثانیه
  - میانگین زمان هر کوئری: 2.57 میلی‌ثانیه
  - کوئری در ثانیه: 388.89
🎉 تست سرعت کوئری‌ها با موفقیت تکمیل شد
Hibernate: delete from notifications
Hibernate: delete from ratings
Hibernate: delete from order_items
Hibernate: delete from orders
Hibernate: delete from food_items
Hibernate: delete from restaurants
Hibernate: delete from users
]]></system-out>
  </testcase>
</testsuite>