<?xml version="1.0" encoding="UTF-8"?>
<testsuite xmlns:xsi="http://www.w3.org/2001/XMLSchema-instance" xsi:noNamespaceSchemaLocation="https://maven.apache.org/surefire/maven-surefire-plugin/xsd/surefire-test-report-3.0.xsd" version="3.0" name="com.myapp.api.RegistrationApiTest$EdgeCases" time="0.755" tests="3" errors="0" skipped="0" failures="0">
  <properties>
[...]
</properties>
  <testcase name="registerUser_numericName_handled" classname="com.myapp.api.RegistrationApiTest$EdgeCases" time="0.734">
    <system-out><![CDATA[07:09:04,450 |-INFO in ch.qos.logback.classic.LoggerContext[default] - This is logback-classic version 1.4.11
07:09:04,464 |-INFO in ch.qos.logback.classic.util.ContextInitializer@1fee4278 - No custom configurators were discovered as a service.
07:09:04,464 |-INFO in ch.qos.logback.classic.util.ContextInitializer@1fee4278 - Trying to configure with ch.qos.logback.classic.joran.SerializedModelConfigurator
07:09:04,472 |-INFO in ch.qos.logback.classic.util.ContextInitializer@1fee4278 - Constructed configurator of type class ch.qos.logback.classic.joran.SerializedModelConfigurator
07:09:04,552 |-INFO in ch.qos.logback.classic.LoggerContext[default] - Could NOT find resource [logback-test.scmo]
07:09:04,553 |-INFO in ch.qos.logback.classic.LoggerContext[default] - Could NOT find resource [logback.scmo]
07:09:04,569 |-INFO in ch.qos.logback.classic.util.ContextInitializer@1fee4278 - ch.qos.logback.classic.joran.SerializedModelConfigurator.configure() call lasted 83 milliseconds. ExecutionStatus=INVOKE_NEXT_IF_ANY
07:09:04,569 |-INFO in ch.qos.logback.classic.util.ContextInitializer@1fee4278 - Trying to configure with ch.qos.logback.classic.util.DefaultJoranConfigurator
07:09:04,573 |-INFO in ch.qos.logback.classic.util.ContextInitializer@1fee4278 - Constructed configurator of type class ch.qos.logback.classic.util.DefaultJoranConfigurator
07:09:04,574 |-INFO in ch.qos.logback.classic.LoggerContext[default] - Could NOT find resource [logback-test.xml]
07:09:04,575 |-INFO in ch.qos.logback.classic.LoggerContext[default] - Found resource [logback.xml] at [file:/C:/Users/USER/Desktop/work%20space/food-ordering-project/backend/target/classes/logback.xml]
07:09:05,000 |-INFO in ch.qos.logback.core.model.processor.AppenderModelHandler - Processing appender named [CONSOLE]
07:09:05,000 |-INFO in ch.qos.logback.core.model.processor.AppenderModelHandler - About to instantiate appender of type [ch.qos.logback.core.ConsoleAppender]
07:09:05,022 |-INFO in ch.qos.logback.core.model.processor.ImplicitModelHandler - Assuming default type [ch.qos.logback.classic.encoder.PatternLayoutEncoder] for [encoder] property
07:09:05,140 |-INFO in ch.qos.logback.core.model.processor.AppenderModelHandler - Processing appender named [FILE]
07:09:05,140 |-INFO in ch.qos.logback.core.model.processor.AppenderModelHandler - About to instantiate appender of type [ch.qos.logback.core.rolling.RollingFileAppender]
07:09:05,168 |-WARN in ch.qos.logback.core.model.processor.ImplicitModelHandler - Ignoring unknown property [maxFileSize] in [ch.qos.logback.core.rolling.TimeBasedRollingPolicy]
07:09:05,172 |-INFO in c.q.l.core.rolling.TimeBasedRollingPolicy@1360209172 - setting totalSizeCap to 300 MB
07:09:05,179 |-INFO in c.q.l.core.rolling.TimeBasedRollingPolicy@1360209172 - No compression will be used
07:09:05,181 |-INFO in c.q.l.core.rolling.TimeBasedRollingPolicy@1360209172 - Will use the pattern logs/food-ordering-app.%d{yyyy-MM-dd}.%i.log for the active file
07:09:05,189 |-INFO in c.q.l.core.rolling.DefaultTimeBasedFileNamingAndTriggeringPolicy - The date pattern is 'yyyy-MM-dd' from file name pattern 'logs/food-ordering-app.%d{yyyy-MM-dd}.%i.log'.
07:09:05,189 |-INFO in c.q.l.core.rolling.DefaultTimeBasedFileNamingAndTriggeringPolicy - Roll-over at midnight.
07:09:05,191 |-INFO in c.q.l.core.rolling.DefaultTimeBasedFileNamingAndTriggeringPolicy - Setting initial period to 2025-07-03T03:39:05.190Z
07:09:05,192 |-ERROR in c.q.l.core.rolling.DefaultTimeBasedFileNamingAndTriggeringPolicy - Filename pattern [logs/food-ordering-app.%d{yyyy-MM-dd}.%i.log] contains an integer token converter, i.e. %i, INCOMPATIBLE with this configuration. Remove it.
07:09:05,192 |-WARN in c.q.l.core.rolling.TimeBasedRollingPolicy@1360209172 - Subcomponent did not start. TimeBasedRollingPolicy will not start.
07:09:05,193 |-INFO in ch.qos.logback.core.model.processor.ImplicitModelHandler - Assuming default type [ch.qos.logback.classic.encoder.PatternLayoutEncoder] for [encoder] property
07:09:05,194 |-WARN in ch.qos.logback.core.rolling.RollingFileAppender[FILE] - TriggeringPolicy has not started. RollingFileAppender will not start
07:09:05,194 |-INFO in ch.qos.logback.core.model.processor.AppenderModelHandler - Processing appender named [ERROR_FILE]
07:09:05,194 |-INFO in ch.qos.logback.core.model.processor.AppenderModelHandler - About to instantiate appender of type [ch.qos.logback.core.rolling.RollingFileAppender]
07:09:05,199 |-WARN in ch.qos.logback.core.model.processor.ImplicitModelHandler - Ignoring unknown property [maxFileSize] in [ch.qos.logback.core.rolling.TimeBasedRollingPolicy]
07:09:05,199 |-INFO in c.q.l.core.rolling.TimeBasedRollingPolicy@545672401 - No compression will be used
07:09:05,199 |-INFO in c.q.l.core.rolling.TimeBasedRollingPolicy@545672401 - Will use the pattern logs/food-ordering-app-error.%d{yyyy-MM-dd}.%i.log for the active file
07:09:05,200 |-INFO in c.q.l.core.rolling.DefaultTimeBasedFileNamingAndTriggeringPolicy - The date pattern is 'yyyy-MM-dd' from file name pattern 'logs/food-ordering-app-error.%d{yyyy-MM-dd}.%i.log'.
07:09:05,200 |-INFO in c.q.l.core.rolling.DefaultTimeBasedFileNamingAndTriggeringPolicy - Roll-over at midnight.
07:09:05,202 |-INFO in c.q.l.core.rolling.DefaultTimeBasedFileNamingAndTriggeringPolicy - Setting initial period to 2025-07-03T03:39:05.202Z
07:09:05,202 |-ERROR in c.q.l.core.rolling.DefaultTimeBasedFileNamingAndTriggeringPolicy - Filename pattern [logs/food-ordering-app-error.%d{yyyy-MM-dd}.%i.log] contains an integer token converter, i.e. %i, INCOMPATIBLE with this configuration. Remove it.
07:09:05,202 |-WARN in c.q.l.core.rolling.TimeBasedRollingPolicy@545672401 - Subcomponent did not start. TimeBasedRollingPolicy will not start.
07:09:05,202 |-INFO in ch.qos.logback.core.model.processor.ImplicitModelHandler - Assuming default type [ch.qos.logback.classic.encoder.PatternLayoutEncoder] for [encoder] property
07:09:05,203 |-WARN in ch.qos.logback.core.rolling.RollingFileAppender[ERROR_FILE] - TriggeringPolicy has not started. RollingFileAppender will not start
07:09:05,203 |-INFO in ch.qos.logback.core.model.processor.AppenderModelHandler - Processing appender named [TEST_FILE]
07:09:05,203 |-INFO in ch.qos.logback.core.model.processor.AppenderModelHandler - About to instantiate appender of type [ch.qos.logback.core.rolling.RollingFileAppender]
07:09:05,204 |-INFO in c.q.l.core.rolling.TimeBasedRollingPolicy@1552127607 - No compression will be used
07:09:05,204 |-INFO in c.q.l.core.rolling.TimeBasedRollingPolicy@1552127607 - Will use the pattern logs/tests.%d{yyyy-MM-dd}.log for the active file
07:09:05,204 |-INFO in c.q.l.core.rolling.DefaultTimeBasedFileNamingAndTriggeringPolicy - The date pattern is 'yyyy-MM-dd' from file name pattern 'logs/tests.%d{yyyy-MM-dd}.log'.
07:09:05,204 |-INFO in c.q.l.core.rolling.DefaultTimeBasedFileNamingAndTriggeringPolicy - Roll-over at midnight.
07:09:05,205 |-INFO in c.q.l.core.rolling.DefaultTimeBasedFileNamingAndTriggeringPolicy - Setting initial period to 2025-07-02T22:40:55.280Z
07:09:05,207 |-INFO in ch.qos.logback.core.model.processor.ImplicitModelHandler - Assuming default type [ch.qos.logback.classic.encoder.PatternLayoutEncoder] for [encoder] property
07:09:05,213 |-INFO in ch.qos.logback.core.rolling.RollingFileAppender[TEST_FILE] - Active log file name: logs/tests.log
07:09:05,213 |-INFO in ch.qos.logback.core.rolling.RollingFileAppender[TEST_FILE] - File property is set to [logs/tests.log]
07:09:05,218 |-INFO in ch.qos.logback.core.model.processor.AppenderModelHandler - Processing appender named [PERFORMANCE_FILE]
07:09:05,218 |-INFO in ch.qos.logback.core.model.processor.AppenderModelHandler - About to instantiate appender of type [ch.qos.logback.core.rolling.RollingFileAppender]
07:09:05,220 |-INFO in c.q.l.core.rolling.TimeBasedRollingPolicy@831775261 - No compression will be used
07:09:05,220 |-INFO in c.q.l.core.rolling.TimeBasedRollingPolicy@831775261 - Will use the pattern logs/performance.%d{yyyy-MM-dd}.log for the active file
07:09:05,221 |-INFO in c.q.l.core.rolling.DefaultTimeBasedFileNamingAndTriggeringPolicy - The date pattern is 'yyyy-MM-dd' from file name pattern 'logs/performance.%d{yyyy-MM-dd}.log'.
07:09:05,221 |-INFO in c.q.l.core.rolling.DefaultTimeBasedFileNamingAndTriggeringPolicy - Roll-over at midnight.
07:09:05,222 |-INFO in c.q.l.core.rolling.DefaultTimeBasedFileNamingAndTriggeringPolicy - Setting initial period to 2025-07-02T22:40:55.294Z
07:09:05,222 |-INFO in ch.qos.logback.core.model.processor.ImplicitModelHandler - Assuming default type [ch.qos.logback.classic.encoder.PatternLayoutEncoder] for [encoder] property
07:09:05,223 |-INFO in ch.qos.logback.core.rolling.RollingFileAppender[PERFORMANCE_FILE] - Active log file name: logs/performance.log
07:09:05,223 |-INFO in ch.qos.logback.core.rolling.RollingFileAppender[PERFORMANCE_FILE] - File property is set to [logs/performance.log]
07:09:05,223 |-INFO in ch.qos.logback.core.model.processor.AppenderModelHandler - Processing appender named [SECURITY_FILE]
07:09:05,223 |-INFO in ch.qos.logback.core.model.processor.AppenderModelHandler - About to instantiate appender of type [ch.qos.logback.core.rolling.RollingFileAppender]
07:09:05,224 |-INFO in c.q.l.core.rolling.TimeBasedRollingPolicy@2036353726 - No compression will be used
07:09:05,224 |-INFO in c.q.l.core.rolling.TimeBasedRollingPolicy@2036353726 - Will use the pattern logs/security.%d{yyyy-MM-dd}.log for the active file
07:09:05,225 |-INFO in c.q.l.core.rolling.DefaultTimeBasedFileNamingAndTriggeringPolicy - The date pattern is 'yyyy-MM-dd' from file name pattern 'logs/security.%d{yyyy-MM-dd}.log'.
07:09:05,225 |-INFO in c.q.l.core.rolling.DefaultTimeBasedFileNamingAndTriggeringPolicy - Roll-over at midnight.
07:09:05,226 |-INFO in c.q.l.core.rolling.DefaultTimeBasedFileNamingAndTriggeringPolicy - Setting initial period to 2025-07-02T22:40:55.305Z
07:09:05,226 |-INFO in ch.qos.logback.core.model.processor.ImplicitModelHandler - Assuming default type [ch.qos.logback.classic.encoder.PatternLayoutEncoder] for [encoder] property
07:09:05,227 |-INFO in ch.qos.logback.core.rolling.RollingFileAppender[SECURITY_FILE] - Active log file name: logs/security.log
07:09:05,227 |-INFO in ch.qos.logback.core.rolling.RollingFileAppender[SECURITY_FILE] - File property is set to [logs/security.log]
07:09:05,228 |-INFO in ch.qos.logback.core.model.processor.AppenderModelHandler - Processing appender named [ASYNC_FILE]
07:09:05,228 |-INFO in ch.qos.logback.core.model.processor.AppenderModelHandler - About to instantiate appender of type [ch.qos.logback.classic.AsyncAppender]
07:09:05,237 |-INFO in ch.qos.logback.core.model.processor.AppenderRefModelHandler - Attaching appender named [FILE] to ch.qos.logback.classic.AsyncAppender[ASYNC_FILE]
07:09:05,238 |-INFO in ch.qos.logback.classic.AsyncAppender[ASYNC_FILE] - Attaching appender named [FILE] to AsyncAppender.
07:09:05,239 |-INFO in ch.qos.logback.classic.AsyncAppender[ASYNC_FILE] - Setting discardingThreshold to 0
07:09:05,239 |-INFO in ch.qos.logback.classic.model.processor.RootLoggerModelHandler - Setting level of ROOT logger to INFO
07:09:05,240 |-INFO in ch.qos.logback.core.model.processor.AppenderRefModelHandler - Attaching appender named [CONSOLE] to Logger[ROOT]
07:09:05,240 |-INFO in ch.qos.logback.core.model.processor.AppenderRefModelHandler - Attaching appender named [ASYNC_FILE] to Logger[ROOT]
07:09:05,240 |-INFO in ch.qos.logback.core.model.processor.AppenderRefModelHandler - Attaching appender named [ERROR_FILE] to Logger[ROOT]
07:09:05,241 |-INFO in ch.qos.logback.classic.model.processor.LoggerModelHandler - Setting level of logger [com.myapp] to DEBUG
07:09:05,246 |-INFO in ch.qos.logback.classic.model.processor.LoggerModelHandler - Setting additivity of logger [com.myapp] to false
07:09:05,246 |-INFO in ch.qos.logback.core.model.processor.AppenderRefModelHandler - Attaching appender named [CONSOLE] to Logger[com.myapp]
07:09:05,246 |-INFO in ch.qos.logback.core.model.processor.AppenderRefModelHandler - Attaching appender named [ASYNC_FILE] to Logger[com.myapp]
07:09:05,246 |-INFO in ch.qos.logback.core.model.processor.AppenderRefModelHandler - Attaching appender named [ERROR_FILE] to Logger[com.myapp]
07:09:05,246 |-INFO in ch.qos.logback.classic.model.processor.LoggerModelHandler - Setting level of logger [com.myapp.auth.JWTEndToEndTest] to INFO
07:09:05,246 |-INFO in ch.qos.logback.classic.model.processor.LoggerModelHandler - Setting additivity of logger [com.myapp.auth.JWTEndToEndTest] to false
07:09:05,246 |-INFO in ch.qos.logback.core.model.processor.AppenderRefModelHandler - Attaching appender named [TEST_FILE] to Logger[com.myapp.auth.JWTEndToEndTest]
07:09:05,246 |-INFO in ch.qos.logback.core.model.processor.AppenderRefModelHandler - Attaching appender named [CONSOLE] to Logger[com.myapp.auth.JWTEndToEndTest]
07:09:05,247 |-INFO in ch.qos.logback.classic.model.processor.LoggerModelHandler - Setting level of logger [com.myapp.auth.JWTMissingScenarios] to INFO
07:09:05,247 |-INFO in ch.qos.logback.classic.model.processor.LoggerModelHandler - Setting additivity of logger [com.myapp.auth.JWTMissingScenarios] to false
07:09:05,247 |-INFO in ch.qos.logback.core.model.processor.AppenderRefModelHandler - Attaching appender named [TEST_FILE] to Logger[com.myapp.auth.JWTMissingScenarios]
07:09:05,247 |-INFO in ch.qos.logback.core.model.processor.AppenderRefModelHandler - Attaching appender named [CONSOLE] to Logger[com.myapp.auth.JWTMissingScenarios]
07:09:05,247 |-INFO in ch.qos.logback.classic.model.processor.LoggerModelHandler - Setting level of logger [com.myapp.auth.JWTComprehensiveTest] to INFO
07:09:05,247 |-INFO in ch.qos.logback.classic.model.processor.LoggerModelHandler - Setting additivity of logger [com.myapp.auth.JWTComprehensiveTest] to false
07:09:05,247 |-INFO in ch.qos.logback.core.model.processor.AppenderRefModelHandler - Attaching appender named [TEST_FILE] to Logger[com.myapp.auth.JWTComprehensiveTest]
07:09:05,247 |-INFO in ch.qos.logback.core.model.processor.AppenderRefModelHandler - Attaching appender named [CONSOLE] to Logger[com.myapp.auth.JWTComprehensiveTest]
07:09:05,247 |-INFO in ch.qos.logback.classic.model.processor.LoggerModelHandler - Setting level of logger [performance] to INFO
07:09:05,247 |-INFO in ch.qos.logback.classic.model.processor.LoggerModelHandler - Setting additivity of logger [performance] to false
07:09:05,247 |-INFO in ch.qos.logback.core.model.processor.AppenderRefModelHandler - Attaching appender named [PERFORMANCE_FILE] to Logger[performance]
07:09:05,247 |-INFO in ch.qos.logback.classic.model.processor.LoggerModelHandler - Setting level of logger [security] to INFO
07:09:05,247 |-INFO in ch.qos.logback.classic.model.processor.LoggerModelHandler - Setting additivity of logger [security] to false
07:09:05,247 |-INFO in ch.qos.logback.core.model.processor.AppenderRefModelHandler - Attaching appender named [SECURITY_FILE] to Logger[security]
07:09:05,247 |-INFO in ch.qos.logback.core.model.processor.AppenderRefModelHandler - Attaching appender named [CONSOLE] to Logger[security]
07:09:05,247 |-INFO in ch.qos.logback.classic.model.processor.LoggerModelHandler - Setting level of logger [com.myapp.common.utils.DatabaseUtil] to DEBUG
07:09:05,247 |-INFO in ch.qos.logback.classic.model.processor.LoggerModelHandler - Setting additivity of logger [com.myapp.common.utils.DatabaseUtil] to false
07:09:05,247 |-INFO in ch.qos.logback.core.model.processor.AppenderRefModelHandler - Attaching appender named [CONSOLE] to Logger[com.myapp.common.utils.DatabaseUtil]
07:09:05,247 |-INFO in ch.qos.logback.core.model.processor.AppenderRefModelHandler - Attaching appender named [ASYNC_FILE] to Logger[com.myapp.common.utils.DatabaseUtil]
07:09:05,247 |-INFO in ch.qos.logback.classic.model.processor.LoggerModelHandler - Setting level of logger [com.sun.net.httpserver] to WARN
07:09:05,247 |-INFO in ch.qos.logback.classic.model.processor.LoggerModelHandler - Setting level of logger [org.hibernate] to WARN
07:09:05,247 |-INFO in ch.qos.logback.classic.model.processor.LoggerModelHandler - Setting level of logger [org.hibernate.SQL] to DEBUG
07:09:05,247 |-INFO in ch.qos.logback.classic.model.processor.LoggerModelHandler - Setting level of logger [org.hibernate.type.descriptor.sql.BasicBinder] to TRACE
07:09:05,247 |-INFO in ch.qos.logback.classic.model.processor.LoggerModelHandler - Setting level of logger [org.sqlite] to WARN
07:09:05,247 |-INFO in ch.qos.logback.classic.model.processor.LoggerModelHandler - Setting level of logger [com.fasterxml.jackson] to WARN
07:09:05,247 |-INFO in ch.qos.logback.classic.model.processor.LoggerModelHandler - Setting level of logger [org.testfx] to WARN
07:09:05,247 |-INFO in ch.qos.logback.classic.model.processor.LoggerModelHandler - Setting level of logger [org.springframework] to WARN
07:09:05,248 |-INFO in ch.qos.logback.classic.model.processor.LoggerModelHandler - Setting level of logger [io.netty] to WARN
07:09:05,248 |-INFO in ch.qos.logback.core.model.processor.DefaultProcessor@6b126187 - End of configuration.
07:09:05,252 |-INFO in ch.qos.logback.classic.joran.JoranConfigurator@2b6262bc - Registering current configuration as safe fallback point
07:09:05,252 |-INFO in ch.qos.logback.classic.util.ContextInitializer@1fee4278 - ch.qos.logback.classic.util.DefaultJoranConfigurator.configure() call lasted 679 milliseconds. ExecutionStatus=DO_NOT_INVOKE_NEXT_IF_ANY

2025-07-03 07:09:05.443 [main] WARN  org.hibernate.orm.deprecation - HHH90000012: Recognized obsolete hibernate namespace http://hibernate.sourceforge.net/hibernate-configuration. Use namespace http://www.hibernate.org/dtd/hibernate-configuration instead.  Support for obsolete DTD/XSD namespaces may be removed at any time.
2025-07-03 07:09:06.051 [main] WARN  o.hibernate.orm.connections.pooling - HHH10001002: Using built-in connection pool (not intended for production use)
2025-07-03 07:09:08.670 [main] DEBUG org.hibernate.SQL - 
    create table HTE_ratings(helpful_count integer, is_verified boolean, rating_score integer, rn_ integer not null, created_at timestamp, id bigint, restaurant_id bigint, updated_at timestamp, user_id bigint, hib_sess_id char(36) not null, review_text varchar(1000), primary key (rn_, hib_sess_id))
Hibernate: 
    create table HTE_ratings(helpful_count integer, is_verified boolean, rating_score integer, rn_ integer not null, created_at timestamp, id bigint, restaurant_id bigint, updated_at timestamp, user_id bigint, hib_sess_id char(36) not null, review_text varchar(1000), primary key (rn_, hib_sess_id))
2025-07-03 07:09:08.679 [main] DEBUG org.hibernate.SQL - 
    create table HTE_notifications(isDeleted boolean, isRead boolean, rn_ integer not null, created_at timestamp, deleted_at timestamp, delivery_id bigint, id bigint, order_id bigint, read_at timestamp, related_entity_id bigint, restaurant_id bigint, userId bigint, hib_sess_id char(36) not null, title varchar(100), message varchar(500), metadata varchar(1000), priority varchar(255), type varchar(255), primary key (rn_, hib_sess_id))
Hibernate: 
    create table HTE_notifications(isDeleted boolean, isRead boolean, rn_ integer not null, created_at timestamp, deleted_at timestamp, delivery_id bigint, id bigint, order_id bigint, read_at timestamp, related_entity_id bigint, restaurant_id bigint, userId bigint, hib_sess_id char(36) not null, title varchar(100), message varchar(500), metadata varchar(1000), priority varchar(255), type varchar(255), primary key (rn_, hib_sess_id))
2025-07-03 07:09:08.681 [main] DEBUG org.hibernate.SQL - 
    create table HTE_deliveries(rn_ integer not null, assigned_at timestamp, courier_id bigint, delivered_at timestamp, delivery_fee float, distance_km float, estimated_delivery_time timestamp, estimated_pickup_time timestamp, id bigint, order_id bigint, picked_up_at timestamp, hib_sess_id char(36) not null, courier_notes varchar(1000), delivery_notes varchar(1000), status varchar(255), primary key (rn_, hib_sess_id))
Hibernate: 
    create table HTE_deliveries(rn_ integer not null, assigned_at timestamp, courier_id bigint, delivered_at timestamp, delivery_fee float, distance_km float, estimated_delivery_time timestamp, estimated_pickup_time timestamp, id bigint, order_id bigint, picked_up_at timestamp, hib_sess_id char(36) not null, courier_notes varchar(1000), delivery_notes varchar(1000), status varchar(255), primary key (rn_, hib_sess_id))
2025-07-03 07:09:08.681 [main] DEBUG org.hibernate.SQL - 
    create table HTE_restaurants(rn_ integer not null, id bigint, owner_id bigint, hib_sess_id char(36) not null, address varchar(255), name varchar(255), phone varchar(255), status varchar(255), primary key (rn_, hib_sess_id))
Hibernate: 
    create table HTE_restaurants(rn_ integer not null, id bigint, owner_id bigint, hib_sess_id char(36) not null, address varchar(255), name varchar(255), phone varchar(255), status varchar(255), primary key (rn_, hib_sess_id))
2025-07-03 07:09:08.681 [main] DEBUG org.hibernate.SQL - 
    create table HTE_favorites(rn_ integer not null, created_at timestamp, id bigint, restaurant_id bigint, user_id bigint, hib_sess_id char(36) not null, notes varchar(500), primary key (rn_, hib_sess_id))
Hibernate: 
    create table HTE_favorites(rn_ integer not null, created_at timestamp, id bigint, restaurant_id bigint, user_id bigint, hib_sess_id char(36) not null, notes varchar(500), primary key (rn_, hib_sess_id))
2025-07-03 07:09:08.681 [main] DEBUG org.hibernate.SQL - 
    create table HTE_order_items(quantity integer, rn_ integer not null, food_item_id bigint, id bigint, order_id bigint, price float, hib_sess_id char(36) not null, primary key (rn_, hib_sess_id))
Hibernate: 
    create table HTE_order_items(quantity integer, rn_ integer not null, food_item_id bigint, id bigint, order_id bigint, price float, hib_sess_id char(36) not null, primary key (rn_, hib_sess_id))
2025-07-03 07:09:08.681 [main] DEBUG org.hibernate.SQL - 
    create table HTE_orders(rn_ integer not null, actual_delivery_time timestamp, customer_id bigint, estimated_delivery_time timestamp, id bigint, order_date timestamp, restaurant_id bigint, total_amount float, phone varchar(15), status varchar(20), hib_sess_id char(36) not null, delivery_address varchar(500), notes varchar(500), primary key (rn_, hib_sess_id))
Hibernate: 
    create table HTE_orders(rn_ integer not null, actual_delivery_time timestamp, customer_id bigint, estimated_delivery_time timestamp, id bigint, order_date timestamp, restaurant_id bigint, total_amount float, phone varchar(15), status varchar(20), hib_sess_id char(36) not null, delivery_address varchar(500), notes varchar(500), primary key (rn_, hib_sess_id))
2025-07-03 07:09:08.688 [main] DEBUG org.hibernate.SQL - 
    create table HTE_users(is_active boolean, rn_ integer not null, id bigint, hib_sess_id char(36) not null, address varchar(255), email varchar(255), full_name varchar(255), password_hash varchar(255), phone varchar(255), role varchar(255), primary key (rn_, hib_sess_id))
Hibernate: 
    create table HTE_users(is_active boolean, rn_ integer not null, id bigint, hib_sess_id char(36) not null, address varchar(255), email varchar(255), full_name varchar(255), password_hash varchar(255), phone varchar(255), role varchar(255), primary key (rn_, hib_sess_id))
2025-07-03 07:09:08.688 [main] DEBUG org.hibernate.SQL - 
    create table HTE_coupon_usage(is_active boolean, rn_ integer not null, coupon_id bigint, discount_amount float, id bigint, order_amount float, order_id bigint, reverted_at timestamp, used_at timestamp, user_id bigint, hib_sess_id char(36) not null, primary key (rn_, hib_sess_id))
Hibernate: 
    create table HTE_coupon_usage(is_active boolean, rn_ integer not null, coupon_id bigint, discount_amount float, id bigint, order_amount float, order_id bigint, reverted_at timestamp, used_at timestamp, user_id bigint, hib_sess_id char(36) not null, primary key (rn_, hib_sess_id))
2025-07-03 07:09:08.688 [main] DEBUG org.hibernate.SQL - 
    create table HTE_food_items(available boolean, quantity integer, rn_ integer not null, id bigint, price float, restaurant_id bigint, hib_sess_id char(36) not null, category varchar(50), name varchar(100), description varchar(500), image_url varchar(255), keywords varchar(255), primary key (rn_, hib_sess_id))
Hibernate: 
    create table HTE_food_items(available boolean, quantity integer, rn_ integer not null, id bigint, price float, restaurant_id bigint, hib_sess_id char(36) not null, category varchar(50), name varchar(100), description varchar(500), image_url varchar(255), keywords varchar(255), primary key (rn_, hib_sess_id))
2025-07-03 07:09:08.688 [main] DEBUG org.hibernate.SQL - 
    create table HTE_coupons(is_active boolean, per_user_limit integer, rn_ integer not null, usage_limit integer, used_count integer, created_at timestamp, created_by bigint, id bigint, max_discount_amount float, min_order_amount float, restaurant_id bigint, updated_at timestamp, valid_from timestamp, valid_until timestamp, value float, hib_sess_id char(36) not null, code varchar(50), description varchar(255), type varchar(255), primary key (rn_, hib_sess_id))
Hibernate: 
    create table HTE_coupons(is_active boolean, per_user_limit integer, rn_ integer not null, usage_limit integer, used_count integer, created_at timestamp, created_by bigint, id bigint, max_discount_amount float, min_order_amount float, restaurant_id bigint, updated_at timestamp, valid_from timestamp, valid_until timestamp, value float, hib_sess_id char(36) not null, code varchar(50), description varchar(255), type varchar(255), primary key (rn_, hib_sess_id))
2025-07-03 07:09:08.688 [main] DEBUG org.hibernate.SQL - 
    create table HTE_transactions(rn_ integer not null, amount float, created_at timestamp, id bigint, order_id bigint, processed_at timestamp, updated_at timestamp, user_id bigint, hib_sess_id char(36) not null, payment_method varchar(50), reference_id varchar(100), description varchar(500), status varchar(255), type varchar(255), primary key (rn_, hib_sess_id))
Hibernate: 
    create table HTE_transactions(rn_ integer not null, amount float, created_at timestamp, id bigint, order_id bigint, processed_at timestamp, updated_at timestamp, user_id bigint, hib_sess_id char(36) not null, payment_method varchar(50), reference_id varchar(100), description varchar(500), status varchar(255), type varchar(255), primary key (rn_, hib_sess_id))
2025-07-03 07:09:09.547 [main] DEBUG org.hibernate.SQL - 
    delete 
    from
        users
Hibernate: 
    delete 
    from
        users
2025-07-03 07:09:09.714 [main] DEBUG org.hibernate.SQL - 
    select
        u1_0.id,
        u1_0.address,
        u1_0.email,
        u1_0.full_name,
        u1_0.is_active,
        u1_0.password_hash,
        u1_0.phone,
        u1_0.role 
    from
        users u1_0 
    where
        u1_0.phone=?
Hibernate: 
    select
        u1_0.id,
        u1_0.address,
        u1_0.email,
        u1_0.full_name,
        u1_0.is_active,
        u1_0.password_hash,
        u1_0.phone,
        u1_0.role 
    from
        users u1_0 
    where
        u1_0.phone=?
2025-07-03 07:09:09.732 [main] DEBUG org.hibernate.SQL - 
    select
        next_val as id_val 
    from
        users_SEQ
Hibernate: 
    select
        next_val as id_val 
    from
        users_SEQ
2025-07-03 07:09:09.736 [main] DEBUG org.hibernate.SQL - 
    update
        users_SEQ 
    set
        next_val= ? 
    where
        next_val=?
Hibernate: 
    update
        users_SEQ 
    set
        next_val= ? 
    where
        next_val=?
2025-07-03 07:09:09.777 [main] DEBUG org.hibernate.SQL - 
    insert 
    into
        users
        (address, email, full_name, is_active, password_hash, phone, role, id) 
    values
        (?, ?, ?, ?, ?, ?, ?, ?)
Hibernate: 
    insert 
    into
        users
        (address, email, full_name, is_active, password_hash, phone, role, id) 
    values
        (?, ?, ?, ?, ?, ?, ?, ?)
]]></system-out>
  </testcase>
  <testcase name="registerUser_whitespaceOnlyFields_handled" classname="com.myapp.api.RegistrationApiTest$EdgeCases" time="0.01">
    <system-out><![CDATA[2025-07-03 07:09:09.876 [main] DEBUG org.hibernate.SQL - 
    delete 
    from
        users
Hibernate: 
    delete 
    from
        users
2025-07-03 07:09:09.881 [main] DEBUG org.hibernate.SQL - 
    select
        u1_0.id,
        u1_0.address,
        u1_0.email,
        u1_0.full_name,
        u1_0.is_active,
        u1_0.password_hash,
        u1_0.phone,
        u1_0.role 
    from
        users u1_0 
    where
        u1_0.phone=?
Hibernate: 
    select
        u1_0.id,
        u1_0.address,
        u1_0.email,
        u1_0.full_name,
        u1_0.is_active,
        u1_0.password_hash,
        u1_0.phone,
        u1_0.role 
    from
        users u1_0 
    where
        u1_0.phone=?
2025-07-03 07:09:09.883 [main] DEBUG org.hibernate.SQL - 
    insert 
    into
        users
        (address, email, full_name, is_active, password_hash, phone, role, id) 
    values
        (?, ?, ?, ?, ?, ?, ?, ?)
Hibernate: 
    insert 
    into
        users
        (address, email, full_name, is_active, password_hash, phone, role, id) 
    values
        (?, ?, ?, ?, ?, ?, ?, ?)
]]></system-out>
  </testcase>
  <testcase name="registerUser_internationalEmail_handled" classname="com.myapp.api.RegistrationApiTest$EdgeCases" time="0.008">
    <system-out><![CDATA[2025-07-03 07:09:09.886 [main] DEBUG org.hibernate.SQL - 
    delete 
    from
        users
Hibernate: 
    delete 
    from
        users
2025-07-03 07:09:09.889 [main] DEBUG org.hibernate.SQL - 
    select
        u1_0.id,
        u1_0.address,
        u1_0.email,
        u1_0.full_name,
        u1_0.is_active,
        u1_0.password_hash,
        u1_0.phone,
        u1_0.role 
    from
        users u1_0 
    where
        u1_0.phone=?
Hibernate: 
    select
        u1_0.id,
        u1_0.address,
        u1_0.email,
        u1_0.full_name,
        u1_0.is_active,
        u1_0.password_hash,
        u1_0.phone,
        u1_0.role 
    from
        users u1_0 
    where
        u1_0.phone=?
2025-07-03 07:09:09.891 [main] DEBUG org.hibernate.SQL - 
    insert 
    into
        users
        (address, email, full_name, is_active, password_hash, phone, role, id) 
    values
        (?, ?, ?, ?, ?, ?, ?, ?)
Hibernate: 
    insert 
    into
        users
        (address, email, full_name, is_active, password_hash, phone, role, id) 
    values
        (?, ?, ?, ?, ?, ?, ?, ?)
]]></system-out>
  </testcase>
</testsuite>