<?xml version="1.0" encoding="UTF-8"?>
<testsuite xmlns:xsi="http://www.w3.org/2001/XMLSchema-instance" xsi:noNamespaceSchemaLocation="https://maven.apache.org/surefire/maven-surefire-plugin/xsd/surefire-test-report-3.0.xsd" version="3.0" name="com.myapp.item.ItemServiceEdgeCaseTest$ExtremeValuesTests" time="0.252" tests="21" errors="0" skipped="0" failures="0">
  <properties>
[...]
</properties>
  <testcase name="maximumLengthTextFields_BoundaryLengths_HandledCorrectly" classname="com.myapp.item.ItemServiceEdgeCaseTest$ExtremeValuesTests" time="0.01">
    <system-out><![CDATA[2025-07-03 07:09:34.196 [main] DEBUG org.hibernate.SQL - 
    delete 
    from
        notifications
Hibernate: 
    delete 
    from
        notifications
2025-07-03 07:09:34.196 [main] DEBUG org.hibernate.SQL - 
    delete 
    from
        ratings
Hibernate: 
    delete 
    from
        ratings
2025-07-03 07:09:34.197 [main] DEBUG org.hibernate.SQL - 
    delete 
    from
        order_items
Hibernate: 
    delete 
    from
        order_items
2025-07-03 07:09:34.197 [main] DEBUG org.hibernate.SQL - 
    delete 
    from
        orders
Hibernate: 
    delete 
    from
        orders
2025-07-03 07:09:34.197 [main] DEBUG org.hibernate.SQL - 
    delete 
    from
        food_items
Hibernate: 
    delete 
    from
        food_items
2025-07-03 07:09:34.197 [main] DEBUG org.hibernate.SQL - 
    delete 
    from
        restaurants
Hibernate: 
    delete 
    from
        restaurants
2025-07-03 07:09:34.197 [main] DEBUG org.hibernate.SQL - 
    delete 
    from
        users
Hibernate: 
    delete 
    from
        users
2025-07-03 07:09:34.198 [main] DEBUG c.myapp.common.TestDatabaseManager - Cleaned all test data from database
2025-07-03 07:09:34.198 [main] DEBUG c.myapp.common.TestDatabaseManager - Test database cleanup completed
2025-07-03 07:09:34.199 [main] DEBUG org.hibernate.SQL - 
    select
        r1_0.id,
        r1_0.address,
        r1_0.name,
        r1_0.owner_id,
        r1_0.phone,
        r1_0.status 
    from
        restaurants r1_0 
    where
        r1_0.id=?
Hibernate: 
    select
        r1_0.id,
        r1_0.address,
        r1_0.name,
        r1_0.owner_id,
        r1_0.phone,
        r1_0.status 
    from
        restaurants r1_0 
    where
        r1_0.id=?
2025-07-03 07:09:34.199 [main] DEBUG org.hibernate.SQL - 
    insert 
    into
        restaurants
        (address, name, owner_id, phone, status, id) 
    values
        (?, ?, ?, ?, ?, ?)
Hibernate: 
    insert 
    into
        restaurants
        (address, name, owner_id, phone, status, id) 
    values
        (?, ?, ?, ?, ?, ?)
📝 Global restaurant saved to repository for tests
2025-07-03 07:09:34.201 [main] DEBUG org.hibernate.SQL - 
    select
        r1_0.id,
        r1_0.address,
        r1_0.name,
        r1_0.owner_id,
        r1_0.phone,
        r1_0.status 
    from
        restaurants r1_0 
    where
        r1_0.id=?
Hibernate: 
    select
        r1_0.id,
        r1_0.address,
        r1_0.name,
        r1_0.owner_id,
        r1_0.phone,
        r1_0.status 
    from
        restaurants r1_0 
    where
        r1_0.id=?
✅ Global restaurant saved successfully - ID: 2090
2025-07-03 07:09:34.203 [main] DEBUG org.hibernate.SQL - 
    select
        r1_0.id,
        r1_0.address,
        r1_0.name,
        r1_0.owner_id,
        r1_0.phone,
        r1_0.status 
    from
        restaurants r1_0 
    where
        r1_0.id=?
Hibernate: 
    select
        r1_0.id,
        r1_0.address,
        r1_0.name,
        r1_0.owner_id,
        r1_0.phone,
        r1_0.status 
    from
        restaurants r1_0 
    where
        r1_0.id=?
2025-07-03 07:09:34.204 [main] DEBUG org.hibernate.SQL - 
    insert 
    into
        food_items
        (available, category, description, image_url, keywords, name, price, quantity, restaurant_id, id) 
    values
        (?, ?, ?, ?, ?, ?, ?, ?, ?, ?)
Hibernate: 
    insert 
    into
        food_items
        (available, category, description, image_url, keywords, name, price, quantity, restaurant_id, id) 
    values
        (?, ?, ?, ?, ?, ?, ?, ?, ?, ?)
✅ Maximum length fields handled correctly
]]></system-out>
  </testcase>
  <testcase name="priceBoundaryTesting_VariousValidPrices_AcceptedCorrectly(double, String)[1]" classname="com.myapp.item.ItemServiceEdgeCaseTest$ExtremeValuesTests" time="0.011">
    <system-out><![CDATA[2025-07-03 07:09:34.259 [main] DEBUG org.hibernate.SQL - 
    delete 
    from
        notifications
Hibernate: 
    delete 
    from
        notifications
2025-07-03 07:09:34.259 [main] DEBUG org.hibernate.SQL - 
    delete 
    from
        ratings
Hibernate: 
    delete 
    from
        ratings
2025-07-03 07:09:34.259 [main] DEBUG org.hibernate.SQL - 
    delete 
    from
        order_items
Hibernate: 
    delete 
    from
        order_items
2025-07-03 07:09:34.259 [main] DEBUG org.hibernate.SQL - 
    delete 
    from
        orders
Hibernate: 
    delete 
    from
        orders
2025-07-03 07:09:34.260 [main] DEBUG org.hibernate.SQL - 
    delete 
    from
        food_items
Hibernate: 
    delete 
    from
        food_items
2025-07-03 07:09:34.260 [main] DEBUG org.hibernate.SQL - 
    delete 
    from
        restaurants
Hibernate: 
    delete 
    from
        restaurants
2025-07-03 07:09:34.260 [main] DEBUG org.hibernate.SQL - 
    delete 
    from
        users
Hibernate: 
    delete 
    from
        users
2025-07-03 07:09:34.261 [main] DEBUG c.myapp.common.TestDatabaseManager - Cleaned all test data from database
2025-07-03 07:09:34.261 [main] DEBUG c.myapp.common.TestDatabaseManager - Test database cleanup completed
2025-07-03 07:09:34.262 [main] DEBUG org.hibernate.SQL - 
    select
        r1_0.id,
        r1_0.address,
        r1_0.name,
        r1_0.owner_id,
        r1_0.phone,
        r1_0.status 
    from
        restaurants r1_0 
    where
        r1_0.id=?
Hibernate: 
    select
        r1_0.id,
        r1_0.address,
        r1_0.name,
        r1_0.owner_id,
        r1_0.phone,
        r1_0.status 
    from
        restaurants r1_0 
    where
        r1_0.id=?
2025-07-03 07:09:34.262 [main] DEBUG org.hibernate.SQL - 
    insert 
    into
        restaurants
        (address, name, owner_id, phone, status, id) 
    values
        (?, ?, ?, ?, ?, ?)
Hibernate: 
    insert 
    into
        restaurants
        (address, name, owner_id, phone, status, id) 
    values
        (?, ?, ?, ?, ?, ?)
📝 Global restaurant saved to repository for tests
2025-07-03 07:09:34.265 [main] DEBUG org.hibernate.SQL - 
    select
        r1_0.id,
        r1_0.address,
        r1_0.name,
        r1_0.owner_id,
        r1_0.phone,
        r1_0.status 
    from
        restaurants r1_0 
    where
        r1_0.id=?
Hibernate: 
    select
        r1_0.id,
        r1_0.address,
        r1_0.name,
        r1_0.owner_id,
        r1_0.phone,
        r1_0.status 
    from
        restaurants r1_0 
    where
        r1_0.id=?
✅ Global restaurant saved successfully - ID: 2091
2025-07-03 07:09:34.265 [main] DEBUG org.hibernate.SQL - 
    select
        r1_0.id,
        r1_0.address,
        r1_0.name,
        r1_0.owner_id,
        r1_0.phone,
        r1_0.status 
    from
        restaurants r1_0 
    where
        r1_0.id=?
Hibernate: 
    select
        r1_0.id,
        r1_0.address,
        r1_0.name,
        r1_0.owner_id,
        r1_0.phone,
        r1_0.status 
    from
        restaurants r1_0 
    where
        r1_0.id=?
2025-07-03 07:09:34.266 [main] DEBUG org.hibernate.SQL - 
    insert 
    into
        food_items
        (available, category, description, image_url, keywords, name, price, quantity, restaurant_id, id) 
    values
        (?, ?, ?, ?, ?, ?, ?, ?, ?, ?)
Hibernate: 
    insert 
    into
        food_items
        (available, category, description, image_url, keywords, name, price, quantity, restaurant_id, id) 
    values
        (?, ?, ?, ?, ?, ?, ?, ?, ?, ?)
✅ Valid price accepted: 0.01
]]></system-out>
  </testcase>
  <testcase name="priceBoundaryTesting_VariousValidPrices_AcceptedCorrectly(double, String)[2]" classname="com.myapp.item.ItemServiceEdgeCaseTest$ExtremeValuesTests" time="0.007">
    <system-out><![CDATA[2025-07-03 07:09:34.270 [main] DEBUG org.hibernate.SQL - 
    delete 
    from
        notifications
Hibernate: 
    delete 
    from
        notifications
2025-07-03 07:09:34.271 [main] DEBUG org.hibernate.SQL - 
    delete 
    from
        ratings
Hibernate: 
    delete 
    from
        ratings
2025-07-03 07:09:34.271 [main] DEBUG org.hibernate.SQL - 
    delete 
    from
        order_items
Hibernate: 
    delete 
    from
        order_items
2025-07-03 07:09:34.271 [main] DEBUG org.hibernate.SQL - 
    delete 
    from
        orders
Hibernate: 
    delete 
    from
        orders
2025-07-03 07:09:34.271 [main] DEBUG org.hibernate.SQL - 
    delete 
    from
        food_items
Hibernate: 
    delete 
    from
        food_items
2025-07-03 07:09:34.271 [main] DEBUG org.hibernate.SQL - 
    delete 
    from
        restaurants
Hibernate: 
    delete 
    from
        restaurants
2025-07-03 07:09:34.271 [main] DEBUG org.hibernate.SQL - 
    delete 
    from
        users
Hibernate: 
    delete 
    from
        users
2025-07-03 07:09:34.272 [main] DEBUG c.myapp.common.TestDatabaseManager - Cleaned all test data from database
2025-07-03 07:09:34.272 [main] DEBUG c.myapp.common.TestDatabaseManager - Test database cleanup completed
2025-07-03 07:09:34.273 [main] DEBUG org.hibernate.SQL - 
    select
        r1_0.id,
        r1_0.address,
        r1_0.name,
        r1_0.owner_id,
        r1_0.phone,
        r1_0.status 
    from
        restaurants r1_0 
    where
        r1_0.id=?
Hibernate: 
    select
        r1_0.id,
        r1_0.address,
        r1_0.name,
        r1_0.owner_id,
        r1_0.phone,
        r1_0.status 
    from
        restaurants r1_0 
    where
        r1_0.id=?
2025-07-03 07:09:34.273 [main] DEBUG org.hibernate.SQL - 
    insert 
    into
        restaurants
        (address, name, owner_id, phone, status, id) 
    values
        (?, ?, ?, ?, ?, ?)
Hibernate: 
    insert 
    into
        restaurants
        (address, name, owner_id, phone, status, id) 
    values
        (?, ?, ?, ?, ?, ?)
📝 Global restaurant saved to repository for tests
2025-07-03 07:09:34.274 [main] DEBUG org.hibernate.SQL - 
    select
        r1_0.id,
        r1_0.address,
        r1_0.name,
        r1_0.owner_id,
        r1_0.phone,
        r1_0.status 
    from
        restaurants r1_0 
    where
        r1_0.id=?
Hibernate: 
    select
        r1_0.id,
        r1_0.address,
        r1_0.name,
        r1_0.owner_id,
        r1_0.phone,
        r1_0.status 
    from
        restaurants r1_0 
    where
        r1_0.id=?
✅ Global restaurant saved successfully - ID: 2092
2025-07-03 07:09:34.275 [main] DEBUG org.hibernate.SQL - 
    select
        r1_0.id,
        r1_0.address,
        r1_0.name,
        r1_0.owner_id,
        r1_0.phone,
        r1_0.status 
    from
        restaurants r1_0 
    where
        r1_0.id=?
Hibernate: 
    select
        r1_0.id,
        r1_0.address,
        r1_0.name,
        r1_0.owner_id,
        r1_0.phone,
        r1_0.status 
    from
        restaurants r1_0 
    where
        r1_0.id=?
2025-07-03 07:09:34.276 [main] DEBUG org.hibernate.SQL - 
    insert 
    into
        food_items
        (available, category, description, image_url, keywords, name, price, quantity, restaurant_id, id) 
    values
        (?, ?, ?, ?, ?, ?, ?, ?, ?, ?)
Hibernate: 
    insert 
    into
        food_items
        (available, category, description, image_url, keywords, name, price, quantity, restaurant_id, id) 
    values
        (?, ?, ?, ?, ?, ?, ?, ?, ?, ?)
✅ Valid price accepted: 9999.99
]]></system-out>
  </testcase>
  <testcase name="priceBoundaryTesting_VariousValidPrices_AcceptedCorrectly(double, String)[3]" classname="com.myapp.item.ItemServiceEdgeCaseTest$ExtremeValuesTests" time="0.007">
    <system-out><![CDATA[2025-07-03 07:09:34.279 [main] DEBUG org.hibernate.SQL - 
    delete 
    from
        notifications
Hibernate: 
    delete 
    from
        notifications
2025-07-03 07:09:34.279 [main] DEBUG org.hibernate.SQL - 
    delete 
    from
        ratings
Hibernate: 
    delete 
    from
        ratings
2025-07-03 07:09:34.279 [main] DEBUG org.hibernate.SQL - 
    delete 
    from
        order_items
Hibernate: 
    delete 
    from
        order_items
2025-07-03 07:09:34.279 [main] DEBUG org.hibernate.SQL - 
    delete 
    from
        orders
Hibernate: 
    delete 
    from
        orders
2025-07-03 07:09:34.279 [main] DEBUG org.hibernate.SQL - 
    delete 
    from
        food_items
Hibernate: 
    delete 
    from
        food_items
2025-07-03 07:09:34.279 [main] DEBUG org.hibernate.SQL - 
    delete 
    from
        restaurants
Hibernate: 
    delete 
    from
        restaurants
2025-07-03 07:09:34.279 [main] DEBUG org.hibernate.SQL - 
    delete 
    from
        users
Hibernate: 
    delete 
    from
        users
2025-07-03 07:09:34.280 [main] DEBUG c.myapp.common.TestDatabaseManager - Cleaned all test data from database
2025-07-03 07:09:34.280 [main] DEBUG c.myapp.common.TestDatabaseManager - Test database cleanup completed
2025-07-03 07:09:34.281 [main] DEBUG org.hibernate.SQL - 
    select
        r1_0.id,
        r1_0.address,
        r1_0.name,
        r1_0.owner_id,
        r1_0.phone,
        r1_0.status 
    from
        restaurants r1_0 
    where
        r1_0.id=?
Hibernate: 
    select
        r1_0.id,
        r1_0.address,
        r1_0.name,
        r1_0.owner_id,
        r1_0.phone,
        r1_0.status 
    from
        restaurants r1_0 
    where
        r1_0.id=?
2025-07-03 07:09:34.281 [main] DEBUG org.hibernate.SQL - 
    insert 
    into
        restaurants
        (address, name, owner_id, phone, status, id) 
    values
        (?, ?, ?, ?, ?, ?)
Hibernate: 
    insert 
    into
        restaurants
        (address, name, owner_id, phone, status, id) 
    values
        (?, ?, ?, ?, ?, ?)
📝 Global restaurant saved to repository for tests
2025-07-03 07:09:34.282 [main] DEBUG org.hibernate.SQL - 
    select
        r1_0.id,
        r1_0.address,
        r1_0.name,
        r1_0.owner_id,
        r1_0.phone,
        r1_0.status 
    from
        restaurants r1_0 
    where
        r1_0.id=?
Hibernate: 
    select
        r1_0.id,
        r1_0.address,
        r1_0.name,
        r1_0.owner_id,
        r1_0.phone,
        r1_0.status 
    from
        restaurants r1_0 
    where
        r1_0.id=?
✅ Global restaurant saved successfully - ID: 2093
2025-07-03 07:09:34.283 [main] DEBUG org.hibernate.SQL - 
    select
        r1_0.id,
        r1_0.address,
        r1_0.name,
        r1_0.owner_id,
        r1_0.phone,
        r1_0.status 
    from
        restaurants r1_0 
    where
        r1_0.id=?
Hibernate: 
    select
        r1_0.id,
        r1_0.address,
        r1_0.name,
        r1_0.owner_id,
        r1_0.phone,
        r1_0.status 
    from
        restaurants r1_0 
    where
        r1_0.id=?
2025-07-03 07:09:34.283 [main] DEBUG org.hibernate.SQL - 
    insert 
    into
        food_items
        (available, category, description, image_url, keywords, name, price, quantity, restaurant_id, id) 
    values
        (?, ?, ?, ?, ?, ?, ?, ?, ?, ?)
Hibernate: 
    insert 
    into
        food_items
        (available, category, description, image_url, keywords, name, price, quantity, restaurant_id, id) 
    values
        (?, ?, ?, ?, ?, ?, ?, ?, ?, ?)
✅ Valid price accepted: 1.0
]]></system-out>
  </testcase>
  <testcase name="priceBoundaryTesting_VariousValidPrices_AcceptedCorrectly(double, String)[4]" classname="com.myapp.item.ItemServiceEdgeCaseTest$ExtremeValuesTests" time="0.008">
    <system-out><![CDATA[2025-07-03 07:09:34.287 [main] DEBUG org.hibernate.SQL - 
    delete 
    from
        notifications
Hibernate: 
    delete 
    from
        notifications
2025-07-03 07:09:34.287 [main] DEBUG org.hibernate.SQL - 
    delete 
    from
        ratings
Hibernate: 
    delete 
    from
        ratings
2025-07-03 07:09:34.287 [main] DEBUG org.hibernate.SQL - 
    delete 
    from
        order_items
Hibernate: 
    delete 
    from
        order_items
2025-07-03 07:09:34.287 [main] DEBUG org.hibernate.SQL - 
    delete 
    from
        orders
Hibernate: 
    delete 
    from
        orders
2025-07-03 07:09:34.287 [main] DEBUG org.hibernate.SQL - 
    delete 
    from
        food_items
Hibernate: 
    delete 
    from
        food_items
2025-07-03 07:09:34.287 [main] DEBUG org.hibernate.SQL - 
    delete 
    from
        restaurants
Hibernate: 
    delete 
    from
        restaurants
2025-07-03 07:09:34.288 [main] DEBUG org.hibernate.SQL - 
    delete 
    from
        users
Hibernate: 
    delete 
    from
        users
2025-07-03 07:09:34.289 [main] DEBUG c.myapp.common.TestDatabaseManager - Cleaned all test data from database
2025-07-03 07:09:34.289 [main] DEBUG c.myapp.common.TestDatabaseManager - Test database cleanup completed
2025-07-03 07:09:34.289 [main] DEBUG org.hibernate.SQL - 
    select
        r1_0.id,
        r1_0.address,
        r1_0.name,
        r1_0.owner_id,
        r1_0.phone,
        r1_0.status 
    from
        restaurants r1_0 
    where
        r1_0.id=?
Hibernate: 
    select
        r1_0.id,
        r1_0.address,
        r1_0.name,
        r1_0.owner_id,
        r1_0.phone,
        r1_0.status 
    from
        restaurants r1_0 
    where
        r1_0.id=?
2025-07-03 07:09:34.289 [main] DEBUG org.hibernate.SQL - 
    insert 
    into
        restaurants
        (address, name, owner_id, phone, status, id) 
    values
        (?, ?, ?, ?, ?, ?)
Hibernate: 
    insert 
    into
        restaurants
        (address, name, owner_id, phone, status, id) 
    values
        (?, ?, ?, ?, ?, ?)
📝 Global restaurant saved to repository for tests
2025-07-03 07:09:34.291 [main] DEBUG org.hibernate.SQL - 
    select
        r1_0.id,
        r1_0.address,
        r1_0.name,
        r1_0.owner_id,
        r1_0.phone,
        r1_0.status 
    from
        restaurants r1_0 
    where
        r1_0.id=?
Hibernate: 
    select
        r1_0.id,
        r1_0.address,
        r1_0.name,
        r1_0.owner_id,
        r1_0.phone,
        r1_0.status 
    from
        restaurants r1_0 
    where
        r1_0.id=?
✅ Global restaurant saved successfully - ID: 2094
2025-07-03 07:09:34.291 [main] DEBUG org.hibernate.SQL - 
    select
        r1_0.id,
        r1_0.address,
        r1_0.name,
        r1_0.owner_id,
        r1_0.phone,
        r1_0.status 
    from
        restaurants r1_0 
    where
        r1_0.id=?
Hibernate: 
    select
        r1_0.id,
        r1_0.address,
        r1_0.name,
        r1_0.owner_id,
        r1_0.phone,
        r1_0.status 
    from
        restaurants r1_0 
    where
        r1_0.id=?
2025-07-03 07:09:34.292 [main] DEBUG org.hibernate.SQL - 
    insert 
    into
        food_items
        (available, category, description, image_url, keywords, name, price, quantity, restaurant_id, id) 
    values
        (?, ?, ?, ?, ?, ?, ?, ?, ?, ?)
Hibernate: 
    insert 
    into
        food_items
        (available, category, description, image_url, keywords, name, price, quantity, restaurant_id, id) 
    values
        (?, ?, ?, ?, ?, ?, ?, ?, ?, ?)
✅ Valid price accepted: 123.45
]]></system-out>
  </testcase>
  <testcase name="priceBoundaryTesting_VariousValidPrices_AcceptedCorrectly(double, String)[5]" classname="com.myapp.item.ItemServiceEdgeCaseTest$ExtremeValuesTests" time="0.007">
    <system-out><![CDATA[2025-07-03 07:09:34.295 [main] DEBUG org.hibernate.SQL - 
    delete 
    from
        notifications
Hibernate: 
    delete 
    from
        notifications
2025-07-03 07:09:34.295 [main] DEBUG org.hibernate.SQL - 
    delete 
    from
        ratings
Hibernate: 
    delete 
    from
        ratings
2025-07-03 07:09:34.296 [main] DEBUG org.hibernate.SQL - 
    delete 
    from
        order_items
Hibernate: 
    delete 
    from
        order_items
2025-07-03 07:09:34.296 [main] DEBUG org.hibernate.SQL - 
    delete 
    from
        orders
Hibernate: 
    delete 
    from
        orders
2025-07-03 07:09:34.296 [main] DEBUG org.hibernate.SQL - 
    delete 
    from
        food_items
Hibernate: 
    delete 
    from
        food_items
2025-07-03 07:09:34.296 [main] DEBUG org.hibernate.SQL - 
    delete 
    from
        restaurants
Hibernate: 
    delete 
    from
        restaurants
2025-07-03 07:09:34.296 [main] DEBUG org.hibernate.SQL - 
    delete 
    from
        users
Hibernate: 
    delete 
    from
        users
2025-07-03 07:09:34.297 [main] DEBUG c.myapp.common.TestDatabaseManager - Cleaned all test data from database
2025-07-03 07:09:34.297 [main] DEBUG c.myapp.common.TestDatabaseManager - Test database cleanup completed
2025-07-03 07:09:34.297 [main] DEBUG org.hibernate.SQL - 
    select
        r1_0.id,
        r1_0.address,
        r1_0.name,
        r1_0.owner_id,
        r1_0.phone,
        r1_0.status 
    from
        restaurants r1_0 
    where
        r1_0.id=?
Hibernate: 
    select
        r1_0.id,
        r1_0.address,
        r1_0.name,
        r1_0.owner_id,
        r1_0.phone,
        r1_0.status 
    from
        restaurants r1_0 
    where
        r1_0.id=?
2025-07-03 07:09:34.298 [main] DEBUG org.hibernate.SQL - 
    insert 
    into
        restaurants
        (address, name, owner_id, phone, status, id) 
    values
        (?, ?, ?, ?, ?, ?)
Hibernate: 
    insert 
    into
        restaurants
        (address, name, owner_id, phone, status, id) 
    values
        (?, ?, ?, ?, ?, ?)
📝 Global restaurant saved to repository for tests
2025-07-03 07:09:34.299 [main] DEBUG org.hibernate.SQL - 
    select
        r1_0.id,
        r1_0.address,
        r1_0.name,
        r1_0.owner_id,
        r1_0.phone,
        r1_0.status 
    from
        restaurants r1_0 
    where
        r1_0.id=?
Hibernate: 
    select
        r1_0.id,
        r1_0.address,
        r1_0.name,
        r1_0.owner_id,
        r1_0.phone,
        r1_0.status 
    from
        restaurants r1_0 
    where
        r1_0.id=?
✅ Global restaurant saved successfully - ID: 2095
2025-07-03 07:09:34.300 [main] DEBUG org.hibernate.SQL - 
    select
        r1_0.id,
        r1_0.address,
        r1_0.name,
        r1_0.owner_id,
        r1_0.phone,
        r1_0.status 
    from
        restaurants r1_0 
    where
        r1_0.id=?
Hibernate: 
    select
        r1_0.id,
        r1_0.address,
        r1_0.name,
        r1_0.owner_id,
        r1_0.phone,
        r1_0.status 
    from
        restaurants r1_0 
    where
        r1_0.id=?
2025-07-03 07:09:34.300 [main] DEBUG org.hibernate.SQL - 
    insert 
    into
        food_items
        (available, category, description, image_url, keywords, name, price, quantity, restaurant_id, id) 
    values
        (?, ?, ?, ?, ?, ?, ?, ?, ?, ?)
Hibernate: 
    insert 
    into
        food_items
        (available, category, description, image_url, keywords, name, price, quantity, restaurant_id, id) 
    values
        (?, ?, ?, ?, ?, ?, ?, ?, ?, ?)
✅ Valid price accepted: 999.99
]]></system-out>
  </testcase>
  <testcase name="quantityBoundaryTesting_VariousQuantities_HandledAppropriately(int)[1]" classname="com.myapp.item.ItemServiceEdgeCaseTest$ExtremeValuesTests" time="0.01">
    <system-out><![CDATA[2025-07-03 07:09:34.304 [main] DEBUG org.hibernate.SQL - 
    delete 
    from
        notifications
Hibernate: 
    delete 
    from
        notifications
2025-07-03 07:09:34.304 [main] DEBUG org.hibernate.SQL - 
    delete 
    from
        ratings
Hibernate: 
    delete 
    from
        ratings
2025-07-03 07:09:34.305 [main] DEBUG org.hibernate.SQL - 
    delete 
    from
        order_items
Hibernate: 
    delete 
    from
        order_items
2025-07-03 07:09:34.305 [main] DEBUG org.hibernate.SQL - 
    delete 
    from
        orders
Hibernate: 
    delete 
    from
        orders
2025-07-03 07:09:34.305 [main] DEBUG org.hibernate.SQL - 
    delete 
    from
        food_items
Hibernate: 
    delete 
    from
        food_items
2025-07-03 07:09:34.305 [main] DEBUG org.hibernate.SQL - 
    delete 
    from
        restaurants
Hibernate: 
    delete 
    from
        restaurants
2025-07-03 07:09:34.305 [main] DEBUG org.hibernate.SQL - 
    delete 
    from
        users
Hibernate: 
    delete 
    from
        users
2025-07-03 07:09:34.306 [main] DEBUG c.myapp.common.TestDatabaseManager - Cleaned all test data from database
2025-07-03 07:09:34.306 [main] DEBUG c.myapp.common.TestDatabaseManager - Test database cleanup completed
2025-07-03 07:09:34.306 [main] DEBUG org.hibernate.SQL - 
    select
        r1_0.id,
        r1_0.address,
        r1_0.name,
        r1_0.owner_id,
        r1_0.phone,
        r1_0.status 
    from
        restaurants r1_0 
    where
        r1_0.id=?
Hibernate: 
    select
        r1_0.id,
        r1_0.address,
        r1_0.name,
        r1_0.owner_id,
        r1_0.phone,
        r1_0.status 
    from
        restaurants r1_0 
    where
        r1_0.id=?
2025-07-03 07:09:34.307 [main] DEBUG org.hibernate.SQL - 
    insert 
    into
        restaurants
        (address, name, owner_id, phone, status, id) 
    values
        (?, ?, ?, ?, ?, ?)
Hibernate: 
    insert 
    into
        restaurants
        (address, name, owner_id, phone, status, id) 
    values
        (?, ?, ?, ?, ?, ?)
📝 Global restaurant saved to repository for tests
2025-07-03 07:09:34.308 [main] DEBUG org.hibernate.SQL - 
    select
        r1_0.id,
        r1_0.address,
        r1_0.name,
        r1_0.owner_id,
        r1_0.phone,
        r1_0.status 
    from
        restaurants r1_0 
    where
        r1_0.id=?
Hibernate: 
    select
        r1_0.id,
        r1_0.address,
        r1_0.name,
        r1_0.owner_id,
        r1_0.phone,
        r1_0.status 
    from
        restaurants r1_0 
    where
        r1_0.id=?
✅ Global restaurant saved successfully - ID: 2096
2025-07-03 07:09:34.309 [main] DEBUG org.hibernate.SQL - 
    select
        r1_0.id,
        r1_0.address,
        r1_0.name,
        r1_0.owner_id,
        r1_0.phone,
        r1_0.status 
    from
        restaurants r1_0 
    where
        r1_0.id=?
Hibernate: 
    select
        r1_0.id,
        r1_0.address,
        r1_0.name,
        r1_0.owner_id,
        r1_0.phone,
        r1_0.status 
    from
        restaurants r1_0 
    where
        r1_0.id=?
2025-07-03 07:09:34.309 [main] DEBUG org.hibernate.SQL - 
    insert 
    into
        food_items
        (available, category, description, image_url, keywords, name, price, quantity, restaurant_id, id) 
    values
        (?, ?, ?, ?, ?, ?, ?, ?, ?, ?)
Hibernate: 
    insert 
    into
        food_items
        (available, category, description, image_url, keywords, name, price, quantity, restaurant_id, id) 
    values
        (?, ?, ?, ?, ?, ?, ?, ?, ?, ?)
2025-07-03 07:09:34.311 [main] DEBUG org.hibernate.SQL - 
    select
        fi1_0.id,
        fi1_0.available,
        fi1_0.category,
        fi1_0.description,
        fi1_0.image_url,
        fi1_0.keywords,
        fi1_0.name,
        fi1_0.price,
        fi1_0.quantity,
        fi1_0.restaurant_id 
    from
        food_items fi1_0 
    where
        fi1_0.id=?
Hibernate: 
    select
        fi1_0.id,
        fi1_0.available,
        fi1_0.category,
        fi1_0.description,
        fi1_0.image_url,
        fi1_0.keywords,
        fi1_0.name,
        fi1_0.price,
        fi1_0.quantity,
        fi1_0.restaurant_id 
    from
        food_items fi1_0 
    where
        fi1_0.id=?
2025-07-03 07:09:34.311 [main] DEBUG org.hibernate.SQL - 
    select
        fi1_0.id,
        fi1_0.available,
        fi1_0.category,
        fi1_0.description,
        fi1_0.image_url,
        fi1_0.keywords,
        fi1_0.name,
        fi1_0.price,
        fi1_0.quantity,
        fi1_0.restaurant_id 
    from
        food_items fi1_0 
    where
        fi1_0.id=?
Hibernate: 
    select
        fi1_0.id,
        fi1_0.available,
        fi1_0.category,
        fi1_0.description,
        fi1_0.image_url,
        fi1_0.keywords,
        fi1_0.name,
        fi1_0.price,
        fi1_0.quantity,
        fi1_0.restaurant_id 
    from
        food_items fi1_0 
    where
        fi1_0.id=?
2025-07-03 07:09:34.312 [main] DEBUG org.hibernate.SQL - 
    update
        food_items 
    set
        available=?,
        category=?,
        description=?,
        image_url=?,
        keywords=?,
        name=?,
        price=?,
        quantity=?,
        restaurant_id=? 
    where
        id=?
Hibernate: 
    update
        food_items 
    set
        available=?,
        category=?,
        description=?,
        image_url=?,
        keywords=?,
        name=?,
        price=?,
        quantity=?,
        restaurant_id=? 
    where
        id=?
2025-07-03 07:09:34.313 [main] DEBUG org.hibernate.SQL - 
    select
        fi1_0.id,
        fi1_0.available,
        fi1_0.category,
        fi1_0.description,
        fi1_0.image_url,
        fi1_0.keywords,
        fi1_0.name,
        fi1_0.price,
        fi1_0.quantity,
        fi1_0.restaurant_id 
    from
        food_items fi1_0 
    where
        fi1_0.id=?
Hibernate: 
    select
        fi1_0.id,
        fi1_0.available,
        fi1_0.category,
        fi1_0.description,
        fi1_0.image_url,
        fi1_0.keywords,
        fi1_0.name,
        fi1_0.price,
        fi1_0.quantity,
        fi1_0.restaurant_id 
    from
        food_items fi1_0 
    where
        fi1_0.id=?
✅ Quantity 0 handled correctly
]]></system-out>
  </testcase>
  <testcase name="quantityBoundaryTesting_VariousQuantities_HandledAppropriately(int)[2]" classname="com.myapp.item.ItemServiceEdgeCaseTest$ExtremeValuesTests" time="0.01">
    <system-out><![CDATA[2025-07-03 07:09:34.315 [main] DEBUG org.hibernate.SQL - 
    delete 
    from
        notifications
Hibernate: 
    delete 
    from
        notifications
2025-07-03 07:09:34.315 [main] DEBUG org.hibernate.SQL - 
    delete 
    from
        ratings
Hibernate: 
    delete 
    from
        ratings
2025-07-03 07:09:34.315 [main] DEBUG org.hibernate.SQL - 
    delete 
    from
        order_items
Hibernate: 
    delete 
    from
        order_items
2025-07-03 07:09:34.316 [main] DEBUG org.hibernate.SQL - 
    delete 
    from
        orders
Hibernate: 
    delete 
    from
        orders
2025-07-03 07:09:34.316 [main] DEBUG org.hibernate.SQL - 
    delete 
    from
        food_items
Hibernate: 
    delete 
    from
        food_items
2025-07-03 07:09:34.316 [main] DEBUG org.hibernate.SQL - 
    delete 
    from
        restaurants
Hibernate: 
    delete 
    from
        restaurants
2025-07-03 07:09:34.316 [main] DEBUG org.hibernate.SQL - 
    delete 
    from
        users
Hibernate: 
    delete 
    from
        users
2025-07-03 07:09:34.317 [main] DEBUG c.myapp.common.TestDatabaseManager - Cleaned all test data from database
2025-07-03 07:09:34.317 [main] DEBUG c.myapp.common.TestDatabaseManager - Test database cleanup completed
2025-07-03 07:09:34.317 [main] DEBUG org.hibernate.SQL - 
    select
        r1_0.id,
        r1_0.address,
        r1_0.name,
        r1_0.owner_id,
        r1_0.phone,
        r1_0.status 
    from
        restaurants r1_0 
    where
        r1_0.id=?
Hibernate: 
    select
        r1_0.id,
        r1_0.address,
        r1_0.name,
        r1_0.owner_id,
        r1_0.phone,
        r1_0.status 
    from
        restaurants r1_0 
    where
        r1_0.id=?
2025-07-03 07:09:34.318 [main] DEBUG org.hibernate.SQL - 
    insert 
    into
        restaurants
        (address, name, owner_id, phone, status, id) 
    values
        (?, ?, ?, ?, ?, ?)
Hibernate: 
    insert 
    into
        restaurants
        (address, name, owner_id, phone, status, id) 
    values
        (?, ?, ?, ?, ?, ?)
📝 Global restaurant saved to repository for tests
2025-07-03 07:09:34.320 [main] DEBUG org.hibernate.SQL - 
    select
        r1_0.id,
        r1_0.address,
        r1_0.name,
        r1_0.owner_id,
        r1_0.phone,
        r1_0.status 
    from
        restaurants r1_0 
    where
        r1_0.id=?
Hibernate: 
    select
        r1_0.id,
        r1_0.address,
        r1_0.name,
        r1_0.owner_id,
        r1_0.phone,
        r1_0.status 
    from
        restaurants r1_0 
    where
        r1_0.id=?
✅ Global restaurant saved successfully - ID: 2097
2025-07-03 07:09:34.321 [main] DEBUG org.hibernate.SQL - 
    select
        r1_0.id,
        r1_0.address,
        r1_0.name,
        r1_0.owner_id,
        r1_0.phone,
        r1_0.status 
    from
        restaurants r1_0 
    where
        r1_0.id=?
Hibernate: 
    select
        r1_0.id,
        r1_0.address,
        r1_0.name,
        r1_0.owner_id,
        r1_0.phone,
        r1_0.status 
    from
        restaurants r1_0 
    where
        r1_0.id=?
2025-07-03 07:09:34.321 [main] DEBUG org.hibernate.SQL - 
    insert 
    into
        food_items
        (available, category, description, image_url, keywords, name, price, quantity, restaurant_id, id) 
    values
        (?, ?, ?, ?, ?, ?, ?, ?, ?, ?)
Hibernate: 
    insert 
    into
        food_items
        (available, category, description, image_url, keywords, name, price, quantity, restaurant_id, id) 
    values
        (?, ?, ?, ?, ?, ?, ?, ?, ?, ?)
2025-07-03 07:09:34.322 [main] DEBUG org.hibernate.SQL - 
    select
        fi1_0.id,
        fi1_0.available,
        fi1_0.category,
        fi1_0.description,
        fi1_0.image_url,
        fi1_0.keywords,
        fi1_0.name,
        fi1_0.price,
        fi1_0.quantity,
        fi1_0.restaurant_id 
    from
        food_items fi1_0 
    where
        fi1_0.id=?
Hibernate: 
    select
        fi1_0.id,
        fi1_0.available,
        fi1_0.category,
        fi1_0.description,
        fi1_0.image_url,
        fi1_0.keywords,
        fi1_0.name,
        fi1_0.price,
        fi1_0.quantity,
        fi1_0.restaurant_id 
    from
        food_items fi1_0 
    where
        fi1_0.id=?
2025-07-03 07:09:34.323 [main] DEBUG org.hibernate.SQL - 
    select
        fi1_0.id,
        fi1_0.available,
        fi1_0.category,
        fi1_0.description,
        fi1_0.image_url,
        fi1_0.keywords,
        fi1_0.name,
        fi1_0.price,
        fi1_0.quantity,
        fi1_0.restaurant_id 
    from
        food_items fi1_0 
    where
        fi1_0.id=?
Hibernate: 
    select
        fi1_0.id,
        fi1_0.available,
        fi1_0.category,
        fi1_0.description,
        fi1_0.image_url,
        fi1_0.keywords,
        fi1_0.name,
        fi1_0.price,
        fi1_0.quantity,
        fi1_0.restaurant_id 
    from
        food_items fi1_0 
    where
        fi1_0.id=?
2025-07-03 07:09:34.323 [main] DEBUG org.hibernate.SQL - 
    update
        food_items 
    set
        available=?,
        category=?,
        description=?,
        image_url=?,
        keywords=?,
        name=?,
        price=?,
        quantity=?,
        restaurant_id=? 
    where
        id=?
Hibernate: 
    update
        food_items 
    set
        available=?,
        category=?,
        description=?,
        image_url=?,
        keywords=?,
        name=?,
        price=?,
        quantity=?,
        restaurant_id=? 
    where
        id=?
2025-07-03 07:09:34.324 [main] DEBUG org.hibernate.SQL - 
    select
        fi1_0.id,
        fi1_0.available,
        fi1_0.category,
        fi1_0.description,
        fi1_0.image_url,
        fi1_0.keywords,
        fi1_0.name,
        fi1_0.price,
        fi1_0.quantity,
        fi1_0.restaurant_id 
    from
        food_items fi1_0 
    where
        fi1_0.id=?
Hibernate: 
    select
        fi1_0.id,
        fi1_0.available,
        fi1_0.category,
        fi1_0.description,
        fi1_0.image_url,
        fi1_0.keywords,
        fi1_0.name,
        fi1_0.price,
        fi1_0.quantity,
        fi1_0.restaurant_id 
    from
        food_items fi1_0 
    where
        fi1_0.id=?
✅ Quantity 1 handled correctly
]]></system-out>
  </testcase>
  <testcase name="quantityBoundaryTesting_VariousQuantities_HandledAppropriately(int)[3]" classname="com.myapp.item.ItemServiceEdgeCaseTest$ExtremeValuesTests" time="0.01">
    <system-out><![CDATA[2025-07-03 07:09:34.326 [main] DEBUG org.hibernate.SQL - 
    delete 
    from
        notifications
Hibernate: 
    delete 
    from
        notifications
2025-07-03 07:09:34.326 [main] DEBUG org.hibernate.SQL - 
    delete 
    from
        ratings
Hibernate: 
    delete 
    from
        ratings
2025-07-03 07:09:34.326 [main] DEBUG org.hibernate.SQL - 
    delete 
    from
        order_items
Hibernate: 
    delete 
    from
        order_items
2025-07-03 07:09:34.327 [main] DEBUG org.hibernate.SQL - 
    delete 
    from
        orders
Hibernate: 
    delete 
    from
        orders
2025-07-03 07:09:34.327 [main] DEBUG org.hibernate.SQL - 
    delete 
    from
        food_items
Hibernate: 
    delete 
    from
        food_items
2025-07-03 07:09:34.327 [main] DEBUG org.hibernate.SQL - 
    delete 
    from
        restaurants
Hibernate: 
    delete 
    from
        restaurants
2025-07-03 07:09:34.327 [main] DEBUG org.hibernate.SQL - 
    delete 
    from
        users
Hibernate: 
    delete 
    from
        users
2025-07-03 07:09:34.328 [main] DEBUG c.myapp.common.TestDatabaseManager - Cleaned all test data from database
2025-07-03 07:09:34.328 [main] DEBUG c.myapp.common.TestDatabaseManager - Test database cleanup completed
2025-07-03 07:09:34.329 [main] DEBUG org.hibernate.SQL - 
    select
        r1_0.id,
        r1_0.address,
        r1_0.name,
        r1_0.owner_id,
        r1_0.phone,
        r1_0.status 
    from
        restaurants r1_0 
    where
        r1_0.id=?
Hibernate: 
    select
        r1_0.id,
        r1_0.address,
        r1_0.name,
        r1_0.owner_id,
        r1_0.phone,
        r1_0.status 
    from
        restaurants r1_0 
    where
        r1_0.id=?
2025-07-03 07:09:34.329 [main] DEBUG org.hibernate.SQL - 
    insert 
    into
        restaurants
        (address, name, owner_id, phone, status, id) 
    values
        (?, ?, ?, ?, ?, ?)
Hibernate: 
    insert 
    into
        restaurants
        (address, name, owner_id, phone, status, id) 
    values
        (?, ?, ?, ?, ?, ?)
📝 Global restaurant saved to repository for tests
2025-07-03 07:09:34.330 [main] DEBUG org.hibernate.SQL - 
    select
        r1_0.id,
        r1_0.address,
        r1_0.name,
        r1_0.owner_id,
        r1_0.phone,
        r1_0.status 
    from
        restaurants r1_0 
    where
        r1_0.id=?
Hibernate: 
    select
        r1_0.id,
        r1_0.address,
        r1_0.name,
        r1_0.owner_id,
        r1_0.phone,
        r1_0.status 
    from
        restaurants r1_0 
    where
        r1_0.id=?
✅ Global restaurant saved successfully - ID: 2098
2025-07-03 07:09:34.331 [main] DEBUG org.hibernate.SQL - 
    select
        r1_0.id,
        r1_0.address,
        r1_0.name,
        r1_0.owner_id,
        r1_0.phone,
        r1_0.status 
    from
        restaurants r1_0 
    where
        r1_0.id=?
Hibernate: 
    select
        r1_0.id,
        r1_0.address,
        r1_0.name,
        r1_0.owner_id,
        r1_0.phone,
        r1_0.status 
    from
        restaurants r1_0 
    where
        r1_0.id=?
2025-07-03 07:09:34.331 [main] DEBUG org.hibernate.SQL - 
    insert 
    into
        food_items
        (available, category, description, image_url, keywords, name, price, quantity, restaurant_id, id) 
    values
        (?, ?, ?, ?, ?, ?, ?, ?, ?, ?)
Hibernate: 
    insert 
    into
        food_items
        (available, category, description, image_url, keywords, name, price, quantity, restaurant_id, id) 
    values
        (?, ?, ?, ?, ?, ?, ?, ?, ?, ?)
2025-07-03 07:09:34.332 [main] DEBUG org.hibernate.SQL - 
    select
        fi1_0.id,
        fi1_0.available,
        fi1_0.category,
        fi1_0.description,
        fi1_0.image_url,
        fi1_0.keywords,
        fi1_0.name,
        fi1_0.price,
        fi1_0.quantity,
        fi1_0.restaurant_id 
    from
        food_items fi1_0 
    where
        fi1_0.id=?
Hibernate: 
    select
        fi1_0.id,
        fi1_0.available,
        fi1_0.category,
        fi1_0.description,
        fi1_0.image_url,
        fi1_0.keywords,
        fi1_0.name,
        fi1_0.price,
        fi1_0.quantity,
        fi1_0.restaurant_id 
    from
        food_items fi1_0 
    where
        fi1_0.id=?
2025-07-03 07:09:34.333 [main] DEBUG org.hibernate.SQL - 
    select
        fi1_0.id,
        fi1_0.available,
        fi1_0.category,
        fi1_0.description,
        fi1_0.image_url,
        fi1_0.keywords,
        fi1_0.name,
        fi1_0.price,
        fi1_0.quantity,
        fi1_0.restaurant_id 
    from
        food_items fi1_0 
    where
        fi1_0.id=?
Hibernate: 
    select
        fi1_0.id,
        fi1_0.available,
        fi1_0.category,
        fi1_0.description,
        fi1_0.image_url,
        fi1_0.keywords,
        fi1_0.name,
        fi1_0.price,
        fi1_0.quantity,
        fi1_0.restaurant_id 
    from
        food_items fi1_0 
    where
        fi1_0.id=?
2025-07-03 07:09:34.334 [main] DEBUG org.hibernate.SQL - 
    update
        food_items 
    set
        available=?,
        category=?,
        description=?,
        image_url=?,
        keywords=?,
        name=?,
        price=?,
        quantity=?,
        restaurant_id=? 
    where
        id=?
Hibernate: 
    update
        food_items 
    set
        available=?,
        category=?,
        description=?,
        image_url=?,
        keywords=?,
        name=?,
        price=?,
        quantity=?,
        restaurant_id=? 
    where
        id=?
2025-07-03 07:09:34.335 [main] DEBUG org.hibernate.SQL - 
    select
        fi1_0.id,
        fi1_0.available,
        fi1_0.category,
        fi1_0.description,
        fi1_0.image_url,
        fi1_0.keywords,
        fi1_0.name,
        fi1_0.price,
        fi1_0.quantity,
        fi1_0.restaurant_id 
    from
        food_items fi1_0 
    where
        fi1_0.id=?
Hibernate: 
    select
        fi1_0.id,
        fi1_0.available,
        fi1_0.category,
        fi1_0.description,
        fi1_0.image_url,
        fi1_0.keywords,
        fi1_0.name,
        fi1_0.price,
        fi1_0.quantity,
        fi1_0.restaurant_id 
    from
        food_items fi1_0 
    where
        fi1_0.id=?
✅ Quantity 100 handled correctly
]]></system-out>
  </testcase>
  <testcase name="quantityBoundaryTesting_VariousQuantities_HandledAppropriately(int)[4]" classname="com.myapp.item.ItemServiceEdgeCaseTest$ExtremeValuesTests" time="0.012">
    <system-out><![CDATA[2025-07-03 07:09:34.337 [main] DEBUG org.hibernate.SQL - 
    delete 
    from
        notifications
Hibernate: 
    delete 
    from
        notifications
2025-07-03 07:09:34.338 [main] DEBUG org.hibernate.SQL - 
    delete 
    from
        ratings
Hibernate: 
    delete 
    from
        ratings
2025-07-03 07:09:34.338 [main] DEBUG org.hibernate.SQL - 
    delete 
    from
        order_items
Hibernate: 
    delete 
    from
        order_items
2025-07-03 07:09:34.338 [main] DEBUG org.hibernate.SQL - 
    delete 
    from
        orders
Hibernate: 
    delete 
    from
        orders
2025-07-03 07:09:34.338 [main] DEBUG org.hibernate.SQL - 
    delete 
    from
        food_items
Hibernate: 
    delete 
    from
        food_items
2025-07-03 07:09:34.338 [main] DEBUG org.hibernate.SQL - 
    delete 
    from
        restaurants
Hibernate: 
    delete 
    from
        restaurants
2025-07-03 07:09:34.338 [main] DEBUG org.hibernate.SQL - 
    delete 
    from
        users
Hibernate: 
    delete 
    from
        users
2025-07-03 07:09:34.339 [main] DEBUG c.myapp.common.TestDatabaseManager - Cleaned all test data from database
2025-07-03 07:09:34.339 [main] DEBUG c.myapp.common.TestDatabaseManager - Test database cleanup completed
2025-07-03 07:09:34.340 [main] DEBUG org.hibernate.SQL - 
    select
        r1_0.id,
        r1_0.address,
        r1_0.name,
        r1_0.owner_id,
        r1_0.phone,
        r1_0.status 
    from
        restaurants r1_0 
    where
        r1_0.id=?
Hibernate: 
    select
        r1_0.id,
        r1_0.address,
        r1_0.name,
        r1_0.owner_id,
        r1_0.phone,
        r1_0.status 
    from
        restaurants r1_0 
    where
        r1_0.id=?
2025-07-03 07:09:34.340 [main] DEBUG org.hibernate.SQL - 
    insert 
    into
        restaurants
        (address, name, owner_id, phone, status, id) 
    values
        (?, ?, ?, ?, ?, ?)
Hibernate: 
    insert 
    into
        restaurants
        (address, name, owner_id, phone, status, id) 
    values
        (?, ?, ?, ?, ?, ?)
📝 Global restaurant saved to repository for tests
2025-07-03 07:09:34.341 [main] DEBUG org.hibernate.SQL - 
    select
        r1_0.id,
        r1_0.address,
        r1_0.name,
        r1_0.owner_id,
        r1_0.phone,
        r1_0.status 
    from
        restaurants r1_0 
    where
        r1_0.id=?
Hibernate: 
    select
        r1_0.id,
        r1_0.address,
        r1_0.name,
        r1_0.owner_id,
        r1_0.phone,
        r1_0.status 
    from
        restaurants r1_0 
    where
        r1_0.id=?
✅ Global restaurant saved successfully - ID: 2099
2025-07-03 07:09:34.343 [main] DEBUG org.hibernate.SQL - 
    select
        r1_0.id,
        r1_0.address,
        r1_0.name,
        r1_0.owner_id,
        r1_0.phone,
        r1_0.status 
    from
        restaurants r1_0 
    where
        r1_0.id=?
Hibernate: 
    select
        r1_0.id,
        r1_0.address,
        r1_0.name,
        r1_0.owner_id,
        r1_0.phone,
        r1_0.status 
    from
        restaurants r1_0 
    where
        r1_0.id=?
2025-07-03 07:09:34.344 [main] DEBUG org.hibernate.SQL - 
    insert 
    into
        food_items
        (available, category, description, image_url, keywords, name, price, quantity, restaurant_id, id) 
    values
        (?, ?, ?, ?, ?, ?, ?, ?, ?, ?)
Hibernate: 
    insert 
    into
        food_items
        (available, category, description, image_url, keywords, name, price, quantity, restaurant_id, id) 
    values
        (?, ?, ?, ?, ?, ?, ?, ?, ?, ?)
2025-07-03 07:09:34.345 [main] DEBUG org.hibernate.SQL - 
    select
        fi1_0.id,
        fi1_0.available,
        fi1_0.category,
        fi1_0.description,
        fi1_0.image_url,
        fi1_0.keywords,
        fi1_0.name,
        fi1_0.price,
        fi1_0.quantity,
        fi1_0.restaurant_id 
    from
        food_items fi1_0 
    where
        fi1_0.id=?
Hibernate: 
    select
        fi1_0.id,
        fi1_0.available,
        fi1_0.category,
        fi1_0.description,
        fi1_0.image_url,
        fi1_0.keywords,
        fi1_0.name,
        fi1_0.price,
        fi1_0.quantity,
        fi1_0.restaurant_id 
    from
        food_items fi1_0 
    where
        fi1_0.id=?
2025-07-03 07:09:34.346 [main] DEBUG org.hibernate.SQL - 
    select
        fi1_0.id,
        fi1_0.available,
        fi1_0.category,
        fi1_0.description,
        fi1_0.image_url,
        fi1_0.keywords,
        fi1_0.name,
        fi1_0.price,
        fi1_0.quantity,
        fi1_0.restaurant_id 
    from
        food_items fi1_0 
    where
        fi1_0.id=?
Hibernate: 
    select
        fi1_0.id,
        fi1_0.available,
        fi1_0.category,
        fi1_0.description,
        fi1_0.image_url,
        fi1_0.keywords,
        fi1_0.name,
        fi1_0.price,
        fi1_0.quantity,
        fi1_0.restaurant_id 
    from
        food_items fi1_0 
    where
        fi1_0.id=?
2025-07-03 07:09:34.347 [main] DEBUG org.hibernate.SQL - 
    update
        food_items 
    set
        available=?,
        category=?,
        description=?,
        image_url=?,
        keywords=?,
        name=?,
        price=?,
        quantity=?,
        restaurant_id=? 
    where
        id=?
Hibernate: 
    update
        food_items 
    set
        available=?,
        category=?,
        description=?,
        image_url=?,
        keywords=?,
        name=?,
        price=?,
        quantity=?,
        restaurant_id=? 
    where
        id=?
2025-07-03 07:09:34.348 [main] DEBUG org.hibernate.SQL - 
    select
        fi1_0.id,
        fi1_0.available,
        fi1_0.category,
        fi1_0.description,
        fi1_0.image_url,
        fi1_0.keywords,
        fi1_0.name,
        fi1_0.price,
        fi1_0.quantity,
        fi1_0.restaurant_id 
    from
        food_items fi1_0 
    where
        fi1_0.id=?
Hibernate: 
    select
        fi1_0.id,
        fi1_0.available,
        fi1_0.category,
        fi1_0.description,
        fi1_0.image_url,
        fi1_0.keywords,
        fi1_0.name,
        fi1_0.price,
        fi1_0.quantity,
        fi1_0.restaurant_id 
    from
        food_items fi1_0 
    where
        fi1_0.id=?
✅ Quantity 1000 handled correctly
]]></system-out>
  </testcase>
  <testcase name="quantityBoundaryTesting_VariousQuantities_HandledAppropriately(int)[5]" classname="com.myapp.item.ItemServiceEdgeCaseTest$ExtremeValuesTests" time="0.012">
    <system-out><![CDATA[2025-07-03 07:09:34.350 [main] DEBUG org.hibernate.SQL - 
    delete 
    from
        notifications
Hibernate: 
    delete 
    from
        notifications
2025-07-03 07:09:34.351 [main] DEBUG org.hibernate.SQL - 
    delete 
    from
        ratings
Hibernate: 
    delete 
    from
        ratings
2025-07-03 07:09:34.351 [main] DEBUG org.hibernate.SQL - 
    delete 
    from
        order_items
Hibernate: 
    delete 
    from
        order_items
2025-07-03 07:09:34.351 [main] DEBUG org.hibernate.SQL - 
    delete 
    from
        orders
Hibernate: 
    delete 
    from
        orders
2025-07-03 07:09:34.351 [main] DEBUG org.hibernate.SQL - 
    delete 
    from
        food_items
Hibernate: 
    delete 
    from
        food_items
2025-07-03 07:09:34.351 [main] DEBUG org.hibernate.SQL - 
    delete 
    from
        restaurants
Hibernate: 
    delete 
    from
        restaurants
2025-07-03 07:09:34.351 [main] DEBUG org.hibernate.SQL - 
    delete 
    from
        users
Hibernate: 
    delete 
    from
        users
2025-07-03 07:09:34.353 [main] DEBUG c.myapp.common.TestDatabaseManager - Cleaned all test data from database
2025-07-03 07:09:34.353 [main] DEBUG c.myapp.common.TestDatabaseManager - Test database cleanup completed
2025-07-03 07:09:34.354 [main] DEBUG org.hibernate.SQL - 
    select
        r1_0.id,
        r1_0.address,
        r1_0.name,
        r1_0.owner_id,
        r1_0.phone,
        r1_0.status 
    from
        restaurants r1_0 
    where
        r1_0.id=?
Hibernate: 
    select
        r1_0.id,
        r1_0.address,
        r1_0.name,
        r1_0.owner_id,
        r1_0.phone,
        r1_0.status 
    from
        restaurants r1_0 
    where
        r1_0.id=?
2025-07-03 07:09:34.354 [main] DEBUG org.hibernate.SQL - 
    insert 
    into
        restaurants
        (address, name, owner_id, phone, status, id) 
    values
        (?, ?, ?, ?, ?, ?)
Hibernate: 
    insert 
    into
        restaurants
        (address, name, owner_id, phone, status, id) 
    values
        (?, ?, ?, ?, ?, ?)
📝 Global restaurant saved to repository for tests
2025-07-03 07:09:34.355 [main] DEBUG org.hibernate.SQL - 
    select
        r1_0.id,
        r1_0.address,
        r1_0.name,
        r1_0.owner_id,
        r1_0.phone,
        r1_0.status 
    from
        restaurants r1_0 
    where
        r1_0.id=?
Hibernate: 
    select
        r1_0.id,
        r1_0.address,
        r1_0.name,
        r1_0.owner_id,
        r1_0.phone,
        r1_0.status 
    from
        restaurants r1_0 
    where
        r1_0.id=?
✅ Global restaurant saved successfully - ID: 2100
2025-07-03 07:09:34.356 [main] DEBUG org.hibernate.SQL - 
    select
        r1_0.id,
        r1_0.address,
        r1_0.name,
        r1_0.owner_id,
        r1_0.phone,
        r1_0.status 
    from
        restaurants r1_0 
    where
        r1_0.id=?
Hibernate: 
    select
        r1_0.id,
        r1_0.address,
        r1_0.name,
        r1_0.owner_id,
        r1_0.phone,
        r1_0.status 
    from
        restaurants r1_0 
    where
        r1_0.id=?
2025-07-03 07:09:34.357 [main] DEBUG org.hibernate.SQL - 
    insert 
    into
        food_items
        (available, category, description, image_url, keywords, name, price, quantity, restaurant_id, id) 
    values
        (?, ?, ?, ?, ?, ?, ?, ?, ?, ?)
Hibernate: 
    insert 
    into
        food_items
        (available, category, description, image_url, keywords, name, price, quantity, restaurant_id, id) 
    values
        (?, ?, ?, ?, ?, ?, ?, ?, ?, ?)
2025-07-03 07:09:34.358 [main] DEBUG org.hibernate.SQL - 
    select
        fi1_0.id,
        fi1_0.available,
        fi1_0.category,
        fi1_0.description,
        fi1_0.image_url,
        fi1_0.keywords,
        fi1_0.name,
        fi1_0.price,
        fi1_0.quantity,
        fi1_0.restaurant_id 
    from
        food_items fi1_0 
    where
        fi1_0.id=?
Hibernate: 
    select
        fi1_0.id,
        fi1_0.available,
        fi1_0.category,
        fi1_0.description,
        fi1_0.image_url,
        fi1_0.keywords,
        fi1_0.name,
        fi1_0.price,
        fi1_0.quantity,
        fi1_0.restaurant_id 
    from
        food_items fi1_0 
    where
        fi1_0.id=?
2025-07-03 07:09:34.359 [main] DEBUG org.hibernate.SQL - 
    select
        fi1_0.id,
        fi1_0.available,
        fi1_0.category,
        fi1_0.description,
        fi1_0.image_url,
        fi1_0.keywords,
        fi1_0.name,
        fi1_0.price,
        fi1_0.quantity,
        fi1_0.restaurant_id 
    from
        food_items fi1_0 
    where
        fi1_0.id=?
Hibernate: 
    select
        fi1_0.id,
        fi1_0.available,
        fi1_0.category,
        fi1_0.description,
        fi1_0.image_url,
        fi1_0.keywords,
        fi1_0.name,
        fi1_0.price,
        fi1_0.quantity,
        fi1_0.restaurant_id 
    from
        food_items fi1_0 
    where
        fi1_0.id=?
2025-07-03 07:09:34.359 [main] DEBUG org.hibernate.SQL - 
    update
        food_items 
    set
        available=?,
        category=?,
        description=?,
        image_url=?,
        keywords=?,
        name=?,
        price=?,
        quantity=?,
        restaurant_id=? 
    where
        id=?
Hibernate: 
    update
        food_items 
    set
        available=?,
        category=?,
        description=?,
        image_url=?,
        keywords=?,
        name=?,
        price=?,
        quantity=?,
        restaurant_id=? 
    where
        id=?
2025-07-03 07:09:34.361 [main] DEBUG org.hibernate.SQL - 
    select
        fi1_0.id,
        fi1_0.available,
        fi1_0.category,
        fi1_0.description,
        fi1_0.image_url,
        fi1_0.keywords,
        fi1_0.name,
        fi1_0.price,
        fi1_0.quantity,
        fi1_0.restaurant_id 
    from
        food_items fi1_0 
    where
        fi1_0.id=?
Hibernate: 
    select
        fi1_0.id,
        fi1_0.available,
        fi1_0.category,
        fi1_0.description,
        fi1_0.image_url,
        fi1_0.keywords,
        fi1_0.name,
        fi1_0.price,
        fi1_0.quantity,
        fi1_0.restaurant_id 
    from
        food_items fi1_0 
    where
        fi1_0.id=?
✅ Quantity 9999 handled correctly
]]></system-out>
  </testcase>
  <testcase name="quantityBoundaryTesting_VariousQuantities_HandledAppropriately(int)[6]" classname="com.myapp.item.ItemServiceEdgeCaseTest$ExtremeValuesTests" time="0.01">
    <system-out><![CDATA[2025-07-03 07:09:34.363 [main] DEBUG org.hibernate.SQL - 
    delete 
    from
        notifications
Hibernate: 
    delete 
    from
        notifications
2025-07-03 07:09:34.363 [main] DEBUG org.hibernate.SQL - 
    delete 
    from
        ratings
Hibernate: 
    delete 
    from
        ratings
2025-07-03 07:09:34.364 [main] DEBUG org.hibernate.SQL - 
    delete 
    from
        order_items
Hibernate: 
    delete 
    from
        order_items
2025-07-03 07:09:34.364 [main] DEBUG org.hibernate.SQL - 
    delete 
    from
        orders
Hibernate: 
    delete 
    from
        orders
2025-07-03 07:09:34.364 [main] DEBUG org.hibernate.SQL - 
    delete 
    from
        food_items
Hibernate: 
    delete 
    from
        food_items
2025-07-03 07:09:34.364 [main] DEBUG org.hibernate.SQL - 
    delete 
    from
        restaurants
Hibernate: 
    delete 
    from
        restaurants
2025-07-03 07:09:34.364 [main] DEBUG org.hibernate.SQL - 
    delete 
    from
        users
Hibernate: 
    delete 
    from
        users
2025-07-03 07:09:34.365 [main] DEBUG c.myapp.common.TestDatabaseManager - Cleaned all test data from database
2025-07-03 07:09:34.365 [main] DEBUG c.myapp.common.TestDatabaseManager - Test database cleanup completed
2025-07-03 07:09:34.365 [main] DEBUG org.hibernate.SQL - 
    select
        r1_0.id,
        r1_0.address,
        r1_0.name,
        r1_0.owner_id,
        r1_0.phone,
        r1_0.status 
    from
        restaurants r1_0 
    where
        r1_0.id=?
Hibernate: 
    select
        r1_0.id,
        r1_0.address,
        r1_0.name,
        r1_0.owner_id,
        r1_0.phone,
        r1_0.status 
    from
        restaurants r1_0 
    where
        r1_0.id=?
2025-07-03 07:09:34.366 [main] DEBUG org.hibernate.SQL - 
    insert 
    into
        restaurants
        (address, name, owner_id, phone, status, id) 
    values
        (?, ?, ?, ?, ?, ?)
Hibernate: 
    insert 
    into
        restaurants
        (address, name, owner_id, phone, status, id) 
    values
        (?, ?, ?, ?, ?, ?)
📝 Global restaurant saved to repository for tests
2025-07-03 07:09:34.367 [main] DEBUG org.hibernate.SQL - 
    select
        r1_0.id,
        r1_0.address,
        r1_0.name,
        r1_0.owner_id,
        r1_0.phone,
        r1_0.status 
    from
        restaurants r1_0 
    where
        r1_0.id=?
Hibernate: 
    select
        r1_0.id,
        r1_0.address,
        r1_0.name,
        r1_0.owner_id,
        r1_0.phone,
        r1_0.status 
    from
        restaurants r1_0 
    where
        r1_0.id=?
✅ Global restaurant saved successfully - ID: 2101
2025-07-03 07:09:34.368 [main] DEBUG org.hibernate.SQL - 
    select
        r1_0.id,
        r1_0.address,
        r1_0.name,
        r1_0.owner_id,
        r1_0.phone,
        r1_0.status 
    from
        restaurants r1_0 
    where
        r1_0.id=?
Hibernate: 
    select
        r1_0.id,
        r1_0.address,
        r1_0.name,
        r1_0.owner_id,
        r1_0.phone,
        r1_0.status 
    from
        restaurants r1_0 
    where
        r1_0.id=?
2025-07-03 07:09:34.369 [main] DEBUG org.hibernate.SQL - 
    insert 
    into
        food_items
        (available, category, description, image_url, keywords, name, price, quantity, restaurant_id, id) 
    values
        (?, ?, ?, ?, ?, ?, ?, ?, ?, ?)
Hibernate: 
    insert 
    into
        food_items
        (available, category, description, image_url, keywords, name, price, quantity, restaurant_id, id) 
    values
        (?, ?, ?, ?, ?, ?, ?, ?, ?, ?)
2025-07-03 07:09:34.370 [main] DEBUG org.hibernate.SQL - 
    select
        fi1_0.id,
        fi1_0.available,
        fi1_0.category,
        fi1_0.description,
        fi1_0.image_url,
        fi1_0.keywords,
        fi1_0.name,
        fi1_0.price,
        fi1_0.quantity,
        fi1_0.restaurant_id 
    from
        food_items fi1_0 
    where
        fi1_0.id=?
Hibernate: 
    select
        fi1_0.id,
        fi1_0.available,
        fi1_0.category,
        fi1_0.description,
        fi1_0.image_url,
        fi1_0.keywords,
        fi1_0.name,
        fi1_0.price,
        fi1_0.quantity,
        fi1_0.restaurant_id 
    from
        food_items fi1_0 
    where
        fi1_0.id=?
2025-07-03 07:09:34.371 [main] DEBUG org.hibernate.SQL - 
    select
        fi1_0.id,
        fi1_0.available,
        fi1_0.category,
        fi1_0.description,
        fi1_0.image_url,
        fi1_0.keywords,
        fi1_0.name,
        fi1_0.price,
        fi1_0.quantity,
        fi1_0.restaurant_id 
    from
        food_items fi1_0 
    where
        fi1_0.id=?
Hibernate: 
    select
        fi1_0.id,
        fi1_0.available,
        fi1_0.category,
        fi1_0.description,
        fi1_0.image_url,
        fi1_0.keywords,
        fi1_0.name,
        fi1_0.price,
        fi1_0.quantity,
        fi1_0.restaurant_id 
    from
        food_items fi1_0 
    where
        fi1_0.id=?
2025-07-03 07:09:34.371 [main] DEBUG org.hibernate.SQL - 
    update
        food_items 
    set
        available=?,
        category=?,
        description=?,
        image_url=?,
        keywords=?,
        name=?,
        price=?,
        quantity=?,
        restaurant_id=? 
    where
        id=?
Hibernate: 
    update
        food_items 
    set
        available=?,
        category=?,
        description=?,
        image_url=?,
        keywords=?,
        name=?,
        price=?,
        quantity=?,
        restaurant_id=? 
    where
        id=?
2025-07-03 07:09:34.372 [main] DEBUG org.hibernate.SQL - 
    select
        fi1_0.id,
        fi1_0.available,
        fi1_0.category,
        fi1_0.description,
        fi1_0.image_url,
        fi1_0.keywords,
        fi1_0.name,
        fi1_0.price,
        fi1_0.quantity,
        fi1_0.restaurant_id 
    from
        food_items fi1_0 
    where
        fi1_0.id=?
Hibernate: 
    select
        fi1_0.id,
        fi1_0.available,
        fi1_0.category,
        fi1_0.description,
        fi1_0.image_url,
        fi1_0.keywords,
        fi1_0.name,
        fi1_0.price,
        fi1_0.quantity,
        fi1_0.restaurant_id 
    from
        food_items fi1_0 
    where
        fi1_0.id=?
✅ Quantity 10000 handled correctly
]]></system-out>
  </testcase>
  <testcase name="quantityBoundaryTesting_VariousQuantities_HandledAppropriately(int)[7]" classname="com.myapp.item.ItemServiceEdgeCaseTest$ExtremeValuesTests" time="0.014">
    <system-out><![CDATA[2025-07-03 07:09:34.374 [main] DEBUG org.hibernate.SQL - 
    delete 
    from
        notifications
Hibernate: 
    delete 
    from
        notifications
2025-07-03 07:09:34.374 [main] DEBUG org.hibernate.SQL - 
    delete 
    from
        ratings
Hibernate: 
    delete 
    from
        ratings
2025-07-03 07:09:34.374 [main] DEBUG org.hibernate.SQL - 
    delete 
    from
        order_items
Hibernate: 
    delete 
    from
        order_items
2025-07-03 07:09:34.374 [main] DEBUG org.hibernate.SQL - 
    delete 
    from
        orders
Hibernate: 
    delete 
    from
        orders
2025-07-03 07:09:34.375 [main] DEBUG org.hibernate.SQL - 
    delete 
    from
        food_items
Hibernate: 
    delete 
    from
        food_items
2025-07-03 07:09:34.375 [main] DEBUG org.hibernate.SQL - 
    delete 
    from
        restaurants
Hibernate: 
    delete 
    from
        restaurants
2025-07-03 07:09:34.375 [main] DEBUG org.hibernate.SQL - 
    delete 
    from
        users
Hibernate: 
    delete 
    from
        users
2025-07-03 07:09:34.377 [main] DEBUG c.myapp.common.TestDatabaseManager - Cleaned all test data from database
2025-07-03 07:09:34.378 [main] DEBUG c.myapp.common.TestDatabaseManager - Test database cleanup completed
2025-07-03 07:09:34.378 [main] DEBUG org.hibernate.SQL - 
    select
        r1_0.id,
        r1_0.address,
        r1_0.name,
        r1_0.owner_id,
        r1_0.phone,
        r1_0.status 
    from
        restaurants r1_0 
    where
        r1_0.id=?
Hibernate: 
    select
        r1_0.id,
        r1_0.address,
        r1_0.name,
        r1_0.owner_id,
        r1_0.phone,
        r1_0.status 
    from
        restaurants r1_0 
    where
        r1_0.id=?
2025-07-03 07:09:34.378 [main] DEBUG org.hibernate.SQL - 
    select
        next_val as id_val 
    from
        restaurants_SEQ
Hibernate: 
    select
        next_val as id_val 
    from
        restaurants_SEQ
2025-07-03 07:09:34.378 [main] DEBUG org.hibernate.SQL - 
    update
        restaurants_SEQ 
    set
        next_val= ? 
    where
        next_val=?
Hibernate: 
    update
        restaurants_SEQ 
    set
        next_val= ? 
    where
        next_val=?
2025-07-03 07:09:34.380 [main] DEBUG org.hibernate.SQL - 
    insert 
    into
        restaurants
        (address, name, owner_id, phone, status, id) 
    values
        (?, ?, ?, ?, ?, ?)
Hibernate: 
    insert 
    into
        restaurants
        (address, name, owner_id, phone, status, id) 
    values
        (?, ?, ?, ?, ?, ?)
2025-07-03 07:09:34.380 [main] ERROR org.hibernate.orm.jdbc.batch - HHH100501: Exception executing batch [org.sqlite.SQLiteException: [SQLITE_BUSY_SNAPSHOT] Another database connection has already written to the database (database is locked)], SQL: insert into restaurants (address,name,owner_id,phone,status,id) values (?,?,?,?,?,?)
2025-07-03 07:09:34.380 [main] WARN  o.h.e.jdbc.spi.SqlExceptionHelper - SQL Error: 5, SQLState: null
2025-07-03 07:09:34.380 [main] ERROR o.h.e.jdbc.spi.SqlExceptionHelper - [SQLITE_BUSY_SNAPSHOT] Another database connection has already written to the database (database is locked)
⚠️ Could not save global restaurant to repository: org.hibernate.exception.LockAcquisitionException: could not execute batch [[SQLITE_BUSY_SNAPSHOT] Another database connection has already written to the database (database is locked)] [insert into restaurants (address,name,owner_id,phone,status,id) values (?,?,?,?,?,?)]
2025-07-03 07:09:34.381 [main] DEBUG org.hibernate.SQL - 
    select
        r1_0.id,
        r1_0.address,
        r1_0.name,
        r1_0.owner_id,
        r1_0.phone,
        r1_0.status 
    from
        restaurants r1_0 
    where
        r1_0.id=?
Hibernate: 
    select
        r1_0.id,
        r1_0.address,
        r1_0.name,
        r1_0.owner_id,
        r1_0.phone,
        r1_0.status 
    from
        restaurants r1_0 
    where
        r1_0.id=?
2025-07-03 07:09:34.381 [main] DEBUG org.hibernate.SQL - 
    insert 
    into
        restaurants
        (address, name, owner_id, phone, status, id) 
    values
        (?, ?, ?, ?, ?, ?)
Hibernate: 
    insert 
    into
        restaurants
        (address, name, owner_id, phone, status, id) 
    values
        (?, ?, ?, ?, ?, ?)
✅ Global restaurant saved successfully - ID: 2103
2025-07-03 07:09:34.382 [main] DEBUG org.hibernate.SQL - 
    select
        r1_0.id,
        r1_0.address,
        r1_0.name,
        r1_0.owner_id,
        r1_0.phone,
        r1_0.status 
    from
        restaurants r1_0 
    where
        r1_0.id=?
Hibernate: 
    select
        r1_0.id,
        r1_0.address,
        r1_0.name,
        r1_0.owner_id,
        r1_0.phone,
        r1_0.status 
    from
        restaurants r1_0 
    where
        r1_0.id=?
2025-07-03 07:09:34.383 [main] DEBUG org.hibernate.SQL - 
    insert 
    into
        food_items
        (available, category, description, image_url, keywords, name, price, quantity, restaurant_id, id) 
    values
        (?, ?, ?, ?, ?, ?, ?, ?, ?, ?)
Hibernate: 
    insert 
    into
        food_items
        (available, category, description, image_url, keywords, name, price, quantity, restaurant_id, id) 
    values
        (?, ?, ?, ?, ?, ?, ?, ?, ?, ?)
2025-07-03 07:09:34.383 [main] DEBUG org.hibernate.SQL - 
    select
        fi1_0.id,
        fi1_0.available,
        fi1_0.category,
        fi1_0.description,
        fi1_0.image_url,
        fi1_0.keywords,
        fi1_0.name,
        fi1_0.price,
        fi1_0.quantity,
        fi1_0.restaurant_id 
    from
        food_items fi1_0 
    where
        fi1_0.id=?
Hibernate: 
    select
        fi1_0.id,
        fi1_0.available,
        fi1_0.category,
        fi1_0.description,
        fi1_0.image_url,
        fi1_0.keywords,
        fi1_0.name,
        fi1_0.price,
        fi1_0.quantity,
        fi1_0.restaurant_id 
    from
        food_items fi1_0 
    where
        fi1_0.id=?
2025-07-03 07:09:34.385 [main] DEBUG org.hibernate.SQL - 
    select
        fi1_0.id,
        fi1_0.available,
        fi1_0.category,
        fi1_0.description,
        fi1_0.image_url,
        fi1_0.keywords,
        fi1_0.name,
        fi1_0.price,
        fi1_0.quantity,
        fi1_0.restaurant_id 
    from
        food_items fi1_0 
    where
        fi1_0.id=?
Hibernate: 
    select
        fi1_0.id,
        fi1_0.available,
        fi1_0.category,
        fi1_0.description,
        fi1_0.image_url,
        fi1_0.keywords,
        fi1_0.name,
        fi1_0.price,
        fi1_0.quantity,
        fi1_0.restaurant_id 
    from
        food_items fi1_0 
    where
        fi1_0.id=?
2025-07-03 07:09:34.386 [main] DEBUG org.hibernate.SQL - 
    update
        food_items 
    set
        available=?,
        category=?,
        description=?,
        image_url=?,
        keywords=?,
        name=?,
        price=?,
        quantity=?,
        restaurant_id=? 
    where
        id=?
Hibernate: 
    update
        food_items 
    set
        available=?,
        category=?,
        description=?,
        image_url=?,
        keywords=?,
        name=?,
        price=?,
        quantity=?,
        restaurant_id=? 
    where
        id=?
2025-07-03 07:09:34.387 [main] DEBUG org.hibernate.SQL - 
    select
        fi1_0.id,
        fi1_0.available,
        fi1_0.category,
        fi1_0.description,
        fi1_0.image_url,
        fi1_0.keywords,
        fi1_0.name,
        fi1_0.price,
        fi1_0.quantity,
        fi1_0.restaurant_id 
    from
        food_items fi1_0 
    where
        fi1_0.id=?
Hibernate: 
    select
        fi1_0.id,
        fi1_0.available,
        fi1_0.category,
        fi1_0.description,
        fi1_0.image_url,
        fi1_0.keywords,
        fi1_0.name,
        fi1_0.price,
        fi1_0.quantity,
        fi1_0.restaurant_id 
    from
        food_items fi1_0 
    where
        fi1_0.id=?
✅ Quantity 99999 handled correctly
]]></system-out>
  </testcase>
  <testcase name="exceedingMaximumLength_TooLongFields_ThrowsException" classname="com.myapp.item.ItemServiceEdgeCaseTest$ExtremeValuesTests" time="0.007">
    <system-out><![CDATA[2025-07-03 07:09:34.388 [main] DEBUG org.hibernate.SQL - 
    delete 
    from
        notifications
Hibernate: 
    delete 
    from
        notifications
2025-07-03 07:09:34.388 [main] DEBUG org.hibernate.SQL - 
    delete 
    from
        ratings
Hibernate: 
    delete 
    from
        ratings
2025-07-03 07:09:34.389 [main] DEBUG org.hibernate.SQL - 
    delete 
    from
        order_items
Hibernate: 
    delete 
    from
        order_items
2025-07-03 07:09:34.389 [main] DEBUG org.hibernate.SQL - 
    delete 
    from
        orders
Hibernate: 
    delete 
    from
        orders
2025-07-03 07:09:34.389 [main] DEBUG org.hibernate.SQL - 
    delete 
    from
        food_items
Hibernate: 
    delete 
    from
        food_items
2025-07-03 07:09:34.389 [main] DEBUG org.hibernate.SQL - 
    delete 
    from
        restaurants
Hibernate: 
    delete 
    from
        restaurants
2025-07-03 07:09:34.389 [main] DEBUG org.hibernate.SQL - 
    delete 
    from
        users
Hibernate: 
    delete 
    from
        users
2025-07-03 07:09:34.390 [main] DEBUG c.myapp.common.TestDatabaseManager - Cleaned all test data from database
2025-07-03 07:09:34.390 [main] DEBUG c.myapp.common.TestDatabaseManager - Test database cleanup completed
2025-07-03 07:09:34.390 [main] DEBUG org.hibernate.SQL - 
    select
        r1_0.id,
        r1_0.address,
        r1_0.name,
        r1_0.owner_id,
        r1_0.phone,
        r1_0.status 
    from
        restaurants r1_0 
    where
        r1_0.id=?
Hibernate: 
    select
        r1_0.id,
        r1_0.address,
        r1_0.name,
        r1_0.owner_id,
        r1_0.phone,
        r1_0.status 
    from
        restaurants r1_0 
    where
        r1_0.id=?
2025-07-03 07:09:34.391 [main] DEBUG org.hibernate.SQL - 
    insert 
    into
        restaurants
        (address, name, owner_id, phone, status, id) 
    values
        (?, ?, ?, ?, ?, ?)
Hibernate: 
    insert 
    into
        restaurants
        (address, name, owner_id, phone, status, id) 
    values
        (?, ?, ?, ?, ?, ?)
📝 Global restaurant saved to repository for tests
2025-07-03 07:09:34.392 [main] DEBUG org.hibernate.SQL - 
    select
        r1_0.id,
        r1_0.address,
        r1_0.name,
        r1_0.owner_id,
        r1_0.phone,
        r1_0.status 
    from
        restaurants r1_0 
    where
        r1_0.id=?
Hibernate: 
    select
        r1_0.id,
        r1_0.address,
        r1_0.name,
        r1_0.owner_id,
        r1_0.phone,
        r1_0.status 
    from
        restaurants r1_0 
    where
        r1_0.id=?
✅ Global restaurant saved successfully - ID: 2104
2025-07-03 07:09:34.393 [main] DEBUG org.hibernate.SQL - 
    select
        r1_0.id,
        r1_0.address,
        r1_0.name,
        r1_0.owner_id,
        r1_0.phone,
        r1_0.status 
    from
        restaurants r1_0 
    where
        r1_0.id=?
Hibernate: 
    select
        r1_0.id,
        r1_0.address,
        r1_0.name,
        r1_0.owner_id,
        r1_0.phone,
        r1_0.status 
    from
        restaurants r1_0 
    where
        r1_0.id=?
✅ Long name correctly rejected
2025-07-03 07:09:34.394 [main] DEBUG org.hibernate.SQL - 
    select
        r1_0.id,
        r1_0.address,
        r1_0.name,
        r1_0.owner_id,
        r1_0.phone,
        r1_0.status 
    from
        restaurants r1_0 
    where
        r1_0.id=?
Hibernate: 
    select
        r1_0.id,
        r1_0.address,
        r1_0.name,
        r1_0.owner_id,
        r1_0.phone,
        r1_0.status 
    from
        restaurants r1_0 
    where
        r1_0.id=?
✅ Long description correctly rejected
2025-07-03 07:09:34.394 [main] DEBUG org.hibernate.SQL - 
    select
        r1_0.id,
        r1_0.address,
        r1_0.name,
        r1_0.owner_id,
        r1_0.phone,
        r1_0.status 
    from
        restaurants r1_0 
    where
        r1_0.id=?
Hibernate: 
    select
        r1_0.id,
        r1_0.address,
        r1_0.name,
        r1_0.owner_id,
        r1_0.phone,
        r1_0.status 
    from
        restaurants r1_0 
    where
        r1_0.id=?
✅ Long category correctly rejected
]]></system-out>
  </testcase>
  <testcase name="invalidPriceRejection_OutOfBoundsPrices_ThrowsException(double)[1]" classname="com.myapp.item.ItemServiceEdgeCaseTest$ExtremeValuesTests" time="0.006">
    <system-out><![CDATA[2025-07-03 07:09:34.397 [main] DEBUG org.hibernate.SQL - 
    delete 
    from
        notifications
Hibernate: 
    delete 
    from
        notifications
2025-07-03 07:09:34.397 [main] DEBUG org.hibernate.SQL - 
    delete 
    from
        ratings
Hibernate: 
    delete 
    from
        ratings
2025-07-03 07:09:34.397 [main] DEBUG org.hibernate.SQL - 
    delete 
    from
        order_items
Hibernate: 
    delete 
    from
        order_items
2025-07-03 07:09:34.397 [main] DEBUG org.hibernate.SQL - 
    delete 
    from
        orders
Hibernate: 
    delete 
    from
        orders
2025-07-03 07:09:34.397 [main] DEBUG org.hibernate.SQL - 
    delete 
    from
        food_items
Hibernate: 
    delete 
    from
        food_items
2025-07-03 07:09:34.398 [main] DEBUG org.hibernate.SQL - 
    delete 
    from
        restaurants
Hibernate: 
    delete 
    from
        restaurants
2025-07-03 07:09:34.398 [main] DEBUG org.hibernate.SQL - 
    delete 
    from
        users
Hibernate: 
    delete 
    from
        users
2025-07-03 07:09:34.399 [main] DEBUG c.myapp.common.TestDatabaseManager - Cleaned all test data from database
2025-07-03 07:09:34.399 [main] DEBUG c.myapp.common.TestDatabaseManager - Test database cleanup completed
2025-07-03 07:09:34.399 [main] DEBUG org.hibernate.SQL - 
    select
        r1_0.id,
        r1_0.address,
        r1_0.name,
        r1_0.owner_id,
        r1_0.phone,
        r1_0.status 
    from
        restaurants r1_0 
    where
        r1_0.id=?
Hibernate: 
    select
        r1_0.id,
        r1_0.address,
        r1_0.name,
        r1_0.owner_id,
        r1_0.phone,
        r1_0.status 
    from
        restaurants r1_0 
    where
        r1_0.id=?
2025-07-03 07:09:34.399 [main] DEBUG org.hibernate.SQL - 
    insert 
    into
        restaurants
        (address, name, owner_id, phone, status, id) 
    values
        (?, ?, ?, ?, ?, ?)
Hibernate: 
    insert 
    into
        restaurants
        (address, name, owner_id, phone, status, id) 
    values
        (?, ?, ?, ?, ?, ?)
📝 Global restaurant saved to repository for tests
2025-07-03 07:09:34.401 [main] DEBUG org.hibernate.SQL - 
    select
        r1_0.id,
        r1_0.address,
        r1_0.name,
        r1_0.owner_id,
        r1_0.phone,
        r1_0.status 
    from
        restaurants r1_0 
    where
        r1_0.id=?
Hibernate: 
    select
        r1_0.id,
        r1_0.address,
        r1_0.name,
        r1_0.owner_id,
        r1_0.phone,
        r1_0.status 
    from
        restaurants r1_0 
    where
        r1_0.id=?
✅ Global restaurant saved successfully - ID: 2105
2025-07-03 07:09:34.401 [main] DEBUG org.hibernate.SQL - 
    select
        r1_0.id,
        r1_0.address,
        r1_0.name,
        r1_0.owner_id,
        r1_0.phone,
        r1_0.status 
    from
        restaurants r1_0 
    where
        r1_0.id=?
Hibernate: 
    select
        r1_0.id,
        r1_0.address,
        r1_0.name,
        r1_0.owner_id,
        r1_0.phone,
        r1_0.status 
    from
        restaurants r1_0 
    where
        r1_0.id=?
✅ Invalid price correctly rejected: 0.0
]]></system-out>
  </testcase>
  <testcase name="invalidPriceRejection_OutOfBoundsPrices_ThrowsException(double)[2]" classname="com.myapp.item.ItemServiceEdgeCaseTest$ExtremeValuesTests" time="0.005">
    <system-out><![CDATA[2025-07-03 07:09:34.404 [main] DEBUG org.hibernate.SQL - 
    delete 
    from
        notifications
Hibernate: 
    delete 
    from
        notifications
2025-07-03 07:09:34.404 [main] DEBUG org.hibernate.SQL - 
    delete 
    from
        ratings
Hibernate: 
    delete 
    from
        ratings
2025-07-03 07:09:34.405 [main] DEBUG org.hibernate.SQL - 
    delete 
    from
        order_items
Hibernate: 
    delete 
    from
        order_items
2025-07-03 07:09:34.405 [main] DEBUG org.hibernate.SQL - 
    delete 
    from
        orders
Hibernate: 
    delete 
    from
        orders
2025-07-03 07:09:34.405 [main] DEBUG org.hibernate.SQL - 
    delete 
    from
        food_items
Hibernate: 
    delete 
    from
        food_items
2025-07-03 07:09:34.405 [main] DEBUG org.hibernate.SQL - 
    delete 
    from
        restaurants
Hibernate: 
    delete 
    from
        restaurants
2025-07-03 07:09:34.405 [main] DEBUG org.hibernate.SQL - 
    delete 
    from
        users
Hibernate: 
    delete 
    from
        users
2025-07-03 07:09:34.406 [main] DEBUG c.myapp.common.TestDatabaseManager - Cleaned all test data from database
2025-07-03 07:09:34.406 [main] DEBUG c.myapp.common.TestDatabaseManager - Test database cleanup completed
2025-07-03 07:09:34.406 [main] DEBUG org.hibernate.SQL - 
    select
        r1_0.id,
        r1_0.address,
        r1_0.name,
        r1_0.owner_id,
        r1_0.phone,
        r1_0.status 
    from
        restaurants r1_0 
    where
        r1_0.id=?
Hibernate: 
    select
        r1_0.id,
        r1_0.address,
        r1_0.name,
        r1_0.owner_id,
        r1_0.phone,
        r1_0.status 
    from
        restaurants r1_0 
    where
        r1_0.id=?
2025-07-03 07:09:34.407 [main] DEBUG org.hibernate.SQL - 
    insert 
    into
        restaurants
        (address, name, owner_id, phone, status, id) 
    values
        (?, ?, ?, ?, ?, ?)
Hibernate: 
    insert 
    into
        restaurants
        (address, name, owner_id, phone, status, id) 
    values
        (?, ?, ?, ?, ?, ?)
📝 Global restaurant saved to repository for tests
2025-07-03 07:09:34.408 [main] DEBUG org.hibernate.SQL - 
    select
        r1_0.id,
        r1_0.address,
        r1_0.name,
        r1_0.owner_id,
        r1_0.phone,
        r1_0.status 
    from
        restaurants r1_0 
    where
        r1_0.id=?
Hibernate: 
    select
        r1_0.id,
        r1_0.address,
        r1_0.name,
        r1_0.owner_id,
        r1_0.phone,
        r1_0.status 
    from
        restaurants r1_0 
    where
        r1_0.id=?
✅ Global restaurant saved successfully - ID: 2106
2025-07-03 07:09:34.409 [main] DEBUG org.hibernate.SQL - 
    select
        r1_0.id,
        r1_0.address,
        r1_0.name,
        r1_0.owner_id,
        r1_0.phone,
        r1_0.status 
    from
        restaurants r1_0 
    where
        r1_0.id=?
Hibernate: 
    select
        r1_0.id,
        r1_0.address,
        r1_0.name,
        r1_0.owner_id,
        r1_0.phone,
        r1_0.status 
    from
        restaurants r1_0 
    where
        r1_0.id=?
✅ Invalid price correctly rejected: -0.01
]]></system-out>
  </testcase>
  <testcase name="invalidPriceRejection_OutOfBoundsPrices_ThrowsException(double)[3]" classname="com.myapp.item.ItemServiceEdgeCaseTest$ExtremeValuesTests" time="0.006">
    <system-out><![CDATA[2025-07-03 07:09:34.412 [main] DEBUG org.hibernate.SQL - 
    delete 
    from
        notifications
Hibernate: 
    delete 
    from
        notifications
2025-07-03 07:09:34.412 [main] DEBUG org.hibernate.SQL - 
    delete 
    from
        ratings
Hibernate: 
    delete 
    from
        ratings
2025-07-03 07:09:34.412 [main] DEBUG org.hibernate.SQL - 
    delete 
    from
        order_items
Hibernate: 
    delete 
    from
        order_items
2025-07-03 07:09:34.412 [main] DEBUG org.hibernate.SQL - 
    delete 
    from
        orders
Hibernate: 
    delete 
    from
        orders
2025-07-03 07:09:34.413 [main] DEBUG org.hibernate.SQL - 
    delete 
    from
        food_items
Hibernate: 
    delete 
    from
        food_items
2025-07-03 07:09:34.413 [main] DEBUG org.hibernate.SQL - 
    delete 
    from
        restaurants
Hibernate: 
    delete 
    from
        restaurants
2025-07-03 07:09:34.413 [main] DEBUG org.hibernate.SQL - 
    delete 
    from
        users
Hibernate: 
    delete 
    from
        users
2025-07-03 07:09:34.414 [main] DEBUG c.myapp.common.TestDatabaseManager - Cleaned all test data from database
2025-07-03 07:09:34.414 [main] DEBUG c.myapp.common.TestDatabaseManager - Test database cleanup completed
2025-07-03 07:09:34.414 [main] DEBUG org.hibernate.SQL - 
    select
        r1_0.id,
        r1_0.address,
        r1_0.name,
        r1_0.owner_id,
        r1_0.phone,
        r1_0.status 
    from
        restaurants r1_0 
    where
        r1_0.id=?
Hibernate: 
    select
        r1_0.id,
        r1_0.address,
        r1_0.name,
        r1_0.owner_id,
        r1_0.phone,
        r1_0.status 
    from
        restaurants r1_0 
    where
        r1_0.id=?
2025-07-03 07:09:34.415 [main] DEBUG org.hibernate.SQL - 
    insert 
    into
        restaurants
        (address, name, owner_id, phone, status, id) 
    values
        (?, ?, ?, ?, ?, ?)
Hibernate: 
    insert 
    into
        restaurants
        (address, name, owner_id, phone, status, id) 
    values
        (?, ?, ?, ?, ?, ?)
📝 Global restaurant saved to repository for tests
2025-07-03 07:09:34.416 [main] DEBUG org.hibernate.SQL - 
    select
        r1_0.id,
        r1_0.address,
        r1_0.name,
        r1_0.owner_id,
        r1_0.phone,
        r1_0.status 
    from
        restaurants r1_0 
    where
        r1_0.id=?
Hibernate: 
    select
        r1_0.id,
        r1_0.address,
        r1_0.name,
        r1_0.owner_id,
        r1_0.phone,
        r1_0.status 
    from
        restaurants r1_0 
    where
        r1_0.id=?
✅ Global restaurant saved successfully - ID: 2107
2025-07-03 07:09:34.416 [main] DEBUG org.hibernate.SQL - 
    select
        r1_0.id,
        r1_0.address,
        r1_0.name,
        r1_0.owner_id,
        r1_0.phone,
        r1_0.status 
    from
        restaurants r1_0 
    where
        r1_0.id=?
Hibernate: 
    select
        r1_0.id,
        r1_0.address,
        r1_0.name,
        r1_0.owner_id,
        r1_0.phone,
        r1_0.status 
    from
        restaurants r1_0 
    where
        r1_0.id=?
✅ Invalid price correctly rejected: -1.0
]]></system-out>
  </testcase>
  <testcase name="invalidPriceRejection_OutOfBoundsPrices_ThrowsException(double)[4]" classname="com.myapp.item.ItemServiceEdgeCaseTest$ExtremeValuesTests" time="0.006">
    <system-out><![CDATA[2025-07-03 07:09:34.418 [main] DEBUG org.hibernate.SQL - 
    delete 
    from
        notifications
Hibernate: 
    delete 
    from
        notifications
2025-07-03 07:09:34.419 [main] DEBUG org.hibernate.SQL - 
    delete 
    from
        ratings
Hibernate: 
    delete 
    from
        ratings
2025-07-03 07:09:34.419 [main] DEBUG org.hibernate.SQL - 
    delete 
    from
        order_items
Hibernate: 
    delete 
    from
        order_items
2025-07-03 07:09:34.419 [main] DEBUG org.hibernate.SQL - 
    delete 
    from
        orders
Hibernate: 
    delete 
    from
        orders
2025-07-03 07:09:34.419 [main] DEBUG org.hibernate.SQL - 
    delete 
    from
        food_items
Hibernate: 
    delete 
    from
        food_items
2025-07-03 07:09:34.419 [main] DEBUG org.hibernate.SQL - 
    delete 
    from
        restaurants
Hibernate: 
    delete 
    from
        restaurants
2025-07-03 07:09:34.419 [main] DEBUG org.hibernate.SQL - 
    delete 
    from
        users
Hibernate: 
    delete 
    from
        users
2025-07-03 07:09:34.421 [main] DEBUG c.myapp.common.TestDatabaseManager - Cleaned all test data from database
2025-07-03 07:09:34.421 [main] DEBUG c.myapp.common.TestDatabaseManager - Test database cleanup completed
2025-07-03 07:09:34.421 [main] DEBUG org.hibernate.SQL - 
    select
        r1_0.id,
        r1_0.address,
        r1_0.name,
        r1_0.owner_id,
        r1_0.phone,
        r1_0.status 
    from
        restaurants r1_0 
    where
        r1_0.id=?
Hibernate: 
    select
        r1_0.id,
        r1_0.address,
        r1_0.name,
        r1_0.owner_id,
        r1_0.phone,
        r1_0.status 
    from
        restaurants r1_0 
    where
        r1_0.id=?
2025-07-03 07:09:34.421 [main] DEBUG org.hibernate.SQL - 
    insert 
    into
        restaurants
        (address, name, owner_id, phone, status, id) 
    values
        (?, ?, ?, ?, ?, ?)
Hibernate: 
    insert 
    into
        restaurants
        (address, name, owner_id, phone, status, id) 
    values
        (?, ?, ?, ?, ?, ?)
📝 Global restaurant saved to repository for tests
2025-07-03 07:09:34.423 [main] DEBUG org.hibernate.SQL - 
    select
        r1_0.id,
        r1_0.address,
        r1_0.name,
        r1_0.owner_id,
        r1_0.phone,
        r1_0.status 
    from
        restaurants r1_0 
    where
        r1_0.id=?
Hibernate: 
    select
        r1_0.id,
        r1_0.address,
        r1_0.name,
        r1_0.owner_id,
        r1_0.phone,
        r1_0.status 
    from
        restaurants r1_0 
    where
        r1_0.id=?
✅ Global restaurant saved successfully - ID: 2108
2025-07-03 07:09:34.423 [main] DEBUG org.hibernate.SQL - 
    select
        r1_0.id,
        r1_0.address,
        r1_0.name,
        r1_0.owner_id,
        r1_0.phone,
        r1_0.status 
    from
        restaurants r1_0 
    where
        r1_0.id=?
Hibernate: 
    select
        r1_0.id,
        r1_0.address,
        r1_0.name,
        r1_0.owner_id,
        r1_0.phone,
        r1_0.status 
    from
        restaurants r1_0 
    where
        r1_0.id=?
✅ Invalid price correctly rejected: 10000.0
]]></system-out>
  </testcase>
  <testcase name="invalidPriceRejection_OutOfBoundsPrices_ThrowsException(double)[5]" classname="com.myapp.item.ItemServiceEdgeCaseTest$ExtremeValuesTests" time="0.006">
    <system-out><![CDATA[2025-07-03 07:09:34.425 [main] DEBUG org.hibernate.SQL - 
    delete 
    from
        notifications
Hibernate: 
    delete 
    from
        notifications
2025-07-03 07:09:34.425 [main] DEBUG org.hibernate.SQL - 
    delete 
    from
        ratings
Hibernate: 
    delete 
    from
        ratings
2025-07-03 07:09:34.425 [main] DEBUG org.hibernate.SQL - 
    delete 
    from
        order_items
Hibernate: 
    delete 
    from
        order_items
2025-07-03 07:09:34.425 [main] DEBUG org.hibernate.SQL - 
    delete 
    from
        orders
Hibernate: 
    delete 
    from
        orders
2025-07-03 07:09:34.425 [main] DEBUG org.hibernate.SQL - 
    delete 
    from
        food_items
Hibernate: 
    delete 
    from
        food_items
2025-07-03 07:09:34.426 [main] DEBUG org.hibernate.SQL - 
    delete 
    from
        restaurants
Hibernate: 
    delete 
    from
        restaurants
2025-07-03 07:09:34.426 [main] DEBUG org.hibernate.SQL - 
    delete 
    from
        users
Hibernate: 
    delete 
    from
        users
2025-07-03 07:09:34.427 [main] DEBUG c.myapp.common.TestDatabaseManager - Cleaned all test data from database
2025-07-03 07:09:34.427 [main] DEBUG c.myapp.common.TestDatabaseManager - Test database cleanup completed
2025-07-03 07:09:34.428 [main] DEBUG org.hibernate.SQL - 
    select
        r1_0.id,
        r1_0.address,
        r1_0.name,
        r1_0.owner_id,
        r1_0.phone,
        r1_0.status 
    from
        restaurants r1_0 
    where
        r1_0.id=?
Hibernate: 
    select
        r1_0.id,
        r1_0.address,
        r1_0.name,
        r1_0.owner_id,
        r1_0.phone,
        r1_0.status 
    from
        restaurants r1_0 
    where
        r1_0.id=?
2025-07-03 07:09:34.428 [main] DEBUG org.hibernate.SQL - 
    insert 
    into
        restaurants
        (address, name, owner_id, phone, status, id) 
    values
        (?, ?, ?, ?, ?, ?)
Hibernate: 
    insert 
    into
        restaurants
        (address, name, owner_id, phone, status, id) 
    values
        (?, ?, ?, ?, ?, ?)
📝 Global restaurant saved to repository for tests
2025-07-03 07:09:34.430 [main] DEBUG org.hibernate.SQL - 
    select
        r1_0.id,
        r1_0.address,
        r1_0.name,
        r1_0.owner_id,
        r1_0.phone,
        r1_0.status 
    from
        restaurants r1_0 
    where
        r1_0.id=?
Hibernate: 
    select
        r1_0.id,
        r1_0.address,
        r1_0.name,
        r1_0.owner_id,
        r1_0.phone,
        r1_0.status 
    from
        restaurants r1_0 
    where
        r1_0.id=?
✅ Global restaurant saved successfully - ID: 2109
2025-07-03 07:09:34.430 [main] DEBUG org.hibernate.SQL - 
    select
        r1_0.id,
        r1_0.address,
        r1_0.name,
        r1_0.owner_id,
        r1_0.phone,
        r1_0.status 
    from
        restaurants r1_0 
    where
        r1_0.id=?
Hibernate: 
    select
        r1_0.id,
        r1_0.address,
        r1_0.name,
        r1_0.owner_id,
        r1_0.phone,
        r1_0.status 
    from
        restaurants r1_0 
    where
        r1_0.id=?
✅ Invalid price correctly rejected: 99999.99
]]></system-out>
  </testcase>
  <testcase name="invalidPriceRejection_OutOfBoundsPrices_ThrowsException(double)[6]" classname="com.myapp.item.ItemServiceEdgeCaseTest$ExtremeValuesTests" time="0.007">
    <system-out><![CDATA[2025-07-03 07:09:34.432 [main] DEBUG org.hibernate.SQL - 
    delete 
    from
        notifications
Hibernate: 
    delete 
    from
        notifications
2025-07-03 07:09:34.432 [main] DEBUG org.hibernate.SQL - 
    delete 
    from
        ratings
Hibernate: 
    delete 
    from
        ratings
2025-07-03 07:09:34.432 [main] DEBUG org.hibernate.SQL - 
    delete 
    from
        order_items
Hibernate: 
    delete 
    from
        order_items
2025-07-03 07:09:34.432 [main] DEBUG org.hibernate.SQL - 
    delete 
    from
        orders
Hibernate: 
    delete 
    from
        orders
2025-07-03 07:09:34.432 [main] DEBUG org.hibernate.SQL - 
    delete 
    from
        food_items
Hibernate: 
    delete 
    from
        food_items
2025-07-03 07:09:34.433 [main] DEBUG org.hibernate.SQL - 
    delete 
    from
        restaurants
Hibernate: 
    delete 
    from
        restaurants
2025-07-03 07:09:34.433 [main] DEBUG org.hibernate.SQL - 
    delete 
    from
        users
Hibernate: 
    delete 
    from
        users
2025-07-03 07:09:34.434 [main] DEBUG c.myapp.common.TestDatabaseManager - Cleaned all test data from database
2025-07-03 07:09:34.434 [main] DEBUG c.myapp.common.TestDatabaseManager - Test database cleanup completed
2025-07-03 07:09:34.434 [main] DEBUG org.hibernate.SQL - 
    select
        r1_0.id,
        r1_0.address,
        r1_0.name,
        r1_0.owner_id,
        r1_0.phone,
        r1_0.status 
    from
        restaurants r1_0 
    where
        r1_0.id=?
Hibernate: 
    select
        r1_0.id,
        r1_0.address,
        r1_0.name,
        r1_0.owner_id,
        r1_0.phone,
        r1_0.status 
    from
        restaurants r1_0 
    where
        r1_0.id=?
2025-07-03 07:09:34.435 [main] DEBUG org.hibernate.SQL - 
    insert 
    into
        restaurants
        (address, name, owner_id, phone, status, id) 
    values
        (?, ?, ?, ?, ?, ?)
Hibernate: 
    insert 
    into
        restaurants
        (address, name, owner_id, phone, status, id) 
    values
        (?, ?, ?, ?, ?, ?)
📝 Global restaurant saved to repository for tests
2025-07-03 07:09:34.437 [main] DEBUG org.hibernate.SQL - 
    select
        r1_0.id,
        r1_0.address,
        r1_0.name,
        r1_0.owner_id,
        r1_0.phone,
        r1_0.status 
    from
        restaurants r1_0 
    where
        r1_0.id=?
Hibernate: 
    select
        r1_0.id,
        r1_0.address,
        r1_0.name,
        r1_0.owner_id,
        r1_0.phone,
        r1_0.status 
    from
        restaurants r1_0 
    where
        r1_0.id=?
✅ Global restaurant saved successfully - ID: 2110
2025-07-03 07:09:34.437 [main] DEBUG org.hibernate.SQL - 
    select
        r1_0.id,
        r1_0.address,
        r1_0.name,
        r1_0.owner_id,
        r1_0.phone,
        r1_0.status 
    from
        restaurants r1_0 
    where
        r1_0.id=?
Hibernate: 
    select
        r1_0.id,
        r1_0.address,
        r1_0.name,
        r1_0.owner_id,
        r1_0.phone,
        r1_0.status 
    from
        restaurants r1_0 
    where
        r1_0.id=?
2025-07-03 07:09:34.438 [main] DEBUG org.hibernate.SQL - 
    insert 
    into
        food_items
        (available, category, description, image_url, keywords, name, price, quantity, restaurant_id, id) 
    values
        (?, ?, ?, ?, ?, ?, ?, ?, ?, ?)
Hibernate: 
    insert 
    into
        food_items
        (available, category, description, image_url, keywords, name, price, quantity, restaurant_id, id) 
    values
        (?, ?, ?, ?, ?, ?, ?, ?, ?, ?)
2025-07-03 07:09:34.438 [main] ERROR org.hibernate.orm.jdbc.batch - HHH100501: Exception executing batch [org.sqlite.SQLiteException: [SQLITE_CONSTRAINT_NOTNULL] A NOT NULL constraint failed (NOT NULL constraint failed: food_items.price)], SQL: insert into food_items (available,category,description,image_url,keywords,name,price,quantity,restaurant_id,id) values (?,?,?,?,?,?,?,?,?,?)
2025-07-03 07:09:34.438 [main] WARN  o.h.e.jdbc.spi.SqlExceptionHelper - SQL Error: 19, SQLState: null
2025-07-03 07:09:34.438 [main] ERROR o.h.e.jdbc.spi.SqlExceptionHelper - [SQLITE_CONSTRAINT_NOTNULL] A NOT NULL constraint failed (NOT NULL constraint failed: food_items.price)
⚠️ Cannot test price validation due to: GenericJDBCException
]]></system-out>
  </testcase>
  <testcase name="invalidPriceRejection_OutOfBoundsPrices_ThrowsException(double)[7]" classname="com.myapp.item.ItemServiceEdgeCaseTest$ExtremeValuesTests" time="0.007">
    <system-out><![CDATA[2025-07-03 07:09:34.440 [main] DEBUG org.hibernate.SQL - 
    delete 
    from
        notifications
Hibernate: 
    delete 
    from
        notifications
2025-07-03 07:09:34.441 [main] DEBUG org.hibernate.SQL - 
    delete 
    from
        ratings
Hibernate: 
    delete 
    from
        ratings
2025-07-03 07:09:34.441 [main] DEBUG org.hibernate.SQL - 
    delete 
    from
        order_items
Hibernate: 
    delete 
    from
        order_items
2025-07-03 07:09:34.441 [main] DEBUG org.hibernate.SQL - 
    delete 
    from
        orders
Hibernate: 
    delete 
    from
        orders
2025-07-03 07:09:34.441 [main] DEBUG org.hibernate.SQL - 
    delete 
    from
        food_items
Hibernate: 
    delete 
    from
        food_items
2025-07-03 07:09:34.441 [main] DEBUG org.hibernate.SQL - 
    delete 
    from
        restaurants
Hibernate: 
    delete 
    from
        restaurants
2025-07-03 07:09:34.441 [main] DEBUG org.hibernate.SQL - 
    delete 
    from
        users
Hibernate: 
    delete 
    from
        users
2025-07-03 07:09:34.442 [main] DEBUG c.myapp.common.TestDatabaseManager - Cleaned all test data from database
2025-07-03 07:09:34.443 [main] DEBUG c.myapp.common.TestDatabaseManager - Test database cleanup completed
2025-07-03 07:09:34.443 [main] DEBUG org.hibernate.SQL - 
    select
        r1_0.id,
        r1_0.address,
        r1_0.name,
        r1_0.owner_id,
        r1_0.phone,
        r1_0.status 
    from
        restaurants r1_0 
    where
        r1_0.id=?
Hibernate: 
    select
        r1_0.id,
        r1_0.address,
        r1_0.name,
        r1_0.owner_id,
        r1_0.phone,
        r1_0.status 
    from
        restaurants r1_0 
    where
        r1_0.id=?
2025-07-03 07:09:34.443 [main] DEBUG org.hibernate.SQL - 
    insert 
    into
        restaurants
        (address, name, owner_id, phone, status, id) 
    values
        (?, ?, ?, ?, ?, ?)
Hibernate: 
    insert 
    into
        restaurants
        (address, name, owner_id, phone, status, id) 
    values
        (?, ?, ?, ?, ?, ?)
📝 Global restaurant saved to repository for tests
2025-07-03 07:09:34.445 [main] DEBUG org.hibernate.SQL - 
    select
        r1_0.id,
        r1_0.address,
        r1_0.name,
        r1_0.owner_id,
        r1_0.phone,
        r1_0.status 
    from
        restaurants r1_0 
    where
        r1_0.id=?
Hibernate: 
    select
        r1_0.id,
        r1_0.address,
        r1_0.name,
        r1_0.owner_id,
        r1_0.phone,
        r1_0.status 
    from
        restaurants r1_0 
    where
        r1_0.id=?
✅ Global restaurant saved successfully - ID: 2111
2025-07-03 07:09:34.446 [main] DEBUG org.hibernate.SQL - 
    select
        r1_0.id,
        r1_0.address,
        r1_0.name,
        r1_0.owner_id,
        r1_0.phone,
        r1_0.status 
    from
        restaurants r1_0 
    where
        r1_0.id=?
Hibernate: 
    select
        r1_0.id,
        r1_0.address,
        r1_0.name,
        r1_0.owner_id,
        r1_0.phone,
        r1_0.status 
    from
        restaurants r1_0 
    where
        r1_0.id=?
✅ Invalid price correctly rejected: Infinity
]]></system-out>
  </testcase>
</testsuite>