<?xml version="1.0" encoding="UTF-8"?>
<testsuite xmlns:xsi="http://www.w3.org/2001/XMLSchema-instance" xsi:noNamespaceSchemaLocation="https://maven.apache.org/surefire/maven-surefire-plugin/xsd/surefire-test-report-3.0.xsd" version="3.0" name="com.myapp.notification.NotificationIntegrationTest$ConcurrencyAndPerformanceTest" time="0.441" tests="3" errors="0" skipped="0" failures="0">
  <properties>
[...]
</properties>
  <testcase name="shouldHandleConcurrentNotificationCreationCorrectly" classname="com.myapp.notification.NotificationIntegrationTest$ConcurrencyAndPerformanceTest" time="0.12">
    <system-out><![CDATA[2025-07-03 23:42:38.737 [main] DEBUG org.hibernate.SQL - 
    delete 
    from
        notifications
Hibernate: 
    delete 
    from
        notifications
2025-07-03 23:42:38.742 [main] DEBUG c.myapp.common.TestDatabaseManager - Cleaned all notification data from test database
2025-07-03 23:42:38.742 [main] DEBUG org.hibernate.SQL - 
    select
        u1_0.id,
        u1_0.address,
        u1_0.email,
        u1_0.full_name,
        u1_0.is_active,
        u1_0.password_hash,
        u1_0.phone,
        u1_0.role 
    from
        users u1_0 
    where
        u1_0.id=?
Hibernate: 
    select
        u1_0.id,
        u1_0.address,
        u1_0.email,
        u1_0.full_name,
        u1_0.is_active,
        u1_0.password_hash,
        u1_0.phone,
        u1_0.role 
    from
        users u1_0 
    where
        u1_0.id=?
2025-07-03 23:42:38.742 [main] DEBUG org.hibernate.SQL - 
    select
        u1_0.id,
        u1_0.address,
        u1_0.email,
        u1_0.full_name,
        u1_0.is_active,
        u1_0.password_hash,
        u1_0.phone,
        u1_0.role 
    from
        users u1_0 
    where
        u1_0.id=?
Hibernate: 
    select
        u1_0.id,
        u1_0.address,
        u1_0.email,
        u1_0.full_name,
        u1_0.is_active,
        u1_0.password_hash,
        u1_0.phone,
        u1_0.role 
    from
        users u1_0 
    where
        u1_0.id=?
2025-07-03 23:42:38.743 [main] DEBUG org.hibernate.SQL - 
    select
        u1_0.id,
        u1_0.address,
        u1_0.email,
        u1_0.full_name,
        u1_0.is_active,
        u1_0.password_hash,
        u1_0.phone,
        u1_0.role 
    from
        users u1_0 
    where
        u1_0.id=?
Hibernate: 
    select
        u1_0.id,
        u1_0.address,
        u1_0.email,
        u1_0.full_name,
        u1_0.is_active,
        u1_0.password_hash,
        u1_0.phone,
        u1_0.role 
    from
        users u1_0 
    where
        u1_0.id=?
2025-07-03 23:42:38.744 [pool-7-thread-1] DEBUG org.hibernate.SQL - 
    select
        u1_0.id,
        u1_0.address,
        u1_0.email,
        u1_0.full_name,
        u1_0.is_active,
        u1_0.password_hash,
        u1_0.phone,
        u1_0.role 
    from
        users u1_0 
    where
        u1_0.id=?
Hibernate: 
    select
        u1_0.id,
        u1_0.address,
        u1_0.email,
        u1_0.full_name,
        u1_0.is_active,
        u1_0.password_hash,
        u1_0.phone,
        u1_0.role 
    from
        users u1_0 
    where
        u1_0.id=?
2025-07-03 23:42:38.745 [pool-7-thread-1] DEBUG org.hibernate.SQL - 
    insert 
    into
        notifications
        (created_at, deleted_at, delivery_id, isDeleted, isRead, message, metadata, order_id, priority, read_at, related_entity_id, restaurant_id, title, type, userId, id) 
    values
        (?, ?, ?, ?, ?, ?, ?, ?, ?, ?, ?, ?, ?, ?, ?, ?)
Hibernate: 
    insert 
    into
        notifications
        (created_at, deleted_at, delivery_id, isDeleted, isRead, message, metadata, order_id, priority, read_at, related_entity_id, restaurant_id, title, type, userId, id) 
    values
        (?, ?, ?, ?, ?, ?, ?, ?, ?, ?, ?, ?, ?, ?, ?, ?)
2025-07-03 23:42:38.746 [pool-7-thread-2] DEBUG org.hibernate.SQL - 
    select
        u1_0.id,
        u1_0.address,
        u1_0.email,
        u1_0.full_name,
        u1_0.is_active,
        u1_0.password_hash,
        u1_0.phone,
        u1_0.role 
    from
        users u1_0 
    where
        u1_0.id=?
Hibernate: 
    select
        u1_0.id,
        u1_0.address,
        u1_0.email,
        u1_0.full_name,
        u1_0.is_active,
        u1_0.password_hash,
        u1_0.phone,
        u1_0.role 
    from
        users u1_0 
    where
        u1_0.id=?
2025-07-03 23:42:38.747 [pool-7-thread-2] DEBUG org.hibernate.SQL - 
    insert 
    into
        notifications
        (created_at, deleted_at, delivery_id, isDeleted, isRead, message, metadata, order_id, priority, read_at, related_entity_id, restaurant_id, title, type, userId, id) 
    values
        (?, ?, ?, ?, ?, ?, ?, ?, ?, ?, ?, ?, ?, ?, ?, ?)
Hibernate: 
    insert 
    into
        notifications
        (created_at, deleted_at, delivery_id, isDeleted, isRead, message, metadata, order_id, priority, read_at, related_entity_id, restaurant_id, title, type, userId, id) 
    values
        (?, ?, ?, ?, ?, ?, ?, ?, ?, ?, ?, ?, ?, ?, ?, ?)
2025-07-03 23:42:38.748 [pool-7-thread-3] DEBUG org.hibernate.SQL - 
    select
        u1_0.id,
        u1_0.address,
        u1_0.email,
        u1_0.full_name,
        u1_0.is_active,
        u1_0.password_hash,
        u1_0.phone,
        u1_0.role 
    from
        users u1_0 
    where
        u1_0.id=?
Hibernate: 
    select
        u1_0.id,
        u1_0.address,
        u1_0.email,
        u1_0.full_name,
        u1_0.is_active,
        u1_0.password_hash,
        u1_0.phone,
        u1_0.role 
    from
        users u1_0 
    where
        u1_0.id=?
2025-07-03 23:42:38.748 [pool-7-thread-3] DEBUG org.hibernate.SQL - 
    insert 
    into
        notifications
        (created_at, deleted_at, delivery_id, isDeleted, isRead, message, metadata, order_id, priority, read_at, related_entity_id, restaurant_id, title, type, userId, id) 
    values
        (?, ?, ?, ?, ?, ?, ?, ?, ?, ?, ?, ?, ?, ?, ?, ?)
Hibernate: 
    insert 
    into
        notifications
        (created_at, deleted_at, delivery_id, isDeleted, isRead, message, metadata, order_id, priority, read_at, related_entity_id, restaurant_id, title, type, userId, id) 
    values
        (?, ?, ?, ?, ?, ?, ?, ?, ?, ?, ?, ?, ?, ?, ?, ?)
2025-07-03 23:42:38.749 [pool-7-thread-1] DEBUG org.hibernate.SQL - 
    select
        u1_0.id,
        u1_0.address,
        u1_0.email,
        u1_0.full_name,
        u1_0.is_active,
        u1_0.password_hash,
        u1_0.phone,
        u1_0.role 
    from
        users u1_0 
    where
        u1_0.id=?
Hibernate: 
    select
        u1_0.id,
        u1_0.address,
        u1_0.email,
        u1_0.full_name,
        u1_0.is_active,
        u1_0.password_hash,
        u1_0.phone,
        u1_0.role 
    from
        users u1_0 
    where
        u1_0.id=?
2025-07-03 23:42:38.749 [pool-7-thread-1] DEBUG org.hibernate.SQL - 
    insert 
    into
        notifications
        (created_at, deleted_at, delivery_id, isDeleted, isRead, message, metadata, order_id, priority, read_at, related_entity_id, restaurant_id, title, type, userId, id) 
    values
        (?, ?, ?, ?, ?, ?, ?, ?, ?, ?, ?, ?, ?, ?, ?, ?)
Hibernate: 
    insert 
    into
        notifications
        (created_at, deleted_at, delivery_id, isDeleted, isRead, message, metadata, order_id, priority, read_at, related_entity_id, restaurant_id, title, type, userId, id) 
    values
        (?, ?, ?, ?, ?, ?, ?, ?, ?, ?, ?, ?, ?, ?, ?, ?)
2025-07-03 23:42:38.751 [pool-7-thread-3] DEBUG org.hibernate.SQL - 
    select
        u1_0.id,
        u1_0.address,
        u1_0.email,
        u1_0.full_name,
        u1_0.is_active,
        u1_0.password_hash,
        u1_0.phone,
        u1_0.role 
    from
        users u1_0 
    where
        u1_0.id=?
Hibernate: 
    select
        u1_0.id,
        u1_0.address,
        u1_0.email,
        u1_0.full_name,
        u1_0.is_active,
        u1_0.password_hash,
        u1_0.phone,
        u1_0.role 
    from
        users u1_0 
    where
        u1_0.id=?
2025-07-03 23:42:38.752 [pool-7-thread-3] DEBUG org.hibernate.SQL - 
    insert 
    into
        notifications
        (created_at, deleted_at, delivery_id, isDeleted, isRead, message, metadata, order_id, priority, read_at, related_entity_id, restaurant_id, title, type, userId, id) 
    values
        (?, ?, ?, ?, ?, ?, ?, ?, ?, ?, ?, ?, ?, ?, ?, ?)
Hibernate: 
    insert 
    into
        notifications
        (created_at, deleted_at, delivery_id, isDeleted, isRead, message, metadata, order_id, priority, read_at, related_entity_id, restaurant_id, title, type, userId, id) 
    values
        (?, ?, ?, ?, ?, ?, ?, ?, ?, ?, ?, ?, ?, ?, ?, ?)
2025-07-03 23:42:38.754 [pool-7-thread-3] DEBUG org.hibernate.SQL - 
    select
        u1_0.id,
        u1_0.address,
        u1_0.email,
        u1_0.full_name,
        u1_0.is_active,
        u1_0.password_hash,
        u1_0.phone,
        u1_0.role 
    from
        users u1_0 
    where
        u1_0.id=?
Hibernate: 
    select
        u1_0.id,
        u1_0.address,
        u1_0.email,
        u1_0.full_name,
        u1_0.is_active,
        u1_0.password_hash,
        u1_0.phone,
        u1_0.role 
    from
        users u1_0 
    where
        u1_0.id=?
2025-07-03 23:42:38.754 [pool-7-thread-3] DEBUG org.hibernate.SQL - 
    insert 
    into
        notifications
        (created_at, deleted_at, delivery_id, isDeleted, isRead, message, metadata, order_id, priority, read_at, related_entity_id, restaurant_id, title, type, userId, id) 
    values
        (?, ?, ?, ?, ?, ?, ?, ?, ?, ?, ?, ?, ?, ?, ?, ?)
Hibernate: 
    insert 
    into
        notifications
        (created_at, deleted_at, delivery_id, isDeleted, isRead, message, metadata, order_id, priority, read_at, related_entity_id, restaurant_id, title, type, userId, id) 
    values
        (?, ?, ?, ?, ?, ?, ?, ?, ?, ?, ?, ?, ?, ?, ?, ?)
2025-07-03 23:42:38.757 [pool-7-thread-3] DEBUG org.hibernate.SQL - 
    select
        u1_0.id,
        u1_0.address,
        u1_0.email,
        u1_0.full_name,
        u1_0.is_active,
        u1_0.password_hash,
        u1_0.phone,
        u1_0.role 
    from
        users u1_0 
    where
        u1_0.id=?
Hibernate: 
    select
        u1_0.id,
        u1_0.address,
        u1_0.email,
        u1_0.full_name,
        u1_0.is_active,
        u1_0.password_hash,
        u1_0.phone,
        u1_0.role 
    from
        users u1_0 
    where
        u1_0.id=?
2025-07-03 23:42:38.758 [pool-7-thread-3] DEBUG org.hibernate.SQL - 
    insert 
    into
        notifications
        (created_at, deleted_at, delivery_id, isDeleted, isRead, message, metadata, order_id, priority, read_at, related_entity_id, restaurant_id, title, type, userId, id) 
    values
        (?, ?, ?, ?, ?, ?, ?, ?, ?, ?, ?, ?, ?, ?, ?, ?)
Hibernate: 
    insert 
    into
        notifications
        (created_at, deleted_at, delivery_id, isDeleted, isRead, message, metadata, order_id, priority, read_at, related_entity_id, restaurant_id, title, type, userId, id) 
    values
        (?, ?, ?, ?, ?, ?, ?, ?, ?, ?, ?, ?, ?, ?, ?, ?)
2025-07-03 23:42:38.760 [pool-7-thread-3] DEBUG org.hibernate.SQL - 
    select
        u1_0.id,
        u1_0.address,
        u1_0.email,
        u1_0.full_name,
        u1_0.is_active,
        u1_0.password_hash,
        u1_0.phone,
        u1_0.role 
    from
        users u1_0 
    where
        u1_0.id=?
Hibernate: 
    select
        u1_0.id,
        u1_0.address,
        u1_0.email,
        u1_0.full_name,
        u1_0.is_active,
        u1_0.password_hash,
        u1_0.phone,
        u1_0.role 
    from
        users u1_0 
    where
        u1_0.id=?
2025-07-03 23:42:38.760 [pool-7-thread-3] DEBUG org.hibernate.SQL - 
    insert 
    into
        notifications
        (created_at, deleted_at, delivery_id, isDeleted, isRead, message, metadata, order_id, priority, read_at, related_entity_id, restaurant_id, title, type, userId, id) 
    values
        (?, ?, ?, ?, ?, ?, ?, ?, ?, ?, ?, ?, ?, ?, ?, ?)
Hibernate: 
    insert 
    into
        notifications
        (created_at, deleted_at, delivery_id, isDeleted, isRead, message, metadata, order_id, priority, read_at, related_entity_id, restaurant_id, title, type, userId, id) 
    values
        (?, ?, ?, ?, ?, ?, ?, ?, ?, ?, ?, ?, ?, ?, ?, ?)
2025-07-03 23:42:38.762 [pool-7-thread-3] DEBUG org.hibernate.SQL - 
    select
        u1_0.id,
        u1_0.address,
        u1_0.email,
        u1_0.full_name,
        u1_0.is_active,
        u1_0.password_hash,
        u1_0.phone,
        u1_0.role 
    from
        users u1_0 
    where
        u1_0.id=?
Hibernate: 
    select
        u1_0.id,
        u1_0.address,
        u1_0.email,
        u1_0.full_name,
        u1_0.is_active,
        u1_0.password_hash,
        u1_0.phone,
        u1_0.role 
    from
        users u1_0 
    where
        u1_0.id=?
2025-07-03 23:42:38.762 [pool-7-thread-3] DEBUG org.hibernate.SQL - 
    insert 
    into
        notifications
        (created_at, deleted_at, delivery_id, isDeleted, isRead, message, metadata, order_id, priority, read_at, related_entity_id, restaurant_id, title, type, userId, id) 
    values
        (?, ?, ?, ?, ?, ?, ?, ?, ?, ?, ?, ?, ?, ?, ?, ?)
Hibernate: 
    insert 
    into
        notifications
        (created_at, deleted_at, delivery_id, isDeleted, isRead, message, metadata, order_id, priority, read_at, related_entity_id, restaurant_id, title, type, userId, id) 
    values
        (?, ?, ?, ?, ?, ?, ?, ?, ?, ?, ?, ?, ?, ?, ?, ?)
2025-07-03 23:42:38.764 [pool-7-thread-3] DEBUG org.hibernate.SQL - 
    select
        u1_0.id,
        u1_0.address,
        u1_0.email,
        u1_0.full_name,
        u1_0.is_active,
        u1_0.password_hash,
        u1_0.phone,
        u1_0.role 
    from
        users u1_0 
    where
        u1_0.id=?
Hibernate: 
    select
        u1_0.id,
        u1_0.address,
        u1_0.email,
        u1_0.full_name,
        u1_0.is_active,
        u1_0.password_hash,
        u1_0.phone,
        u1_0.role 
    from
        users u1_0 
    where
        u1_0.id=?
2025-07-03 23:42:38.764 [pool-7-thread-3] DEBUG org.hibernate.SQL - 
    insert 
    into
        notifications
        (created_at, deleted_at, delivery_id, isDeleted, isRead, message, metadata, order_id, priority, read_at, related_entity_id, restaurant_id, title, type, userId, id) 
    values
        (?, ?, ?, ?, ?, ?, ?, ?, ?, ?, ?, ?, ?, ?, ?, ?)
Hibernate: 
    insert 
    into
        notifications
        (created_at, deleted_at, delivery_id, isDeleted, isRead, message, metadata, order_id, priority, read_at, related_entity_id, restaurant_id, title, type, userId, id) 
    values
        (?, ?, ?, ?, ?, ?, ?, ?, ?, ?, ?, ?, ?, ?, ?, ?)
2025-07-03 23:42:38.767 [pool-7-thread-3] DEBUG org.hibernate.SQL - 
    select
        u1_0.id,
        u1_0.address,
        u1_0.email,
        u1_0.full_name,
        u1_0.is_active,
        u1_0.password_hash,
        u1_0.phone,
        u1_0.role 
    from
        users u1_0 
    where
        u1_0.id=?
Hibernate: 
    select
        u1_0.id,
        u1_0.address,
        u1_0.email,
        u1_0.full_name,
        u1_0.is_active,
        u1_0.password_hash,
        u1_0.phone,
        u1_0.role 
    from
        users u1_0 
    where
        u1_0.id=?
2025-07-03 23:42:38.767 [pool-7-thread-3] DEBUG org.hibernate.SQL - 
    insert 
    into
        notifications
        (created_at, deleted_at, delivery_id, isDeleted, isRead, message, metadata, order_id, priority, read_at, related_entity_id, restaurant_id, title, type, userId, id) 
    values
        (?, ?, ?, ?, ?, ?, ?, ?, ?, ?, ?, ?, ?, ?, ?, ?)
Hibernate: 
    insert 
    into
        notifications
        (created_at, deleted_at, delivery_id, isDeleted, isRead, message, metadata, order_id, priority, read_at, related_entity_id, restaurant_id, title, type, userId, id) 
    values
        (?, ?, ?, ?, ?, ?, ?, ?, ?, ?, ?, ?, ?, ?, ?, ?)
2025-07-03 23:42:38.769 [pool-7-thread-3] DEBUG org.hibernate.SQL - 
    select
        u1_0.id,
        u1_0.address,
        u1_0.email,
        u1_0.full_name,
        u1_0.is_active,
        u1_0.password_hash,
        u1_0.phone,
        u1_0.role 
    from
        users u1_0 
    where
        u1_0.id=?
Hibernate: 
    select
        u1_0.id,
        u1_0.address,
        u1_0.email,
        u1_0.full_name,
        u1_0.is_active,
        u1_0.password_hash,
        u1_0.phone,
        u1_0.role 
    from
        users u1_0 
    where
        u1_0.id=?
2025-07-03 23:42:38.769 [pool-7-thread-3] DEBUG org.hibernate.SQL - 
    insert 
    into
        notifications
        (created_at, deleted_at, delivery_id, isDeleted, isRead, message, metadata, order_id, priority, read_at, related_entity_id, restaurant_id, title, type, userId, id) 
    values
        (?, ?, ?, ?, ?, ?, ?, ?, ?, ?, ?, ?, ?, ?, ?, ?)
Hibernate: 
    insert 
    into
        notifications
        (created_at, deleted_at, delivery_id, isDeleted, isRead, message, metadata, order_id, priority, read_at, related_entity_id, restaurant_id, title, type, userId, id) 
    values
        (?, ?, ?, ?, ?, ?, ?, ?, ?, ?, ?, ?, ?, ?, ?, ?)
2025-07-03 23:42:38.771 [pool-7-thread-3] DEBUG org.hibernate.SQL - 
    select
        u1_0.id,
        u1_0.address,
        u1_0.email,
        u1_0.full_name,
        u1_0.is_active,
        u1_0.password_hash,
        u1_0.phone,
        u1_0.role 
    from
        users u1_0 
    where
        u1_0.id=?
Hibernate: 
    select
        u1_0.id,
        u1_0.address,
        u1_0.email,
        u1_0.full_name,
        u1_0.is_active,
        u1_0.password_hash,
        u1_0.phone,
        u1_0.role 
    from
        users u1_0 
    where
        u1_0.id=?
2025-07-03 23:42:38.771 [pool-7-thread-3] DEBUG org.hibernate.SQL - 
    insert 
    into
        notifications
        (created_at, deleted_at, delivery_id, isDeleted, isRead, message, metadata, order_id, priority, read_at, related_entity_id, restaurant_id, title, type, userId, id) 
    values
        (?, ?, ?, ?, ?, ?, ?, ?, ?, ?, ?, ?, ?, ?, ?, ?)
Hibernate: 
    insert 
    into
        notifications
        (created_at, deleted_at, delivery_id, isDeleted, isRead, message, metadata, order_id, priority, read_at, related_entity_id, restaurant_id, title, type, userId, id) 
    values
        (?, ?, ?, ?, ?, ?, ?, ?, ?, ?, ?, ?, ?, ?, ?, ?)
2025-07-03 23:42:38.773 [pool-7-thread-3] DEBUG org.hibernate.SQL - 
    select
        u1_0.id,
        u1_0.address,
        u1_0.email,
        u1_0.full_name,
        u1_0.is_active,
        u1_0.password_hash,
        u1_0.phone,
        u1_0.role 
    from
        users u1_0 
    where
        u1_0.id=?
Hibernate: 
    select
        u1_0.id,
        u1_0.address,
        u1_0.email,
        u1_0.full_name,
        u1_0.is_active,
        u1_0.password_hash,
        u1_0.phone,
        u1_0.role 
    from
        users u1_0 
    where
        u1_0.id=?
2025-07-03 23:42:38.773 [pool-7-thread-3] DEBUG org.hibernate.SQL - 
    insert 
    into
        notifications
        (created_at, deleted_at, delivery_id, isDeleted, isRead, message, metadata, order_id, priority, read_at, related_entity_id, restaurant_id, title, type, userId, id) 
    values
        (?, ?, ?, ?, ?, ?, ?, ?, ?, ?, ?, ?, ?, ?, ?, ?)
Hibernate: 
    insert 
    into
        notifications
        (created_at, deleted_at, delivery_id, isDeleted, isRead, message, metadata, order_id, priority, read_at, related_entity_id, restaurant_id, title, type, userId, id) 
    values
        (?, ?, ?, ?, ?, ?, ?, ?, ?, ?, ?, ?, ?, ?, ?, ?)
2025-07-03 23:42:38.775 [pool-7-thread-3] DEBUG org.hibernate.SQL - 
    select
        u1_0.id,
        u1_0.address,
        u1_0.email,
        u1_0.full_name,
        u1_0.is_active,
        u1_0.password_hash,
        u1_0.phone,
        u1_0.role 
    from
        users u1_0 
    where
        u1_0.id=?
Hibernate: 
    select
        u1_0.id,
        u1_0.address,
        u1_0.email,
        u1_0.full_name,
        u1_0.is_active,
        u1_0.password_hash,
        u1_0.phone,
        u1_0.role 
    from
        users u1_0 
    where
        u1_0.id=?
2025-07-03 23:42:38.775 [pool-7-thread-3] DEBUG org.hibernate.SQL - 
    insert 
    into
        notifications
        (created_at, deleted_at, delivery_id, isDeleted, isRead, message, metadata, order_id, priority, read_at, related_entity_id, restaurant_id, title, type, userId, id) 
    values
        (?, ?, ?, ?, ?, ?, ?, ?, ?, ?, ?, ?, ?, ?, ?, ?)
Hibernate: 
    insert 
    into
        notifications
        (created_at, deleted_at, delivery_id, isDeleted, isRead, message, metadata, order_id, priority, read_at, related_entity_id, restaurant_id, title, type, userId, id) 
    values
        (?, ?, ?, ?, ?, ?, ?, ?, ?, ?, ?, ?, ?, ?, ?, ?)
2025-07-03 23:42:38.777 [pool-7-thread-3] DEBUG org.hibernate.SQL - 
    select
        u1_0.id,
        u1_0.address,
        u1_0.email,
        u1_0.full_name,
        u1_0.is_active,
        u1_0.password_hash,
        u1_0.phone,
        u1_0.role 
    from
        users u1_0 
    where
        u1_0.id=?
Hibernate: 
    select
        u1_0.id,
        u1_0.address,
        u1_0.email,
        u1_0.full_name,
        u1_0.is_active,
        u1_0.password_hash,
        u1_0.phone,
        u1_0.role 
    from
        users u1_0 
    where
        u1_0.id=?
2025-07-03 23:42:38.778 [pool-7-thread-3] DEBUG org.hibernate.SQL - 
    insert 
    into
        notifications
        (created_at, deleted_at, delivery_id, isDeleted, isRead, message, metadata, order_id, priority, read_at, related_entity_id, restaurant_id, title, type, userId, id) 
    values
        (?, ?, ?, ?, ?, ?, ?, ?, ?, ?, ?, ?, ?, ?, ?, ?)
Hibernate: 
    insert 
    into
        notifications
        (created_at, deleted_at, delivery_id, isDeleted, isRead, message, metadata, order_id, priority, read_at, related_entity_id, restaurant_id, title, type, userId, id) 
    values
        (?, ?, ?, ?, ?, ?, ?, ?, ?, ?, ?, ?, ?, ?, ?, ?)
2025-07-03 23:42:38.780 [pool-7-thread-3] DEBUG org.hibernate.SQL - 
    select
        u1_0.id,
        u1_0.address,
        u1_0.email,
        u1_0.full_name,
        u1_0.is_active,
        u1_0.password_hash,
        u1_0.phone,
        u1_0.role 
    from
        users u1_0 
    where
        u1_0.id=?
Hibernate: 
    select
        u1_0.id,
        u1_0.address,
        u1_0.email,
        u1_0.full_name,
        u1_0.is_active,
        u1_0.password_hash,
        u1_0.phone,
        u1_0.role 
    from
        users u1_0 
    where
        u1_0.id=?
2025-07-03 23:42:38.780 [pool-7-thread-3] DEBUG org.hibernate.SQL - 
    insert 
    into
        notifications
        (created_at, deleted_at, delivery_id, isDeleted, isRead, message, metadata, order_id, priority, read_at, related_entity_id, restaurant_id, title, type, userId, id) 
    values
        (?, ?, ?, ?, ?, ?, ?, ?, ?, ?, ?, ?, ?, ?, ?, ?)
Hibernate: 
    insert 
    into
        notifications
        (created_at, deleted_at, delivery_id, isDeleted, isRead, message, metadata, order_id, priority, read_at, related_entity_id, restaurant_id, title, type, userId, id) 
    values
        (?, ?, ?, ?, ?, ?, ?, ?, ?, ?, ?, ?, ?, ?, ?, ?)
2025-07-03 23:42:38.782 [pool-7-thread-3] DEBUG org.hibernate.SQL - 
    select
        u1_0.id,
        u1_0.address,
        u1_0.email,
        u1_0.full_name,
        u1_0.is_active,
        u1_0.password_hash,
        u1_0.phone,
        u1_0.role 
    from
        users u1_0 
    where
        u1_0.id=?
Hibernate: 
    select
        u1_0.id,
        u1_0.address,
        u1_0.email,
        u1_0.full_name,
        u1_0.is_active,
        u1_0.password_hash,
        u1_0.phone,
        u1_0.role 
    from
        users u1_0 
    where
        u1_0.id=?
2025-07-03 23:42:38.782 [pool-7-thread-3] DEBUG org.hibernate.SQL - 
    insert 
    into
        notifications
        (created_at, deleted_at, delivery_id, isDeleted, isRead, message, metadata, order_id, priority, read_at, related_entity_id, restaurant_id, title, type, userId, id) 
    values
        (?, ?, ?, ?, ?, ?, ?, ?, ?, ?, ?, ?, ?, ?, ?, ?)
Hibernate: 
    insert 
    into
        notifications
        (created_at, deleted_at, delivery_id, isDeleted, isRead, message, metadata, order_id, priority, read_at, related_entity_id, restaurant_id, title, type, userId, id) 
    values
        (?, ?, ?, ?, ?, ?, ?, ?, ?, ?, ?, ?, ?, ?, ?, ?)
2025-07-03 23:42:38.784 [pool-7-thread-3] DEBUG org.hibernate.SQL - 
    select
        u1_0.id,
        u1_0.address,
        u1_0.email,
        u1_0.full_name,
        u1_0.is_active,
        u1_0.password_hash,
        u1_0.phone,
        u1_0.role 
    from
        users u1_0 
    where
        u1_0.id=?
Hibernate: 
    select
        u1_0.id,
        u1_0.address,
        u1_0.email,
        u1_0.full_name,
        u1_0.is_active,
        u1_0.password_hash,
        u1_0.phone,
        u1_0.role 
    from
        users u1_0 
    where
        u1_0.id=?
2025-07-03 23:42:38.784 [pool-7-thread-3] DEBUG org.hibernate.SQL - 
    insert 
    into
        notifications
        (created_at, deleted_at, delivery_id, isDeleted, isRead, message, metadata, order_id, priority, read_at, related_entity_id, restaurant_id, title, type, userId, id) 
    values
        (?, ?, ?, ?, ?, ?, ?, ?, ?, ?, ?, ?, ?, ?, ?, ?)
Hibernate: 
    insert 
    into
        notifications
        (created_at, deleted_at, delivery_id, isDeleted, isRead, message, metadata, order_id, priority, read_at, related_entity_id, restaurant_id, title, type, userId, id) 
    values
        (?, ?, ?, ?, ?, ?, ?, ?, ?, ?, ?, ?, ?, ?, ?, ?)
2025-07-03 23:42:38.786 [pool-7-thread-3] DEBUG org.hibernate.SQL - 
    select
        u1_0.id,
        u1_0.address,
        u1_0.email,
        u1_0.full_name,
        u1_0.is_active,
        u1_0.password_hash,
        u1_0.phone,
        u1_0.role 
    from
        users u1_0 
    where
        u1_0.id=?
Hibernate: 
    select
        u1_0.id,
        u1_0.address,
        u1_0.email,
        u1_0.full_name,
        u1_0.is_active,
        u1_0.password_hash,
        u1_0.phone,
        u1_0.role 
    from
        users u1_0 
    where
        u1_0.id=?
2025-07-03 23:42:38.787 [pool-7-thread-3] DEBUG org.hibernate.SQL - 
    insert 
    into
        notifications
        (created_at, deleted_at, delivery_id, isDeleted, isRead, message, metadata, order_id, priority, read_at, related_entity_id, restaurant_id, title, type, userId, id) 
    values
        (?, ?, ?, ?, ?, ?, ?, ?, ?, ?, ?, ?, ?, ?, ?, ?)
Hibernate: 
    insert 
    into
        notifications
        (created_at, deleted_at, delivery_id, isDeleted, isRead, message, metadata, order_id, priority, read_at, related_entity_id, restaurant_id, title, type, userId, id) 
    values
        (?, ?, ?, ?, ?, ?, ?, ?, ?, ?, ?, ?, ?, ?, ?, ?)
2025-07-03 23:42:38.789 [pool-7-thread-3] DEBUG org.hibernate.SQL - 
    select
        u1_0.id,
        u1_0.address,
        u1_0.email,
        u1_0.full_name,
        u1_0.is_active,
        u1_0.password_hash,
        u1_0.phone,
        u1_0.role 
    from
        users u1_0 
    where
        u1_0.id=?
Hibernate: 
    select
        u1_0.id,
        u1_0.address,
        u1_0.email,
        u1_0.full_name,
        u1_0.is_active,
        u1_0.password_hash,
        u1_0.phone,
        u1_0.role 
    from
        users u1_0 
    where
        u1_0.id=?
2025-07-03 23:42:38.789 [pool-7-thread-3] DEBUG org.hibernate.SQL - 
    insert 
    into
        notifications
        (created_at, deleted_at, delivery_id, isDeleted, isRead, message, metadata, order_id, priority, read_at, related_entity_id, restaurant_id, title, type, userId, id) 
    values
        (?, ?, ?, ?, ?, ?, ?, ?, ?, ?, ?, ?, ?, ?, ?, ?)
Hibernate: 
    insert 
    into
        notifications
        (created_at, deleted_at, delivery_id, isDeleted, isRead, message, metadata, order_id, priority, read_at, related_entity_id, restaurant_id, title, type, userId, id) 
    values
        (?, ?, ?, ?, ?, ?, ?, ?, ?, ?, ?, ?, ?, ?, ?, ?)
2025-07-03 23:42:38.791 [pool-7-thread-3] DEBUG org.hibernate.SQL - 
    select
        u1_0.id,
        u1_0.address,
        u1_0.email,
        u1_0.full_name,
        u1_0.is_active,
        u1_0.password_hash,
        u1_0.phone,
        u1_0.role 
    from
        users u1_0 
    where
        u1_0.id=?
Hibernate: 
    select
        u1_0.id,
        u1_0.address,
        u1_0.email,
        u1_0.full_name,
        u1_0.is_active,
        u1_0.password_hash,
        u1_0.phone,
        u1_0.role 
    from
        users u1_0 
    where
        u1_0.id=?
2025-07-03 23:42:38.791 [pool-7-thread-3] DEBUG org.hibernate.SQL - 
    insert 
    into
        notifications
        (created_at, deleted_at, delivery_id, isDeleted, isRead, message, metadata, order_id, priority, read_at, related_entity_id, restaurant_id, title, type, userId, id) 
    values
        (?, ?, ?, ?, ?, ?, ?, ?, ?, ?, ?, ?, ?, ?, ?, ?)
Hibernate: 
    insert 
    into
        notifications
        (created_at, deleted_at, delivery_id, isDeleted, isRead, message, metadata, order_id, priority, read_at, related_entity_id, restaurant_id, title, type, userId, id) 
    values
        (?, ?, ?, ?, ?, ?, ?, ?, ?, ?, ?, ?, ?, ?, ?, ?)
2025-07-03 23:42:38.793 [pool-7-thread-3] DEBUG org.hibernate.SQL - 
    select
        u1_0.id,
        u1_0.address,
        u1_0.email,
        u1_0.full_name,
        u1_0.is_active,
        u1_0.password_hash,
        u1_0.phone,
        u1_0.role 
    from
        users u1_0 
    where
        u1_0.id=?
Hibernate: 
    select
        u1_0.id,
        u1_0.address,
        u1_0.email,
        u1_0.full_name,
        u1_0.is_active,
        u1_0.password_hash,
        u1_0.phone,
        u1_0.role 
    from
        users u1_0 
    where
        u1_0.id=?
2025-07-03 23:42:38.793 [pool-7-thread-3] DEBUG org.hibernate.SQL - 
    insert 
    into
        notifications
        (created_at, deleted_at, delivery_id, isDeleted, isRead, message, metadata, order_id, priority, read_at, related_entity_id, restaurant_id, title, type, userId, id) 
    values
        (?, ?, ?, ?, ?, ?, ?, ?, ?, ?, ?, ?, ?, ?, ?, ?)
Hibernate: 
    insert 
    into
        notifications
        (created_at, deleted_at, delivery_id, isDeleted, isRead, message, metadata, order_id, priority, read_at, related_entity_id, restaurant_id, title, type, userId, id) 
    values
        (?, ?, ?, ?, ?, ?, ?, ?, ?, ?, ?, ?, ?, ?, ?, ?)
2025-07-03 23:42:38.795 [pool-7-thread-3] DEBUG org.hibernate.SQL - 
    select
        u1_0.id,
        u1_0.address,
        u1_0.email,
        u1_0.full_name,
        u1_0.is_active,
        u1_0.password_hash,
        u1_0.phone,
        u1_0.role 
    from
        users u1_0 
    where
        u1_0.id=?
Hibernate: 
    select
        u1_0.id,
        u1_0.address,
        u1_0.email,
        u1_0.full_name,
        u1_0.is_active,
        u1_0.password_hash,
        u1_0.phone,
        u1_0.role 
    from
        users u1_0 
    where
        u1_0.id=?
2025-07-03 23:42:38.796 [pool-7-thread-3] DEBUG org.hibernate.SQL - 
    insert 
    into
        notifications
        (created_at, deleted_at, delivery_id, isDeleted, isRead, message, metadata, order_id, priority, read_at, related_entity_id, restaurant_id, title, type, userId, id) 
    values
        (?, ?, ?, ?, ?, ?, ?, ?, ?, ?, ?, ?, ?, ?, ?, ?)
Hibernate: 
    insert 
    into
        notifications
        (created_at, deleted_at, delivery_id, isDeleted, isRead, message, metadata, order_id, priority, read_at, related_entity_id, restaurant_id, title, type, userId, id) 
    values
        (?, ?, ?, ?, ?, ?, ?, ?, ?, ?, ?, ?, ?, ?, ?, ?)
2025-07-03 23:42:38.798 [pool-7-thread-3] DEBUG org.hibernate.SQL - 
    select
        u1_0.id,
        u1_0.address,
        u1_0.email,
        u1_0.full_name,
        u1_0.is_active,
        u1_0.password_hash,
        u1_0.phone,
        u1_0.role 
    from
        users u1_0 
    where
        u1_0.id=?
Hibernate: 
    select
        u1_0.id,
        u1_0.address,
        u1_0.email,
        u1_0.full_name,
        u1_0.is_active,
        u1_0.password_hash,
        u1_0.phone,
        u1_0.role 
    from
        users u1_0 
    where
        u1_0.id=?
2025-07-03 23:42:38.798 [pool-7-thread-3] DEBUG org.hibernate.SQL - 
    insert 
    into
        notifications
        (created_at, deleted_at, delivery_id, isDeleted, isRead, message, metadata, order_id, priority, read_at, related_entity_id, restaurant_id, title, type, userId, id) 
    values
        (?, ?, ?, ?, ?, ?, ?, ?, ?, ?, ?, ?, ?, ?, ?, ?)
Hibernate: 
    insert 
    into
        notifications
        (created_at, deleted_at, delivery_id, isDeleted, isRead, message, metadata, order_id, priority, read_at, related_entity_id, restaurant_id, title, type, userId, id) 
    values
        (?, ?, ?, ?, ?, ?, ?, ?, ?, ?, ?, ?, ?, ?, ?, ?)
2025-07-03 23:42:38.800 [pool-7-thread-3] DEBUG org.hibernate.SQL - 
    select
        u1_0.id,
        u1_0.address,
        u1_0.email,
        u1_0.full_name,
        u1_0.is_active,
        u1_0.password_hash,
        u1_0.phone,
        u1_0.role 
    from
        users u1_0 
    where
        u1_0.id=?
Hibernate: 
    select
        u1_0.id,
        u1_0.address,
        u1_0.email,
        u1_0.full_name,
        u1_0.is_active,
        u1_0.password_hash,
        u1_0.phone,
        u1_0.role 
    from
        users u1_0 
    where
        u1_0.id=?
2025-07-03 23:42:38.800 [pool-7-thread-3] DEBUG org.hibernate.SQL - 
    insert 
    into
        notifications
        (created_at, deleted_at, delivery_id, isDeleted, isRead, message, metadata, order_id, priority, read_at, related_entity_id, restaurant_id, title, type, userId, id) 
    values
        (?, ?, ?, ?, ?, ?, ?, ?, ?, ?, ?, ?, ?, ?, ?, ?)
Hibernate: 
    insert 
    into
        notifications
        (created_at, deleted_at, delivery_id, isDeleted, isRead, message, metadata, order_id, priority, read_at, related_entity_id, restaurant_id, title, type, userId, id) 
    values
        (?, ?, ?, ?, ?, ?, ?, ?, ?, ?, ?, ?, ?, ?, ?, ?)
2025-07-03 23:42:38.802 [pool-7-thread-3] DEBUG org.hibernate.SQL - 
    select
        u1_0.id,
        u1_0.address,
        u1_0.email,
        u1_0.full_name,
        u1_0.is_active,
        u1_0.password_hash,
        u1_0.phone,
        u1_0.role 
    from
        users u1_0 
    where
        u1_0.id=?
Hibernate: 
    select
        u1_0.id,
        u1_0.address,
        u1_0.email,
        u1_0.full_name,
        u1_0.is_active,
        u1_0.password_hash,
        u1_0.phone,
        u1_0.role 
    from
        users u1_0 
    where
        u1_0.id=?
2025-07-03 23:42:38.802 [pool-7-thread-3] DEBUG org.hibernate.SQL - 
    insert 
    into
        notifications
        (created_at, deleted_at, delivery_id, isDeleted, isRead, message, metadata, order_id, priority, read_at, related_entity_id, restaurant_id, title, type, userId, id) 
    values
        (?, ?, ?, ?, ?, ?, ?, ?, ?, ?, ?, ?, ?, ?, ?, ?)
Hibernate: 
    insert 
    into
        notifications
        (created_at, deleted_at, delivery_id, isDeleted, isRead, message, metadata, order_id, priority, read_at, related_entity_id, restaurant_id, title, type, userId, id) 
    values
        (?, ?, ?, ?, ?, ?, ?, ?, ?, ?, ?, ?, ?, ?, ?, ?)
2025-07-03 23:42:38.804 [pool-7-thread-3] DEBUG org.hibernate.SQL - 
    select
        u1_0.id,
        u1_0.address,
        u1_0.email,
        u1_0.full_name,
        u1_0.is_active,
        u1_0.password_hash,
        u1_0.phone,
        u1_0.role 
    from
        users u1_0 
    where
        u1_0.id=?
Hibernate: 
    select
        u1_0.id,
        u1_0.address,
        u1_0.email,
        u1_0.full_name,
        u1_0.is_active,
        u1_0.password_hash,
        u1_0.phone,
        u1_0.role 
    from
        users u1_0 
    where
        u1_0.id=?
2025-07-03 23:42:38.804 [pool-7-thread-3] DEBUG org.hibernate.SQL - 
    insert 
    into
        notifications
        (created_at, deleted_at, delivery_id, isDeleted, isRead, message, metadata, order_id, priority, read_at, related_entity_id, restaurant_id, title, type, userId, id) 
    values
        (?, ?, ?, ?, ?, ?, ?, ?, ?, ?, ?, ?, ?, ?, ?, ?)
Hibernate: 
    insert 
    into
        notifications
        (created_at, deleted_at, delivery_id, isDeleted, isRead, message, metadata, order_id, priority, read_at, related_entity_id, restaurant_id, title, type, userId, id) 
    values
        (?, ?, ?, ?, ?, ?, ?, ?, ?, ?, ?, ?, ?, ?, ?, ?)
2025-07-03 23:42:38.806 [pool-7-thread-3] DEBUG org.hibernate.SQL - 
    select
        u1_0.id,
        u1_0.address,
        u1_0.email,
        u1_0.full_name,
        u1_0.is_active,
        u1_0.password_hash,
        u1_0.phone,
        u1_0.role 
    from
        users u1_0 
    where
        u1_0.id=?
Hibernate: 
    select
        u1_0.id,
        u1_0.address,
        u1_0.email,
        u1_0.full_name,
        u1_0.is_active,
        u1_0.password_hash,
        u1_0.phone,
        u1_0.role 
    from
        users u1_0 
    where
        u1_0.id=?
2025-07-03 23:42:38.807 [pool-7-thread-3] DEBUG org.hibernate.SQL - 
    insert 
    into
        notifications
        (created_at, deleted_at, delivery_id, isDeleted, isRead, message, metadata, order_id, priority, read_at, related_entity_id, restaurant_id, title, type, userId, id) 
    values
        (?, ?, ?, ?, ?, ?, ?, ?, ?, ?, ?, ?, ?, ?, ?, ?)
Hibernate: 
    insert 
    into
        notifications
        (created_at, deleted_at, delivery_id, isDeleted, isRead, message, metadata, order_id, priority, read_at, related_entity_id, restaurant_id, title, type, userId, id) 
    values
        (?, ?, ?, ?, ?, ?, ?, ?, ?, ?, ?, ?, ?, ?, ?, ?)
2025-07-03 23:42:38.808 [pool-7-thread-3] DEBUG org.hibernate.SQL - 
    select
        u1_0.id,
        u1_0.address,
        u1_0.email,
        u1_0.full_name,
        u1_0.is_active,
        u1_0.password_hash,
        u1_0.phone,
        u1_0.role 
    from
        users u1_0 
    where
        u1_0.id=?
Hibernate: 
    select
        u1_0.id,
        u1_0.address,
        u1_0.email,
        u1_0.full_name,
        u1_0.is_active,
        u1_0.password_hash,
        u1_0.phone,
        u1_0.role 
    from
        users u1_0 
    where
        u1_0.id=?
2025-07-03 23:42:38.809 [pool-7-thread-3] DEBUG org.hibernate.SQL - 
    insert 
    into
        notifications
        (created_at, deleted_at, delivery_id, isDeleted, isRead, message, metadata, order_id, priority, read_at, related_entity_id, restaurant_id, title, type, userId, id) 
    values
        (?, ?, ?, ?, ?, ?, ?, ?, ?, ?, ?, ?, ?, ?, ?, ?)
Hibernate: 
    insert 
    into
        notifications
        (created_at, deleted_at, delivery_id, isDeleted, isRead, message, metadata, order_id, priority, read_at, related_entity_id, restaurant_id, title, type, userId, id) 
    values
        (?, ?, ?, ?, ?, ?, ?, ?, ?, ?, ?, ?, ?, ?, ?, ?)
2025-07-03 23:42:38.855 [main] DEBUG org.hibernate.SQL - 
    select
        u1_0.id,
        u1_0.address,
        u1_0.email,
        u1_0.full_name,
        u1_0.is_active,
        u1_0.password_hash,
        u1_0.phone,
        u1_0.role 
    from
        users u1_0 
    where
        u1_0.id=?
Hibernate: 
    select
        u1_0.id,
        u1_0.address,
        u1_0.email,
        u1_0.full_name,
        u1_0.is_active,
        u1_0.password_hash,
        u1_0.phone,
        u1_0.role 
    from
        users u1_0 
    where
        u1_0.id=?
2025-07-03 23:42:38.856 [main] DEBUG org.hibernate.SQL - 
    select
        n1_0.id,
        n1_0.created_at,
        n1_0.deleted_at,
        n1_0.delivery_id,
        n1_0.isDeleted,
        n1_0.isRead,
        n1_0.message,
        n1_0.metadata,
        n1_0.order_id,
        n1_0.priority,
        n1_0.read_at,
        n1_0.related_entity_id,
        n1_0.restaurant_id,
        n1_0.title,
        n1_0.type,
        n1_0.userId 
    from
        notifications n1_0 
    where
        n1_0.userId=? 
        and n1_0.isDeleted=0 
    order by
        n1_0.created_at desc
Hibernate: 
    select
        n1_0.id,
        n1_0.created_at,
        n1_0.deleted_at,
        n1_0.delivery_id,
        n1_0.isDeleted,
        n1_0.isRead,
        n1_0.message,
        n1_0.metadata,
        n1_0.order_id,
        n1_0.priority,
        n1_0.read_at,
        n1_0.related_entity_id,
        n1_0.restaurant_id,
        n1_0.title,
        n1_0.type,
        n1_0.userId 
    from
        notifications n1_0 
    where
        n1_0.userId=? 
        and n1_0.isDeleted=0 
    order by
        n1_0.created_at desc
2025-07-03 23:42:38.856 [main] DEBUG org.hibernate.SQL - 
    select
        u1_0.id,
        u1_0.address,
        u1_0.email,
        u1_0.full_name,
        u1_0.is_active,
        u1_0.password_hash,
        u1_0.phone,
        u1_0.role 
    from
        users u1_0 
    where
        u1_0.id=?
Hibernate: 
    select
        u1_0.id,
        u1_0.address,
        u1_0.email,
        u1_0.full_name,
        u1_0.is_active,
        u1_0.password_hash,
        u1_0.phone,
        u1_0.role 
    from
        users u1_0 
    where
        u1_0.id=?
2025-07-03 23:42:38.856 [main] DEBUG org.hibernate.SQL - 
    select
        count(n1_0.id) 
    from
        notifications n1_0 
    where
        n1_0.userId=? 
        and n1_0.isRead=0 
        and n1_0.isDeleted=0
Hibernate: 
    select
        count(n1_0.id) 
    from
        notifications n1_0 
    where
        n1_0.userId=? 
        and n1_0.isRead=0 
        and n1_0.isDeleted=0
]]></system-out>
  </testcase>
  <testcase name="shouldHandleConcurrentReadUnreadOperationsCorrectly" classname="com.myapp.notification.NotificationIntegrationTest$ConcurrencyAndPerformanceTest" time="0.085">
    <system-out><![CDATA[2025-07-03 23:42:38.857 [main] DEBUG org.hibernate.SQL - 
    delete 
    from
        notifications
Hibernate: 
    delete 
    from
        notifications
2025-07-03 23:42:38.859 [main] DEBUG c.myapp.common.TestDatabaseManager - Cleaned all notification data from test database
2025-07-03 23:42:38.859 [main] DEBUG org.hibernate.SQL - 
    select
        u1_0.id,
        u1_0.address,
        u1_0.email,
        u1_0.full_name,
        u1_0.is_active,
        u1_0.password_hash,
        u1_0.phone,
        u1_0.role 
    from
        users u1_0 
    where
        u1_0.id=?
Hibernate: 
    select
        u1_0.id,
        u1_0.address,
        u1_0.email,
        u1_0.full_name,
        u1_0.is_active,
        u1_0.password_hash,
        u1_0.phone,
        u1_0.role 
    from
        users u1_0 
    where
        u1_0.id=?
2025-07-03 23:42:38.859 [main] DEBUG org.hibernate.SQL - 
    select
        u1_0.id,
        u1_0.address,
        u1_0.email,
        u1_0.full_name,
        u1_0.is_active,
        u1_0.password_hash,
        u1_0.phone,
        u1_0.role 
    from
        users u1_0 
    where
        u1_0.id=?
Hibernate: 
    select
        u1_0.id,
        u1_0.address,
        u1_0.email,
        u1_0.full_name,
        u1_0.is_active,
        u1_0.password_hash,
        u1_0.phone,
        u1_0.role 
    from
        users u1_0 
    where
        u1_0.id=?
2025-07-03 23:42:38.859 [main] DEBUG org.hibernate.SQL - 
    select
        u1_0.id,
        u1_0.address,
        u1_0.email,
        u1_0.full_name,
        u1_0.is_active,
        u1_0.password_hash,
        u1_0.phone,
        u1_0.role 
    from
        users u1_0 
    where
        u1_0.id=?
Hibernate: 
    select
        u1_0.id,
        u1_0.address,
        u1_0.email,
        u1_0.full_name,
        u1_0.is_active,
        u1_0.password_hash,
        u1_0.phone,
        u1_0.role 
    from
        users u1_0 
    where
        u1_0.id=?
🔄 Starting concurrent read/unread operations test...
2025-07-03 23:42:38.860 [main] DEBUG org.hibernate.SQL - 
    select
        u1_0.id,
        u1_0.address,
        u1_0.email,
        u1_0.full_name,
        u1_0.is_active,
        u1_0.password_hash,
        u1_0.phone,
        u1_0.role 
    from
        users u1_0 
    where
        u1_0.id=?
Hibernate: 
    select
        u1_0.id,
        u1_0.address,
        u1_0.email,
        u1_0.full_name,
        u1_0.is_active,
        u1_0.password_hash,
        u1_0.phone,
        u1_0.role 
    from
        users u1_0 
    where
        u1_0.id=?
2025-07-03 23:42:38.860 [main] DEBUG org.hibernate.SQL - 
    insert 
    into
        notifications
        (created_at, deleted_at, delivery_id, isDeleted, isRead, message, metadata, order_id, priority, read_at, related_entity_id, restaurant_id, title, type, userId, id) 
    values
        (?, ?, ?, ?, ?, ?, ?, ?, ?, ?, ?, ?, ?, ?, ?, ?)
Hibernate: 
    insert 
    into
        notifications
        (created_at, deleted_at, delivery_id, isDeleted, isRead, message, metadata, order_id, priority, read_at, related_entity_id, restaurant_id, title, type, userId, id) 
    values
        (?, ?, ?, ?, ?, ?, ?, ?, ?, ?, ?, ?, ?, ?, ?, ?)
2025-07-03 23:42:38.862 [main] DEBUG org.hibernate.SQL - 
    select
        u1_0.id,
        u1_0.address,
        u1_0.email,
        u1_0.full_name,
        u1_0.is_active,
        u1_0.password_hash,
        u1_0.phone,
        u1_0.role 
    from
        users u1_0 
    where
        u1_0.id=?
Hibernate: 
    select
        u1_0.id,
        u1_0.address,
        u1_0.email,
        u1_0.full_name,
        u1_0.is_active,
        u1_0.password_hash,
        u1_0.phone,
        u1_0.role 
    from
        users u1_0 
    where
        u1_0.id=?
2025-07-03 23:42:38.862 [main] DEBUG org.hibernate.SQL - 
    insert 
    into
        notifications
        (created_at, deleted_at, delivery_id, isDeleted, isRead, message, metadata, order_id, priority, read_at, related_entity_id, restaurant_id, title, type, userId, id) 
    values
        (?, ?, ?, ?, ?, ?, ?, ?, ?, ?, ?, ?, ?, ?, ?, ?)
Hibernate: 
    insert 
    into
        notifications
        (created_at, deleted_at, delivery_id, isDeleted, isRead, message, metadata, order_id, priority, read_at, related_entity_id, restaurant_id, title, type, userId, id) 
    values
        (?, ?, ?, ?, ?, ?, ?, ?, ?, ?, ?, ?, ?, ?, ?, ?)
2025-07-03 23:42:38.864 [main] DEBUG org.hibernate.SQL - 
    select
        u1_0.id,
        u1_0.address,
        u1_0.email,
        u1_0.full_name,
        u1_0.is_active,
        u1_0.password_hash,
        u1_0.phone,
        u1_0.role 
    from
        users u1_0 
    where
        u1_0.id=?
Hibernate: 
    select
        u1_0.id,
        u1_0.address,
        u1_0.email,
        u1_0.full_name,
        u1_0.is_active,
        u1_0.password_hash,
        u1_0.phone,
        u1_0.role 
    from
        users u1_0 
    where
        u1_0.id=?
2025-07-03 23:42:38.864 [main] DEBUG org.hibernate.SQL - 
    insert 
    into
        notifications
        (created_at, deleted_at, delivery_id, isDeleted, isRead, message, metadata, order_id, priority, read_at, related_entity_id, restaurant_id, title, type, userId, id) 
    values
        (?, ?, ?, ?, ?, ?, ?, ?, ?, ?, ?, ?, ?, ?, ?, ?)
Hibernate: 
    insert 
    into
        notifications
        (created_at, deleted_at, delivery_id, isDeleted, isRead, message, metadata, order_id, priority, read_at, related_entity_id, restaurant_id, title, type, userId, id) 
    values
        (?, ?, ?, ?, ?, ?, ?, ?, ?, ?, ?, ?, ?, ?, ?, ?)
2025-07-03 23:42:38.868 [main] DEBUG org.hibernate.SQL - 
    select
        u1_0.id,
        u1_0.address,
        u1_0.email,
        u1_0.full_name,
        u1_0.is_active,
        u1_0.password_hash,
        u1_0.phone,
        u1_0.role 
    from
        users u1_0 
    where
        u1_0.id=?
Hibernate: 
    select
        u1_0.id,
        u1_0.address,
        u1_0.email,
        u1_0.full_name,
        u1_0.is_active,
        u1_0.password_hash,
        u1_0.phone,
        u1_0.role 
    from
        users u1_0 
    where
        u1_0.id=?
2025-07-03 23:42:38.868 [main] DEBUG org.hibernate.SQL - 
    insert 
    into
        notifications
        (created_at, deleted_at, delivery_id, isDeleted, isRead, message, metadata, order_id, priority, read_at, related_entity_id, restaurant_id, title, type, userId, id) 
    values
        (?, ?, ?, ?, ?, ?, ?, ?, ?, ?, ?, ?, ?, ?, ?, ?)
Hibernate: 
    insert 
    into
        notifications
        (created_at, deleted_at, delivery_id, isDeleted, isRead, message, metadata, order_id, priority, read_at, related_entity_id, restaurant_id, title, type, userId, id) 
    values
        (?, ?, ?, ?, ?, ?, ?, ?, ?, ?, ?, ?, ?, ?, ?, ?)
2025-07-03 23:42:38.870 [main] DEBUG org.hibernate.SQL - 
    select
        u1_0.id,
        u1_0.address,
        u1_0.email,
        u1_0.full_name,
        u1_0.is_active,
        u1_0.password_hash,
        u1_0.phone,
        u1_0.role 
    from
        users u1_0 
    where
        u1_0.id=?
Hibernate: 
    select
        u1_0.id,
        u1_0.address,
        u1_0.email,
        u1_0.full_name,
        u1_0.is_active,
        u1_0.password_hash,
        u1_0.phone,
        u1_0.role 
    from
        users u1_0 
    where
        u1_0.id=?
2025-07-03 23:42:38.870 [main] DEBUG org.hibernate.SQL - 
    insert 
    into
        notifications
        (created_at, deleted_at, delivery_id, isDeleted, isRead, message, metadata, order_id, priority, read_at, related_entity_id, restaurant_id, title, type, userId, id) 
    values
        (?, ?, ?, ?, ?, ?, ?, ?, ?, ?, ?, ?, ?, ?, ?, ?)
Hibernate: 
    insert 
    into
        notifications
        (created_at, deleted_at, delivery_id, isDeleted, isRead, message, metadata, order_id, priority, read_at, related_entity_id, restaurant_id, title, type, userId, id) 
    values
        (?, ?, ?, ?, ?, ?, ?, ?, ?, ?, ?, ?, ?, ?, ?, ?)
2025-07-03 23:42:38.873 [main] DEBUG org.hibernate.SQL - 
    select
        u1_0.id,
        u1_0.address,
        u1_0.email,
        u1_0.full_name,
        u1_0.is_active,
        u1_0.password_hash,
        u1_0.phone,
        u1_0.role 
    from
        users u1_0 
    where
        u1_0.id=?
Hibernate: 
    select
        u1_0.id,
        u1_0.address,
        u1_0.email,
        u1_0.full_name,
        u1_0.is_active,
        u1_0.password_hash,
        u1_0.phone,
        u1_0.role 
    from
        users u1_0 
    where
        u1_0.id=?
2025-07-03 23:42:38.873 [main] DEBUG org.hibernate.SQL - 
    insert 
    into
        notifications
        (created_at, deleted_at, delivery_id, isDeleted, isRead, message, metadata, order_id, priority, read_at, related_entity_id, restaurant_id, title, type, userId, id) 
    values
        (?, ?, ?, ?, ?, ?, ?, ?, ?, ?, ?, ?, ?, ?, ?, ?)
Hibernate: 
    insert 
    into
        notifications
        (created_at, deleted_at, delivery_id, isDeleted, isRead, message, metadata, order_id, priority, read_at, related_entity_id, restaurant_id, title, type, userId, id) 
    values
        (?, ?, ?, ?, ?, ?, ?, ?, ?, ?, ?, ?, ?, ?, ?, ?)
2025-07-03 23:42:38.875 [main] DEBUG org.hibernate.SQL - 
    select
        u1_0.id,
        u1_0.address,
        u1_0.email,
        u1_0.full_name,
        u1_0.is_active,
        u1_0.password_hash,
        u1_0.phone,
        u1_0.role 
    from
        users u1_0 
    where
        u1_0.id=?
Hibernate: 
    select
        u1_0.id,
        u1_0.address,
        u1_0.email,
        u1_0.full_name,
        u1_0.is_active,
        u1_0.password_hash,
        u1_0.phone,
        u1_0.role 
    from
        users u1_0 
    where
        u1_0.id=?
2025-07-03 23:42:38.875 [main] DEBUG org.hibernate.SQL - 
    insert 
    into
        notifications
        (created_at, deleted_at, delivery_id, isDeleted, isRead, message, metadata, order_id, priority, read_at, related_entity_id, restaurant_id, title, type, userId, id) 
    values
        (?, ?, ?, ?, ?, ?, ?, ?, ?, ?, ?, ?, ?, ?, ?, ?)
Hibernate: 
    insert 
    into
        notifications
        (created_at, deleted_at, delivery_id, isDeleted, isRead, message, metadata, order_id, priority, read_at, related_entity_id, restaurant_id, title, type, userId, id) 
    values
        (?, ?, ?, ?, ?, ?, ?, ?, ?, ?, ?, ?, ?, ?, ?, ?)
2025-07-03 23:42:38.877 [main] DEBUG org.hibernate.SQL - 
    select
        u1_0.id,
        u1_0.address,
        u1_0.email,
        u1_0.full_name,
        u1_0.is_active,
        u1_0.password_hash,
        u1_0.phone,
        u1_0.role 
    from
        users u1_0 
    where
        u1_0.id=?
Hibernate: 
    select
        u1_0.id,
        u1_0.address,
        u1_0.email,
        u1_0.full_name,
        u1_0.is_active,
        u1_0.password_hash,
        u1_0.phone,
        u1_0.role 
    from
        users u1_0 
    where
        u1_0.id=?
2025-07-03 23:42:38.877 [main] DEBUG org.hibernate.SQL - 
    insert 
    into
        notifications
        (created_at, deleted_at, delivery_id, isDeleted, isRead, message, metadata, order_id, priority, read_at, related_entity_id, restaurant_id, title, type, userId, id) 
    values
        (?, ?, ?, ?, ?, ?, ?, ?, ?, ?, ?, ?, ?, ?, ?, ?)
Hibernate: 
    insert 
    into
        notifications
        (created_at, deleted_at, delivery_id, isDeleted, isRead, message, metadata, order_id, priority, read_at, related_entity_id, restaurant_id, title, type, userId, id) 
    values
        (?, ?, ?, ?, ?, ?, ?, ?, ?, ?, ?, ?, ?, ?, ?, ?)
2025-07-03 23:42:38.879 [main] DEBUG org.hibernate.SQL - 
    select
        u1_0.id,
        u1_0.address,
        u1_0.email,
        u1_0.full_name,
        u1_0.is_active,
        u1_0.password_hash,
        u1_0.phone,
        u1_0.role 
    from
        users u1_0 
    where
        u1_0.id=?
Hibernate: 
    select
        u1_0.id,
        u1_0.address,
        u1_0.email,
        u1_0.full_name,
        u1_0.is_active,
        u1_0.password_hash,
        u1_0.phone,
        u1_0.role 
    from
        users u1_0 
    where
        u1_0.id=?
2025-07-03 23:42:38.879 [main] DEBUG org.hibernate.SQL - 
    insert 
    into
        notifications
        (created_at, deleted_at, delivery_id, isDeleted, isRead, message, metadata, order_id, priority, read_at, related_entity_id, restaurant_id, title, type, userId, id) 
    values
        (?, ?, ?, ?, ?, ?, ?, ?, ?, ?, ?, ?, ?, ?, ?, ?)
Hibernate: 
    insert 
    into
        notifications
        (created_at, deleted_at, delivery_id, isDeleted, isRead, message, metadata, order_id, priority, read_at, related_entity_id, restaurant_id, title, type, userId, id) 
    values
        (?, ?, ?, ?, ?, ?, ?, ?, ?, ?, ?, ?, ?, ?, ?, ?)
2025-07-03 23:42:38.881 [main] DEBUG org.hibernate.SQL - 
    select
        u1_0.id,
        u1_0.address,
        u1_0.email,
        u1_0.full_name,
        u1_0.is_active,
        u1_0.password_hash,
        u1_0.phone,
        u1_0.role 
    from
        users u1_0 
    where
        u1_0.id=?
Hibernate: 
    select
        u1_0.id,
        u1_0.address,
        u1_0.email,
        u1_0.full_name,
        u1_0.is_active,
        u1_0.password_hash,
        u1_0.phone,
        u1_0.role 
    from
        users u1_0 
    where
        u1_0.id=?
2025-07-03 23:42:38.881 [main] DEBUG org.hibernate.SQL - 
    insert 
    into
        notifications
        (created_at, deleted_at, delivery_id, isDeleted, isRead, message, metadata, order_id, priority, read_at, related_entity_id, restaurant_id, title, type, userId, id) 
    values
        (?, ?, ?, ?, ?, ?, ?, ?, ?, ?, ?, ?, ?, ?, ?, ?)
Hibernate: 
    insert 
    into
        notifications
        (created_at, deleted_at, delivery_id, isDeleted, isRead, message, metadata, order_id, priority, read_at, related_entity_id, restaurant_id, title, type, userId, id) 
    values
        (?, ?, ?, ?, ?, ?, ?, ?, ?, ?, ?, ?, ?, ?, ?, ?)
2025-07-03 23:42:38.883 [main] DEBUG org.hibernate.SQL - 
    select
        u1_0.id,
        u1_0.address,
        u1_0.email,
        u1_0.full_name,
        u1_0.is_active,
        u1_0.password_hash,
        u1_0.phone,
        u1_0.role 
    from
        users u1_0 
    where
        u1_0.id=?
Hibernate: 
    select
        u1_0.id,
        u1_0.address,
        u1_0.email,
        u1_0.full_name,
        u1_0.is_active,
        u1_0.password_hash,
        u1_0.phone,
        u1_0.role 
    from
        users u1_0 
    where
        u1_0.id=?
2025-07-03 23:42:38.884 [main] DEBUG org.hibernate.SQL - 
    select
        n1_0.id,
        n1_0.created_at,
        n1_0.deleted_at,
        n1_0.delivery_id,
        n1_0.isDeleted,
        n1_0.isRead,
        n1_0.message,
        n1_0.metadata,
        n1_0.order_id,
        n1_0.priority,
        n1_0.read_at,
        n1_0.related_entity_id,
        n1_0.restaurant_id,
        n1_0.title,
        n1_0.type,
        n1_0.userId 
    from
        notifications n1_0 
    where
        n1_0.userId=? 
        and n1_0.isDeleted=0 
    order by
        n1_0.created_at desc
Hibernate: 
    select
        n1_0.id,
        n1_0.created_at,
        n1_0.deleted_at,
        n1_0.delivery_id,
        n1_0.isDeleted,
        n1_0.isRead,
        n1_0.message,
        n1_0.metadata,
        n1_0.order_id,
        n1_0.priority,
        n1_0.read_at,
        n1_0.related_entity_id,
        n1_0.restaurant_id,
        n1_0.title,
        n1_0.type,
        n1_0.userId 
    from
        notifications n1_0 
    where
        n1_0.userId=? 
        and n1_0.isDeleted=0 
    order by
        n1_0.created_at desc
✅ Created 10 notifications for concurrent testing
2025-07-03 23:42:38.885 [pool-8-thread-1] DEBUG org.hibernate.SQL - 
    select
        n1_0.id,
        n1_0.created_at,
        n1_0.deleted_at,
        n1_0.delivery_id,
        n1_0.isDeleted,
        n1_0.isRead,
        n1_0.message,
        n1_0.metadata,
        n1_0.order_id,
        n1_0.priority,
        n1_0.read_at,
        n1_0.related_entity_id,
        n1_0.restaurant_id,
        n1_0.title,
        n1_0.type,
        n1_0.userId 
    from
        notifications n1_0 
    where
        n1_0.id=?
Hibernate: 
    select
        n1_0.id,
        n1_0.created_at,
        n1_0.deleted_at,
        n1_0.delivery_id,
        n1_0.isDeleted,
        n1_0.isRead,
        n1_0.message,
        n1_0.metadata,
        n1_0.order_id,
        n1_0.priority,
        n1_0.read_at,
        n1_0.related_entity_id,
        n1_0.restaurant_id,
        n1_0.title,
        n1_0.type,
        n1_0.userId 
    from
        notifications n1_0 
    where
        n1_0.id=?
2025-07-03 23:42:38.885 [pool-8-thread-2] DEBUG org.hibernate.SQL - 
    select
        n1_0.id,
        n1_0.created_at,
        n1_0.deleted_at,
        n1_0.delivery_id,
        n1_0.isDeleted,
        n1_0.isRead,
        n1_0.message,
        n1_0.metadata,
        n1_0.order_id,
        n1_0.priority,
        n1_0.read_at,
        n1_0.related_entity_id,
        n1_0.restaurant_id,
        n1_0.title,
        n1_0.type,
        n1_0.userId 
    from
        notifications n1_0 
    where
        n1_0.id=?
Hibernate: 
    select
        n1_0.id,
        n1_0.created_at,
        n1_0.deleted_at,
        n1_0.delivery_id,
        n1_0.isDeleted,
        n1_0.isRead,
        n1_0.message,
        n1_0.metadata,
        n1_0.order_id,
        n1_0.priority,
        n1_0.read_at,
        n1_0.related_entity_id,
        n1_0.restaurant_id,
        n1_0.title,
        n1_0.type,
        n1_0.userId 
    from
        notifications n1_0 
    where
        n1_0.id=?
2025-07-03 23:42:38.885 [pool-8-thread-1] DEBUG org.hibernate.SQL - 
    select
        n1_0.id,
        n1_0.created_at,
        n1_0.deleted_at,
        n1_0.delivery_id,
        n1_0.isDeleted,
        n1_0.isRead,
        n1_0.message,
        n1_0.metadata,
        n1_0.order_id,
        n1_0.priority,
        n1_0.read_at,
        n1_0.related_entity_id,
        n1_0.restaurant_id,
        n1_0.title,
        n1_0.type,
        n1_0.userId 
    from
        notifications n1_0 
    where
        n1_0.id=?
Hibernate: 
    select
        n1_0.id,
        n1_0.created_at,
        n1_0.deleted_at,
        n1_0.delivery_id,
        n1_0.isDeleted,
        n1_0.isRead,
        n1_0.message,
        n1_0.metadata,
        n1_0.order_id,
        n1_0.priority,
        n1_0.read_at,
        n1_0.related_entity_id,
        n1_0.restaurant_id,
        n1_0.title,
        n1_0.type,
        n1_0.userId 
    from
        notifications n1_0 
    where
        n1_0.id=?
2025-07-03 23:42:38.885 [pool-8-thread-2] DEBUG org.hibernate.SQL - 
    select
        n1_0.id,
        n1_0.created_at,
        n1_0.deleted_at,
        n1_0.delivery_id,
        n1_0.isDeleted,
        n1_0.isRead,
        n1_0.message,
        n1_0.metadata,
        n1_0.order_id,
        n1_0.priority,
        n1_0.read_at,
        n1_0.related_entity_id,
        n1_0.restaurant_id,
        n1_0.title,
        n1_0.type,
        n1_0.userId 
    from
        notifications n1_0 
    where
        n1_0.id=?
Hibernate: 
    select
        n1_0.id,
        n1_0.created_at,
        n1_0.deleted_at,
        n1_0.delivery_id,
        n1_0.isDeleted,
        n1_0.isRead,
        n1_0.message,
        n1_0.metadata,
        n1_0.order_id,
        n1_0.priority,
        n1_0.read_at,
        n1_0.related_entity_id,
        n1_0.restaurant_id,
        n1_0.title,
        n1_0.type,
        n1_0.userId 
    from
        notifications n1_0 
    where
        n1_0.id=?
2025-07-03 23:42:38.885 [pool-8-thread-2] DEBUG org.hibernate.SQL - 
    update
        notifications 
    set
        created_at=?,
        deleted_at=?,
        delivery_id=?,
        isDeleted=?,
        isRead=?,
        message=?,
        metadata=?,
        order_id=?,
        priority=?,
        read_at=?,
        related_entity_id=?,
        restaurant_id=?,
        title=?,
        type=?,
        userId=? 
    where
        id=?
Hibernate: 
    update
        notifications 
    set
        created_at=?,
        deleted_at=?,
        delivery_id=?,
        isDeleted=?,
        isRead=?,
        message=?,
        metadata=?,
        order_id=?,
        priority=?,
        read_at=?,
        related_entity_id=?,
        restaurant_id=?,
        title=?,
        type=?,
        userId=? 
    where
        id=?
2025-07-03 23:42:38.886 [pool-8-thread-1] DEBUG org.hibernate.SQL - 
    update
        notifications 
    set
        created_at=?,
        deleted_at=?,
        delivery_id=?,
        isDeleted=?,
        isRead=?,
        message=?,
        metadata=?,
        order_id=?,
        priority=?,
        read_at=?,
        related_entity_id=?,
        restaurant_id=?,
        title=?,
        type=?,
        userId=? 
    where
        id=?
Hibernate: 
    update
        notifications 
    set
        created_at=?,
        deleted_at=?,
        delivery_id=?,
        isDeleted=?,
        isRead=?,
        message=?,
        metadata=?,
        order_id=?,
        priority=?,
        read_at=?,
        related_entity_id=?,
        restaurant_id=?,
        title=?,
        type=?,
        userId=? 
    where
        id=?
2025-07-03 23:42:38.886 [pool-8-thread-1] ERROR org.hibernate.orm.jdbc.batch - HHH100501: Exception executing batch [org.sqlite.SQLiteException: [SQLITE_BUSY] The database file is locked (database is locked)], SQL: update notifications set created_at=?,deleted_at=?,delivery_id=?,isDeleted=?,isRead=?,message=?,metadata=?,order_id=?,priority=?,read_at=?,related_entity_id=?,restaurant_id=?,title=?,type=?,userId=? where id=?
2025-07-03 23:42:38.886 [pool-8-thread-1] WARN  o.h.e.jdbc.spi.SqlExceptionHelper - SQL Error: 5, SQLState: null
2025-07-03 23:42:38.886 [pool-8-thread-1] ERROR o.h.e.jdbc.spi.SqlExceptionHelper - [SQLITE_BUSY] The database file is locked (database is locked)
2025-07-03 23:42:38.888 [pool-8-thread-2] DEBUG org.hibernate.SQL - 
    select
        n1_0.id,
        n1_0.created_at,
        n1_0.deleted_at,
        n1_0.delivery_id,
        n1_0.isDeleted,
        n1_0.isRead,
        n1_0.message,
        n1_0.metadata,
        n1_0.order_id,
        n1_0.priority,
        n1_0.read_at,
        n1_0.related_entity_id,
        n1_0.restaurant_id,
        n1_0.title,
        n1_0.type,
        n1_0.userId 
    from
        notifications n1_0 
    where
        n1_0.id=?
Hibernate: 
    select
        n1_0.id,
        n1_0.created_at,
        n1_0.deleted_at,
        n1_0.delivery_id,
        n1_0.isDeleted,
        n1_0.isRead,
        n1_0.message,
        n1_0.metadata,
        n1_0.order_id,
        n1_0.priority,
        n1_0.read_at,
        n1_0.related_entity_id,
        n1_0.restaurant_id,
        n1_0.title,
        n1_0.type,
        n1_0.userId 
    from
        notifications n1_0 
    where
        n1_0.id=?
2025-07-03 23:42:38.888 [pool-8-thread-2] DEBUG org.hibernate.SQL - 
    select
        n1_0.id,
        n1_0.created_at,
        n1_0.deleted_at,
        n1_0.delivery_id,
        n1_0.isDeleted,
        n1_0.isRead,
        n1_0.message,
        n1_0.metadata,
        n1_0.order_id,
        n1_0.priority,
        n1_0.read_at,
        n1_0.related_entity_id,
        n1_0.restaurant_id,
        n1_0.title,
        n1_0.type,
        n1_0.userId 
    from
        notifications n1_0 
    where
        n1_0.id=?
Hibernate: 
    select
        n1_0.id,
        n1_0.created_at,
        n1_0.deleted_at,
        n1_0.delivery_id,
        n1_0.isDeleted,
        n1_0.isRead,
        n1_0.message,
        n1_0.metadata,
        n1_0.order_id,
        n1_0.priority,
        n1_0.read_at,
        n1_0.related_entity_id,
        n1_0.restaurant_id,
        n1_0.title,
        n1_0.type,
        n1_0.userId 
    from
        notifications n1_0 
    where
        n1_0.id=?
2025-07-03 23:42:38.888 [pool-8-thread-2] DEBUG org.hibernate.SQL - 
    update
        notifications 
    set
        created_at=?,
        deleted_at=?,
        delivery_id=?,
        isDeleted=?,
        isRead=?,
        message=?,
        metadata=?,
        order_id=?,
        priority=?,
        read_at=?,
        related_entity_id=?,
        restaurant_id=?,
        title=?,
        type=?,
        userId=? 
    where
        id=?
Hibernate: 
    update
        notifications 
    set
        created_at=?,
        deleted_at=?,
        delivery_id=?,
        isDeleted=?,
        isRead=?,
        message=?,
        metadata=?,
        order_id=?,
        priority=?,
        read_at=?,
        related_entity_id=?,
        restaurant_id=?,
        title=?,
        type=?,
        userId=? 
    where
        id=?
2025-07-03 23:42:38.890 [pool-8-thread-2] DEBUG org.hibernate.SQL - 
    select
        n1_0.id,
        n1_0.created_at,
        n1_0.deleted_at,
        n1_0.delivery_id,
        n1_0.isDeleted,
        n1_0.isRead,
        n1_0.message,
        n1_0.metadata,
        n1_0.order_id,
        n1_0.priority,
        n1_0.read_at,
        n1_0.related_entity_id,
        n1_0.restaurant_id,
        n1_0.title,
        n1_0.type,
        n1_0.userId 
    from
        notifications n1_0 
    where
        n1_0.id=?
Hibernate: 
    select
        n1_0.id,
        n1_0.created_at,
        n1_0.deleted_at,
        n1_0.delivery_id,
        n1_0.isDeleted,
        n1_0.isRead,
        n1_0.message,
        n1_0.metadata,
        n1_0.order_id,
        n1_0.priority,
        n1_0.read_at,
        n1_0.related_entity_id,
        n1_0.restaurant_id,
        n1_0.title,
        n1_0.type,
        n1_0.userId 
    from
        notifications n1_0 
    where
        n1_0.id=?
2025-07-03 23:42:38.890 [pool-8-thread-2] DEBUG org.hibernate.SQL - 
    select
        n1_0.id,
        n1_0.created_at,
        n1_0.deleted_at,
        n1_0.delivery_id,
        n1_0.isDeleted,
        n1_0.isRead,
        n1_0.message,
        n1_0.metadata,
        n1_0.order_id,
        n1_0.priority,
        n1_0.read_at,
        n1_0.related_entity_id,
        n1_0.restaurant_id,
        n1_0.title,
        n1_0.type,
        n1_0.userId 
    from
        notifications n1_0 
    where
        n1_0.id=?
Hibernate: 
    select
        n1_0.id,
        n1_0.created_at,
        n1_0.deleted_at,
        n1_0.delivery_id,
        n1_0.isDeleted,
        n1_0.isRead,
        n1_0.message,
        n1_0.metadata,
        n1_0.order_id,
        n1_0.priority,
        n1_0.read_at,
        n1_0.related_entity_id,
        n1_0.restaurant_id,
        n1_0.title,
        n1_0.type,
        n1_0.userId 
    from
        notifications n1_0 
    where
        n1_0.id=?
2025-07-03 23:42:38.890 [pool-8-thread-2] DEBUG org.hibernate.SQL - 
    update
        notifications 
    set
        created_at=?,
        deleted_at=?,
        delivery_id=?,
        isDeleted=?,
        isRead=?,
        message=?,
        metadata=?,
        order_id=?,
        priority=?,
        read_at=?,
        related_entity_id=?,
        restaurant_id=?,
        title=?,
        type=?,
        userId=? 
    where
        id=?
Hibernate: 
    update
        notifications 
    set
        created_at=?,
        deleted_at=?,
        delivery_id=?,
        isDeleted=?,
        isRead=?,
        message=?,
        metadata=?,
        order_id=?,
        priority=?,
        read_at=?,
        related_entity_id=?,
        restaurant_id=?,
        title=?,
        type=?,
        userId=? 
    where
        id=?
2025-07-03 23:42:38.892 [pool-8-thread-2] DEBUG org.hibernate.SQL - 
    select
        n1_0.id,
        n1_0.created_at,
        n1_0.deleted_at,
        n1_0.delivery_id,
        n1_0.isDeleted,
        n1_0.isRead,
        n1_0.message,
        n1_0.metadata,
        n1_0.order_id,
        n1_0.priority,
        n1_0.read_at,
        n1_0.related_entity_id,
        n1_0.restaurant_id,
        n1_0.title,
        n1_0.type,
        n1_0.userId 
    from
        notifications n1_0 
    where
        n1_0.id=?
Hibernate: 
    select
        n1_0.id,
        n1_0.created_at,
        n1_0.deleted_at,
        n1_0.delivery_id,
        n1_0.isDeleted,
        n1_0.isRead,
        n1_0.message,
        n1_0.metadata,
        n1_0.order_id,
        n1_0.priority,
        n1_0.read_at,
        n1_0.related_entity_id,
        n1_0.restaurant_id,
        n1_0.title,
        n1_0.type,
        n1_0.userId 
    from
        notifications n1_0 
    where
        n1_0.id=?
2025-07-03 23:42:38.892 [pool-8-thread-2] DEBUG org.hibernate.SQL - 
    select
        n1_0.id,
        n1_0.created_at,
        n1_0.deleted_at,
        n1_0.delivery_id,
        n1_0.isDeleted,
        n1_0.isRead,
        n1_0.message,
        n1_0.metadata,
        n1_0.order_id,
        n1_0.priority,
        n1_0.read_at,
        n1_0.related_entity_id,
        n1_0.restaurant_id,
        n1_0.title,
        n1_0.type,
        n1_0.userId 
    from
        notifications n1_0 
    where
        n1_0.id=?
Hibernate: 
    select
        n1_0.id,
        n1_0.created_at,
        n1_0.deleted_at,
        n1_0.delivery_id,
        n1_0.isDeleted,
        n1_0.isRead,
        n1_0.message,
        n1_0.metadata,
        n1_0.order_id,
        n1_0.priority,
        n1_0.read_at,
        n1_0.related_entity_id,
        n1_0.restaurant_id,
        n1_0.title,
        n1_0.type,
        n1_0.userId 
    from
        notifications n1_0 
    where
        n1_0.id=?
2025-07-03 23:42:38.893 [pool-8-thread-2] DEBUG org.hibernate.SQL - 
    update
        notifications 
    set
        created_at=?,
        deleted_at=?,
        delivery_id=?,
        isDeleted=?,
        isRead=?,
        message=?,
        metadata=?,
        order_id=?,
        priority=?,
        read_at=?,
        related_entity_id=?,
        restaurant_id=?,
        title=?,
        type=?,
        userId=? 
    where
        id=?
Hibernate: 
    update
        notifications 
    set
        created_at=?,
        deleted_at=?,
        delivery_id=?,
        isDeleted=?,
        isRead=?,
        message=?,
        metadata=?,
        order_id=?,
        priority=?,
        read_at=?,
        related_entity_id=?,
        restaurant_id=?,
        title=?,
        type=?,
        userId=? 
    where
        id=?
2025-07-03 23:42:38.895 [pool-8-thread-2] DEBUG org.hibernate.SQL - 
    select
        n1_0.id,
        n1_0.created_at,
        n1_0.deleted_at,
        n1_0.delivery_id,
        n1_0.isDeleted,
        n1_0.isRead,
        n1_0.message,
        n1_0.metadata,
        n1_0.order_id,
        n1_0.priority,
        n1_0.read_at,
        n1_0.related_entity_id,
        n1_0.restaurant_id,
        n1_0.title,
        n1_0.type,
        n1_0.userId 
    from
        notifications n1_0 
    where
        n1_0.id=?
Hibernate: 
    select
        n1_0.id,
        n1_0.created_at,
        n1_0.deleted_at,
        n1_0.delivery_id,
        n1_0.isDeleted,
        n1_0.isRead,
        n1_0.message,
        n1_0.metadata,
        n1_0.order_id,
        n1_0.priority,
        n1_0.read_at,
        n1_0.related_entity_id,
        n1_0.restaurant_id,
        n1_0.title,
        n1_0.type,
        n1_0.userId 
    from
        notifications n1_0 
    where
        n1_0.id=?
2025-07-03 23:42:38.895 [pool-8-thread-2] DEBUG org.hibernate.SQL - 
    select
        n1_0.id,
        n1_0.created_at,
        n1_0.deleted_at,
        n1_0.delivery_id,
        n1_0.isDeleted,
        n1_0.isRead,
        n1_0.message,
        n1_0.metadata,
        n1_0.order_id,
        n1_0.priority,
        n1_0.read_at,
        n1_0.related_entity_id,
        n1_0.restaurant_id,
        n1_0.title,
        n1_0.type,
        n1_0.userId 
    from
        notifications n1_0 
    where
        n1_0.id=?
Hibernate: 
    select
        n1_0.id,
        n1_0.created_at,
        n1_0.deleted_at,
        n1_0.delivery_id,
        n1_0.isDeleted,
        n1_0.isRead,
        n1_0.message,
        n1_0.metadata,
        n1_0.order_id,
        n1_0.priority,
        n1_0.read_at,
        n1_0.related_entity_id,
        n1_0.restaurant_id,
        n1_0.title,
        n1_0.type,
        n1_0.userId 
    from
        notifications n1_0 
    where
        n1_0.id=?
2025-07-03 23:42:38.897 [pool-8-thread-2] DEBUG org.hibernate.SQL - 
    update
        notifications 
    set
        created_at=?,
        deleted_at=?,
        delivery_id=?,
        isDeleted=?,
        isRead=?,
        message=?,
        metadata=?,
        order_id=?,
        priority=?,
        read_at=?,
        related_entity_id=?,
        restaurant_id=?,
        title=?,
        type=?,
        userId=? 
    where
        id=?
Hibernate: 
    update
        notifications 
    set
        created_at=?,
        deleted_at=?,
        delivery_id=?,
        isDeleted=?,
        isRead=?,
        message=?,
        metadata=?,
        order_id=?,
        priority=?,
        read_at=?,
        related_entity_id=?,
        restaurant_id=?,
        title=?,
        type=?,
        userId=? 
    where
        id=?
2025-07-03 23:42:38.900 [pool-8-thread-2] DEBUG org.hibernate.SQL - 
    select
        n1_0.id,
        n1_0.created_at,
        n1_0.deleted_at,
        n1_0.delivery_id,
        n1_0.isDeleted,
        n1_0.isRead,
        n1_0.message,
        n1_0.metadata,
        n1_0.order_id,
        n1_0.priority,
        n1_0.read_at,
        n1_0.related_entity_id,
        n1_0.restaurant_id,
        n1_0.title,
        n1_0.type,
        n1_0.userId 
    from
        notifications n1_0 
    where
        n1_0.id=?
Hibernate: 
    select
        n1_0.id,
        n1_0.created_at,
        n1_0.deleted_at,
        n1_0.delivery_id,
        n1_0.isDeleted,
        n1_0.isRead,
        n1_0.message,
        n1_0.metadata,
        n1_0.order_id,
        n1_0.priority,
        n1_0.read_at,
        n1_0.related_entity_id,
        n1_0.restaurant_id,
        n1_0.title,
        n1_0.type,
        n1_0.userId 
    from
        notifications n1_0 
    where
        n1_0.id=?
2025-07-03 23:42:38.901 [pool-8-thread-2] DEBUG org.hibernate.SQL - 
    select
        n1_0.id,
        n1_0.created_at,
        n1_0.deleted_at,
        n1_0.delivery_id,
        n1_0.isDeleted,
        n1_0.isRead,
        n1_0.message,
        n1_0.metadata,
        n1_0.order_id,
        n1_0.priority,
        n1_0.read_at,
        n1_0.related_entity_id,
        n1_0.restaurant_id,
        n1_0.title,
        n1_0.type,
        n1_0.userId 
    from
        notifications n1_0 
    where
        n1_0.id=?
Hibernate: 
    select
        n1_0.id,
        n1_0.created_at,
        n1_0.deleted_at,
        n1_0.delivery_id,
        n1_0.isDeleted,
        n1_0.isRead,
        n1_0.message,
        n1_0.metadata,
        n1_0.order_id,
        n1_0.priority,
        n1_0.read_at,
        n1_0.related_entity_id,
        n1_0.restaurant_id,
        n1_0.title,
        n1_0.type,
        n1_0.userId 
    from
        notifications n1_0 
    where
        n1_0.id=?
2025-07-03 23:42:38.901 [pool-8-thread-2] DEBUG org.hibernate.SQL - 
    update
        notifications 
    set
        created_at=?,
        deleted_at=?,
        delivery_id=?,
        isDeleted=?,
        isRead=?,
        message=?,
        metadata=?,
        order_id=?,
        priority=?,
        read_at=?,
        related_entity_id=?,
        restaurant_id=?,
        title=?,
        type=?,
        userId=? 
    where
        id=?
Hibernate: 
    update
        notifications 
    set
        created_at=?,
        deleted_at=?,
        delivery_id=?,
        isDeleted=?,
        isRead=?,
        message=?,
        metadata=?,
        order_id=?,
        priority=?,
        read_at=?,
        related_entity_id=?,
        restaurant_id=?,
        title=?,
        type=?,
        userId=? 
    where
        id=?
2025-07-03 23:42:38.904 [pool-8-thread-2] DEBUG org.hibernate.SQL - 
    select
        n1_0.id,
        n1_0.created_at,
        n1_0.deleted_at,
        n1_0.delivery_id,
        n1_0.isDeleted,
        n1_0.isRead,
        n1_0.message,
        n1_0.metadata,
        n1_0.order_id,
        n1_0.priority,
        n1_0.read_at,
        n1_0.related_entity_id,
        n1_0.restaurant_id,
        n1_0.title,
        n1_0.type,
        n1_0.userId 
    from
        notifications n1_0 
    where
        n1_0.id=?
Hibernate: 
    select
        n1_0.id,
        n1_0.created_at,
        n1_0.deleted_at,
        n1_0.delivery_id,
        n1_0.isDeleted,
        n1_0.isRead,
        n1_0.message,
        n1_0.metadata,
        n1_0.order_id,
        n1_0.priority,
        n1_0.read_at,
        n1_0.related_entity_id,
        n1_0.restaurant_id,
        n1_0.title,
        n1_0.type,
        n1_0.userId 
    from
        notifications n1_0 
    where
        n1_0.id=?
2025-07-03 23:42:38.904 [pool-8-thread-2] DEBUG org.hibernate.SQL - 
    select
        n1_0.id,
        n1_0.created_at,
        n1_0.deleted_at,
        n1_0.delivery_id,
        n1_0.isDeleted,
        n1_0.isRead,
        n1_0.message,
        n1_0.metadata,
        n1_0.order_id,
        n1_0.priority,
        n1_0.read_at,
        n1_0.related_entity_id,
        n1_0.restaurant_id,
        n1_0.title,
        n1_0.type,
        n1_0.userId 
    from
        notifications n1_0 
    where
        n1_0.id=?
Hibernate: 
    select
        n1_0.id,
        n1_0.created_at,
        n1_0.deleted_at,
        n1_0.delivery_id,
        n1_0.isDeleted,
        n1_0.isRead,
        n1_0.message,
        n1_0.metadata,
        n1_0.order_id,
        n1_0.priority,
        n1_0.read_at,
        n1_0.related_entity_id,
        n1_0.restaurant_id,
        n1_0.title,
        n1_0.type,
        n1_0.userId 
    from
        notifications n1_0 
    where
        n1_0.id=?
2025-07-03 23:42:38.904 [pool-8-thread-2] DEBUG org.hibernate.SQL - 
    update
        notifications 
    set
        created_at=?,
        deleted_at=?,
        delivery_id=?,
        isDeleted=?,
        isRead=?,
        message=?,
        metadata=?,
        order_id=?,
        priority=?,
        read_at=?,
        related_entity_id=?,
        restaurant_id=?,
        title=?,
        type=?,
        userId=? 
    where
[...]
Hibernate: 
    insert 
    into
        notifications
        (created_at, deleted_at, delivery_id, isDeleted, isRead, message, metadata, order_id, priority, read_at, related_entity_id, restaurant_id, title, type, userId, id) 
    values
        (?, ?, ?, ?, ?, ?, ?, ?, ?, ?, ?, ?, ?, ?, ?, ?)
2025-07-03 23:42:39.142 [main] DEBUG org.hibernate.SQL - 
    select
        u1_0.id,
        u1_0.address,
        u1_0.email,
        u1_0.full_name,
        u1_0.is_active,
        u1_0.password_hash,
        u1_0.phone,
        u1_0.role 
    from
        users u1_0 
    where
        u1_0.id=?
Hibernate: 
    select
        u1_0.id,
        u1_0.address,
        u1_0.email,
        u1_0.full_name,
        u1_0.is_active,
        u1_0.password_hash,
        u1_0.phone,
        u1_0.role 
    from
        users u1_0 
    where
        u1_0.id=?
2025-07-03 23:42:39.142 [main] DEBUG org.hibernate.SQL - 
    insert 
    into
        notifications
        (created_at, deleted_at, delivery_id, isDeleted, isRead, message, metadata, order_id, priority, read_at, related_entity_id, restaurant_id, title, type, userId, id) 
    values
        (?, ?, ?, ?, ?, ?, ?, ?, ?, ?, ?, ?, ?, ?, ?, ?)
Hibernate: 
    insert 
    into
        notifications
        (created_at, deleted_at, delivery_id, isDeleted, isRead, message, metadata, order_id, priority, read_at, related_entity_id, restaurant_id, title, type, userId, id) 
    values
        (?, ?, ?, ?, ?, ?, ?, ?, ?, ?, ?, ?, ?, ?, ?, ?)
2025-07-03 23:42:39.144 [main] DEBUG org.hibernate.SQL - 
    select
        u1_0.id,
        u1_0.address,
        u1_0.email,
        u1_0.full_name,
        u1_0.is_active,
        u1_0.password_hash,
        u1_0.phone,
        u1_0.role 
    from
        users u1_0 
    where
        u1_0.id=?
Hibernate: 
    select
        u1_0.id,
        u1_0.address,
        u1_0.email,
        u1_0.full_name,
        u1_0.is_active,
        u1_0.password_hash,
        u1_0.phone,
        u1_0.role 
    from
        users u1_0 
    where
        u1_0.id=?
2025-07-03 23:42:39.144 [main] DEBUG org.hibernate.SQL - 
    insert 
    into
        notifications
        (created_at, deleted_at, delivery_id, isDeleted, isRead, message, metadata, order_id, priority, read_at, related_entity_id, restaurant_id, title, type, userId, id) 
    values
        (?, ?, ?, ?, ?, ?, ?, ?, ?, ?, ?, ?, ?, ?, ?, ?)
Hibernate: 
    insert 
    into
        notifications
        (created_at, deleted_at, delivery_id, isDeleted, isRead, message, metadata, order_id, priority, read_at, related_entity_id, restaurant_id, title, type, userId, id) 
    values
        (?, ?, ?, ?, ?, ?, ?, ?, ?, ?, ?, ?, ?, ?, ?, ?)
2025-07-03 23:42:39.146 [main] DEBUG org.hibernate.SQL - 
    select
        u1_0.id,
        u1_0.address,
        u1_0.email,
        u1_0.full_name,
        u1_0.is_active,
        u1_0.password_hash,
        u1_0.phone,
        u1_0.role 
    from
        users u1_0 
    where
        u1_0.id=?
Hibernate: 
    select
        u1_0.id,
        u1_0.address,
        u1_0.email,
        u1_0.full_name,
        u1_0.is_active,
        u1_0.password_hash,
        u1_0.phone,
        u1_0.role 
    from
        users u1_0 
    where
        u1_0.id=?
2025-07-03 23:42:39.146 [main] DEBUG org.hibernate.SQL - 
    insert 
    into
        notifications
        (created_at, deleted_at, delivery_id, isDeleted, isRead, message, metadata, order_id, priority, read_at, related_entity_id, restaurant_id, title, type, userId, id) 
    values
        (?, ?, ?, ?, ?, ?, ?, ?, ?, ?, ?, ?, ?, ?, ?, ?)
Hibernate: 
    insert 
    into
        notifications
        (created_at, deleted_at, delivery_id, isDeleted, isRead, message, metadata, order_id, priority, read_at, related_entity_id, restaurant_id, title, type, userId, id) 
    values
        (?, ?, ?, ?, ?, ?, ?, ?, ?, ?, ?, ?, ?, ?, ?, ?)
2025-07-03 23:42:39.148 [main] DEBUG org.hibernate.SQL - 
    select
        u1_0.id,
        u1_0.address,
        u1_0.email,
        u1_0.full_name,
        u1_0.is_active,
        u1_0.password_hash,
        u1_0.phone,
        u1_0.role 
    from
        users u1_0 
    where
        u1_0.id=?
Hibernate: 
    select
        u1_0.id,
        u1_0.address,
        u1_0.email,
        u1_0.full_name,
        u1_0.is_active,
        u1_0.password_hash,
        u1_0.phone,
        u1_0.role 
    from
        users u1_0 
    where
        u1_0.id=?
2025-07-03 23:42:39.149 [main] DEBUG org.hibernate.SQL - 
    insert 
    into
        notifications
        (created_at, deleted_at, delivery_id, isDeleted, isRead, message, metadata, order_id, priority, read_at, related_entity_id, restaurant_id, title, type, userId, id) 
    values
        (?, ?, ?, ?, ?, ?, ?, ?, ?, ?, ?, ?, ?, ?, ?, ?)
Hibernate: 
    insert 
    into
        notifications
        (created_at, deleted_at, delivery_id, isDeleted, isRead, message, metadata, order_id, priority, read_at, related_entity_id, restaurant_id, title, type, userId, id) 
    values
        (?, ?, ?, ?, ?, ?, ?, ?, ?, ?, ?, ?, ?, ?, ?, ?)
2025-07-03 23:42:39.151 [main] DEBUG org.hibernate.SQL - 
    select
        u1_0.id,
        u1_0.address,
        u1_0.email,
        u1_0.full_name,
        u1_0.is_active,
        u1_0.password_hash,
        u1_0.phone,
        u1_0.role 
    from
        users u1_0 
    where
        u1_0.id=?
Hibernate: 
    select
        u1_0.id,
        u1_0.address,
        u1_0.email,
        u1_0.full_name,
        u1_0.is_active,
        u1_0.password_hash,
        u1_0.phone,
        u1_0.role 
    from
        users u1_0 
    where
        u1_0.id=?
2025-07-03 23:42:39.151 [main] DEBUG org.hibernate.SQL - 
    insert 
    into
        notifications
        (created_at, deleted_at, delivery_id, isDeleted, isRead, message, metadata, order_id, priority, read_at, related_entity_id, restaurant_id, title, type, userId, id) 
    values
        (?, ?, ?, ?, ?, ?, ?, ?, ?, ?, ?, ?, ?, ?, ?, ?)
Hibernate: 
    insert 
    into
        notifications
        (created_at, deleted_at, delivery_id, isDeleted, isRead, message, metadata, order_id, priority, read_at, related_entity_id, restaurant_id, title, type, userId, id) 
    values
        (?, ?, ?, ?, ?, ?, ?, ?, ?, ?, ?, ?, ?, ?, ?, ?)
2025-07-03 23:42:39.153 [main] DEBUG org.hibernate.SQL - 
    select
        u1_0.id,
        u1_0.address,
        u1_0.email,
        u1_0.full_name,
        u1_0.is_active,
        u1_0.password_hash,
        u1_0.phone,
        u1_0.role 
    from
        users u1_0 
    where
        u1_0.id=?
Hibernate: 
    select
        u1_0.id,
        u1_0.address,
        u1_0.email,
        u1_0.full_name,
        u1_0.is_active,
        u1_0.password_hash,
        u1_0.phone,
        u1_0.role 
    from
        users u1_0 
    where
        u1_0.id=?
2025-07-03 23:42:39.153 [main] DEBUG org.hibernate.SQL - 
    insert 
    into
        notifications
        (created_at, deleted_at, delivery_id, isDeleted, isRead, message, metadata, order_id, priority, read_at, related_entity_id, restaurant_id, title, type, userId, id) 
    values
        (?, ?, ?, ?, ?, ?, ?, ?, ?, ?, ?, ?, ?, ?, ?, ?)
Hibernate: 
    insert 
    into
        notifications
        (created_at, deleted_at, delivery_id, isDeleted, isRead, message, metadata, order_id, priority, read_at, related_entity_id, restaurant_id, title, type, userId, id) 
    values
        (?, ?, ?, ?, ?, ?, ?, ?, ?, ?, ?, ?, ?, ?, ?, ?)
2025-07-03 23:42:39.155 [main] DEBUG org.hibernate.SQL - 
    select
        u1_0.id,
        u1_0.address,
        u1_0.email,
        u1_0.full_name,
        u1_0.is_active,
        u1_0.password_hash,
        u1_0.phone,
        u1_0.role 
    from
        users u1_0 
    where
        u1_0.id=?
Hibernate: 
    select
        u1_0.id,
        u1_0.address,
        u1_0.email,
        u1_0.full_name,
        u1_0.is_active,
        u1_0.password_hash,
        u1_0.phone,
        u1_0.role 
    from
        users u1_0 
    where
        u1_0.id=?
2025-07-03 23:42:39.155 [main] DEBUG org.hibernate.SQL - 
    insert 
    into
        notifications
        (created_at, deleted_at, delivery_id, isDeleted, isRead, message, metadata, order_id, priority, read_at, related_entity_id, restaurant_id, title, type, userId, id) 
    values
        (?, ?, ?, ?, ?, ?, ?, ?, ?, ?, ?, ?, ?, ?, ?, ?)
Hibernate: 
    insert 
    into
        notifications
        (created_at, deleted_at, delivery_id, isDeleted, isRead, message, metadata, order_id, priority, read_at, related_entity_id, restaurant_id, title, type, userId, id) 
    values
        (?, ?, ?, ?, ?, ?, ?, ?, ?, ?, ?, ?, ?, ?, ?, ?)
2025-07-03 23:42:39.157 [main] DEBUG org.hibernate.SQL - 
    select
        u1_0.id,
        u1_0.address,
        u1_0.email,
        u1_0.full_name,
        u1_0.is_active,
        u1_0.password_hash,
        u1_0.phone,
        u1_0.role 
    from
        users u1_0 
    where
        u1_0.id=?
Hibernate: 
    select
        u1_0.id,
        u1_0.address,
        u1_0.email,
        u1_0.full_name,
        u1_0.is_active,
        u1_0.password_hash,
        u1_0.phone,
        u1_0.role 
    from
        users u1_0 
    where
        u1_0.id=?
2025-07-03 23:42:39.158 [main] DEBUG org.hibernate.SQL - 
    insert 
    into
        notifications
        (created_at, deleted_at, delivery_id, isDeleted, isRead, message, metadata, order_id, priority, read_at, related_entity_id, restaurant_id, title, type, userId, id) 
    values
        (?, ?, ?, ?, ?, ?, ?, ?, ?, ?, ?, ?, ?, ?, ?, ?)
Hibernate: 
    insert 
    into
        notifications
        (created_at, deleted_at, delivery_id, isDeleted, isRead, message, metadata, order_id, priority, read_at, related_entity_id, restaurant_id, title, type, userId, id) 
    values
        (?, ?, ?, ?, ?, ?, ?, ?, ?, ?, ?, ?, ?, ?, ?, ?)
2025-07-03 23:42:39.160 [main] DEBUG org.hibernate.SQL - 
    select
        u1_0.id,
        u1_0.address,
        u1_0.email,
        u1_0.full_name,
        u1_0.is_active,
        u1_0.password_hash,
        u1_0.phone,
        u1_0.role 
    from
        users u1_0 
    where
        u1_0.id=?
Hibernate: 
    select
        u1_0.id,
        u1_0.address,
        u1_0.email,
        u1_0.full_name,
        u1_0.is_active,
        u1_0.password_hash,
        u1_0.phone,
        u1_0.role 
    from
        users u1_0 
    where
        u1_0.id=?
2025-07-03 23:42:39.160 [main] DEBUG org.hibernate.SQL - 
    insert 
    into
        notifications
        (created_at, deleted_at, delivery_id, isDeleted, isRead, message, metadata, order_id, priority, read_at, related_entity_id, restaurant_id, title, type, userId, id) 
    values
        (?, ?, ?, ?, ?, ?, ?, ?, ?, ?, ?, ?, ?, ?, ?, ?)
Hibernate: 
    insert 
    into
        notifications
        (created_at, deleted_at, delivery_id, isDeleted, isRead, message, metadata, order_id, priority, read_at, related_entity_id, restaurant_id, title, type, userId, id) 
    values
        (?, ?, ?, ?, ?, ?, ?, ?, ?, ?, ?, ?, ?, ?, ?, ?)
2025-07-03 23:42:39.162 [main] DEBUG org.hibernate.SQL - 
    select
        u1_0.id,
        u1_0.address,
        u1_0.email,
        u1_0.full_name,
        u1_0.is_active,
        u1_0.password_hash,
        u1_0.phone,
        u1_0.role 
    from
        users u1_0 
    where
        u1_0.id=?
Hibernate: 
    select
        u1_0.id,
        u1_0.address,
        u1_0.email,
        u1_0.full_name,
        u1_0.is_active,
        u1_0.password_hash,
        u1_0.phone,
        u1_0.role 
    from
        users u1_0 
    where
        u1_0.id=?
2025-07-03 23:42:39.162 [main] DEBUG org.hibernate.SQL - 
    insert 
    into
        notifications
        (created_at, deleted_at, delivery_id, isDeleted, isRead, message, metadata, order_id, priority, read_at, related_entity_id, restaurant_id, title, type, userId, id) 
    values
        (?, ?, ?, ?, ?, ?, ?, ?, ?, ?, ?, ?, ?, ?, ?, ?)
Hibernate: 
    insert 
    into
        notifications
        (created_at, deleted_at, delivery_id, isDeleted, isRead, message, metadata, order_id, priority, read_at, related_entity_id, restaurant_id, title, type, userId, id) 
    values
        (?, ?, ?, ?, ?, ?, ?, ?, ?, ?, ?, ?, ?, ?, ?, ?)
2025-07-03 23:42:39.164 [main] DEBUG org.hibernate.SQL - 
    select
        u1_0.id,
        u1_0.address,
        u1_0.email,
        u1_0.full_name,
        u1_0.is_active,
        u1_0.password_hash,
        u1_0.phone,
        u1_0.role 
    from
        users u1_0 
    where
        u1_0.id=?
Hibernate: 
    select
        u1_0.id,
        u1_0.address,
        u1_0.email,
        u1_0.full_name,
        u1_0.is_active,
        u1_0.password_hash,
        u1_0.phone,
        u1_0.role 
    from
        users u1_0 
    where
        u1_0.id=?
2025-07-03 23:42:39.164 [main] DEBUG org.hibernate.SQL - 
    insert 
    into
        notifications
        (created_at, deleted_at, delivery_id, isDeleted, isRead, message, metadata, order_id, priority, read_at, related_entity_id, restaurant_id, title, type, userId, id) 
    values
        (?, ?, ?, ?, ?, ?, ?, ?, ?, ?, ?, ?, ?, ?, ?, ?)
Hibernate: 
    insert 
    into
        notifications
        (created_at, deleted_at, delivery_id, isDeleted, isRead, message, metadata, order_id, priority, read_at, related_entity_id, restaurant_id, title, type, userId, id) 
    values
        (?, ?, ?, ?, ?, ?, ?, ?, ?, ?, ?, ?, ?, ?, ?, ?)
2025-07-03 23:42:39.166 [main] DEBUG org.hibernate.SQL - 
    select
        u1_0.id,
        u1_0.address,
        u1_0.email,
        u1_0.full_name,
        u1_0.is_active,
        u1_0.password_hash,
        u1_0.phone,
        u1_0.role 
    from
        users u1_0 
    where
        u1_0.id=?
Hibernate: 
    select
        u1_0.id,
        u1_0.address,
        u1_0.email,
        u1_0.full_name,
        u1_0.is_active,
        u1_0.password_hash,
        u1_0.phone,
        u1_0.role 
    from
        users u1_0 
    where
        u1_0.id=?
2025-07-03 23:42:39.166 [main] DEBUG org.hibernate.SQL - 
    insert 
    into
        notifications
        (created_at, deleted_at, delivery_id, isDeleted, isRead, message, metadata, order_id, priority, read_at, related_entity_id, restaurant_id, title, type, userId, id) 
    values
        (?, ?, ?, ?, ?, ?, ?, ?, ?, ?, ?, ?, ?, ?, ?, ?)
Hibernate: 
    insert 
    into
        notifications
        (created_at, deleted_at, delivery_id, isDeleted, isRead, message, metadata, order_id, priority, read_at, related_entity_id, restaurant_id, title, type, userId, id) 
    values
        (?, ?, ?, ?, ?, ?, ?, ?, ?, ?, ?, ?, ?, ?, ?, ?)
2025-07-03 23:42:39.168 [main] DEBUG org.hibernate.SQL - 
    select
        u1_0.id,
        u1_0.address,
        u1_0.email,
        u1_0.full_name,
        u1_0.is_active,
        u1_0.password_hash,
        u1_0.phone,
        u1_0.role 
    from
        users u1_0 
    where
        u1_0.id=?
Hibernate: 
    select
        u1_0.id,
        u1_0.address,
        u1_0.email,
        u1_0.full_name,
        u1_0.is_active,
        u1_0.password_hash,
        u1_0.phone,
        u1_0.role 
    from
        users u1_0 
    where
        u1_0.id=?
2025-07-03 23:42:39.169 [main] DEBUG org.hibernate.SQL - 
    insert 
    into
        notifications
        (created_at, deleted_at, delivery_id, isDeleted, isRead, message, metadata, order_id, priority, read_at, related_entity_id, restaurant_id, title, type, userId, id) 
    values
        (?, ?, ?, ?, ?, ?, ?, ?, ?, ?, ?, ?, ?, ?, ?, ?)
Hibernate: 
    insert 
    into
        notifications
        (created_at, deleted_at, delivery_id, isDeleted, isRead, message, metadata, order_id, priority, read_at, related_entity_id, restaurant_id, title, type, userId, id) 
    values
        (?, ?, ?, ?, ?, ?, ?, ?, ?, ?, ?, ?, ?, ?, ?, ?)
2025-07-03 23:42:39.171 [main] DEBUG org.hibernate.SQL - 
    select
        u1_0.id,
        u1_0.address,
        u1_0.email,
        u1_0.full_name,
        u1_0.is_active,
        u1_0.password_hash,
        u1_0.phone,
        u1_0.role 
    from
        users u1_0 
    where
        u1_0.id=?
Hibernate: 
    select
        u1_0.id,
        u1_0.address,
        u1_0.email,
        u1_0.full_name,
        u1_0.is_active,
        u1_0.password_hash,
        u1_0.phone,
        u1_0.role 
    from
        users u1_0 
    where
        u1_0.id=?
2025-07-03 23:42:39.171 [main] DEBUG org.hibernate.SQL - 
    insert 
    into
        notifications
        (created_at, deleted_at, delivery_id, isDeleted, isRead, message, metadata, order_id, priority, read_at, related_entity_id, restaurant_id, title, type, userId, id) 
    values
        (?, ?, ?, ?, ?, ?, ?, ?, ?, ?, ?, ?, ?, ?, ?, ?)
Hibernate: 
    insert 
    into
        notifications
        (created_at, deleted_at, delivery_id, isDeleted, isRead, message, metadata, order_id, priority, read_at, related_entity_id, restaurant_id, title, type, userId, id) 
    values
        (?, ?, ?, ?, ?, ?, ?, ?, ?, ?, ?, ?, ?, ?, ?, ?)
2025-07-03 23:42:39.173 [main] DEBUG org.hibernate.SQL - 
    select
        u1_0.id,
        u1_0.address,
        u1_0.email,
        u1_0.full_name,
        u1_0.is_active,
        u1_0.password_hash,
        u1_0.phone,
        u1_0.role 
    from
        users u1_0 
    where
        u1_0.id=?
Hibernate: 
    select
        u1_0.id,
        u1_0.address,
        u1_0.email,
        u1_0.full_name,
        u1_0.is_active,
        u1_0.password_hash,
        u1_0.phone,
        u1_0.role 
    from
        users u1_0 
    where
        u1_0.id=?
2025-07-03 23:42:39.173 [main] DEBUG org.hibernate.SQL - 
    select
        count(n1_0.id) 
    from
        notifications n1_0 
    where
        n1_0.userId=? 
        and n1_0.isRead=0 
        and n1_0.isDeleted=0
Hibernate: 
    select
        count(n1_0.id) 
    from
        notifications n1_0 
    where
        n1_0.userId=? 
        and n1_0.isRead=0 
        and n1_0.isDeleted=0
📊 Created 100 notifications, unread count: 100
2025-07-03 23:42:39.175 [main] DEBUG org.hibernate.SQL - 
    select
        u1_0.id,
        u1_0.address,
        u1_0.email,
        u1_0.full_name,
        u1_0.is_active,
        u1_0.password_hash,
        u1_0.phone,
        u1_0.role 
    from
        users u1_0 
    where
        u1_0.id=?
Hibernate: 
    select
        u1_0.id,
        u1_0.address,
        u1_0.email,
        u1_0.full_name,
        u1_0.is_active,
        u1_0.password_hash,
        u1_0.phone,
        u1_0.role 
    from
        users u1_0 
    where
        u1_0.id=?
2025-07-03 23:42:39.176 [main] DEBUG org.hibernate.SQL - 
    update
        notifications 
    set
        isRead=1,
        read_at=? 
    where
        userId=? 
        and isRead=0 
        and isDeleted=0
Hibernate: 
    update
        notifications 
    set
        isRead=1,
        read_at=? 
    where
        userId=? 
        and isRead=0 
        and isDeleted=0
2025-07-03 23:42:39.178 [main] DEBUG org.hibernate.SQL - 
    select
        u1_0.id,
        u1_0.address,
        u1_0.email,
        u1_0.full_name,
        u1_0.is_active,
        u1_0.password_hash,
        u1_0.phone,
        u1_0.role 
    from
        users u1_0 
    where
        u1_0.id=?
Hibernate: 
    select
        u1_0.id,
        u1_0.address,
        u1_0.email,
        u1_0.full_name,
        u1_0.is_active,
        u1_0.password_hash,
        u1_0.phone,
        u1_0.role 
    from
        users u1_0 
    where
        u1_0.id=?
2025-07-03 23:42:39.178 [main] DEBUG org.hibernate.SQL - 
    select
        count(n1_0.id) 
    from
        notifications n1_0 
    where
        n1_0.userId=? 
        and n1_0.isRead=0 
        and n1_0.isDeleted=0
Hibernate: 
    select
        count(n1_0.id) 
    from
        notifications n1_0 
    where
        n1_0.userId=? 
        and n1_0.isRead=0 
        and n1_0.isDeleted=0
✅ Bulk mark as read completed: 100 notifications in 3ms
]]></system-out>
  </testcase>
</testsuite>