<?xml version="1.0" encoding="UTF-8"?>
<testsuite xmlns:xsi="http://www.w3.org/2001/XMLSchema-instance" xsi:noNamespaceSchemaLocation="https://maven.apache.org/surefire/maven-surefire-plugin/xsd/surefire-test-report-3.0.xsd" version="3.0" name="com.myapp.order.OrderControllerIntegrationTest$ConcurrentAccessTests" time="0.574" tests="2" errors="0" skipped="0" failures="0">
  <properties>
[...]
</properties>
  <testcase name="concurrentCartUpdates_MultipleThreads_ConsistentState" classname="com.myapp.order.OrderControllerIntegrationTest$ConcurrentAccessTests" time="0.239">
    <system-out><![CDATA[2025-07-03 07:10:03.824 [main] DEBUG org.hibernate.SQL - 
    delete 
    from
        notifications
Hibernate: 
    delete 
    from
        notifications
2025-07-03 07:10:03.824 [main] DEBUG org.hibernate.SQL - 
    delete 
    from
        ratings
Hibernate: 
    delete 
    from
        ratings
2025-07-03 07:10:03.824 [main] DEBUG org.hibernate.SQL - 
    delete 
    from
        order_items
Hibernate: 
    delete 
    from
        order_items
2025-07-03 07:10:03.824 [main] DEBUG org.hibernate.SQL - 
    delete 
    from
        orders
Hibernate: 
    delete 
    from
        orders
2025-07-03 07:10:03.824 [main] DEBUG org.hibernate.SQL - 
    delete 
    from
        food_items
Hibernate: 
    delete 
    from
        food_items
2025-07-03 07:10:03.825 [main] DEBUG org.hibernate.SQL - 
    delete 
    from
        restaurants
Hibernate: 
    delete 
    from
        restaurants
2025-07-03 07:10:03.825 [main] DEBUG org.hibernate.SQL - 
    delete 
    from
        users
Hibernate: 
    delete 
    from
        users
2025-07-03 07:10:03.826 [main] DEBUG c.myapp.common.TestDatabaseManager - Cleaned all test data from database
2025-07-03 07:10:03.826 [main] DEBUG c.myapp.common.TestDatabaseManager - Test database cleanup completed
🚀 شروع تست به‌روزرسانی همزمان سبد خرید
📋 آماده‌سازی داده‌های تست
🔨 شروع ایجاد کاربر تست با ایمیل: customer.concurrent@test.com
🔄 تلاش شماره 1 از 3 برای ذخیره کاربر
2025-07-03 07:10:03.935 [main] DEBUG org.hibernate.SQL - 
    select
        u1_0.id,
        u1_0.address,
        u1_0.email,
        u1_0.full_name,
        u1_0.is_active,
        u1_0.password_hash,
        u1_0.phone,
        u1_0.role 
    from
        users u1_0 
    where
        u1_0.phone=?
Hibernate: 
    select
        u1_0.id,
        u1_0.address,
        u1_0.email,
        u1_0.full_name,
        u1_0.is_active,
        u1_0.password_hash,
        u1_0.phone,
        u1_0.role 
    from
        users u1_0 
    where
        u1_0.phone=?
2025-07-03 07:10:03.935 [main] DEBUG org.hibernate.SQL - 
    insert 
    into
        users
        (address, email, full_name, is_active, password_hash, phone, role, id) 
    values
        (?, ?, ?, ?, ?, ?, ?, ?)
Hibernate: 
    insert 
    into
        users
        (address, email, full_name, is_active, password_hash, phone, role, id) 
    values
        (?, ?, ?, ?, ?, ?, ?, ?)
✅ کاربر تست با موفقیت ذخیره شد - ID: 13554, ایمیل: customer.concurrent@test.com
🏪 شروع ایجاد رستوران تست با نام: رستوران همزمان
🔨 شروع ایجاد کاربر تست با ایمیل: restaurant.owner.1751514003936@test.com
🔄 تلاش شماره 1 از 3 برای ذخیره کاربر
2025-07-03 07:10:03.937 [main] DEBUG org.hibernate.SQL - 
    select
        u1_0.id,
        u1_0.address,
        u1_0.email,
        u1_0.full_name,
        u1_0.is_active,
        u1_0.password_hash,
        u1_0.phone,
        u1_0.role 
    from
        users u1_0 
    where
        u1_0.phone=?
Hibernate: 
    select
        u1_0.id,
        u1_0.address,
        u1_0.email,
        u1_0.full_name,
        u1_0.is_active,
        u1_0.password_hash,
        u1_0.phone,
        u1_0.role 
    from
        users u1_0 
    where
        u1_0.phone=?
2025-07-03 07:10:03.937 [main] DEBUG org.hibernate.SQL - 
    insert 
    into
        users
        (address, email, full_name, is_active, password_hash, phone, role, id) 
    values
        (?, ?, ?, ?, ?, ?, ?, ?)
Hibernate: 
    insert 
    into
        users
        (address, email, full_name, is_active, password_hash, phone, role, id) 
    values
        (?, ?, ?, ?, ?, ?, ?, ?)
✅ کاربر تست با موفقیت ذخیره شد - ID: 13555, ایمیل: restaurant.owner.1751514003936@test.com
👤 مالک رستوران ایجاد شد - ID: 13555
💾 تلاش برای ذخیره رستوران در پایگاه داده...
🔄 تلاش شماره 1 از 3 برای ذخیره رستوران
2025-07-03 07:10:03.938 [main] DEBUG org.hibernate.SQL - 
    insert 
    into
        restaurants
        (address, name, owner_id, phone, status, id) 
    values
        (?, ?, ?, ?, ?, ?)
Hibernate: 
    insert 
    into
        restaurants
        (address, name, owner_id, phone, status, id) 
    values
        (?, ?, ?, ?, ?, ?)
✅ رستوران با موفقیت ذخیره شد - ID: 2231
2025-07-03 07:10:03.939 [main] DEBUG org.hibernate.SQL - 
    select
        r1_0.id,
        r1_0.address,
        r1_0.name,
        r1_0.owner_id,
        r1_0.phone,
        r1_0.status 
    from
        restaurants r1_0 
    where
        r1_0.id=?
Hibernate: 
    select
        r1_0.id,
        r1_0.address,
        r1_0.name,
        r1_0.owner_id,
        r1_0.phone,
        r1_0.status 
    from
        restaurants r1_0 
    where
        r1_0.id=?
✅ تأیید: رستوران قابل بازیابی است
🍕 شروع ایجاد آیتم غذا تست: پیتزا همزمان - قیمت: 25.99
💾 تلاش برای ذخیره آیتم غذا در پایگاه داده...
🔄 تلاش شماره 1 از 3 برای ذخیره آیتم غذا
2025-07-03 07:10:03.940 [main] DEBUG org.hibernate.SQL - 
    insert 
    into
        food_items
        (available, category, description, image_url, keywords, name, price, quantity, restaurant_id, id) 
    values
        (?, ?, ?, ?, ?, ?, ?, ?, ?, ?)
Hibernate: 
    insert 
    into
        food_items
        (available, category, description, image_url, keywords, name, price, quantity, restaurant_id, id) 
    values
        (?, ?, ?, ?, ?, ?, ?, ?, ?, ?)
✅ آیتم غذا با موفقیت ذخیره شد - ID: 5574
2025-07-03 07:10:03.941 [main] DEBUG org.hibernate.SQL - 
    select
        fi1_0.id,
        fi1_0.available,
        fi1_0.category,
        fi1_0.description,
        fi1_0.image_url,
        fi1_0.keywords,
        fi1_0.name,
        fi1_0.price,
        fi1_0.quantity,
        fi1_0.restaurant_id 
    from
        food_items fi1_0 
    where
        fi1_0.id=?
Hibernate: 
    select
        fi1_0.id,
        fi1_0.available,
        fi1_0.category,
        fi1_0.description,
        fi1_0.image_url,
        fi1_0.keywords,
        fi1_0.name,
        fi1_0.price,
        fi1_0.quantity,
        fi1_0.restaurant_id 
    from
        food_items fi1_0 
    where
        fi1_0.id=?
✅ تأیید: آیتم غذا قابل بازیابی است
2025-07-03 07:10:03.941 [main] DEBUG org.hibernate.SQL - 
    select
        r1_0.id,
        r1_0.address,
        r1_0.name,
        r1_0.owner_id,
        r1_0.phone,
        r1_0.status 
    from
        restaurants r1_0 
    where
        r1_0.id=?
Hibernate: 
    select
        r1_0.id,
        r1_0.address,
        r1_0.name,
        r1_0.owner_id,
        r1_0.phone,
        r1_0.status 
    from
        restaurants r1_0 
    where
        r1_0.id=?
2025-07-03 07:10:03.941 [main] DEBUG org.hibernate.SQL - 
    insert 
    into
        orders
        (actual_delivery_time, customer_id, delivery_address, estimated_delivery_time, notes, order_date, phone, restaurant_id, status, total_amount, id) 
    values
        (?, ?, ?, ?, ?, ?, ?, ?, ?, ?, ?)
Hibernate: 
    insert 
    into
        orders
        (actual_delivery_time, customer_id, delivery_address, estimated_delivery_time, notes, order_date, phone, restaurant_id, status, total_amount, id) 
    values
        (?, ?, ?, ?, ?, ?, ?, ?, ?, ?, ?)
✅ سفارش آماده برای تست همزمان - ID: 227
🔄 شبیه‌سازی 10 کاربر همزمان
🧵 Thread 1 در حال اضافه کردن آیتم
🧵 Thread 3 در حال اضافه کردن آیتم
🧵 Thread 2 در حال اضافه کردن آیتم
🧵 Thread 4 در حال اضافه کردن آیتم
🧵 Thread 6 در حال اضافه کردن آیتم
2025-07-03 07:10:03.945 [pool-9-thread-2] DEBUG org.hibernate.SQL - 
    select
        o1_0.id,
        o1_0.actual_delivery_time,
        o1_0.customer_id,
        o1_0.delivery_address,
        o1_0.estimated_delivery_time,
        o1_0.notes,
        o1_0.order_date,
        oi1_0.order_id,
        oi1_0.id,
        oi1_0.food_item_id,
        fi1_0.id,
        fi1_0.available,
        fi1_0.category,
        fi1_0.description,
        fi1_0.image_url,
        fi1_0.keywords,
        fi1_0.name,
        fi1_0.price,
        fi1_0.quantity,
        fi1_0.restaurant_id,
        oi1_0.price,
        oi1_0.quantity,
        o1_0.phone,
        o1_0.restaurant_id,
        o1_0.status,
        o1_0.total_amount 
    from
        orders o1_0 
    left join
        order_items oi1_0 
            on o1_0.id=oi1_0.order_id 
    left join
        food_items fi1_0 
            on fi1_0.id=oi1_0.food_item_id 
    where
        o1_0.id=?
2025-07-03 07:10:03.945 [pool-9-thread-1] DEBUG org.hibernate.SQL - 
    select
        o1_0.id,
        o1_0.actual_delivery_time,
        o1_0.customer_id,
        o1_0.delivery_address,
        o1_0.estimated_delivery_time,
        o1_0.notes,
        o1_0.order_date,
        oi1_0.order_id,
        oi1_0.id,
        oi1_0.food_item_id,
        fi1_0.id,
        fi1_0.available,
        fi1_0.category,
        fi1_0.description,
        fi1_0.image_url,
        fi1_0.keywords,
        fi1_0.name,
        fi1_0.price,
        fi1_0.quantity,
        fi1_0.restaurant_id,
        oi1_0.price,
        oi1_0.quantity,
        o1_0.phone,
        o1_0.restaurant_id,
        o1_0.status,
        o1_0.total_amount 
    from
        orders o1_0 
    left join
        order_items oi1_0 
            on o1_0.id=oi1_0.order_id 
    left join
        food_items fi1_0 
            on fi1_0.id=oi1_0.food_item_id 
    where
        o1_0.id=?
Hibernate: 
    select
        o1_0.id,
        o1_0.actual_delivery_time,
        o1_0.customer_id,
        o1_0.delivery_address,
        o1_0.estimated_delivery_time,
        o1_0.notes,
        o1_0.order_date,
        oi1_0.order_id,
        oi1_0.id,
        oi1_0.food_item_id,
        fi1_0.id,
        fi1_0.available,
        fi1_0.category,
        fi1_0.description,
        fi1_0.image_url,
        fi1_0.keywords,
        fi1_0.name,
        fi1_0.price,
        fi1_0.quantity,
        fi1_0.restaurant_id,
        oi1_0.price,
        oi1_0.quantity,
        o1_0.phone,
        o1_0.restaurant_id,
        o1_0.status,
        o1_0.total_amount 
    from
        orders o1_0 
    left join
        order_items oi1_0 
            on o1_0.id=oi1_0.order_id 
    left join
        food_items fi1_0 
            on fi1_0.id=oi1_0.food_item_id 
    where
        o1_0.id=?
Hibernate: 
    select
        o1_0.id,
        o1_0.actual_delivery_time,
        o1_0.customer_id,
        o1_0.delivery_address,
        o1_0.estimated_delivery_time,
        o1_0.notes,
        o1_0.order_date,
        oi1_0.order_id,
        oi1_0.id,
        oi1_0.food_item_id,
        fi1_0.id,
        fi1_0.available,
        fi1_0.category,
        fi1_0.description,
        fi1_0.image_url,
        fi1_0.keywords,
        fi1_0.name,
        fi1_0.price,
        fi1_0.quantity,
        fi1_0.restaurant_id,
        oi1_0.price,
        oi1_0.quantity,
        o1_0.phone,
        o1_0.restaurant_id,
        o1_0.status,
        o1_0.total_amount 
    from
        orders o1_0 
    left join
        order_items oi1_0 
            on o1_0.id=oi1_0.order_id 
    left join
        food_items fi1_0 
            on fi1_0.id=oi1_0.food_item_id 
    where
        o1_0.id=?
2025-07-03 07:10:03.945 [pool-9-thread-3] DEBUG org.hibernate.SQL - 
    select
        o1_0.id,
        o1_0.actual_delivery_time,
        o1_0.customer_id,
        o1_0.delivery_address,
        o1_0.estimated_delivery_time,
        o1_0.notes,
        o1_0.order_date,
        oi1_0.order_id,
        oi1_0.id,
        oi1_0.food_item_id,
        fi1_0.id,
        fi1_0.available,
        fi1_0.category,
        fi1_0.description,
        fi1_0.image_url,
        fi1_0.keywords,
        fi1_0.name,
        fi1_0.price,
        fi1_0.quantity,
        fi1_0.restaurant_id,
        oi1_0.price,
        oi1_0.quantity,
        o1_0.phone,
        o1_0.restaurant_id,
        o1_0.status,
        o1_0.total_amount 
    from
        orders o1_0 
    left join
        order_items oi1_0 
            on o1_0.id=oi1_0.order_id 
    left join
        food_items fi1_0 
            on fi1_0.id=oi1_0.food_item_id 
    where
        o1_0.id=?
Hibernate: 
    select
        o1_0.id,
        o1_0.actual_delivery_time,
        o1_0.customer_id,
        o1_0.delivery_address,
        o1_0.estimated_delivery_time,
        o1_0.notes,
        o1_0.order_date,
        oi1_0.order_id,
        oi1_0.id,
        oi1_0.food_item_id,
        fi1_0.id,
        fi1_0.available,
        fi1_0.category,
        fi1_0.description,
        fi1_0.image_url,
        fi1_0.keywords,
        fi1_0.name,
        fi1_0.price,
        fi1_0.quantity,
        fi1_0.restaurant_id,
        oi1_0.price,
        oi1_0.quantity,
        o1_0.phone,
        o1_0.restaurant_id,
        o1_0.status,
        o1_0.total_amount 
    from
        orders o1_0 
    left join
        order_items oi1_0 
            on o1_0.id=oi1_0.order_id 
    left join
        food_items fi1_0 
            on fi1_0.id=oi1_0.food_item_id 
    where
        o1_0.id=?
🧵 Thread 7 در حال اضافه کردن آیتم
2025-07-03 07:10:03.945 [pool-9-thread-6] DEBUG org.hibernate.SQL - 
    select
        o1_0.id,
        o1_0.actual_delivery_time,
        o1_0.customer_id,
        o1_0.delivery_address,
        o1_0.estimated_delivery_time,
        o1_0.notes,
        o1_0.order_date,
        oi1_0.order_id,
        oi1_0.id,
        oi1_0.food_item_id,
        fi1_0.id,
        fi1_0.available,
        fi1_0.category,
        fi1_0.description,
        fi1_0.image_url,
        fi1_0.keywords,
        fi1_0.name,
        fi1_0.price,
        fi1_0.quantity,
        fi1_0.restaurant_id,
        oi1_0.price,
        oi1_0.quantity,
        o1_0.phone,
        o1_0.restaurant_id,
        o1_0.status,
        o1_0.total_amount 
    from
        orders o1_0 
    left join
        order_items oi1_0 
            on o1_0.id=oi1_0.order_id 
    left join
        food_items fi1_0 
            on fi1_0.id=oi1_0.food_item_id 
    where
        o1_0.id=?
Hibernate: 
    select
        o1_0.id,
        o1_0.actual_delivery_time,
        o1_0.customer_id,
        o1_0.delivery_address,
        o1_0.estimated_delivery_time,
        o1_0.notes,
        o1_0.order_date,
        oi1_0.order_id,
        oi1_0.id,
        oi1_0.food_item_id,
        fi1_0.id,
        fi1_0.available,
        fi1_0.category,
        fi1_0.description,
        fi1_0.image_url,
        fi1_0.keywords,
        fi1_0.name,
        fi1_0.price,
        fi1_0.quantity,
        fi1_0.restaurant_id,
        oi1_0.price,
        oi1_0.quantity,
        o1_0.phone,
        o1_0.restaurant_id,
        o1_0.status,
        o1_0.total_amount 
    from
        orders o1_0 
    left join
        order_items oi1_0 
            on o1_0.id=oi1_0.order_id 
    left join
        food_items fi1_0 
            on fi1_0.id=oi1_0.food_item_id 
    where
        o1_0.id=?
2025-07-03 07:10:03.945 [pool-9-thread-4] DEBUG org.hibernate.SQL - 
    select
        o1_0.id,
        o1_0.actual_delivery_time,
        o1_0.customer_id,
        o1_0.delivery_address,
        o1_0.estimated_delivery_time,
        o1_0.notes,
        o1_0.order_date,
        oi1_0.order_id,
        oi1_0.id,
        oi1_0.food_item_id,
        fi1_0.id,
        fi1_0.available,
        fi1_0.category,
        fi1_0.description,
        fi1_0.image_url,
        fi1_0.keywords,
        fi1_0.name,
        fi1_0.price,
        fi1_0.quantity,
        fi1_0.restaurant_id,
        oi1_0.price,
        oi1_0.quantity,
        o1_0.phone,
        o1_0.restaurant_id,
        o1_0.status,
        o1_0.total_amount 
    from
        orders o1_0 
    left join
        order_items oi1_0 
            on o1_0.id=oi1_0.order_id 
    left join
        food_items fi1_0 
            on fi1_0.id=oi1_0.food_item_id 
    where
        o1_0.id=?
Hibernate: 
    select
        o1_0.id,
        o1_0.actual_delivery_time,
        o1_0.customer_id,
        o1_0.delivery_address,
        o1_0.estimated_delivery_time,
        o1_0.notes,
        o1_0.order_date,
        oi1_0.order_id,
        oi1_0.id,
        oi1_0.food_item_id,
        fi1_0.id,
        fi1_0.available,
        fi1_0.category,
        fi1_0.description,
        fi1_0.image_url,
        fi1_0.keywords,
        fi1_0.name,
        fi1_0.price,
        fi1_0.quantity,
        fi1_0.restaurant_id,
        oi1_0.price,
        oi1_0.quantity,
        o1_0.phone,
        o1_0.restaurant_id,
        o1_0.status,
        o1_0.total_amount 
    from
        orders o1_0 
    left join
        order_items oi1_0 
            on o1_0.id=oi1_0.order_id 
    left join
        food_items fi1_0 
            on fi1_0.id=oi1_0.food_item_id 
    where
        o1_0.id=?
🧵 Thread 8 در حال اضافه کردن آیتم
2025-07-03 07:10:03.945 [pool-9-thread-7] DEBUG org.hibernate.SQL - 
    select
        o1_0.id,
        o1_0.actual_delivery_time,
        o1_0.customer_id,
        o1_0.delivery_address,
        o1_0.estimated_delivery_time,
        o1_0.notes,
        o1_0.order_date,
        oi1_0.order_id,
        oi1_0.id,
        oi1_0.food_item_id,
        fi1_0.id,
        fi1_0.available,
        fi1_0.category,
        fi1_0.description,
        fi1_0.image_url,
        fi1_0.keywords,
        fi1_0.name,
        fi1_0.price,
        fi1_0.quantity,
        fi1_0.restaurant_id,
        oi1_0.price,
        oi1_0.quantity,
        o1_0.phone,
        o1_0.restaurant_id,
        o1_0.status,
        o1_0.total_amount 
    from
        orders o1_0 
    left join
        order_items oi1_0 
            on o1_0.id=oi1_0.order_id 
    left join
        food_items fi1_0 
            on fi1_0.id=oi1_0.food_item_id 
    where
        o1_0.id=?
Hibernate: 
    select
        o1_0.id,
        o1_0.actual_delivery_time,
        o1_0.customer_id,
        o1_0.delivery_address,
        o1_0.estimated_delivery_time,
        o1_0.notes,
        o1_0.order_date,
        oi1_0.order_id,
        oi1_0.id,
        oi1_0.food_item_id,
        fi1_0.id,
        fi1_0.available,
        fi1_0.category,
        fi1_0.description,
        fi1_0.image_url,
        fi1_0.keywords,
        fi1_0.name,
        fi1_0.price,
        fi1_0.quantity,
        fi1_0.restaurant_id,
        oi1_0.price,
        oi1_0.quantity,
        o1_0.phone,
        o1_0.restaurant_id,
        o1_0.status,
        o1_0.total_amount 
    from
        orders o1_0 
    left join
        order_items oi1_0 
            on o1_0.id=oi1_0.order_id 
    left join
        food_items fi1_0 
            on fi1_0.id=oi1_0.food_item_id 
    where
        o1_0.id=?
🧵 Thread 9 در حال اضافه کردن آیتم
🧵 Thread 5 در حال اضافه کردن آیتم
2025-07-03 07:10:03.945 [pool-9-thread-8] DEBUG org.hibernate.SQL - 
    select
        o1_0.id,
        o1_0.actual_delivery_time,
        o1_0.customer_id,
        o1_0.delivery_address,
        o1_0.estimated_delivery_time,
        o1_0.notes,
        o1_0.order_date,
        oi1_0.order_id,
        oi1_0.id,
        oi1_0.food_item_id,
        fi1_0.id,
        fi1_0.available,
        fi1_0.category,
        fi1_0.description,
        fi1_0.image_url,
        fi1_0.keywords,
        fi1_0.name,
        fi1_0.price,
        fi1_0.quantity,
        fi1_0.restaurant_id,
        oi1_0.price,
        oi1_0.quantity,
        o1_0.phone,
        o1_0.restaurant_id,
        o1_0.status,
        o1_0.total_amount 
    from
        orders o1_0 
    left join
        order_items oi1_0 
            on o1_0.id=oi1_0.order_id 
    left join
        food_items fi1_0 
            on fi1_0.id=oi1_0.food_item_id 
    where
        o1_0.id=?
Hibernate: 
    select
        o1_0.id,
        o1_0.actual_delivery_time,
        o1_0.customer_id,
        o1_0.delivery_address,
        o1_0.estimated_delivery_time,
        o1_0.notes,
        o1_0.order_date,
        oi1_0.order_id,
        oi1_0.id,
        oi1_0.food_item_id,
        fi1_0.id,
        fi1_0.available,
        fi1_0.category,
        fi1_0.description,
        fi1_0.image_url,
        fi1_0.keywords,
        fi1_0.name,
        fi1_0.price,
        fi1_0.quantity,
        fi1_0.restaurant_id,
        oi1_0.price,
        oi1_0.quantity,
        o1_0.phone,
        o1_0.restaurant_id,
        o1_0.status,
        o1_0.total_amount 
    from
        orders o1_0 
    left join
        order_items oi1_0 
            on o1_0.id=oi1_0.order_id 
    left join
        food_items fi1_0 
            on fi1_0.id=oi1_0.food_item_id 
    where
        o1_0.id=?
2025-07-03 07:10:03.945 [pool-9-thread-5] DEBUG org.hibernate.SQL - 
    select
        o1_0.id,
        o1_0.actual_delivery_time,
        o1_0.customer_id,
        o1_0.delivery_address,
        o1_0.estimated_delivery_time,
        o1_0.notes,
        o1_0.order_date,
        oi1_0.order_id,
        oi1_0.id,
        oi1_0.food_item_id,
        fi1_0.id,
        fi1_0.available,
        fi1_0.category,
        fi1_0.description,
        fi1_0.image_url,
        fi1_0.keywords,
        fi1_0.name,
        fi1_0.price,
        fi1_0.quantity,
        fi1_0.restaurant_id,
        oi1_0.price,
        oi1_0.quantity,
        o1_0.phone,
        o1_0.restaurant_id,
        o1_0.status,
        o1_0.total_amount 
    from
        orders o1_0 
    left join
        order_items oi1_0 
            on o1_0.id=oi1_0.order_id 
    left join
        food_items fi1_0 
            on fi1_0.id=oi1_0.food_item_id 
    where
        o1_0.id=?
🧵 Thread 10 در حال اضافه کردن آیتم
2025-07-03 07:10:03.945 [pool-9-thread-2] DEBUG org.hibernate.SQL - 
    select
        fi1_0.id,
        fi1_0.available,
        fi1_0.category,
        fi1_0.description,
        fi1_0.image_url,
        fi1_0.keywords,
        fi1_0.name,
        fi1_0.price,
        fi1_0.quantity,
        fi1_0.restaurant_id 
    from
        food_items fi1_0 
    where
        fi1_0.id=?
Hibernate: 
    select
        o1_0.id,
        o1_0.actual_delivery_time,
        o1_0.customer_id,
        o1_0.delivery_address,
        o1_0.estimated_delivery_time,
        o1_0.notes,
        o1_0.order_date,
        oi1_0.order_id,
        oi1_0.id,
        oi1_0.food_item_id,
        fi1_0.id,
        fi1_0.available,
        fi1_0.category,
        fi1_0.description,
        fi1_0.image_url,
        fi1_0.keywords,
        fi1_0.name,
        fi1_0.price,
        fi1_0.quantity,
        fi1_0.restaurant_id,
        oi1_0.price,
        oi1_0.quantity,
        o1_0.phone,
        o1_0.restaurant_id,
        o1_0.status,
        o1_0.total_amount 
    from
        orders o1_0 
    left join
        order_items oi1_0 
            on o1_0.id=oi1_0.order_id 
    left join
        food_items fi1_0 
            on fi1_0.id=oi1_0.food_item_id 
    where
        o1_0.id=?
Hibernate: 
    select
        fi1_0.id,
        fi1_0.available,
        fi1_0.category,
        fi1_0.description,
        fi1_0.image_url,
        fi1_0.keywords,
        fi1_0.name,
        fi1_0.price,
        fi1_0.quantity,
        fi1_0.restaurant_id 
    from
        food_items fi1_0 
    where
        fi1_0.id=?
2025-07-03 07:10:03.945 [pool-9-thread-9] DEBUG org.hibernate.SQL - 
    select
        o1_0.id,
        o1_0.actual_delivery_time,
        o1_0.customer_id,
        o1_0.delivery_address,
        o1_0.estimated_delivery_time,
        o1_0.notes,
        o1_0.order_date,
        oi1_0.order_id,
        oi1_0.id,
        oi1_0.food_item_id,
        fi1_0.id,
        fi1_0.available,
        fi1_0.category,
        fi1_0.description,
        fi1_0.image_url,
        fi1_0.keywords,
        fi1_0.name,
        fi1_0.price,
        fi1_0.quantity,
        fi1_0.restaurant_id,
        oi1_0.price,
        oi1_0.quantity,
        o1_0.phone,
        o1_0.restaurant_id,
        o1_0.status,
        o1_0.total_amount 
    from
        orders o1_0 
    left join
        order_items oi1_0 
            on o1_0.id=oi1_0.order_id 
    left join
        food_items fi1_0 
            on fi1_0.id=oi1_0.food_item_id 
    where
        o1_0.id=?
2025-07-03 07:10:03.945 [pool-9-thread-1] DEBUG org.hibernate.SQL - 
    select
        fi1_0.id,
        fi1_0.available,
        fi1_0.category,
        fi1_0.description,
        fi1_0.image_url,
        fi1_0.keywords,
        fi1_0.name,
        fi1_0.price,
        fi1_0.quantity,
        fi1_0.restaurant_id 
    from
        food_items fi1_0 
    where
        fi1_0.id=?
2025-07-03 07:10:03.945 [pool-9-thread-6] DEBUG org.hibernate.SQL - 
    select
        fi1_0.id,
        fi1_0.available,
        fi1_0.category,
        fi1_0.description,
        fi1_0.image_url,
        fi1_0.keywords,
        fi1_0.name,
        fi1_0.price,
        fi1_0.quantity,
        fi1_0.restaurant_id 
    from
        food_items fi1_0 
    where
        fi1_0.id=?
Hibernate: 
    select
        fi1_0.id,
        fi1_0.available,
        fi1_0.category,
        fi1_0.description,
        fi1_0.image_url,
        fi1_0.keywords,
        fi1_0.name,
        fi1_0.price,
        fi1_0.quantity,
        fi1_0.restaurant_id 
    from
        food_items fi1_0 
    where
        fi1_0.id=?
Hibernate: 
    select
        fi1_0.id,
        fi1_0.available,
        fi1_0.category,
        fi1_0.description,
        fi1_0.image_url,
        fi1_0.keywords,
        fi1_0.name,
        fi1_0.price,
        fi1_0.quantity,
        fi1_0.restaurant_id 
    from
        food_items fi1_0 
    where
        fi1_0.id=?
Hibernate: 
    select
        o1_0.id,
        o1_0.actual_delivery_time,
        o1_0.customer_id,
        o1_0.delivery_address,
        o1_0.estimated_delivery_time,
        o1_0.notes,
        o1_0.order_date,
        oi1_0.order_id,
        oi1_0.id,
        oi1_0.food_item_id,
        fi1_0.id,
        fi1_0.available,
        fi1_0.category,
        fi1_0.description,
        fi1_0.image_url,
        fi1_0.keywords,
        fi1_0.name,
        fi1_0.price,
        fi1_0.quantity,
        fi1_0.restaurant_id,
        oi1_0.price,
        oi1_0.quantity,
        o1_0.phone,
        o1_0.restaurant_id,
        o1_0.status,
        o1_0.total_amount 
    from
        orders o1_0 
    left join
        order_items oi1_0 
            on o1_0.id=oi1_0.order_id 
    left join
        food_items fi1_0 
            on fi1_0.id=oi1_0.food_item_id 
    where
        o1_0.id=?
2025-07-03 07:10:03.945 [pool-9-thread-3] DEBUG org.hibernate.SQL - 
    select
        fi1_0.id,
        fi1_0.available,
        fi1_0.category,
        fi1_0.description,
        fi1_0.image_url,
        fi1_0.keywords,
        fi1_0.name,
        fi1_0.price,
        fi1_0.quantity,
        fi1_0.restaurant_id 
    from
        food_items fi1_0 
    where
        fi1_0.id=?
2025-07-03 07:10:03.945 [pool-9-thread-4] DEBUG org.hibernate.SQL - 
    select
        fi1_0.id,
        fi1_0.available,
        fi1_0.category,
        fi1_0.description,
        fi1_0.image_url,
        fi1_0.keywords,
        fi1_0.name,
        fi1_0.price,
        fi1_0.quantity,
        fi1_0.restaurant_id 
    from
        food_items fi1_0 
    where
        fi1_0.id=?
Hibernate: 
    select
        fi1_0.id,
        fi1_0.available,
        fi1_0.category,
        fi1_0.description,
        fi1_0.image_url,
        fi1_0.keywords,
        fi1_0.name,
        fi1_0.price,
        fi1_0.quantity,
        fi1_0.restaurant_id 
    from
        food_items fi1_0 
    where
        fi1_0.id=?
Hibernate: 
    select
        fi1_0.id,
        fi1_0.available,
        fi1_0.category,
        fi1_0.description,
        fi1_0.image_url,
        fi1_0.keywords,
        fi1_0.name,
        fi1_0.price,
        fi1_0.quantity,
        fi1_0.restaurant_id 
    from
        food_items fi1_0 
    where
        fi1_0.id=?
2025-07-03 07:10:03.946 [pool-9-thread-10] DEBUG org.hibernate.SQL - 
    select
        o1_0.id,
        o1_0.actual_delivery_time,
        o1_0.customer_id,
        o1_0.delivery_address,
        o1_0.estimated_delivery_time,
        o1_0.notes,
        o1_0.order_date,
        oi1_0.order_id,
        oi1_0.id,
        oi1_0.food_item_id,
        fi1_0.id,
        fi1_0.available,
        fi1_0.category,
        fi1_0.description,
        fi1_0.image_url,
        fi1_0.keywords,
        fi1_0.name,
        fi1_0.price,
        fi1_0.quantity,
        fi1_0.restaurant_id,
        oi1_0.price,
        oi1_0.quantity,
        o1_0.phone,
        o1_0.restaurant_id,
        o1_0.status,
        o1_0.total_amount 
    from
        orders o1_0 
    left join
        order_items oi1_0 
            on o1_0.id=oi1_0.order_id 
    left join
        food_items fi1_0 
            on fi1_0.id=oi1_0.food_item_id 
    where
        o1_0.id=?
Hibernate: 
    select
        o1_0.id,
        o1_0.actual_delivery_time,
        o1_0.customer_id,
        o1_0.delivery_address,
        o1_0.estimated_delivery_time,
        o1_0.notes,
        o1_0.order_date,
        oi1_0.order_id,
        oi1_0.id,
        oi1_0.food_item_id,
        fi1_0.id,
        fi1_0.available,
        fi1_0.category,
        fi1_0.description,
        fi1_0.image_url,
        fi1_0.keywords,
        fi1_0.name,
        fi1_0.price,
        fi1_0.quantity,
        fi1_0.restaurant_id,
        oi1_0.price,
        oi1_0.quantity,
        o1_0.phone,
        o1_0.restaurant_id,
        o1_0.status,
        o1_0.total_amount 
    from
        orders o1_0 
    left join
        order_items oi1_0 
            on o1_0.id=oi1_0.order_id 
    left join
        food_items fi1_0 
            on fi1_0.id=oi1_0.food_item_id 
    where
        o1_0.id=?
2025-07-03 07:10:03.946 [pool-9-thread-7] DEBUG org.hibernate.SQL - 
    select
        fi1_0.id,
        fi1_0.available,
        fi1_0.category,
        fi1_0.description,
        fi1_0.image_url,
        fi1_0.keywords,
        fi1_0.name,
        fi1_0.price,
        fi1_0.quantity,
        fi1_0.restaurant_id 
    from
        food_items fi1_0 
    where
        fi1_0.id=?
Hibernate: 
    select
        fi1_0.id,
        fi1_0.available,
        fi1_0.category,
        fi1_0.description,
        fi1_0.image_url,
        fi1_0.keywords,
        fi1_0.name,
        fi1_0.price,
        fi1_0.quantity,
        fi1_0.restaurant_id 
    from
        food_items fi1_0 
    where
        fi1_0.id=?
2025-07-03 07:10:03.946 [pool-9-thread-8] DEBUG org.hibernate.SQL - 
    select
        fi1_0.id,
        fi1_0.available,
        fi1_0.category,
        fi1_0.description,
        fi1_0.image_url,
        fi1_0.keywords,
        fi1_0.name,
        fi1_0.price,
        fi1_0.quantity,
        fi1_0.restaurant_id 
    from
        food_items fi1_0 
    where
        fi1_0.id=?
Hibernate: 
    select
        fi1_0.id,
        fi1_0.available,
        fi1_0.category,
        fi1_0.description,
        fi1_0.image_url,
        fi1_0.keywords,
        fi1_0.name,
        fi1_0.price,
        fi1_0.quantity,
        fi1_0.restaurant_id 
    from
        food_items fi1_0 
    where
        fi1_0.id=?
2025-07-03 07:10:03.946 [pool-9-thread-2] DEBUG org.hibernate.SQL - 
    select
        o1_0.id,
        o1_0.actual_delivery_time,
        o1_0.customer_id,
        o1_0.delivery_address,
        o1_0.estimated_delivery_time,
        o1_0.notes,
        o1_0.order_date,
        o1_0.phone,
        o1_0.restaurant_id,
        o1_0.status,
        o1_0.total_amount,
        oi1_0.order_id,
        oi1_0.id,
        oi1_0.food_item_id,
        oi1_0.price,
        oi1_0.quantity 
    from
        orders o1_0 
    left join
        order_items oi1_0 
            on o1_0.id=oi1_0.order_id 
    where
        o1_0.id=?
Hibernate: 
    select
        o1_0.id,
        o1_0.actual_delivery_time,
        o1_0.customer_id,
        o1_0.delivery_address,
        o1_0.estimated_delivery_time,
        o1_0.notes,
        o1_0.order_date,
        o1_0.phone,
        o1_0.restaurant_id,
        o1_0.status,
        o1_0.total_amount,
        oi1_0.order_id,
        oi1_0.id,
        oi1_0.food_item_id,
        oi1_0.price,
        oi1_0.quantity 
    from
        orders o1_0 
    left join
        order_items oi1_0 
            on o1_0.id=oi1_0.order_id 
    where
        o1_0.id=?
2025-07-03 07:10:03.946 [pool-9-thread-6] DEBUG org.hibernate.SQL - 
    select
        o1_0.id,
        o1_0.actual_delivery_time,
        o1_0.customer_id,
        o1_0.delivery_address,
        o1_0.estimated_delivery_time,
        o1_0.notes,
        o1_0.order_date,
        o1_0.phone,
        o1_0.restaurant_id,
        o1_0.status,
        o1_0.total_amount,
        oi1_0.order_id,
        oi1_0.id,
        oi1_0.food_item_id,
        oi1_0.price,
        oi1_0.quantity 
    from
        orders o1_0 
    left join
        order_items oi1_0 
            on o1_0.id=oi1_0.order_id 
    where
        o1_0.id=?
2025-07-03 07:10:03.946 [pool-9-thread-1] DEBUG org.hibernate.SQL - 
    select
        o1_0.id,
        o1_0.actual_delivery_time,
        o1_0.customer_id,
        o1_0.delivery_address,
        o1_0.estimated_delivery_time,
        o1_0.notes,
        o1_0.order_date,
        o1_0.phone,
        o1_0.restaurant_id,
        o1_0.status,
        o1_0.total_amount,
        oi1_0.order_id,
        oi1_0.id,
        oi1_0.food_item_id,
        oi1_0.price,
        oi1_0.quantity 
    from
        orders o1_0 
    left join
        order_items oi1_0 
            on o1_0.id=oi1_0.order_id 
    where
        o1_0.id=?
Hibernate: 
    select
        o1_0.id,
        o1_0.actual_delivery_time,
        o1_0.customer_id,
        o1_0.delivery_address,
        o1_0.estimated_delivery_time,
        o1_0.notes,
        o1_0.order_date,
        o1_0.phone,
        o1_0.restaurant_id,
        o1_0.status,
        o1_0.total_amount,
        oi1_0.order_id,
        oi1_0.id,
        oi1_0.food_item_id,
        oi1_0.price,
        oi1_0.quantity 
    from
        orders o1_0 
    left join
        order_items oi1_0 
            on o1_0.id=oi1_0.order_id 
    where
        o1_0.id=?
2025-07-03 07:10:03.946 [pool-9-thread-4] DEBUG org.hibernate.SQL - 
    select
        o1_0.id,
        o1_0.actual_delivery_time,
        o1_0.customer_id,
        o1_0.delivery_address,
        o1_0.estimated_delivery_time,
        o1_0.notes,
        o1_0.order_date,
        o1_0.phone,
        o1_0.restaurant_id,
        o1_0.status,
        o1_0.total_amount,
        oi1_0.order_id,
        oi1_0.id,
        oi1_0.food_item_id,
        oi1_0.price,
        oi1_0.quantity 
    from
        orders o1_0 
    left join
        order_items oi1_0 
            on o1_0.id=oi1_0.order_id 
    where
        o1_0.id=?
Hibernate: 
    select
        o1_0.id,
        o1_0.actual_delivery_time,
        o1_0.customer_id,
        o1_0.delivery_address,
        o1_0.estimated_delivery_time,
        o1_0.notes,
        o1_0.order_date,
        o1_0.phone,
        o1_0.restaurant_id,
        o1_0.status,
        o1_0.total_amount,
        oi1_0.order_id,
        oi1_0.id,
        oi1_0.food_item_id,
        oi1_0.price,
        oi1_0.quantity 
    from
        orders o1_0 
    left join
        order_items oi1_0 
            on o1_0.id=oi1_0.order_id 
    where
        o1_0.id=?
2025-07-03 07:10:03.946 [pool-9-thread-5] DEBUG org.hibernate.SQL - 
    select
        fi1_0.id,
        fi1_0.available,
        fi1_0.category,
        fi1_0.description,
        fi1_0.image_url,
        fi1_0.keywords,
        fi1_0.name,
        fi1_0.price,
        fi1_0.quantity,
        fi1_0.restaurant_id 
    from
        food_items fi1_0 
    where
        fi1_0.id=?
Hibernate: 
    select
        fi1_0.id,
        fi1_0.available,
        fi1_0.category,
        fi1_0.description,
        fi1_0.image_url,
        fi1_0.keywords,
        fi1_0.name,
        fi1_0.price,
        fi1_0.quantity,
        fi1_0.restaurant_id 
    from
        food_items fi1_0 
    where
        fi1_0.id=?
Hibernate: 
    select
        o1_0.id,
        o1_0.actual_delivery_time,
        o1_0.customer_id,
        o1_0.delivery_address,
        o1_0.estimated_delivery_time,
        o1_0.notes,
        o1_0.order_date,
        o1_0.phone,
        o1_0.restaurant_id,
        o1_0.status,
        o1_0.total_amount,
        oi1_0.order_id,
        oi1_0.id,
        oi1_0.food_item_id,
        oi1_0.price,
        oi1_0.quantity 
    from
        orders o1_0 
    left join
        order_items oi1_0 
            on o1_0.id=oi1_0.order_id 
    where
        o1_0.id=?
2025-07-03 07:10:03.946 [pool-9-thread-3] DEBUG org.hibernate.SQL - 
    select
        o1_0.id,
        o1_0.actual_delivery_time,
        o1_0.customer_id,
        o1_0.delivery_address,
        o1_0.estimated_delivery_time,
        o1_0.notes,
        o1_0.order_date,
        o1_0.phone,
        o1_0.restaurant_id,
        o1_0.status,
        o1_0.total_amount,
        oi1_0.order_id,
        oi1_0.id,
        oi1_0.food_item_id,
        oi1_0.price,
        oi1_0.quantity 
    from
        orders o1_0 
    left join
        order_items oi1_0 
            on o1_0.id=oi1_0.order_id 
    where
        o1_0.id=?
Hibernate: 
    select
        o1_0.id,
        o1_0.actual_delivery_time,
        o1_0.customer_id,
        o1_0.delivery_address,
        o1_0.estimated_delivery_time,
        o1_0.notes,
        o1_0.order_date,
        o1_0.phone,
        o1_0.restaurant_id,
        o1_0.status,
        o1_0.total_amount,
        oi1_0.order_id,
        oi1_0.id,
        oi1_0.food_item_id,
        oi1_0.price,
        oi1_0.quantity 
    from
        orders o1_0 
    left join
        order_items oi1_0 
            on o1_0.id=oi1_0.order_id 
    where
        o1_0.id=?
2025-07-03 07:10:03.946 [pool-9-thread-9] DEBUG org.hibernate.SQL - 
    select
        fi1_0.id,
        fi1_0.available,
        fi1_0.category,
        fi1_0.description,
        fi1_0.image_url,
        fi1_0.keywords,
        fi1_0.name,
        fi1_0.price,
        fi1_0.quantity,
        fi1_0.restaurant_id 
    from
        food_items fi1_0 
    where
        fi1_0.id=?
Hibernate: 
    select
        fi1_0.id,
        fi1_0.available,
        fi1_0.category,
        fi1_0.description,
        fi1_0.image_url,
        fi1_0.keywords,
        fi1_0.name,
        fi1_0.price,
        fi1_0.quantity,
        fi1_0.restaurant_id 
    from
        food_items fi1_0 
    where
        fi1_0.id=?
2025-07-03 07:10:03.946 [pool-9-thread-8] DEBUG org.hibernate.SQL - 
    select
        o1_0.id,
        o1_0.actual_delivery_time,
        o1_0.customer_id,
        o1_0.delivery_address,
        o1_0.estimated_delivery_time,
        o1_0.notes,
        o1_0.order_date,
        o1_0.phone,
        o1_0.restaurant_id,
        o1_0.status,
        o1_0.total_amount,
        oi1_0.order_id,
        oi1_0.id,
        oi1_0.food_item_id,
        oi1_0.price,
        oi1_0.quantity 
    from
        orders o1_0 
    left join
        order_items oi1_0 
            on o1_0.id=oi1_0.order_id 
    where
        o1_0.id=?
2025-07-03 07:10:03.946 [pool-9-thread-7] DEBUG org.hibernate.SQL - 
    select
        o1_0.id,
        o1_0.actual_delivery_time,
        o1_0.customer_id,
        o1_0.delivery_address,
        o1_0.estimated_delivery_time,
        o1_0.notes,
        o1_0.order_date,
        o1_0.phone,
        o1_0.restaurant_id,
        o1_0.status,
        o1_0.total_amount,
        oi1_0.order_id,
        oi1_0.id,
        oi1_0.food_item_id,
        oi1_0.price,
        oi1_0.quantity 
    from
        orders o1_0 
    left join
        order_items oi1_0 
            on o1_0.id=oi1_0.order_id 
    where
        o1_0.id=?
Hibernate: 
    select
        o1_0.id,
        o1_0.actual_delivery_time,
        o1_0.customer_id,
        o1_0.delivery_address,
        o1_0.estimated_delivery_time,
        o1_0.notes,
        o1_0.order_date,
        o1_0.phone,
        o1_0.restaurant_id,
        o1_0.status,
        o1_0.total_amount,
        oi1_0.order_id,
        oi1_0.id,
        oi1_0.food_item_id,
        oi1_0.price,
        oi1_0.quantity 
    from
        orders o1_0 
    left join
        order_items oi1_0 
            on o1_0.id=oi1_0.order_id 
    where
        o1_0.id=?
Hibernate: 
    select
        o1_0.id,
        o1_0.actual_delivery_time,
        o1_0.customer_id,
        o1_0.delivery_address,
        o1_0.estimated_delivery_time,
        o1_0.notes,
        o1_0.order_date,
        o1_0.phone,
        o1_0.restaurant_id,
        o1_0.status,
        o1_0.total_amount,
        oi1_0.order_id,
        oi1_0.id,
        oi1_0.food_item_id,
        oi1_0.price,
        oi1_0.quantity 
    from
        orders o1_0 
    left join
        order_items oi1_0 
            on o1_0.id=oi1_0.order_id 
    where
        o1_0.id=?
2025-07-03 07:10:03.946 [pool-9-thread-10] DEBUG org.hibernate.SQL - 
    select
        fi1_0.id,
        fi1_0.available,
        fi1_0.category,
        fi1_0.description,
        fi1_0.image_url,
        fi1_0.keywords,
        fi1_0.name,
        fi1_0.price,
        fi1_0.quantity,
        fi1_0.restaurant_id 
    from
        food_items fi1_0 
    where
        fi1_0.id=?
Hibernate: 
    select
        fi1_0.id,
        fi1_0.available,
        fi1_0.category,
        fi1_0.description,
        fi1_0.image_url,
        fi1_0.keywords,
        fi1_0.name,
        fi1_0.price,
        fi1_0.quantity,
        fi1_0.restaurant_id 
    from
        food_items fi1_0 
    where
        fi1_0.id=?
2025-07-03 07:10:03.946 [pool-9-thread-5] DEBUG org.hibernate.SQL - 
    select
        o1_0.id,
        o1_0.actual_delivery_time,
        o1_0.customer_id,
        o1_0.delivery_address,
        o1_0.estimated_delivery_time,
        o1_0.notes,
        o1_0.order_date,
        o1_0.phone,
        o1_0.restaurant_id,
        o1_0.status,
        o1_0.total_amount,
        oi1_0.order_id,
        oi1_0.id,
        oi1_0.food_item_id,
        oi1_0.price,
        oi1_0.quantity 
    from
        orders o1_0 
    left join
        order_items oi1_0 
            on o1_0.id=oi1_0.order_id 
    where
        o1_0.id=?
Hibernate: 
    select
        o1_0.id,
        o1_0.actual_delivery_time,
        o1_0.customer_id,
        o1_0.delivery_address,
        o1_0.estimated_delivery_time,
        o1_0.notes,
        o1_0.order_date,
        o1_0.phone,
        o1_0.restaurant_id,
        o1_0.status,
        o1_0.total_amount,
        oi1_0.order_id,
        oi1_0.id,
        oi1_0.food_item_id,
        oi1_0.price,
        oi1_0.quantity 
    from
        orders o1_0 
    left join
        order_items oi1_0 
            on o1_0.id=oi1_0.order_id 
    where
        o1_0.id=?
2025-07-03 07:10:03.946 [pool-9-thread-9] DEBUG org.hibernate.SQL - 
    select
        o1_0.id,
        o1_0.actual_delivery_time,
        o1_0.customer_id,
        o1_0.delivery_address,
        o1_0.estimated_delivery_time,
        o1_0.notes,
        o1_0.order_date,
        o1_0.phone,
        o1_0.restaurant_id,
        o1_0.status,
        o1_0.total_amount,
        oi1_0.order_id,
        oi1_0.id,
        oi1_0.food_item_id,
        oi1_0.price,
        oi1_0.quantity 
    from
        orders o1_0 
    left join
        order_items oi1_0 
            on o1_0.id=oi1_0.order_id 
    where
        o1_0.id=?
Hibernate: 
    select
        o1_0.id,
        o1_0.actual_delivery_time,
        o1_0.customer_id,
        o1_0.delivery_address,
        o1_0.estimated_delivery_time,
        o1_0.notes,
        o1_0.order_date,
        o1_0.phone,
        o1_0.restaurant_id,
        o1_0.status,
        o1_0.total_amount,
        oi1_0.order_id,
        oi1_0.id,
        oi1_0.food_item_id,
        oi1_0.price,
        oi1_0.quantity 
    from
        orders o1_0 
    left join
        order_items oi1_0 
            on o1_0.id=oi1_0.order_id 
    where
        o1_0.id=?
2025-07-03 07:10:03.947 [pool-9-thread-6] DEBUG org.hibernate.SQL - 
    insert 
    into
        order_items
        (food_item_id, order_id, price, quantity, id) 
    values
        (?, ?, ?, ?, ?)
Hibernate: 
    insert 
    into
        order_items
        (food_item_id, order_id, price, quantity, id) 
    values
        (?, ?, ?, ?, ?)
2025-07-03 07:10:03.947 [pool-9-thread-4] DEBUG org.hibernate.SQL - 
    insert 
    into
        order_items
        (food_item_id, order_id, price, quantity, id) 
    values
        (?, ?, ?, ?, ?)
2025-07-03 07:10:03.947 [pool-9-thread-2] DEBUG org.hibernate.SQL - 
    insert 
    into
        order_items
        (food_item_id, order_id, price, quantity, id) 
    values
        (?, ?, ?, ?, ?)
Hibernate: 
    insert 
    into
        order_items
        (food_item_id, order_id, price, quantity, id) 
    values
        (?, ?, ?, ?, ?)
Hibernate: 
    insert 
    into
        order_items
        (food_item_id, order_id, price, quantity, id) 
    values
        (?, ?, ?, ?, ?)
2025-07-03 07:10:03.947 [pool-9-thread-10] DEBUG org.hibernate.SQL - 
    select
        o1_0.id,
        o1_0.actual_delivery_time,
        o1_0.customer_id,
        o1_0.delivery_address,
        o1_0.estimated_delivery_time,
        o1_0.notes,
        o1_0.order_date,
        o1_0.phone,
        o1_0.restaurant_id,
        o1_0.status,
        o1_0.total_amount,
        oi1_0.order_id,
        oi1_0.id,
        oi1_0.food_item_id,
        oi1_0.price,
        oi1_0.quantity 
    from
        orders o1_0 
    left join
        order_items oi1_0 
            on o1_0.id=oi1_0.order_id 
    where
        o1_0.id=?
Hibernate: 
    select
        o1_0.id,
        o1_0.actual_delivery_time,
        o1_0.customer_id,
        o1_0.delivery_address,
        o1_0.estimated_delivery_time,
        o1_0.notes,
        o1_0.order_date,
        o1_0.phone,
        o1_0.restaurant_id,
        o1_0.status,
        o1_0.total_amount,
        oi1_0.order_id,
        oi1_0.id,
        oi1_0.food_item_id,
        oi1_0.price,
        oi1_0.quantity 
    from
        orders o1_0 
    left join
        order_items oi1_0 
            on o1_0.id=oi1_0.order_id 
    where
        o1_0.id=?
2025-07-03 07:10:03.947 [pool-9-thread-1] DEBUG org.hibernate.SQL - 
    insert 
    into
        order_items
        (food_item_id, order_id, price, quantity, id) 
    values
        (?, ?, ?, ?, ?)
Hibernate: 
    insert 
    into
        order_items
        (food_item_id, order_id, price, quantity, id) 
    values
        (?, ?, ?, ?, ?)
2025-07-03 07:10:03.947 [pool-9-thread-3] DEBUG org.hibernate.SQL - 
    insert 
    into
        order_items
        (food_item_id, order_id, price, quantity, id) 
    values
        (?, ?, ?, ?, ?)
Hibernate: 
    insert 
    into
        order_items
        (food_item_id, order_id, price, quantity, id) 
    values
        (?, ?, ?, ?, ?)
2025-07-03 07:10:03.947 [pool-9-thread-7] DEBUG org.hibernate.SQL - 
    insert 
    into
        order_items
        (food_item_id, order_id, price, quantity, id) 
    values
        (?, ?, ?, ?, ?)
2025-07-03 07:10:03.947 [pool-9-thread-8] DEBUG org.hibernate.SQL - 
    insert 
    into
        order_items
        (food_item_id, order_id, price, quantity, id) 
    values
        (?, ?, ?, ?, ?)
2025-07-03 07:10:03.947 [pool-9-thread-4] ERROR org.hibernate.orm.jdbc.batch - HHH100501: Exception executing batch [org.sqlite.SQLiteException: [SQLITE_BUSY] The database file is locked (database is locked)], SQL: insert into order_items (food_item_id,order_id,price,quantity,id) values (?,?,?,?,?)
Hibernate: 
    insert 
    into
        order_items
        (food_item_id, order_id, price, quantity, id) 
    values
        (?, ?, ?, ?, ?)
Hibernate: 
    insert 
    into
        order_items
        (food_item_id, order_id, price, quantity, id) 
    values
        (?, ?, ?, ?, ?)
2025-07-03 07:10:03.947 [pool-9-thread-1] ERROR org.hibernate.orm.jdbc.batch - HHH100501: Exception executing batch [org.sqlite.SQLiteException: [SQLITE_BUSY] The database file is locked (database is locked)], SQL: insert into order_items (food_item_id,order_id,price,quantity,id) values (?,?,?,?,?)
2025-07-03 07:10:03.947 [pool-9-thread-1] WARN  o.h.e.jdbc.spi.SqlExceptionHelper - SQL Error: 5, SQLState: null
2025-07-03 07:10:03.947 [pool-9-thread-6] DEBUG org.hibernate.SQL - 
    update
        orders 
    set
        actual_delivery_time=?,
        customer_id=?,
        delivery_address=?,
        estimated_delivery_time=?,
        notes=?,
        order_date=?,
        phone=?,
        restaurant_id=?,
        status=?,
        total_amount=? 
    where
        id=?
2025-07-03 07:10:03.947 [pool-9-thread-5] DEBUG org.hibernate.SQL - 
    insert 
    into
        order_items
        (food_item_id, order_id, price, quantity, id) 
    values
        (?, ?, ?, ?, ?)
2025-07-03 07:10:03.947 [pool-9-thread-4] WARN  o.h.e.jdbc.spi.SqlExceptionHelper - SQL Error: 5, SQLState: null
Hibernate: 
    update
        orders 
    set
        actual_delivery_time=?,
        customer_id=?,
        delivery_address=?,
        estimated_delivery_time=?,
        notes=?,
        order_date=?,
        phone=?,
        restaurant_id=?,
        status=?,
        total_amount=? 
    where
        id=?
2025-07-03 07:10:03.947 [pool-9-thread-7] ERROR org.hibernate.orm.jdbc.batch - HHH100501: Exception executing batch [org.sqlite.SQLiteException: [SQLITE_BUSY] The database file is locked (database is locked)], SQL: insert into order_items (food_item_id,order_id,price,quantity,id) values (?,?,?,?,?)
Hibernate: 
    insert 
    into
        order_items
        (food_item_id, order_id, price, quantity, id) 
    values
        (?, ?, ?, ?, ?)
2025-07-03 07:10:03.947 [pool-9-thread-3] ERROR org.hibernate.orm.jdbc.batch - HHH100501: Exception executing batch [org.sqlite.SQLiteException: [SQLITE_BUSY] The database file is locked (database is locked)], SQL: insert into order_items (food_item_id,order_id,price,quantity,id) values (?,?,?,?,?)
2025-07-03 07:10:03.947 [pool-9-thread-4] ERROR o.h.e.jdbc.spi.SqlExceptionHelper - [SQLITE_BUSY] The database file is locked (database is locked)
2025-07-03 07:10:03.947 [pool-9-thread-8] ERROR org.hibernate.orm.jdbc.batch - HHH100501: Exception executing batch [org.sqlite.SQLiteException: [SQLITE_BUSY] The database file is locked (database is locked)], SQL: insert into order_items (food_item_id,order_id,price,quantity,id) values (?,?,?,?,?)
2025-07-03 07:10:03.947 [pool-9-thread-3] WARN  o.h.e.jdbc.spi.SqlExceptionHelper - SQL Error: 5, SQLState: null
2025-07-03 07:10:03.947 [pool-9-thread-8] WARN  o.h.e.jdbc.spi.SqlExceptionHelper - SQL Error: 5, SQLState: null
2025-07-03 07:10:03.947 [pool-9-thread-1] ERROR o.h.e.jdbc.spi.SqlExceptionHelper - [SQLITE_BUSY] The database file is locked (database is locked)
2025-07-03 07:10:03.947 [pool-9-thread-8] ERROR o.h.e.jdbc.spi.SqlExceptionHelper - [SQLITE_BUSY] The database file is locked (database is locked)
2025-07-03 07:10:03.947 [pool-9-thread-7] WARN  o.h.e.jdbc.spi.SqlExceptionHelper - SQL Error: 5, SQLState: null
2025-07-03 07:10:03.947 [pool-9-thread-7] ERROR o.h.e.jdbc.spi.SqlExceptionHelper - [SQLITE_BUSY] The database file is locked (database is locked)
2025-07-03 07:10:03.947 [pool-9-thread-3] ERROR o.h.e.jdbc.spi.SqlExceptionHelper - [SQLITE_BUSY] The database file is locked (database is locked)
2025-07-03 07:10:03.947 [pool-9-thread-2] ERROR org.hibernate.orm.jdbc.batch - HHH100501: Exception executing batch [org.sqlite.SQLiteException: [SQLITE_BUSY] The database file is locked (database is locked)], SQL: insert into order_items (food_item_id,order_id,price,quantity,id) values (?,?,?,?,?)
2025-07-03 07:10:03.947 [pool-9-thread-5] ERROR org.hibernate.orm.jdbc.batch - HHH100501: Exception executing batch [org.sqlite.SQLiteException: [SQLITE_BUSY] The database file is locked (database is locked)], SQL: insert into order_items (food_item_id,order_id,price,quantity,id) values (?,?,?,?,?)
❌ Thread 7 ناموفق: org.hibernate.exception.LockAcquisitionException: could not execute batch [[SQLITE_BUSY] The database file is locked (database is locked)] [insert into order_items (food_item_id,order_id,price,quantity,id) values (?,?,?,?,?)]
❌ Thread 4 ناموفق: org.hibernate.exception.LockAcquisitionException: could not execute batch [[SQLITE_BUSY] The database file is locked (database is locked)] [insert into order_items (food_item_id,order_id,price,quantity,id) values (?,?,?,?,?)]
2025-07-03 07:10:03.947 [pool-9-thread-5] WARN  o.h.e.jdbc.spi.SqlExceptionHelper - SQL Error: 5, SQLState: null
❌ Thread 1 ناموفق: org.hibernate.exception.LockAcquisitionException: could not execute batch [[SQLITE_BUSY] The database file is locked (database is locked)] [insert into order_items (food_item_id,order_id,price,quantity,id) values (?,?,?,?,?)]
2025-07-03 07:10:03.947 [pool-9-thread-2] WARN  o.h.e.jdbc.spi.SqlExceptionHelper - SQL Error: 5, SQLState: null
2025-07-03 07:10:03.947 [pool-9-thread-2] ERROR o.h.e.jdbc.spi.SqlExceptionHelper - [SQLITE_BUSY] The database file is locked (database is locked)
2025-07-03 07:10:03.947 [pool-9-thread-5] ERROR o.h.e.jdbc.spi.SqlExceptionHelper - [SQLITE_BUSY] The database file is locked (database is locked)
❌ Thread 3 ناموفق: org.hibernate.exception.LockAcquisitionException: could not execute batch [[SQLITE_BUSY] The database file is locked (database is locked)] [insert into order_items (food_item_id,order_id,price,quantity,id) values (?,?,?,?,?)]
❌ Thread 8 ناموفق: org.hibernate.exception.LockAcquisitionException: could not execute batch [[SQLITE_BUSY] The database file is locked (database is locked)] [insert into order_items (food_item_id,order_id,price,quantity,id) values (?,?,?,?,?)]
❌ Thread 2 ناموفق: org.hibernate.exception.LockAcquisitionException: could not execute batch [[SQLITE_BUSY] The database file is locked (database is locked)] [insert into order_items (food_item_id,order_id,price,quantity,id) values (?,?,?,?,?)]
2025-07-03 07:10:03.948 [pool-9-thread-9] DEBUG org.hibernate.SQL - 
    insert 
    into
        order_items
        (food_item_id, order_id, price, quantity, id) 
    values
        (?, ?, ?, ?, ?)
Hibernate: 
    insert 
    into
        order_items
        (food_item_id, order_id, price, quantity, id) 
    values
        (?, ?, ?, ?, ?)
❌ Thread 5 ناموفق: org.hibernate.exception.LockAcquisitionException: could not execute batch [[SQLITE_BUSY] The database file is locked (database is locked)] [insert into order_items (food_item_id,order_id,price,quantity,id) values (?,?,?,?,?)]
2025-07-03 07:10:03.948 [pool-9-thread-9] ERROR org.hibernate.orm.jdbc.batch - HHH100501: Exception executing batch [org.sqlite.SQLiteException: [SQLITE_BUSY] The database file is locked (database is locked)], SQL: insert into order_items (food_item_id,order_id,price,quantity,id) values (?,?,?,?,?)
2025-07-03 07:10:03.948 [pool-9-thread-10] DEBUG org.hibernate.SQL - 
    insert 
    into
        order_items
        (food_item_id, order_id, price, quantity, id) 
    values
        (?, ?, ?, ?, ?)
Hibernate: 
    insert 
    into
        order_items
        (food_item_id, order_id, price, quantity, id) 
    values
        (?, ?, ?, ?, ?)
2025-07-03 07:10:03.948 [pool-9-thread-9] WARN  o.h.e.jdbc.spi.SqlExceptionHelper - SQL Error: 5, SQLState: null
2025-07-03 07:10:03.948 [pool-9-thread-9] ERROR o.h.e.jdbc.spi.SqlExceptionHelper - [SQLITE_BUSY] The database file is locked (database is locked)
2025-07-03 07:10:03.948 [pool-9-thread-10] ERROR org.hibernate.orm.jdbc.batch - HHH100501: Exception executing batch [org.sqlite.SQLiteException: [SQLITE_BUSY] The database file is locked (database is locked)], SQL: insert into order_items (food_item_id,order_id,price,quantity,id) values (?,?,?,?,?)
❌ Thread 9 ناموفق: org.hibernate.exception.LockAcquisitionException: could not execute batch [[SQLITE_BUSY] The database file is locked (database is locked)] [insert into order_items (food_item_id,order_id,price,quantity,id) values (?,?,?,?,?)]
2025-07-03 07:10:03.948 [pool-9-thread-10] WARN  o.h.e.jdbc.spi.SqlExceptionHelper - SQL Error: 5, SQLState: null
2025-07-03 07:10:03.948 [pool-9-thread-10] ERROR o.h.e.jdbc.spi.SqlExceptionHelper - [SQLITE_BUSY] The database file is locked (database is locked)
❌ Thread 10 ناموفق: org.hibernate.exception.LockAcquisitionException: could not execute batch [[SQLITE_BUSY] The database file is locked (database is locked)] [insert into order_items (food_item_id,order_id,price,quantity,id) values (?,?,?,?,?)]
✅ Thread 6 موفق بود
📊 بررسی وضعیت نهایی سفارش
2025-07-03 07:10:03.949 [main] DEBUG org.hibernate.SQL - 
    select
        o1_0.id,
        o1_0.actual_delivery_time,
        o1_0.customer_id,
        o1_0.delivery_address,
        o1_0.estimated_delivery_time,
        o1_0.notes,
        o1_0.order_date,
        oi1_0.order_id,
        oi1_0.id,
        oi1_0.food_item_id,
        fi1_0.id,
        fi1_0.available,
        fi1_0.category,
        fi1_0.description,
        fi1_0.image_url,
        fi1_0.keywords,
        fi1_0.name,
        fi1_0.price,
        fi1_0.quantity,
        fi1_0.restaurant_id,
        oi1_0.price,
        oi1_0.quantity,
        o1_0.phone,
        o1_0.restaurant_id,
        o1_0.status,
        o1_0.total_amount 
    from
        orders o1_0 
    left join
        order_items oi1_0 
            on o1_0.id=oi1_0.order_id 
    left join
        food_items fi1_0 
            on fi1_0.id=oi1_0.food_item_id 
    where
        o1_0.id=?
Hibernate: 
    select
        o1_0.id,
        o1_0.actual_delivery_time,
        o1_0.customer_id,
        o1_0.delivery_address,
        o1_0.estimated_delivery_time,
        o1_0.notes,
        o1_0.order_date,
        oi1_0.order_id,
        oi1_0.id,
        oi1_0.food_item_id,
        fi1_0.id,
        fi1_0.available,
        fi1_0.category,
        fi1_0.description,
        fi1_0.image_url,
        fi1_0.keywords,
        fi1_0.name,
        fi1_0.price,
        fi1_0.quantity,
        fi1_0.restaurant_id,
        oi1_0.price,
        oi1_0.quantity,
        o1_0.phone,
        o1_0.restaurant_id,
        o1_0.status,
        o1_0.total_amount 
    from
        orders o1_0 
    left join
        order_items oi1_0 
            on o1_0.id=oi1_0.order_id 
    left join
        food_items fi1_0 
            on fi1_0.id=oi1_0.food_item_id 
    where
        o1_0.id=?
📈 تعداد عملیات موفق: 1 از 10
📦 تعداد آیتم‌های نهایی: 1
🎉 تست همزمانی با موفقیت تکمیل شد
2025-07-03 07:10:03.953 [main] DEBUG org.hibernate.SQL - 
    delete 
    from
        notifications
Hibernate: 
    delete 
    from
        notifications
2025-07-03 07:10:03.953 [main] DEBUG org.hibernate.SQL - 
    delete 
    from
        ratings
Hibernate: 
    delete 
    from
        ratings
2025-07-03 07:10:03.954 [main] DEBUG org.hibernate.SQL - 
    delete 
    from
        order_items
Hibernate: 
    delete 
    from
        order_items
2025-07-03 07:10:03.954 [main] DEBUG org.hibernate.SQL - 
    delete 
    from
        orders
Hibernate: 
    delete 
    from
        orders
2025-07-03 07:10:03.954 [main] DEBUG org.hibernate.SQL - 
    delete 
    from
        food_items
Hibernate: 
    delete 
    from
        food_items
2025-07-03 07:10:03.954 [main] DEBUG org.hibernate.SQL - 
    delete 
    from
        restaurants
Hibernate: 
    delete 
    from
        restaurants
2025-07-03 07:10:03.954 [main] DEBUG org.hibernate.SQL - 
    delete 
    from
        users
Hibernate: 
    delete 
    from
        users
2025-07-03 07:10:03.955 [main] DEBUG c.myapp.common.TestDatabaseManager - Cleaned all test data from database
2025-07-03 07:10:03.955 [main] DEBUG c.myapp.common.TestDatabaseManager - Test database cleanup completed
]]></system-out>
  </testcase>
  <testcase name="concurrentStatusUpdates_MultipleThreads_FinalStateConsistent" classname="com.myapp.order.OrderControllerIntegrationTest$ConcurrentAccessTests" time="0.335">
    <system-out><![CDATA[2025-07-03 07:10:04.063 [main] DEBUG org.hibernate.SQL - 
    delete 
    from
        notifications
Hibernate: 
    delete 
    from
        notifications
2025-07-03 07:10:04.063 [main] DEBUG org.hibernate.SQL - 
    delete 
    from
        ratings
Hibernate: 
    delete 
    from
        ratings
2025-07-03 07:10:04.063 [main] DEBUG org.hibernate.SQL - 
    delete 
    from
        order_items
Hibernate: 
    delete 
    from
        order_items
2025-07-03 07:10:04.063 [main] DEBUG org.hibernate.SQL - 
    delete 
    from
        orders
Hibernate: 
    delete 
    from
        orders
2025-07-03 07:10:04.064 [main] DEBUG org.hibernate.SQL - 
    delete 
    from
        food_items
Hibernate: 
    delete 
    from
        food_items
2025-07-03 07:10:04.064 [main] DEBUG org.hibernate.SQL - 
    delete 
    from
        restaurants
Hibernate: 
    delete 
    from
        restaurants
2025-07-03 07:10:04.064 [main] DEBUG org.hibernate.SQL - 
    delete 
    from
        users
Hibernate: 
    delete 
    from
        users
2025-07-03 07:10:04.065 [main] DEBUG c.myapp.common.TestDatabaseManager - Cleaned all test data from database
2025-07-03 07:10:04.065 [main] DEBUG c.myapp.common.TestDatabaseManager - Test database cleanup completed
🚀 شروع تست به‌روزرسانی همزمان وضعیت
🔨 شروع ایجاد کاربر تست با ایمیل: customer.status@test.com
🔄 تلاش شماره 1 از 3 برای ذخیره کاربر
2025-07-03 07:10:04.174 [main] DEBUG org.hibernate.SQL - 
    select
        u1_0.id,
        u1_0.address,
        u1_0.email,
        u1_0.full_name,
        u1_0.is_active,
        u1_0.password_hash,
        u1_0.phone,
        u1_0.role 
    from
        users u1_0 
    where
        u1_0.phone=?
Hibernate: 
    select
        u1_0.id,
        u1_0.address,
        u1_0.email,
        u1_0.full_name,
        u1_0.is_active,
        u1_0.password_hash,
        u1_0.phone,
        u1_0.role 
    from
        users u1_0 
    where
        u1_0.phone=?
2025-07-03 07:10:04.175 [main] DEBUG org.hibernate.SQL - 
    insert 
    into
        users
        (address, email, full_name, is_active, password_hash, phone, role, id) 
    values
        (?, ?, ?, ?, ?, ?, ?, ?)
Hibernate: 
    insert 
    into
        users
        (address, email, full_name, is_active, password_hash, phone, role, id) 
    values
        (?, ?, ?, ?, ?, ?, ?, ?)
✅ کاربر تست با موفقیت ذخیره شد - ID: 13556, ایمیل: customer.status@test.com
🏪 شروع ایجاد رستوران تست با نام: رستوران وضعیت
🔨 شروع ایجاد کاربر تست با ایمیل: restaurant.owner.1751514004176@test.com
🔄 تلاش شماره 1 از 3 برای ذخیره کاربر
2025-07-03 07:10:04.176 [main] DEBUG org.hibernate.SQL - 
    select
        u1_0.id,
        u1_0.address,
        u1_0.email,
        u1_0.full_name,
        u1_0.is_active,
        u1_0.password_hash,
        u1_0.phone,
        u1_0.role 
    from
        users u1_0 
    where
        u1_0.phone=?
Hibernate: 
    select
        u1_0.id,
        u1_0.address,
        u1_0.email,
        u1_0.full_name,
        u1_0.is_active,
        u1_0.password_hash,
        u1_0.phone,
        u1_0.role 
    from
        users u1_0 
    where
        u1_0.phone=?
2025-07-03 07:10:04.177 [main] DEBUG org.hibernate.SQL - 
    insert 
    into
        users
        (address, email, full_name, is_active, password_hash, phone, role, id) 
    values
        (?, ?, ?, ?, ?, ?, ?, ?)
Hibernate: 
    insert 
    into
        users
        (address, email, full_name, is_active, password_hash, phone, role, id) 
    values
        (?, ?, ?, ?, ?, ?, ?, ?)
✅ کاربر تست با موفقیت ذخیره شد - ID: 13557, ایمیل: restaurant.owner.1751514004176@test.com
👤 مالک رستوران ایجاد شد - ID: 13557
💾 تلاش برای ذخیره رستوران در پایگاه داده...
🔄 تلاش شماره 1 از 3 برای ذخیره رستوران
2025-07-03 07:10:04.178 [main] DEBUG org.hibernate.SQL - 
    insert 
    into
        restaurants
        (address, name, owner_id, phone, status, id) 
    values
        (?, ?, ?, ?, ?, ?)
Hibernate: 
    insert 
    into
        restaurants
        (address, name, owner_id, phone, status, id) 
    values
        (?, ?, ?, ?, ?, ?)
✅ رستوران با موفقیت ذخیره شد - ID: 2232
2025-07-03 07:10:04.179 [main] DEBUG org.hibernate.SQL - 
    select
        r1_0.id,
        r1_0.address,
        r1_0.name,
        r1_0.owner_id,
        r1_0.phone,
        r1_0.status 
    from
        restaurants r1_0 
    where
        r1_0.id=?
Hibernate: 
    select
        r1_0.id,
        r1_0.address,
        r1_0.name,
        r1_0.owner_id,
        r1_0.phone,
        r1_0.status 
    from
        restaurants r1_0 
    where
        r1_0.id=?
✅ تأیید: رستوران قابل بازیابی است
2025-07-03 07:10:04.179 [main] DEBUG org.hibernate.SQL - 
    select
        r1_0.id,
        r1_0.address,
        r1_0.name,
        r1_0.owner_id,
        r1_0.phone,
        r1_0.status 
    from
        restaurants r1_0 
    where
        r1_0.id=?
Hibernate: 
    select
        r1_0.id,
        r1_0.address,
        r1_0.name,
        r1_0.owner_id,
        r1_0.phone,
        r1_0.status 
    from
        restaurants r1_0 
    where
        r1_0.id=?
2025-07-03 07:10:04.180 [main] DEBUG org.hibernate.SQL - 
    insert 
    into
        orders
        (actual_delivery_time, customer_id, delivery_address, estimated_delivery_time, notes, order_date, phone, restaurant_id, status, total_amount, id) 
    values
        (?, ?, ?, ?, ?, ?, ?, ?, ?, ?, ?)
Hibernate: 
    insert 
    into
        orders
        (actual_delivery_time, customer_id, delivery_address, estimated_delivery_time, notes, order_date, phone, restaurant_id, status, total_amount, id) 
    values
        (?, ?, ?, ?, ?, ?, ?, ?, ?, ?, ?)
2025-07-03 07:10:04.181 [main] DEBUG org.hibernate.SQL - 
    select
        o1_0.id,
        o1_0.actual_delivery_time,
        o1_0.customer_id,
        o1_0.delivery_address,
        o1_0.estimated_delivery_time,
        o1_0.notes,
        o1_0.order_date,
        oi1_0.order_id,
        oi1_0.id,
        oi1_0.food_item_id,
        fi1_0.id,
        fi1_0.available,
        fi1_0.category,
        fi1_0.description,
        fi1_0.image_url,
        fi1_0.keywords,
        fi1_0.name,
        fi1_0.price,
        fi1_0.quantity,
        fi1_0.restaurant_id,
        oi1_0.price,
        oi1_0.quantity,
        o1_0.phone,
        o1_0.restaurant_id,
        o1_0.status,
        o1_0.total_amount 
    from
        orders o1_0 
    left join
        order_items oi1_0 
            on o1_0.id=oi1_0.order_id 
    left join
        food_items fi1_0 
            on fi1_0.id=oi1_0.food_item_id 
    where
        o1_0.id=?
Hibernate: 
    select
        o1_0.id,
        o1_0.actual_delivery_time,
        o1_0.customer_id,
        o1_0.delivery_address,
        o1_0.estimated_delivery_time,
        o1_0.notes,
        o1_0.order_date,
        oi1_0.order_id,
        oi1_0.id,
        oi1_0.food_item_id,
        fi1_0.id,
        fi1_0.available,
        fi1_0.category,
        fi1_0.description,
        fi1_0.image_url,
        fi1_0.keywords,
        fi1_0.name,
        fi1_0.price,
        fi1_0.quantity,
        fi1_0.restaurant_id,
        oi1_0.price,
        oi1_0.quantity,
        o1_0.phone,
        o1_0.restaurant_id,
        o1_0.status,
        o1_0.total_amount 
    from
        orders o1_0 
    left join
        order_items oi1_0 
            on o1_0.id=oi1_0.order_id 
    left join
        food_items fi1_0 
            on fi1_0.id=oi1_0.food_item_id 
    where
        o1_0.id=?
🎭 ایجاد mock order
🔄 تلاش برای تغییر همزمان وضعیت
2025-07-03 07:10:04.285 [pool-10-thread-3] DEBUG org.hibernate.SQL - 
    select
        o1_0.id,
        o1_0.actual_delivery_time,
        o1_0.customer_id,
        o1_0.delivery_address,
        o1_0.estimated_delivery_time,
        o1_0.notes,
        o1_0.order_date,
        oi1_0.order_id,
        oi1_0.id,
        oi1_0.food_item_id,
        fi1_0.id,
        fi1_0.available,
        fi1_0.category,
        fi1_0.description,
        fi1_0.image_url,
        fi1_0.keywords,
        fi1_0.name,
        fi1_0.price,
        fi1_0.quantity,
        fi1_0.restaurant_id,
        oi1_0.price,
        oi1_0.quantity,
        o1_0.phone,
        o1_0.restaurant_id,
        o1_0.status,
        o1_0.total_amount 
    from
        orders o1_0 
    left join
        order_items oi1_0 
            on o1_0.id=oi1_0.order_id 
    left join
        food_items fi1_0 
            on fi1_0.id=oi1_0.food_item_id 
    where
        o1_0.id=?
2025-07-03 07:10:04.285 [pool-10-thread-2] DEBUG org.hibernate.SQL - 
    select
        o1_0.id,
        o1_0.actual_delivery_time,
        o1_0.customer_id,
        o1_0.delivery_address,
        o1_0.estimated_delivery_time,
        o1_0.notes,
        o1_0.order_date,
        oi1_0.order_id,
        oi1_0.id,
        oi1_0.food_item_id,
        fi1_0.id,
        fi1_0.available,
        fi1_0.category,
        fi1_0.description,
        fi1_0.image_url,
        fi1_0.keywords,
        fi1_0.name,
        fi1_0.price,
        fi1_0.quantity,
        fi1_0.restaurant_id,
        oi1_0.price,
        oi1_0.quantity,
        o1_0.phone,
        o1_0.restaurant_id,
        o1_0.status,
        o1_0.total_amount 
    from
        orders o1_0 
    left join
        order_items oi1_0 
            on o1_0.id=oi1_0.order_id 
    left join
        food_items fi1_0 
            on fi1_0.id=oi1_0.food_item_id 
    where
        o1_0.id=?
Hibernate: 
    select
        o1_0.id,
        o1_0.actual_delivery_time,
        o1_0.customer_id,
        o1_0.delivery_address,
        o1_0.estimated_delivery_time,
        o1_0.notes,
        o1_0.order_date,
        oi1_0.order_id,
        oi1_0.id,
        oi1_0.food_item_id,
        fi1_0.id,
        fi1_0.available,
        fi1_0.category,
        fi1_0.description,
        fi1_0.image_url,
        fi1_0.keywords,
        fi1_0.name,
        fi1_0.price,
        fi1_0.quantity,
        fi1_0.restaurant_id,
        oi1_0.price,
        oi1_0.quantity,
        o1_0.phone,
        o1_0.restaurant_id,
        o1_0.status,
        o1_0.total_amount 
    from
        orders o1_0 
    left join
        order_items oi1_0 
            on o1_0.id=oi1_0.order_id 
    left join
        food_items fi1_0 
            on fi1_0.id=oi1_0.food_item_id 
    where
        o1_0.id=?
Hibernate: 
    select
        o1_0.id,
        o1_0.actual_delivery_time,
        o1_0.customer_id,
        o1_0.delivery_address,
        o1_0.estimated_delivery_time,
        o1_0.notes,
        o1_0.order_date,
        oi1_0.order_id,
        oi1_0.id,
        oi1_0.food_item_id,
        fi1_0.id,
        fi1_0.available,
        fi1_0.category,
        fi1_0.description,
        fi1_0.image_url,
        fi1_0.keywords,
        fi1_0.name,
        fi1_0.price,
        fi1_0.quantity,
        fi1_0.restaurant_id,
        oi1_0.price,
        oi1_0.quantity,
        o1_0.phone,
        o1_0.restaurant_id,
        o1_0.status,
        o1_0.total_amount 
    from
        orders o1_0 
    left join
        order_items oi1_0 
            on o1_0.id=oi1_0.order_id 
    left join
        food_items fi1_0 
            on fi1_0.id=oi1_0.food_item_id 
    where
        o1_0.id=?
2025-07-03 07:10:04.285 [pool-10-thread-1] DEBUG org.hibernate.SQL - 
    select
        o1_0.id,
        o1_0.actual_delivery_time,
        o1_0.customer_id,
        o1_0.delivery_address,
        o1_0.estimated_delivery_time,
        o1_0.notes,
        o1_0.order_date,
        oi1_0.order_id,
        oi1_0.id,
        oi1_0.food_item_id,
        fi1_0.id,
        fi1_0.available,
        fi1_0.category,
        fi1_0.description,
        fi1_0.image_url,
        fi1_0.keywords,
        fi1_0.name,
        fi1_0.price,
        fi1_0.quantity,
        fi1_0.restaurant_id,
        oi1_0.price,
        oi1_0.quantity,
        o1_0.phone,
        o1_0.restaurant_id,
        o1_0.status,
        o1_0.total_amount 
    from
        orders o1_0 
    left join
        order_items oi1_0 
            on o1_0.id=oi1_0.order_id 
    left join
        food_items fi1_0 
            on fi1_0.id=oi1_0.food_item_id 
    where
        o1_0.id=?
Hibernate: 
    select
        o1_0.id,
        o1_0.actual_delivery_time,
        o1_0.customer_id,
        o1_0.delivery_address,
        o1_0.estimated_delivery_time,
        o1_0.notes,
        o1_0.order_date,
        oi1_0.order_id,
        oi1_0.id,
        oi1_0.food_item_id,
        fi1_0.id,
        fi1_0.available,
        fi1_0.category,
        fi1_0.description,
        fi1_0.image_url,
        fi1_0.keywords,
        fi1_0.name,
        fi1_0.price,
        fi1_0.quantity,
        fi1_0.restaurant_id,
        oi1_0.price,
        oi1_0.quantity,
        o1_0.phone,
        o1_0.restaurant_id,
        o1_0.status,
        o1_0.total_amount 
    from
        orders o1_0 
    left join
        order_items oi1_0 
            on o1_0.id=oi1_0.order_id 
    left join
        food_items fi1_0 
            on fi1_0.id=oi1_0.food_item_id 
    where
        o1_0.id=?
2025-07-03 07:10:04.285 [pool-10-thread-4] DEBUG org.hibernate.SQL - 
    select
        o1_0.id,
        o1_0.actual_delivery_time,
        o1_0.customer_id,
        o1_0.delivery_address,
        o1_0.estimated_delivery_time,
        o1_0.notes,
        o1_0.order_date,
        oi1_0.order_id,
        oi1_0.id,
        oi1_0.food_item_id,
        fi1_0.id,
        fi1_0.available,
        fi1_0.category,
        fi1_0.description,
        fi1_0.image_url,
        fi1_0.keywords,
        fi1_0.name,
        fi1_0.price,
        fi1_0.quantity,
        fi1_0.restaurant_id,
        oi1_0.price,
        oi1_0.quantity,
        o1_0.phone,
        o1_0.restaurant_id,
        o1_0.status,
        o1_0.total_amount 
    from
        orders o1_0 
    left join
        order_items oi1_0 
            on o1_0.id=oi1_0.order_id 
    left join
        food_items fi1_0 
            on fi1_0.id=oi1_0.food_item_id 
    where
        o1_0.id=?
Hibernate: 
    select
        o1_0.id,
        o1_0.actual_delivery_time,
        o1_0.customer_id,
        o1_0.delivery_address,
        o1_0.estimated_delivery_time,
        o1_0.notes,
        o1_0.order_date,
        oi1_0.order_id,
        oi1_0.id,
        oi1_0.food_item_id,
        fi1_0.id,
        fi1_0.available,
        fi1_0.category,
        fi1_0.description,
        fi1_0.image_url,
        fi1_0.keywords,
        fi1_0.name,
        fi1_0.price,
        fi1_0.quantity,
        fi1_0.restaurant_id,
        oi1_0.price,
        oi1_0.quantity,
        o1_0.phone,
        o1_0.restaurant_id,
        o1_0.status,
        o1_0.total_amount 
    from
        orders o1_0 
    left join
        order_items oi1_0 
            on o1_0.id=oi1_0.order_id 
    left join
        food_items fi1_0 
            on fi1_0.id=oi1_0.food_item_id 
    where
        o1_0.id=?
⚠️  مشکل در تغییر وضعیت به PREPARING: Order not found with ID: 1751514004182
⚠️  مشکل در تغییر وضعیت به OUT_FOR_DELIVERY: Order not found with ID: 1751514004182
⚠️  مشکل در تغییر وضعیت به CONFIRMED: Order not found with ID: 1751514004182
⚠️  مشکل در تغییر وضعیت به READY: Order not found with ID: 1751514004182
2025-07-03 07:10:04.286 [main] DEBUG org.hibernate.SQL - 
    select
        o1_0.id,
        o1_0.actual_delivery_time,
        o1_0.customer_id,
        o1_0.delivery_address,
        o1_0.estimated_delivery_time,
        o1_0.notes,
        o1_0.order_date,
        oi1_0.order_id,
        oi1_0.id,
        oi1_0.food_item_id,
        fi1_0.id,
        fi1_0.available,
        fi1_0.category,
        fi1_0.description,
        fi1_0.image_url,
        fi1_0.keywords,
        fi1_0.name,
        fi1_0.price,
        fi1_0.quantity,
        fi1_0.restaurant_id,
        oi1_0.price,
        oi1_0.quantity,
        o1_0.phone,
        o1_0.restaurant_id,
        o1_0.status,
        o1_0.total_amount 
    from
        orders o1_0 
    left join
        order_items oi1_0 
            on o1_0.id=oi1_0.order_id 
    left join
        food_items fi1_0 
            on fi1_0.id=oi1_0.food_item_id 
    where
        o1_0.id=?
Hibernate: 
    select
        o1_0.id,
        o1_0.actual_delivery_time,
        o1_0.customer_id,
        o1_0.delivery_address,
        o1_0.estimated_delivery_time,
        o1_0.notes,
        o1_0.order_date,
        oi1_0.order_id,
        oi1_0.id,
        oi1_0.food_item_id,
        fi1_0.id,
        fi1_0.available,
        fi1_0.category,
        fi1_0.description,
        fi1_0.image_url,
        fi1_0.keywords,
        fi1_0.name,
        fi1_0.price,
        fi1_0.quantity,
        fi1_0.restaurant_id,
        oi1_0.price,
        oi1_0.quantity,
        o1_0.phone,
        o1_0.restaurant_id,
        o1_0.status,
        o1_0.total_amount 
    from
        orders o1_0 
    left join
        order_items oi1_0 
            on o1_0.id=oi1_0.order_id 
    left join
        food_items fi1_0 
            on fi1_0.id=oi1_0.food_item_id 
    where
        o1_0.id=?
⚠️  مشکل در دریافت وضعیت نهایی: Order not found with ID: 1751514004182
2025-07-03 07:10:04.287 [main] DEBUG org.hibernate.SQL - 
    delete 
    from
        notifications
Hibernate: 
    delete 
    from
        notifications
2025-07-03 07:10:04.287 [main] DEBUG org.hibernate.SQL - 
    delete 
    from
        ratings
Hibernate: 
    delete 
    from
        ratings
2025-07-03 07:10:04.287 [main] DEBUG org.hibernate.SQL - 
    delete 
    from
        order_items
Hibernate: 
    delete 
    from
        order_items
2025-07-03 07:10:04.288 [main] DEBUG org.hibernate.SQL - 
    delete 
    from
        orders
Hibernate: 
    delete 
    from
        orders
2025-07-03 07:10:04.288 [main] DEBUG org.hibernate.SQL - 
    delete 
    from
        food_items
Hibernate: 
    delete 
    from
        food_items
2025-07-03 07:10:04.288 [main] DEBUG org.hibernate.SQL - 
    delete 
    from
        restaurants
Hibernate: 
    delete 
    from
        restaurants
2025-07-03 07:10:04.288 [main] DEBUG org.hibernate.SQL - 
    delete 
    from
        users
Hibernate: 
    delete 
    from
        users
2025-07-03 07:10:04.289 [main] DEBUG c.myapp.common.TestDatabaseManager - Cleaned all test data from database
2025-07-03 07:10:04.289 [main] DEBUG c.myapp.common.TestDatabaseManager - Test database cleanup completed
]]></system-out>
  </testcase>
</testsuite>