<?xml version="1.0" encoding="UTF-8"?>
<testsuite xmlns:xsi="http://www.w3.org/2001/XMLSchema-instance" xsi:noNamespaceSchemaLocation="https://maven.apache.org/surefire/maven-surefire-plugin/xsd/surefire-test-report-3.0.xsd" version="3.0" name="com.myapp.notification.NotificationAdvancedTest" time="1.556" tests="4" errors="0" skipped="0" failures="0">
  <properties>
[...]
</properties>
  <testcase name="shouldValidateAllNotificationTypesAndPrioritiesComprehensively" classname="com.myapp.notification.NotificationAdvancedTest" time="0.203">
    <system-out><![CDATA[2025-07-03 23:42:37.028 [main] DEBUG c.myapp.common.TestDatabaseManager - Test database setup completed
2025-07-03 23:42:37.029 [main] DEBUG org.hibernate.SQL - 
    insert 
    into
        users
        (address, email, full_name, is_active, password_hash, phone, role, id) 
    values
        (?, ?, ?, ?, ?, ?, ?, ?)
Hibernate: 
    insert 
    into
        users
        (address, email, full_name, is_active, password_hash, phone, role, id) 
    values
        (?, ?, ?, ?, ?, ?, ?, ?)
2025-07-03 23:42:37.029 [main] DEBUG org.hibernate.SQL - 
    insert 
    into
        users
        (address, email, full_name, is_active, password_hash, phone, role, id) 
    values
        (?, ?, ?, ?, ?, ?, ?, ?)
Hibernate: 
    insert 
    into
        users
        (address, email, full_name, is_active, password_hash, phone, role, id) 
    values
        (?, ?, ?, ?, ?, ?, ?, ?)
2025-07-03 23:42:37.029 [main] DEBUG org.hibernate.SQL - 
    insert 
    into
        users
        (address, email, full_name, is_active, password_hash, phone, role, id) 
    values
        (?, ?, ?, ?, ?, ?, ?, ?)
Hibernate: 
    insert 
    into
        users
        (address, email, full_name, is_active, password_hash, phone, role, id) 
    values
        (?, ?, ?, ?, ?, ?, ?, ?)
✅ Created NotificationAdvancedTest users:
  testUser1 ID: 23874
  testUser2 ID: 23875
  inactiveUser ID: 23876
2025-07-03 23:42:37.040 [main] DEBUG org.hibernate.SQL - 
    delete 
    from
        notifications
Hibernate: 
    delete 
    from
        notifications
2025-07-03 23:42:37.043 [main] DEBUG c.myapp.common.TestDatabaseManager - Cleaned all notification data from test database
2025-07-03 23:42:37.043 [main] DEBUG org.hibernate.SQL - 
    select
        u1_0.id,
        u1_0.address,
        u1_0.email,
        u1_0.full_name,
        u1_0.is_active,
        u1_0.password_hash,
        u1_0.phone,
        u1_0.role 
    from
        users u1_0 
    where
        u1_0.id=?
Hibernate: 
    select
        u1_0.id,
        u1_0.address,
        u1_0.email,
        u1_0.full_name,
        u1_0.is_active,
        u1_0.password_hash,
        u1_0.phone,
        u1_0.role 
    from
        users u1_0 
    where
        u1_0.id=?
2025-07-03 23:42:37.044 [main] DEBUG org.hibernate.SQL - 
    select
        next_val as id_val 
    from
        notifications_SEQ
Hibernate: 
    select
        next_val as id_val 
    from
        notifications_SEQ
2025-07-03 23:42:37.044 [main] DEBUG org.hibernate.SQL - 
    update
        notifications_SEQ 
    set
        next_val= ? 
    where
        next_val=?
Hibernate: 
    update
        notifications_SEQ 
    set
        next_val= ? 
    where
        next_val=?
2025-07-03 23:42:37.047 [main] DEBUG org.hibernate.SQL - 
    insert 
    into
        notifications
        (created_at, deleted_at, delivery_id, isDeleted, isRead, message, metadata, order_id, priority, read_at, related_entity_id, restaurant_id, title, type, userId, id) 
    values
        (?, ?, ?, ?, ?, ?, ?, ?, ?, ?, ?, ?, ?, ?, ?, ?)
Hibernate: 
    insert 
    into
        notifications
        (created_at, deleted_at, delivery_id, isDeleted, isRead, message, metadata, order_id, priority, read_at, related_entity_id, restaurant_id, title, type, userId, id) 
    values
        (?, ?, ?, ?, ?, ?, ?, ?, ?, ?, ?, ?, ?, ?, ?, ?)
2025-07-03 23:42:37.049 [main] DEBUG org.hibernate.SQL - 
    select
        u1_0.id,
        u1_0.address,
        u1_0.email,
        u1_0.full_name,
        u1_0.is_active,
        u1_0.password_hash,
        u1_0.phone,
        u1_0.role 
    from
        users u1_0 
    where
        u1_0.id=?
Hibernate: 
    select
        u1_0.id,
        u1_0.address,
        u1_0.email,
        u1_0.full_name,
        u1_0.is_active,
        u1_0.password_hash,
        u1_0.phone,
        u1_0.role 
    from
        users u1_0 
    where
        u1_0.id=?
2025-07-03 23:42:37.050 [main] DEBUG org.hibernate.SQL - 
    insert 
    into
        notifications
        (created_at, deleted_at, delivery_id, isDeleted, isRead, message, metadata, order_id, priority, read_at, related_entity_id, restaurant_id, title, type, userId, id) 
    values
        (?, ?, ?, ?, ?, ?, ?, ?, ?, ?, ?, ?, ?, ?, ?, ?)
Hibernate: 
    insert 
    into
        notifications
        (created_at, deleted_at, delivery_id, isDeleted, isRead, message, metadata, order_id, priority, read_at, related_entity_id, restaurant_id, title, type, userId, id) 
    values
        (?, ?, ?, ?, ?, ?, ?, ?, ?, ?, ?, ?, ?, ?, ?, ?)
2025-07-03 23:42:37.052 [main] DEBUG org.hibernate.SQL - 
    select
        u1_0.id,
        u1_0.address,
        u1_0.email,
        u1_0.full_name,
        u1_0.is_active,
        u1_0.password_hash,
        u1_0.phone,
        u1_0.role 
    from
        users u1_0 
    where
        u1_0.id=?
Hibernate: 
    select
        u1_0.id,
        u1_0.address,
        u1_0.email,
        u1_0.full_name,
        u1_0.is_active,
        u1_0.password_hash,
        u1_0.phone,
        u1_0.role 
    from
        users u1_0 
    where
        u1_0.id=?
2025-07-03 23:42:37.052 [main] DEBUG org.hibernate.SQL - 
    insert 
    into
        notifications
        (created_at, deleted_at, delivery_id, isDeleted, isRead, message, metadata, order_id, priority, read_at, related_entity_id, restaurant_id, title, type, userId, id) 
    values
        (?, ?, ?, ?, ?, ?, ?, ?, ?, ?, ?, ?, ?, ?, ?, ?)
Hibernate: 
    insert 
    into
        notifications
        (created_at, deleted_at, delivery_id, isDeleted, isRead, message, metadata, order_id, priority, read_at, related_entity_id, restaurant_id, title, type, userId, id) 
    values
        (?, ?, ?, ?, ?, ?, ?, ?, ?, ?, ?, ?, ?, ?, ?, ?)
2025-07-03 23:42:37.054 [main] DEBUG org.hibernate.SQL - 
    select
        u1_0.id,
        u1_0.address,
        u1_0.email,
        u1_0.full_name,
        u1_0.is_active,
        u1_0.password_hash,
        u1_0.phone,
        u1_0.role 
    from
        users u1_0 
    where
        u1_0.id=?
Hibernate: 
    select
        u1_0.id,
        u1_0.address,
        u1_0.email,
        u1_0.full_name,
        u1_0.is_active,
        u1_0.password_hash,
        u1_0.phone,
        u1_0.role 
    from
        users u1_0 
    where
        u1_0.id=?
2025-07-03 23:42:37.054 [main] DEBUG org.hibernate.SQL - 
    insert 
    into
        notifications
        (created_at, deleted_at, delivery_id, isDeleted, isRead, message, metadata, order_id, priority, read_at, related_entity_id, restaurant_id, title, type, userId, id) 
    values
        (?, ?, ?, ?, ?, ?, ?, ?, ?, ?, ?, ?, ?, ?, ?, ?)
Hibernate: 
    insert 
    into
        notifications
        (created_at, deleted_at, delivery_id, isDeleted, isRead, message, metadata, order_id, priority, read_at, related_entity_id, restaurant_id, title, type, userId, id) 
    values
        (?, ?, ?, ?, ?, ?, ?, ?, ?, ?, ?, ?, ?, ?, ?, ?)
2025-07-03 23:42:37.056 [main] DEBUG org.hibernate.SQL - 
    select
        u1_0.id,
        u1_0.address,
        u1_0.email,
        u1_0.full_name,
        u1_0.is_active,
        u1_0.password_hash,
        u1_0.phone,
        u1_0.role 
    from
        users u1_0 
    where
        u1_0.id=?
Hibernate: 
    select
        u1_0.id,
        u1_0.address,
        u1_0.email,
        u1_0.full_name,
        u1_0.is_active,
        u1_0.password_hash,
        u1_0.phone,
        u1_0.role 
    from
        users u1_0 
    where
        u1_0.id=?
2025-07-03 23:42:37.057 [main] DEBUG org.hibernate.SQL - 
    insert 
    into
        notifications
        (created_at, deleted_at, delivery_id, isDeleted, isRead, message, metadata, order_id, priority, read_at, related_entity_id, restaurant_id, title, type, userId, id) 
    values
        (?, ?, ?, ?, ?, ?, ?, ?, ?, ?, ?, ?, ?, ?, ?, ?)
Hibernate: 
    insert 
    into
        notifications
        (created_at, deleted_at, delivery_id, isDeleted, isRead, message, metadata, order_id, priority, read_at, related_entity_id, restaurant_id, title, type, userId, id) 
    values
        (?, ?, ?, ?, ?, ?, ?, ?, ?, ?, ?, ?, ?, ?, ?, ?)
2025-07-03 23:42:37.059 [main] DEBUG org.hibernate.SQL - 
    select
        u1_0.id,
        u1_0.address,
        u1_0.email,
        u1_0.full_name,
        u1_0.is_active,
        u1_0.password_hash,
        u1_0.phone,
        u1_0.role 
    from
        users u1_0 
    where
        u1_0.id=?
Hibernate: 
    select
        u1_0.id,
        u1_0.address,
        u1_0.email,
        u1_0.full_name,
        u1_0.is_active,
        u1_0.password_hash,
        u1_0.phone,
        u1_0.role 
    from
        users u1_0 
    where
        u1_0.id=?
2025-07-03 23:42:37.059 [main] DEBUG org.hibernate.SQL - 
    insert 
    into
        notifications
        (created_at, deleted_at, delivery_id, isDeleted, isRead, message, metadata, order_id, priority, read_at, related_entity_id, restaurant_id, title, type, userId, id) 
    values
        (?, ?, ?, ?, ?, ?, ?, ?, ?, ?, ?, ?, ?, ?, ?, ?)
Hibernate: 
    insert 
    into
        notifications
        (created_at, deleted_at, delivery_id, isDeleted, isRead, message, metadata, order_id, priority, read_at, related_entity_id, restaurant_id, title, type, userId, id) 
    values
        (?, ?, ?, ?, ?, ?, ?, ?, ?, ?, ?, ?, ?, ?, ?, ?)
2025-07-03 23:42:37.061 [main] DEBUG org.hibernate.SQL - 
    select
        u1_0.id,
        u1_0.address,
        u1_0.email,
        u1_0.full_name,
        u1_0.is_active,
        u1_0.password_hash,
        u1_0.phone,
        u1_0.role 
    from
        users u1_0 
    where
        u1_0.id=?
Hibernate: 
    select
        u1_0.id,
        u1_0.address,
        u1_0.email,
        u1_0.full_name,
        u1_0.is_active,
        u1_0.password_hash,
        u1_0.phone,
        u1_0.role 
    from
        users u1_0 
    where
        u1_0.id=?
2025-07-03 23:42:37.061 [main] DEBUG org.hibernate.SQL - 
    insert 
    into
        notifications
        (created_at, deleted_at, delivery_id, isDeleted, isRead, message, metadata, order_id, priority, read_at, related_entity_id, restaurant_id, title, type, userId, id) 
    values
        (?, ?, ?, ?, ?, ?, ?, ?, ?, ?, ?, ?, ?, ?, ?, ?)
Hibernate: 
    insert 
    into
        notifications
        (created_at, deleted_at, delivery_id, isDeleted, isRead, message, metadata, order_id, priority, read_at, related_entity_id, restaurant_id, title, type, userId, id) 
    values
        (?, ?, ?, ?, ?, ?, ?, ?, ?, ?, ?, ?, ?, ?, ?, ?)
2025-07-03 23:42:37.063 [main] DEBUG org.hibernate.SQL - 
    select
        u1_0.id,
        u1_0.address,
        u1_0.email,
        u1_0.full_name,
        u1_0.is_active,
        u1_0.password_hash,
        u1_0.phone,
        u1_0.role 
    from
        users u1_0 
    where
        u1_0.id=?
Hibernate: 
    select
        u1_0.id,
        u1_0.address,
        u1_0.email,
        u1_0.full_name,
        u1_0.is_active,
        u1_0.password_hash,
        u1_0.phone,
        u1_0.role 
    from
        users u1_0 
    where
        u1_0.id=?
2025-07-03 23:42:37.063 [main] DEBUG org.hibernate.SQL - 
    insert 
    into
        notifications
        (created_at, deleted_at, delivery_id, isDeleted, isRead, message, metadata, order_id, priority, read_at, related_entity_id, restaurant_id, title, type, userId, id) 
    values
        (?, ?, ?, ?, ?, ?, ?, ?, ?, ?, ?, ?, ?, ?, ?, ?)
Hibernate: 
    insert 
    into
        notifications
        (created_at, deleted_at, delivery_id, isDeleted, isRead, message, metadata, order_id, priority, read_at, related_entity_id, restaurant_id, title, type, userId, id) 
    values
        (?, ?, ?, ?, ?, ?, ?, ?, ?, ?, ?, ?, ?, ?, ?, ?)
2025-07-03 23:42:37.065 [main] DEBUG org.hibernate.SQL - 
    select
        u1_0.id,
        u1_0.address,
        u1_0.email,
        u1_0.full_name,
        u1_0.is_active,
        u1_0.password_hash,
        u1_0.phone,
        u1_0.role 
    from
        users u1_0 
    where
        u1_0.id=?
Hibernate: 
    select
        u1_0.id,
        u1_0.address,
        u1_0.email,
        u1_0.full_name,
        u1_0.is_active,
        u1_0.password_hash,
        u1_0.phone,
        u1_0.role 
    from
        users u1_0 
    where
        u1_0.id=?
2025-07-03 23:42:37.066 [main] DEBUG org.hibernate.SQL - 
    insert 
    into
        notifications
        (created_at, deleted_at, delivery_id, isDeleted, isRead, message, metadata, order_id, priority, read_at, related_entity_id, restaurant_id, title, type, userId, id) 
    values
        (?, ?, ?, ?, ?, ?, ?, ?, ?, ?, ?, ?, ?, ?, ?, ?)
Hibernate: 
    insert 
    into
        notifications
        (created_at, deleted_at, delivery_id, isDeleted, isRead, message, metadata, order_id, priority, read_at, related_entity_id, restaurant_id, title, type, userId, id) 
    values
        (?, ?, ?, ?, ?, ?, ?, ?, ?, ?, ?, ?, ?, ?, ?, ?)
2025-07-03 23:42:37.068 [main] DEBUG org.hibernate.SQL - 
    select
        u1_0.id,
        u1_0.address,
        u1_0.email,
        u1_0.full_name,
        u1_0.is_active,
        u1_0.password_hash,
        u1_0.phone,
        u1_0.role 
    from
        users u1_0 
    where
        u1_0.id=?
Hibernate: 
    select
        u1_0.id,
        u1_0.address,
        u1_0.email,
        u1_0.full_name,
        u1_0.is_active,
        u1_0.password_hash,
        u1_0.phone,
        u1_0.role 
    from
        users u1_0 
    where
        u1_0.id=?
2025-07-03 23:42:37.068 [main] DEBUG org.hibernate.SQL - 
    insert 
    into
        notifications
        (created_at, deleted_at, delivery_id, isDeleted, isRead, message, metadata, order_id, priority, read_at, related_entity_id, restaurant_id, title, type, userId, id) 
    values
        (?, ?, ?, ?, ?, ?, ?, ?, ?, ?, ?, ?, ?, ?, ?, ?)
Hibernate: 
    insert 
    into
        notifications
        (created_at, deleted_at, delivery_id, isDeleted, isRead, message, metadata, order_id, priority, read_at, related_entity_id, restaurant_id, title, type, userId, id) 
    values
        (?, ?, ?, ?, ?, ?, ?, ?, ?, ?, ?, ?, ?, ?, ?, ?)
2025-07-03 23:42:37.070 [main] DEBUG org.hibernate.SQL - 
    select
        u1_0.id,
        u1_0.address,
        u1_0.email,
        u1_0.full_name,
        u1_0.is_active,
        u1_0.password_hash,
        u1_0.phone,
        u1_0.role 
    from
        users u1_0 
    where
        u1_0.id=?
Hibernate: 
    select
        u1_0.id,
        u1_0.address,
        u1_0.email,
        u1_0.full_name,
        u1_0.is_active,
        u1_0.password_hash,
        u1_0.phone,
        u1_0.role 
    from
        users u1_0 
    where
        u1_0.id=?
2025-07-03 23:42:37.070 [main] DEBUG org.hibernate.SQL - 
    insert 
    into
        notifications
        (created_at, deleted_at, delivery_id, isDeleted, isRead, message, metadata, order_id, priority, read_at, related_entity_id, restaurant_id, title, type, userId, id) 
    values
        (?, ?, ?, ?, ?, ?, ?, ?, ?, ?, ?, ?, ?, ?, ?, ?)
Hibernate: 
    insert 
    into
        notifications
        (created_at, deleted_at, delivery_id, isDeleted, isRead, message, metadata, order_id, priority, read_at, related_entity_id, restaurant_id, title, type, userId, id) 
    values
        (?, ?, ?, ?, ?, ?, ?, ?, ?, ?, ?, ?, ?, ?, ?, ?)
2025-07-03 23:42:37.072 [main] DEBUG org.hibernate.SQL - 
    select
        u1_0.id,
        u1_0.address,
        u1_0.email,
        u1_0.full_name,
        u1_0.is_active,
        u1_0.password_hash,
        u1_0.phone,
        u1_0.role 
    from
        users u1_0 
    where
        u1_0.id=?
Hibernate: 
    select
        u1_0.id,
        u1_0.address,
        u1_0.email,
        u1_0.full_name,
        u1_0.is_active,
        u1_0.password_hash,
        u1_0.phone,
        u1_0.role 
    from
        users u1_0 
    where
        u1_0.id=?
2025-07-03 23:42:37.073 [main] DEBUG org.hibernate.SQL - 
    insert 
    into
        notifications
        (created_at, deleted_at, delivery_id, isDeleted, isRead, message, metadata, order_id, priority, read_at, related_entity_id, restaurant_id, title, type, userId, id) 
    values
        (?, ?, ?, ?, ?, ?, ?, ?, ?, ?, ?, ?, ?, ?, ?, ?)
Hibernate: 
    insert 
    into
        notifications
        (created_at, deleted_at, delivery_id, isDeleted, isRead, message, metadata, order_id, priority, read_at, related_entity_id, restaurant_id, title, type, userId, id) 
    values
        (?, ?, ?, ?, ?, ?, ?, ?, ?, ?, ?, ?, ?, ?, ?, ?)
2025-07-03 23:42:37.075 [main] DEBUG org.hibernate.SQL - 
    select
        u1_0.id,
        u1_0.address,
        u1_0.email,
        u1_0.full_name,
        u1_0.is_active,
        u1_0.password_hash,
        u1_0.phone,
        u1_0.role 
    from
        users u1_0 
    where
        u1_0.id=?
Hibernate: 
    select
        u1_0.id,
        u1_0.address,
        u1_0.email,
        u1_0.full_name,
        u1_0.is_active,
        u1_0.password_hash,
        u1_0.phone,
        u1_0.role 
    from
        users u1_0 
    where
        u1_0.id=?
2025-07-03 23:42:37.075 [main] DEBUG org.hibernate.SQL - 
    insert 
    into
        notifications
        (created_at, deleted_at, delivery_id, isDeleted, isRead, message, metadata, order_id, priority, read_at, related_entity_id, restaurant_id, title, type, userId, id) 
    values
        (?, ?, ?, ?, ?, ?, ?, ?, ?, ?, ?, ?, ?, ?, ?, ?)
Hibernate: 
    insert 
    into
        notifications
        (created_at, deleted_at, delivery_id, isDeleted, isRead, message, metadata, order_id, priority, read_at, related_entity_id, restaurant_id, title, type, userId, id) 
    values
        (?, ?, ?, ?, ?, ?, ?, ?, ?, ?, ?, ?, ?, ?, ?, ?)
2025-07-03 23:42:37.077 [main] DEBUG org.hibernate.SQL - 
    select
        u1_0.id,
        u1_0.address,
        u1_0.email,
        u1_0.full_name,
        u1_0.is_active,
        u1_0.password_hash,
        u1_0.phone,
        u1_0.role 
    from
        users u1_0 
    where
        u1_0.id=?
Hibernate: 
    select
        u1_0.id,
        u1_0.address,
        u1_0.email,
        u1_0.full_name,
        u1_0.is_active,
        u1_0.password_hash,
        u1_0.phone,
        u1_0.role 
    from
        users u1_0 
    where
        u1_0.id=?
2025-07-03 23:42:37.077 [main] DEBUG org.hibernate.SQL - 
    insert 
    into
        notifications
        (created_at, deleted_at, delivery_id, isDeleted, isRead, message, metadata, order_id, priority, read_at, related_entity_id, restaurant_id, title, type, userId, id) 
    values
        (?, ?, ?, ?, ?, ?, ?, ?, ?, ?, ?, ?, ?, ?, ?, ?)
Hibernate: 
    insert 
    into
        notifications
        (created_at, deleted_at, delivery_id, isDeleted, isRead, message, metadata, order_id, priority, read_at, related_entity_id, restaurant_id, title, type, userId, id) 
    values
        (?, ?, ?, ?, ?, ?, ?, ?, ?, ?, ?, ?, ?, ?, ?, ?)
2025-07-03 23:42:37.079 [main] DEBUG org.hibernate.SQL - 
    select
        u1_0.id,
        u1_0.address,
        u1_0.email,
        u1_0.full_name,
        u1_0.is_active,
        u1_0.password_hash,
        u1_0.phone,
        u1_0.role 
    from
        users u1_0 
    where
        u1_0.id=?
Hibernate: 
    select
        u1_0.id,
        u1_0.address,
        u1_0.email,
        u1_0.full_name,
        u1_0.is_active,
        u1_0.password_hash,
        u1_0.phone,
        u1_0.role 
    from
        users u1_0 
    where
        u1_0.id=?
2025-07-03 23:42:37.079 [main] DEBUG org.hibernate.SQL - 
    insert 
    into
        notifications
        (created_at, deleted_at, delivery_id, isDeleted, isRead, message, metadata, order_id, priority, read_at, related_entity_id, restaurant_id, title, type, userId, id) 
    values
        (?, ?, ?, ?, ?, ?, ?, ?, ?, ?, ?, ?, ?, ?, ?, ?)
Hibernate: 
    insert 
    into
        notifications
        (created_at, deleted_at, delivery_id, isDeleted, isRead, message, metadata, order_id, priority, read_at, related_entity_id, restaurant_id, title, type, userId, id) 
    values
        (?, ?, ?, ?, ?, ?, ?, ?, ?, ?, ?, ?, ?, ?, ?, ?)
2025-07-03 23:42:37.081 [main] DEBUG org.hibernate.SQL - 
    select
        u1_0.id,
        u1_0.address,
        u1_0.email,
        u1_0.full_name,
        u1_0.is_active,
        u1_0.password_hash,
        u1_0.phone,
        u1_0.role 
    from
        users u1_0 
    where
        u1_0.id=?
Hibernate: 
    select
        u1_0.id,
        u1_0.address,
        u1_0.email,
        u1_0.full_name,
        u1_0.is_active,
        u1_0.password_hash,
        u1_0.phone,
        u1_0.role 
    from
        users u1_0 
    where
        u1_0.id=?
2025-07-03 23:42:37.082 [main] DEBUG org.hibernate.SQL - 
    insert 
    into
        notifications
        (created_at, deleted_at, delivery_id, isDeleted, isRead, message, metadata, order_id, priority, read_at, related_entity_id, restaurant_id, title, type, userId, id) 
    values
        (?, ?, ?, ?, ?, ?, ?, ?, ?, ?, ?, ?, ?, ?, ?, ?)
Hibernate: 
    insert 
    into
        notifications
        (created_at, deleted_at, delivery_id, isDeleted, isRead, message, metadata, order_id, priority, read_at, related_entity_id, restaurant_id, title, type, userId, id) 
    values
        (?, ?, ?, ?, ?, ?, ?, ?, ?, ?, ?, ?, ?, ?, ?, ?)
2025-07-03 23:42:37.084 [main] DEBUG org.hibernate.SQL - 
    select
        u1_0.id,
        u1_0.address,
        u1_0.email,
        u1_0.full_name,
        u1_0.is_active,
        u1_0.password_hash,
        u1_0.phone,
        u1_0.role 
    from
        users u1_0 
    where
        u1_0.id=?
Hibernate: 
    select
        u1_0.id,
        u1_0.address,
        u1_0.email,
        u1_0.full_name,
        u1_0.is_active,
        u1_0.password_hash,
        u1_0.phone,
        u1_0.role 
    from
        users u1_0 
    where
        u1_0.id=?
2025-07-03 23:42:37.084 [main] DEBUG org.hibernate.SQL - 
    insert 
    into
        notifications
        (created_at, deleted_at, delivery_id, isDeleted, isRead, message, metadata, order_id, priority, read_at, related_entity_id, restaurant_id, title, type, userId, id) 
    values
        (?, ?, ?, ?, ?, ?, ?, ?, ?, ?, ?, ?, ?, ?, ?, ?)
Hibernate: 
    insert 
    into
        notifications
        (created_at, deleted_at, delivery_id, isDeleted, isRead, message, metadata, order_id, priority, read_at, related_entity_id, restaurant_id, title, type, userId, id) 
    values
        (?, ?, ?, ?, ?, ?, ?, ?, ?, ?, ?, ?, ?, ?, ?, ?)
2025-07-03 23:42:37.086 [main] DEBUG org.hibernate.SQL - 
    select
        u1_0.id,
        u1_0.address,
        u1_0.email,
        u1_0.full_name,
        u1_0.is_active,
        u1_0.password_hash,
        u1_0.phone,
        u1_0.role 
    from
        users u1_0 
    where
        u1_0.id=?
Hibernate: 
    select
        u1_0.id,
        u1_0.address,
        u1_0.email,
        u1_0.full_name,
        u1_0.is_active,
        u1_0.password_hash,
        u1_0.phone,
        u1_0.role 
    from
        users u1_0 
    where
        u1_0.id=?
2025-07-03 23:42:37.086 [main] DEBUG org.hibernate.SQL - 
    insert 
    into
        notifications
        (created_at, deleted_at, delivery_id, isDeleted, isRead, message, metadata, order_id, priority, read_at, related_entity_id, restaurant_id, title, type, userId, id) 
    values
        (?, ?, ?, ?, ?, ?, ?, ?, ?, ?, ?, ?, ?, ?, ?, ?)
Hibernate: 
    insert 
    into
        notifications
        (created_at, deleted_at, delivery_id, isDeleted, isRead, message, metadata, order_id, priority, read_at, related_entity_id, restaurant_id, title, type, userId, id) 
    values
        (?, ?, ?, ?, ?, ?, ?, ?, ?, ?, ?, ?, ?, ?, ?, ?)
2025-07-03 23:42:37.088 [main] DEBUG org.hibernate.SQL - 
    select
        u1_0.id,
        u1_0.address,
        u1_0.email,
        u1_0.full_name,
        u1_0.is_active,
        u1_0.password_hash,
        u1_0.phone,
        u1_0.role 
    from
        users u1_0 
    where
        u1_0.id=?
Hibernate: 
    select
        u1_0.id,
        u1_0.address,
        u1_0.email,
        u1_0.full_name,
        u1_0.is_active,
        u1_0.password_hash,
        u1_0.phone,
        u1_0.role 
    from
        users u1_0 
    where
        u1_0.id=?
2025-07-03 23:42:37.091 [main] DEBUG org.hibernate.SQL - 
    select
        n1_0.id,
        n1_0.created_at,
        n1_0.deleted_at,
        n1_0.delivery_id,
        n1_0.isDeleted,
        n1_0.isRead,
        n1_0.message,
        n1_0.metadata,
        n1_0.order_id,
        n1_0.priority,
        n1_0.read_at,
        n1_0.related_entity_id,
        n1_0.restaurant_id,
        n1_0.title,
        n1_0.type,
        n1_0.userId 
    from
        notifications n1_0 
    where
        n1_0.userId=? 
        and n1_0.isDeleted=0 
    order by
        n1_0.created_at desc
Hibernate: 
    select
        n1_0.id,
        n1_0.created_at,
        n1_0.deleted_at,
        n1_0.delivery_id,
        n1_0.isDeleted,
        n1_0.isRead,
        n1_0.message,
        n1_0.metadata,
        n1_0.order_id,
        n1_0.priority,
        n1_0.read_at,
        n1_0.related_entity_id,
        n1_0.restaurant_id,
        n1_0.title,
        n1_0.type,
        n1_0.userId 
    from
        notifications n1_0 
    where
        n1_0.userId=? 
        and n1_0.isDeleted=0 
    order by
        n1_0.created_at desc
2025-07-03 23:42:37.092 [main] DEBUG org.hibernate.SQL - 
    select
        u1_0.id,
        u1_0.address,
        u1_0.email,
        u1_0.full_name,
        u1_0.is_active,
        u1_0.password_hash,
        u1_0.phone,
        u1_0.role 
    from
        users u1_0 
    where
        u1_0.id=?
Hibernate: 
    select
        u1_0.id,
        u1_0.address,
        u1_0.email,
        u1_0.full_name,
        u1_0.is_active,
        u1_0.password_hash,
        u1_0.phone,
        u1_0.role 
    from
        users u1_0 
    where
        u1_0.id=?
2025-07-03 23:42:37.092 [main] DEBUG org.hibernate.SQL - 
    insert 
    into
        notifications
        (created_at, deleted_at, delivery_id, isDeleted, isRead, message, metadata, order_id, priority, read_at, related_entity_id, restaurant_id, title, type, userId, id) 
    values
        (?, ?, ?, ?, ?, ?, ?, ?, ?, ?, ?, ?, ?, ?, ?, ?)
Hibernate: 
    insert 
    into
        notifications
        (created_at, deleted_at, delivery_id, isDeleted, isRead, message, metadata, order_id, priority, read_at, related_entity_id, restaurant_id, title, type, userId, id) 
    values
        (?, ?, ?, ?, ?, ?, ?, ?, ?, ?, ?, ?, ?, ?, ?, ?)
2025-07-03 23:42:37.094 [main] DEBUG org.hibernate.SQL - 
    select
        u1_0.id,
        u1_0.address,
        u1_0.email,
        u1_0.full_name,
        u1_0.is_active,
        u1_0.password_hash,
        u1_0.phone,
        u1_0.role 
    from
        users u1_0 
    where
        u1_0.id=?
Hibernate: 
    select
        u1_0.id,
        u1_0.address,
        u1_0.email,
        u1_0.full_name,
        u1_0.is_active,
        u1_0.password_hash,
        u1_0.phone,
        u1_0.role 
    from
        users u1_0 
    where
        u1_0.id=?
2025-07-03 23:42:37.095 [main] DEBUG org.hibernate.SQL - 
    insert 
    into
        notifications
        (created_at, deleted_at, delivery_id, isDeleted, isRead, message, metadata, order_id, priority, read_at, related_entity_id, restaurant_id, title, type, userId, id) 
    values
        (?, ?, ?, ?, ?, ?, ?, ?, ?, ?, ?, ?, ?, ?, ?, ?)
Hibernate: 
    insert 
    into
        notifications
        (created_at, deleted_at, delivery_id, isDeleted, isRead, message, metadata, order_id, priority, read_at, related_entity_id, restaurant_id, title, type, userId, id) 
    values
        (?, ?, ?, ?, ?, ?, ?, ?, ?, ?, ?, ?, ?, ?, ?, ?)
2025-07-03 23:42:37.097 [main] DEBUG org.hibernate.SQL - 
    select
        u1_0.id,
        u1_0.address,
        u1_0.email,
        u1_0.full_name,
        u1_0.is_active,
        u1_0.password_hash,
        u1_0.phone,
        u1_0.role 
    from
        users u1_0 
    where
        u1_0.id=?
Hibernate: 
    select
        u1_0.id,
        u1_0.address,
        u1_0.email,
        u1_0.full_name,
        u1_0.is_active,
        u1_0.password_hash,
        u1_0.phone,
        u1_0.role 
    from
        users u1_0 
    where
        u1_0.id=?
2025-07-03 23:42:37.097 [main] DEBUG org.hibernate.SQL - 
    insert 
    into
        notifications
        (created_at, deleted_at, delivery_id, isDeleted, isRead, message, metadata, order_id, priority, read_at, related_entity_id, restaurant_id, title, type, userId, id) 
    values
        (?, ?, ?, ?, ?, ?, ?, ?, ?, ?, ?, ?, ?, ?, ?, ?)
Hibernate: 
    insert 
    into
        notifications
        (created_at, deleted_at, delivery_id, isDeleted, isRead, message, metadata, order_id, priority, read_at, related_entity_id, restaurant_id, title, type, userId, id) 
    values
        (?, ?, ?, ?, ?, ?, ?, ?, ?, ?, ?, ?, ?, ?, ?, ?)
2025-07-03 23:42:37.099 [main] DEBUG org.hibernate.SQL - 
    select
        u1_0.id,
        u1_0.address,
        u1_0.email,
        u1_0.full_name,
        u1_0.is_active,
        u1_0.password_hash,
        u1_0.phone,
        u1_0.role 
    from
        users u1_0 
    where
        u1_0.id=?
Hibernate: 
    select
        u1_0.id,
        u1_0.address,
        u1_0.email,
        u1_0.full_name,
        u1_0.is_active,
        u1_0.password_hash,
        u1_0.phone,
        u1_0.role 
    from
        users u1_0 
    where
        u1_0.id=?
2025-07-03 23:42:37.099 [main] DEBUG org.hibernate.SQL - 
    insert 
    into
        notifications
        (created_at, deleted_at, delivery_id, isDeleted, isRead, message, metadata, order_id, priority, read_at, related_entity_id, restaurant_id, title, type, userId, id) 
    values
        (?, ?, ?, ?, ?, ?, ?, ?, ?, ?, ?, ?, ?, ?, ?, ?)
Hibernate: 
    insert 
    into
        notifications
        (created_at, deleted_at, delivery_id, isDeleted, isRead, message, metadata, order_id, priority, read_at, related_entity_id, restaurant_id, title, type, userId, id) 
    values
        (?, ?, ?, ?, ?, ?, ?, ?, ?, ?, ?, ?, ?, ?, ?, ?)
2025-07-03 23:42:37.101 [main] DEBUG org.hibernate.SQL - 
    select
        u1_0.id,
        u1_0.address,
        u1_0.email,
        u1_0.full_name,
        u1_0.is_active,
        u1_0.password_hash,
        u1_0.phone,
        u1_0.role 
    from
        users u1_0 
    where
        u1_0.id=?
Hibernate: 
    select
        u1_0.id,
        u1_0.address,
        u1_0.email,
        u1_0.full_name,
        u1_0.is_active,
        u1_0.password_hash,
        u1_0.phone,
        u1_0.role 
    from
        users u1_0 
    where
        u1_0.id=?
2025-07-03 23:42:37.101 [main] DEBUG org.hibernate.SQL - 
    insert 
    into
        notifications
        (created_at, deleted_at, delivery_id, isDeleted, isRead, message, metadata, order_id, priority, read_at, related_entity_id, restaurant_id, title, type, userId, id) 
    values
        (?, ?, ?, ?, ?, ?, ?, ?, ?, ?, ?, ?, ?, ?, ?, ?)
Hibernate: 
    insert 
    into
        notifications
        (created_at, deleted_at, delivery_id, isDeleted, isRead, message, metadata, order_id, priority, read_at, related_entity_id, restaurant_id, title, type, userId, id) 
    values
        (?, ?, ?, ?, ?, ?, ?, ?, ?, ?, ?, ?, ?, ?, ?, ?)
2025-07-03 23:42:37.103 [main] DEBUG org.hibernate.SQL - 
    select
        u1_0.id,
        u1_0.address,
        u1_0.email,
        u1_0.full_name,
        u1_0.is_active,
        u1_0.password_hash,
        u1_0.phone,
        u1_0.role 
    from
        users u1_0 
    where
        u1_0.id=?
Hibernate: 
    select
        u1_0.id,
        u1_0.address,
        u1_0.email,
        u1_0.full_name,
        u1_0.is_active,
        u1_0.password_hash,
        u1_0.phone,
        u1_0.role 
    from
        users u1_0 
    where
        u1_0.id=?
2025-07-03 23:42:37.104 [main] DEBUG org.hibernate.SQL - 
    insert 
    into
        notifications
        (created_at, deleted_at, delivery_id, isDeleted, isRead, message, metadata, order_id, priority, read_at, related_entity_id, restaurant_id, title, type, userId, id) 
    values
        (?, ?, ?, ?, ?, ?, ?, ?, ?, ?, ?, ?, ?, ?, ?, ?)
Hibernate: 
    insert 
    into
        notifications
        (created_at, deleted_at, delivery_id, isDeleted, isRead, message, metadata, order_id, priority, read_at, related_entity_id, restaurant_id, title, type, userId, id) 
    values
        (?, ?, ?, ?, ?, ?, ?, ?, ?, ?, ?, ?, ?, ?, ?, ?)
2025-07-03 23:42:37.106 [main] DEBUG org.hibernate.SQL - 
    select
        u1_0.id,
        u1_0.address,
        u1_0.email,
        u1_0.full_name,
        u1_0.is_active,
        u1_0.password_hash,
        u1_0.phone,
        u1_0.role 
    from
        users u1_0 
    where
        u1_0.id=?
Hibernate: 
    select
        u1_0.id,
        u1_0.address,
        u1_0.email,
        u1_0.full_name,
        u1_0.is_active,
        u1_0.password_hash,
        u1_0.phone,
        u1_0.role 
    from
        users u1_0 
    where
        u1_0.id=?
2025-07-03 23:42:37.106 [main] DEBUG org.hibernate.SQL - 
    insert 
    into
        notifications
        (created_at, deleted_at, delivery_id, isDeleted, isRead, message, metadata, order_id, priority, read_at, related_entity_id, restaurant_id, title, type, userId, id) 
    values
        (?, ?, ?, ?, ?, ?, ?, ?, ?, ?, ?, ?, ?, ?, ?, ?)
Hibernate: 
    insert 
    into
        notifications
        (created_at, deleted_at, delivery_id, isDeleted, isRead, message, metadata, order_id, priority, read_at, related_entity_id, restaurant_id, title, type, userId, id) 
    values
        (?, ?, ?, ?, ?, ?, ?, ?, ?, ?, ?, ?, ?, ?, ?, ?)
2025-07-03 23:42:37.108 [main] DEBUG org.hibernate.SQL - 
    select
        u1_0.id,
        u1_0.address,
        u1_0.email,
        u1_0.full_name,
        u1_0.is_active,
        u1_0.password_hash,
        u1_0.phone,
        u1_0.role 
    from
        users u1_0 
    where
        u1_0.id=?
Hibernate: 
    select
        u1_0.id,
        u1_0.address,
        u1_0.email,
        u1_0.full_name,
        u1_0.is_active,
        u1_0.password_hash,
        u1_0.phone,
        u1_0.role 
    from
        users u1_0 
    where
        u1_0.id=?
2025-07-03 23:42:37.108 [main] DEBUG org.hibernate.SQL - 
    insert 
    into
        notifications
        (created_at, deleted_at, delivery_id, isDeleted, isRead, message, metadata, order_id, priority, read_at, related_entity_id, restaurant_id, title, type, userId, id) 
    values
        (?, ?, ?, ?, ?, ?, ?, ?, ?, ?, ?, ?, ?, ?, ?, ?)
Hibernate: 
    insert 
    into
        notifications
        (created_at, deleted_at, delivery_id, isDeleted, isRead, message, metadata, order_id, priority, read_at, related_entity_id, restaurant_id, title, type, userId, id) 
    values
        (?, ?, ?, ?, ?, ?, ?, ?, ?, ?, ?, ?, ?, ?, ?, ?)
2025-07-03 23:42:37.110 [main] DEBUG org.hibernate.SQL - 
    select
        u1_0.id,
        u1_0.address,
        u1_0.email,
        u1_0.full_name,
        u1_0.is_active,
        u1_0.password_hash,
        u1_0.phone,
        u1_0.role 
    from
        users u1_0 
    where
        u1_0.id=?
Hibernate: 
    select
        u1_0.id,
        u1_0.address,
        u1_0.email,
        u1_0.full_name,
        u1_0.is_active,
        u1_0.password_hash,
        u1_0.phone,
        u1_0.role 
    from
        users u1_0 
    where
        u1_0.id=?
2025-07-03 23:42:37.110 [main] DEBUG org.hibernate.SQL - 
    insert 
    into
        notifications
        (created_at, deleted_at, delivery_id, isDeleted, isRead, message, metadata, order_id, priority, read_at, related_entity_id, restaurant_id, title, type, userId, id) 
    values
        (?, ?, ?, ?, ?, ?, ?, ?, ?, ?, ?, ?, ?, ?, ?, ?)
Hibernate: 
    insert 
    into
        notifications
        (created_at, deleted_at, delivery_id, isDeleted, isRead, message, metadata, order_id, priority, read_at, related_entity_id, restaurant_id, title, type, userId, id) 
    values
        (?, ?, ?, ?, ?, ?, ?, ?, ?, ?, ?, ?, ?, ?, ?, ?)
2025-07-03 23:42:37.113 [main] DEBUG org.hibernate.SQL - 
    select
        u1_0.id,
        u1_0.address,
        u1_0.email,
        u1_0.full_name,
        u1_0.is_active,
        u1_0.password_hash,
        u1_0.phone,
        u1_0.role 
    from
        users u1_0 
    where
        u1_0.id=?
Hibernate: 
    select
        u1_0.id,
        u1_0.address,
        u1_0.email,
        u1_0.full_name,
        u1_0.is_active,
        u1_0.password_hash,
        u1_0.phone,
        u1_0.role 
    from
        users u1_0 
    where
        u1_0.id=?
2025-07-03 23:42:37.113 [main] DEBUG org.hibernate.SQL - 
    insert 
    into
        notifications
        (created_at, deleted_at, delivery_id, isDeleted, isRead, message, metadata, order_id, priority, read_at, related_entity_id, restaurant_id, title, type, userId, id) 
    values
        (?, ?, ?, ?, ?, ?, ?, ?, ?, ?, ?, ?, ?, ?, ?, ?)
Hibernate: 
    insert 
    into
        notifications
        (created_at, deleted_at, delivery_id, isDeleted, isRead, message, metadata, order_id, priority, read_at, related_entity_id, restaurant_id, title, type, userId, id) 
    values
        (?, ?, ?, ?, ?, ?, ?, ?, ?, ?, ?, ?, ?, ?, ?, ?)
2025-07-03 23:42:37.115 [main] DEBUG org.hibernate.SQL - 
    select
        u1_0.id,
        u1_0.address,
        u1_0.email,
        u1_0.full_name,
        u1_0.is_active,
        u1_0.password_hash,
        u1_0.phone,
        u1_0.role 
    from
        users u1_0 
    where
        u1_0.id=?
Hibernate: 
    select
        u1_0.id,
        u1_0.address,
        u1_0.email,
        u1_0.full_name,
        u1_0.is_active,
        u1_0.password_hash,
        u1_0.phone,
        u1_0.role 
    from
        users u1_0 
    where
        u1_0.id=?
2025-07-03 23:42:37.115 [main] DEBUG org.hibernate.SQL - 
    insert 
    into
        notifications
        (created_at, deleted_at, delivery_id, isDeleted, isRead, message, metadata, order_id, priority, read_at, related_entity_id, restaurant_id, title, type, userId, id) 
    values
        (?, ?, ?, ?, ?, ?, ?, ?, ?, ?, ?, ?, ?, ?, ?, ?)
Hibernate: 
    insert 
    into
        notifications
        (created_at, deleted_at, delivery_id, isDeleted, isRead, message, metadata, order_id, priority, read_at, related_entity_id, restaurant_id, title, type, userId, id) 
    values
        (?, ?, ?, ?, ?, ?, ?, ?, ?, ?, ?, ?, ?, ?, ?, ?)
2025-07-03 23:42:37.117 [main] DEBUG org.hibernate.SQL - 
    select
        u1_0.id,
        u1_0.address,
        u1_0.email,
        u1_0.full_name,
        u1_0.is_active,
        u1_0.password_hash,
        u1_0.phone,
        u1_0.role 
    from
        users u1_0 
    where
        u1_0.id=?
Hibernate: 
    select
        u1_0.id,
        u1_0.address,
        u1_0.email,
        u1_0.full_name,
        u1_0.is_active,
        u1_0.password_hash,
        u1_0.phone,
        u1_0.role 
    from
        users u1_0 
    where
        u1_0.id=?
2025-07-03 23:42:37.117 [main] DEBUG org.hibernate.SQL - 
    insert 
    into
        notifications
        (created_at, deleted_at, delivery_id, isDeleted, isRead, message, metadata, order_id, priority, read_at, related_entity_id, restaurant_id, title, type, userId, id) 
    values
        (?, ?, ?, ?, ?, ?, ?, ?, ?, ?, ?, ?, ?, ?, ?, ?)
Hibernate: 
    insert 
    into
        notifications
        (created_at, deleted_at, delivery_id, isDeleted, isRead, message, metadata, order_id, priority, read_at, related_entity_id, restaurant_id, title, type, userId, id) 
    values
        (?, ?, ?, ?, ?, ?, ?, ?, ?, ?, ?, ?, ?, ?, ?, ?)
2025-07-03 23:42:37.119 [main] DEBUG org.hibernate.SQL - 
    select
        u1_0.id,
        u1_0.address,
        u1_0.email,
        u1_0.full_name,
        u1_0.is_active,
        u1_0.password_hash,
        u1_0.phone,
        u1_0.role 
    from
        users u1_0 
    where
        u1_0.id=?
Hibernate: 
    select
        u1_0.id,
        u1_0.address,
        u1_0.email,
        u1_0.full_name,
        u1_0.is_active,
        u1_0.password_hash,
        u1_0.phone,
        u1_0.role 
    from
        users u1_0 
    where
        u1_0.id=?
2025-07-03 23:42:37.119 [main] DEBUG org.hibernate.SQL - 
    insert 
    into
        notifications
        (created_at, deleted_at, delivery_id, isDeleted, isRead, message, metadata, order_id, priority, read_at, related_entity_id, restaurant_id, title, type, userId, id) 
    values
        (?, ?, ?, ?, ?, ?, ?, ?, ?, ?, ?, ?, ?, ?, ?, ?)
Hibernate: 
    insert 
    into
        notifications
        (created_at, deleted_at, delivery_id, isDeleted, isRead, message, metadata, order_id, priority, read_at, related_entity_id, restaurant_id, title, type, userId, id) 
    values
        (?, ?, ?, ?, ?, ?, ?, ?, ?, ?, ?, ?, ?, ?, ?, ?)
2025-07-03 23:42:37.121 [main] DEBUG org.hibernate.SQL - 
    select
        u1_0.id,
        u1_0.address,
        u1_0.email,
        u1_0.full_name,
        u1_0.is_active,
        u1_0.password_hash,
        u1_0.phone,
        u1_0.role 
    from
        users u1_0 
    where
        u1_0.id=?
Hibernate: 
    select
        u1_0.id,
        u1_0.address,
        u1_0.email,
        u1_0.full_name,
        u1_0.is_active,
        u1_0.password_hash,
        u1_0.phone,
        u1_0.role 
    from
        users u1_0 
    where
        u1_0.id=?
2025-07-03 23:42:37.122 [main] DEBUG org.hibernate.SQL - 
    insert 
    into
        notifications
        (created_at, deleted_at, delivery_id, isDeleted, isRead, message, metadata, order_id, priority, read_at, related_entity_id, restaurant_id, title, type, userId, id) 
    values
        (?, ?, ?, ?, ?, ?, ?, ?, ?, ?, ?, ?, ?, ?, ?, ?)
Hibernate: 
    insert 
    into
        notifications
        (created_at, deleted_at, delivery_id, isDeleted, isRead, message, metadata, order_id, priority, read_at, related_entity_id, restaurant_id, title, type, userId, id) 
    values
        (?, ?, ?, ?, ?, ?, ?, ?, ?, ?, ?, ?, ?, ?, ?, ?)
2025-07-03 23:42:37.124 [main] DEBUG org.hibernate.SQL - 
    select
        u1_0.id,
        u1_0.address,
        u1_0.email,
        u1_0.full_name,
        u1_0.is_active,
        u1_0.password_hash,
        u1_0.phone,
        u1_0.role 
    from
        users u1_0 
    where
        u1_0.id=?
Hibernate: 
    select
        u1_0.id,
        u1_0.address,
        u1_0.email,
        u1_0.full_name,
        u1_0.is_active,
        u1_0.password_hash,
        u1_0.phone,
        u1_0.role 
    from
        users u1_0 
    where
        u1_0.id=?
2025-07-03 23:42:37.124 [main] DEBUG org.hibernate.SQL - 
    insert 
    into
        notifications
        (created_at, deleted_at, delivery_id, isDeleted, isRead, message, metadata, order_id, priority, read_at, related_entity_id, restaurant_id, title, type, userId, id) 
    values
        (?, ?, ?, ?, ?, ?, ?, ?, ?, ?, ?, ?, ?, ?, ?, ?)
Hibernate: 
    insert 
    into
        notifications
        (created_at, deleted_at, delivery_id, isDeleted, isRead, message, metadata, order_id, priority, read_at, related_entity_id, restaurant_id, title, type, userId, id) 
    values
        (?, ?, ?, ?, ?, ?, ?, ?, ?, ?, ?, ?, ?, ?, ?, ?)
2025-07-03 23:42:37.126 [main] DEBUG org.hibernate.SQL - 
    select
        u1_0.id,
        u1_0.address,
        u1_0.email,
        u1_0.full_name,
        u1_0.is_active,
        u1_0.password_hash,
        u1_0.phone,
        u1_0.role 
    from
        users u1_0 
    where
        u1_0.id=?
Hibernate: 
    select
        u1_0.id,
        u1_0.address,
        u1_0.email,
        u1_0.full_name,
        u1_0.is_active,
        u1_0.password_hash,
        u1_0.phone,
        u1_0.role 
    from
        users u1_0 
    where
        u1_0.id=?
2025-07-03 23:42:37.126 [main] DEBUG org.hibernate.SQL - 
    insert 
    into
        notifications
        (created_at, deleted_at, delivery_id, isDeleted, isRead, message, metadata, order_id, priority, read_at, related_entity_id, restaurant_id, title, type, userId, id) 
    values
        (?, ?, ?, ?, ?, ?, ?, ?, ?, ?, ?, ?, ?, ?, ?, ?)
Hibernate: 
    insert 
    into
        notifications
        (created_at, deleted_at, delivery_id, isDeleted, isRead, message, metadata, order_id, priority, read_at, related_entity_id, restaurant_id, title, type, userId, id) 
    values
        (?, ?, ?, ?, ?, ?, ?, ?, ?, ?, ?, ?, ?, ?, ?, ?)
2025-07-03 23:42:37.128 [main] DEBUG org.hibernate.SQL - 
    select
        u1_0.id,
        u1_0.address,
        u1_0.email,
        u1_0.full_name,
        u1_0.is_active,
        u1_0.password_hash,
        u1_0.phone,
        u1_0.role 
    from
        users u1_0 
    where
        u1_0.id=?
Hibernate: 
    select
        u1_0.id,
        u1_0.address,
        u1_0.email,
        u1_0.full_name,
        u1_0.is_active,
        u1_0.password_hash,
        u1_0.phone,
        u1_0.role 
    from
        users u1_0 
    where
        u1_0.id=?
2025-07-03 23:42:37.128 [main] DEBUG org.hibernate.SQL - 
    insert 
    into
        notifications
        (created_at, deleted_at, delivery_id, isDeleted, isRead, message, metadata, order_id, priority, read_at, related_entity_id, restaurant_id, title, type, userId, id) 
    values
        (?, ?, ?, ?, ?, ?, ?, ?, ?, ?, ?, ?, ?, ?, ?, ?)
Hibernate: 
    insert 
    into
        notifications
        (created_at, deleted_at, delivery_id, isDeleted, isRead, message, metadata, order_id, priority, read_at, related_entity_id, restaurant_id, title, type, userId, id) 
    values
        (?, ?, ?, ?, ?, ?, ?, ?, ?, ?, ?, ?, ?, ?, ?, ?)
2025-07-03 23:42:37.130 [main] DEBUG org.hibernate.SQL - 
    select
        u1_0.id,
        u1_0.address,
        u1_0.email,
        u1_0.full_name,
        u1_0.is_active,
        u1_0.password_hash,
        u1_0.phone,
        u1_0.role 
    from
        users u1_0 
    where
        u1_0.id=?
Hibernate: 
    select
        u1_0.id,
        u1_0.address,
        u1_0.email,
        u1_0.full_name,
        u1_0.is_active,
        u1_0.password_hash,
        u1_0.phone,
        u1_0.role 
    from
        users u1_0 
    where
        u1_0.id=?
2025-07-03 23:42:37.130 [main] DEBUG org.hibernate.SQL - 
    insert 
    into
        notifications
        (created_at, deleted_at, delivery_id, isDeleted, isRead, message, metadata, order_id, priority, read_at, related_entity_id, restaurant_id, title, type, userId, id) 
    values
        (?, ?, ?, ?, ?, ?, ?, ?, ?, ?, ?, ?, ?, ?, ?, ?)
Hibernate: 
    insert 
    into
        notifications
        (created_at, deleted_at, delivery_id, isDeleted, isRead, message, metadata, order_id, priority, read_at, related_entity_id, restaurant_id, title, type, userId, id) 
    values
        (?, ?, ?, ?, ?, ?, ?, ?, ?, ?, ?, ?, ?, ?, ?, ?)
2025-07-03 23:42:37.133 [main] DEBUG org.hibernate.SQL - 
    select
        u1_0.id,
        u1_0.address,
        u1_0.email,
        u1_0.full_name,
        u1_0.is_active,
        u1_0.password_hash,
        u1_0.phone,
        u1_0.role 
    from
        users u1_0 
    where
        u1_0.id=?
Hibernate: 
    select
        u1_0.id,
        u1_0.address,
        u1_0.email,
        u1_0.full_name,
        u1_0.is_active,
        u1_0.password_hash,
        u1_0.phone,
        u1_0.role 
    from
        users u1_0 
    where
        u1_0.id=?
2025-07-03 23:42:37.133 [main] DEBUG org.hibernate.SQL - 
    insert 
    into
        notifications
        (created_at, deleted_at, delivery_id, isDeleted, isRead, message, metadata, order_id, priority, read_at, related_entity_id, restaurant_id, title, type, userId, id) 
    values
        (?, ?, ?, ?, ?, ?, ?, ?, ?, ?, ?, ?, ?, ?, ?, ?)
Hibernate: 
    insert 
    into
        notifications
        (created_at, deleted_at, delivery_id, isDeleted, isRead, message, metadata, order_id, priority, read_at, related_entity_id, restaurant_id, title, type, userId, id) 
    values
        (?, ?, ?, ?, ?, ?, ?, ?, ?, ?, ?, ?, ?, ?, ?, ?)
2025-07-03 23:42:37.135 [main] DEBUG org.hibernate.SQL - 
    select
        u1_0.id,
        u1_0.address,
        u1_0.email,
        u1_0.full_name,
        u1_0.is_active,
        u1_0.password_hash,
        u1_0.phone,
        u1_0.role 
    from
        users u1_0 
    where
        u1_0.id=?
Hibernate: 
    select
        u1_0.id,
        u1_0.address,
        u1_0.email,
        u1_0.full_name,
        u1_0.is_active,
        u1_0.password_hash,
        u1_0.phone,
        u1_0.role 
    from
        users u1_0 
    where
        u1_0.id=?
2025-07-03 23:42:37.135 [main] DEBUG org.hibernate.SQL - 
    insert 
    into
        notifications
        (created_at, deleted_at, delivery_id, isDeleted, isRead, message, metadata, order_id, priority, read_at, related_entity_id, restaurant_id, title, type, userId, id) 
    values
        (?, ?, ?, ?, ?, ?, ?, ?, ?, ?, ?, ?, ?, ?, ?, ?)
Hibernate: 
    insert 
    into
        notifications
        (created_at, deleted_at, delivery_id, isDeleted, isRead, message, metadata, order_id, priority, read_at, related_entity_id, restaurant_id, title, type, userId, id) 
    values
        (?, ?, ?, ?, ?, ?, ?, ?, ?, ?, ?, ?, ?, ?, ?, ?)
2025-07-03 23:42:37.137 [main] DEBUG org.hibernate.SQL - 
    select
        u1_0.id,
        u1_0.address,
        u1_0.email,
        u1_0.full_name,
        u1_0.is_active,
        u1_0.password_hash,
        u1_0.phone,
        u1_0.role 
    from
        users u1_0 
    where
        u1_0.id=?
Hibernate: 
    select
        u1_0.id,
        u1_0.address,
        u1_0.email,
        u1_0.full_name,
        u1_0.is_active,
        u1_0.password_hash,
        u1_0.phone,
        u1_0.role 
    from
        users u1_0 
    where
        u1_0.id=?
2025-07-03 23:42:37.137 [main] DEBUG org.hibernate.SQL - 
    insert 
    into
        notifications
        (created_at, deleted_at, delivery_id, isDeleted, isRead, message, metadata, order_id, priority, read_at, related_entity_id, restaurant_id, title, type, userId, id) 
    values
        (?, ?, ?, ?, ?, ?, ?, ?, ?, ?, ?, ?, ?, ?, ?, ?)
Hibernate: 
    insert 
    into
        notifications
        (created_at, deleted_at, delivery_id, isDeleted, isRead, message, metadata, order_id, priority, read_at, related_entity_id, restaurant_id, title, type, userId, id) 
    values
        (?, ?, ?, ?, ?, ?, ?, ?, ?, ?, ?, ?, ?, ?, ?, ?)
2025-07-03 23:42:37.139 [main] DEBUG org.hibernate.SQL - 
    select
        u1_0.id,
        u1_0.address,
        u1_0.email,
        u1_0.full_name,
        u1_0.is_active,
        u1_0.password_hash,
        u1_0.phone,
        u1_0.role 
    from
        users u1_0 
    where
        u1_0.id=?
Hibernate: 
    select
        u1_0.id,
        u1_0.address,
        u1_0.email,
        u1_0.full_name,
        u1_0.is_active,
        u1_0.password_hash,
        u1_0.phone,
        u1_0.role 
    from
        users u1_0 
    where
        u1_0.id=?
2025-07-03 23:42:37.139 [main] DEBUG org.hibernate.SQL - 
    insert 
    into
        notifications
        (created_at, deleted_at, delivery_id, isDeleted, isRead, message, metadata, order_id, priority, read_at, related_entity_id, restaurant_id, title, type, userId, id) 
    values
        (?, ?, ?, ?, ?, ?, ?, ?, ?, ?, ?, ?, ?, ?, ?, ?)
Hibernate: 
    insert 
    into
        notifications
        (created_at, deleted_at, delivery_id, isDeleted, isRead, message, metadata, order_id, priority, read_at, related_entity_id, restaurant_id, title, type, userId, id) 
    values
        (?, ?, ?, ?, ?, ?, ?, ?, ?, ?, ?, ?, ?, ?, ?, ?)
2025-07-03 23:42:37.142 [main] DEBUG org.hibernate.SQL - 
    select
        u1_0.id,
        u1_0.address,
        u1_0.email,
        u1_0.full_name,
        u1_0.is_active,
        u1_0.password_hash,
        u1_0.phone,
        u1_0.role 
    from
        users u1_0 
    where
        u1_0.id=?
Hibernate: 
    select
        u1_0.id,
        u1_0.address,
        u1_0.email,
        u1_0.full_name,
        u1_0.is_active,
        u1_0.password_hash,
        u1_0.phone,
        u1_0.role 
    from
        users u1_0 
    where
        u1_0.id=?
2025-07-03 23:42:37.142 [main] DEBUG org.hibernate.SQL - 
    insert 
    into
        notifications
        (created_at, deleted_at, delivery_id, isDeleted, isRead, message, metadata, order_id, priority, read_at, related_entity_id, restaurant_id, title, type, userId, id) 
    values
        (?, ?, ?, ?, ?, ?, ?, ?, ?, ?, ?, ?, ?, ?, ?, ?)
Hibernate: 
    insert 
    into
        notifications
        (created_at, deleted_at, delivery_id, isDeleted, isRead, message, metadata, order_id, priority, read_at, related_entity_id, restaurant_id, title, type, userId, id) 
    values
        (?, ?, ?, ?, ?, ?, ?, ?, ?, ?, ?, ?, ?, ?, ?, ?)
2025-07-03 23:42:37.144 [main] DEBUG org.hibernate.SQL - 
    select
        u1_0.id,
        u1_0.address,
        u1_0.email,
        u1_0.full_name,
        u1_0.is_active,
        u1_0.password_hash,
        u1_0.phone,
        u1_0.role 
    from
        users u1_0 
    where
        u1_0.id=?
Hibernate: 
    select
        u1_0.id,
        u1_0.address,
        u1_0.email,
        u1_0.full_name,
        u1_0.is_active,
        u1_0.password_hash,
        u1_0.phone,
        u1_0.role 
    from
        users u1_0 
    where
        u1_0.id=?
2025-07-03 23:42:37.144 [main] DEBUG org.hibernate.SQL - 
    insert 
    into
        notifications
        (created_at, deleted_at, delivery_id, isDeleted, isRead, message, metadata, order_id, priority, read_at, related_entity_id, restaurant_id, title, type, userId, id) 
    values
        (?, ?, ?, ?, ?, ?, ?, ?, ?, ?, ?, ?, ?, ?, ?, ?)
Hibernate: 
    insert 
    into
        notifications
        (created_at, deleted_at, delivery_id, isDeleted, isRead, message, metadata, order_id, priority, read_at, related_entity_id, restaurant_id, title, type, userId, id) 
    values
        (?, ?, ?, ?, ?, ?, ?, ?, ?, ?, ?, ?, ?, ?, ?, ?)
2025-07-03 23:42:37.146 [main] DEBUG org.hibernate.SQL - 
    select
        u1_0.id,
        u1_0.address,
        u1_0.email,
        u1_0.full_name,
        u1_0.is_active,
        u1_0.password_hash,
        u1_0.phone,
        u1_0.role 
    from
        users u1_0 
    where
        u1_0.id=?
Hibernate: 
    select
        u1_0.id,
        u1_0.address,
        u1_0.email,
        u1_0.full_name,
        u1_0.is_active,
        u1_0.password_hash,
        u1_0.phone,
        u1_0.role 
    from
        users u1_0 
    where
        u1_0.id=?
2025-07-03 23:42:37.146 [main] DEBUG org.hibernate.SQL - 
    insert 
    into
        notifications
        (created_at, deleted_at, delivery_id, isDeleted, isRead, message, metadata, order_id, priority, read_at, related_entity_id, restaurant_id, title, type, userId, id) 
    values
        (?, ?, ?, ?, ?, ?, ?, ?, ?, ?, ?, ?, ?, ?, ?, ?)
Hibernate: 
    insert 
    into
        notifications
        (created_at, deleted_at, delivery_id, isDeleted, isRead, message, metadata, order_id, priority, read_at, related_entity_id, restaurant_id, title, type, userId, id) 
    values
        (?, ?, ?, ?, ?, ?, ?, ?, ?, ?, ?, ?, ?, ?, ?, ?)
2025-07-03 23:42:37.148 [main] DEBUG org.hibernate.SQL - 
    select
        u1_0.id,
        u1_0.address,
        u1_0.email,
        u1_0.full_name,
        u1_0.is_active,
        u1_0.password_hash,
        u1_0.phone,
        u1_0.role 
    from
        users u1_0 
    where
        u1_0.id=?
Hibernate: 
    select
        u1_0.id,
        u1_0.address,
        u1_0.email,
        u1_0.full_name,
        u1_0.is_active,
        u1_0.password_hash,
        u1_0.phone,
        u1_0.role 
    from
        users u1_0 
    where
        u1_0.id=?
2025-07-03 23:42:37.148 [main] DEBUG org.hibernate.SQL - 
    insert 
    into
        notifications
        (created_at, deleted_at, delivery_id, isDeleted, isRead, message, metadata, order_id, priority, read_at, related_entity_id, restaurant_id, title, type, userId, id) 
    values
        (?, ?, ?, ?, ?, ?, ?, ?, ?, ?, ?, ?, ?, ?, ?, ?)
Hibernate: 
    insert 
    into
        notifications
        (created_at, deleted_at, delivery_id, isDeleted, isRead, message, metadata, order_id, priority, read_at, related_entity_id, restaurant_id, title, type, userId, id) 
    values
        (?, ?, ?, ?, ?, ?, ?, ?, ?, ?, ?, ?, ?, ?, ?, ?)
2025-07-03 23:42:37.150 [main] DEBUG org.hibernate.SQL - 
    select
        u1_0.id,
        u1_0.address,
        u1_0.email,
        u1_0.full_name,
        u1_0.is_active,
        u1_0.password_hash,
        u1_0.phone,
        u1_0.role 
    from
        users u1_0 
    where
        u1_0.id=?
Hibernate: 
    select
        u1_0.id,
        u1_0.address,
        u1_0.email,
        u1_0.full_name,
        u1_0.is_active,
        u1_0.password_hash,
        u1_0.phone,
        u1_0.role 
    from
        users u1_0 
    where
        u1_0.id=?
2025-07-03 23:42:37.151 [main] DEBUG org.hibernate.SQL - 
    insert 
    into
        notifications
        (created_at, deleted_at, delivery_id, isDeleted, isRead, message, metadata, order_id, priority, read_at, related_entity_id, restaurant_id, title, type, userId, id) 
    values
        (?, ?, ?, ?, ?, ?, ?, ?, ?, ?, ?, ?, ?, ?, ?, ?)
Hibernate: 
    insert 
    into
        notifications
        (created_at, deleted_at, delivery_id, isDeleted, isRead, message, metadata, order_id, priority, read_at, related_entity_id, restaurant_id, title, type, userId, id) 
    values
        (?, ?, ?, ?, ?, ?, ?, ?, ?, ?, ?, ?, ?, ?, ?, ?)
2025-07-03 23:42:37.153 [main] DEBUG org.hibernate.SQL - 
    select
        u1_0.id,
        u1_0.address,
        u1_0.email,
        u1_0.full_name,
        u1_0.is_active,
        u1_0.password_hash,
        u1_0.phone,
        u1_0.role 
    from
        users u1_0 
    where
        u1_0.id=?
Hibernate: 
    select
        u1_0.id,
        u1_0.address,
        u1_0.email,
        u1_0.full_name,
        u1_0.is_active,
        u1_0.password_hash,
        u1_0.phone,
        u1_0.role 
    from
        users u1_0 
    where
        u1_0.id=?
2025-07-03 23:42:37.153 [main] DEBUG org.hibernate.SQL - 
    insert 
    into
        notifications
        (created_at, deleted_at, delivery_id, isDeleted, isRead, message, metadata, order_id, priority, read_at, related_entity_id, restaurant_id, title, type, userId, id) 
    values
        (?, ?, ?, ?, ?, ?, ?, ?, ?, ?, ?, ?, ?, ?, ?, ?)
Hibernate: 
    insert 
    into
        notifications
        (created_at, deleted_at, delivery_id, isDeleted, isRead, message, metadata, order_id, priority, read_at, related_entity_id, restaurant_id, title, type, userId, id) 
    values
        (?, ?, ?, ?, ?, ?, ?, ?, ?, ?, ?, ?, ?, ?, ?, ?)
2025-07-03 23:42:37.155 [main] DEBUG org.hibernate.SQL - 
    select
        u1_0.id,
        u1_0.address,
        u1_0.email,
        u1_0.full_name,
        u1_0.is_active,
        u1_0.password_hash,
        u1_0.phone,
        u1_0.role 
    from
        users u1_0 
    where
        u1_0.id=?
Hibernate: 
    select
        u1_0.id,
        u1_0.address,
        u1_0.email,
        u1_0.full_name,
        u1_0.is_active,
        u1_0.password_hash,
        u1_0.phone,
        u1_0.role 
    from
        users u1_0 
    where
        u1_0.id=?
2025-07-03 23:42:37.155 [main] DEBUG org.hibernate.SQL - 
    insert 
    into
        notifications
        (created_at, deleted_at, delivery_id, isDeleted, isRead, message, metadata, order_id, priority, read_at, related_entity_id, restaurant_id, title, type, userId, id) 
    values
        (?, ?, ?, ?, ?, ?, ?, ?, ?, ?, ?, ?, ?, ?, ?, ?)
Hibernate: 
    insert 
    into
        notifications
        (created_at, deleted_at, delivery_id, isDeleted, isRead, message, metadata, order_id, priority, read_at, related_entity_id, restaurant_id, title, type, userId, id) 
    values
        (?, ?, ?, ?, ?, ?, ?, ?, ?, ?, ?, ?, ?, ?, ?, ?)
2025-07-03 23:42:37.157 [main] DEBUG org.hibernate.SQL - 
    select
        u1_0.id,
        u1_0.address,
        u1_0.email,
        u1_0.full_name,
        u1_0.is_active,
        u1_0.password_hash,
        u1_0.phone,
        u1_0.role 
    from
        users u1_0 
    where
        u1_0.id=?
Hibernate: 
    select
        u1_0.id,
        u1_0.address,
        u1_0.email,
        u1_0.full_name,
        u1_0.is_active,
        u1_0.password_hash,
        u1_0.phone,
        u1_0.role 
    from
        users u1_0 
    where
        u1_0.id=?
2025-07-03 23:42:37.158 [main] DEBUG org.hibernate.SQL - 
    insert 
    into
        notifications
        (created_at, deleted_at, delivery_id, isDeleted, isRead, message, metadata, order_id, priority, read_at, related_entity_id, restaurant_id, title, type, userId, id) 
    values
        (?, ?, ?, ?, ?, ?, ?, ?, ?, ?, ?, ?, ?, ?, ?, ?)
Hibernate: 
    insert 
    into
        notifications
        (created_at, deleted_at, delivery_id, isDeleted, isRead, message, metadata, order_id, priority, read_at, related_entity_id, restaurant_id, title, type, userId, id) 
    values
        (?, ?, ?, ?, ?, ?, ?, ?, ?, ?, ?, ?, ?, ?, ?, ?)
2025-07-03 23:42:37.159 [main] DEBUG org.hibernate.SQL - 
    select
        u1_0.id,
        u1_0.address,
        u1_0.email,
        u1_0.full_name,
        u1_0.is_active,
        u1_0.password_hash,
        u1_0.phone,
        u1_0.role 
    from
        users u1_0 
    where
        u1_0.id=?
Hibernate: 
    select
        u1_0.id,
        u1_0.address,
        u1_0.email,
        u1_0.full_name,
        u1_0.is_active,
        u1_0.password_hash,
        u1_0.phone,
        u1_0.role 
    from
        users u1_0 
    where
        u1_0.id=?
2025-07-03 23:42:37.160 [main] DEBUG org.hibernate.SQL - 
    insert 
    into
        notifications
        (created_at, deleted_at, delivery_id, isDeleted, isRead, message, metadata, order_id, priority, read_at, related_entity_id, restaurant_id, title, type, userId, id) 
    values
        (?, ?, ?, ?, ?, ?, ?, ?, ?, ?, ?, ?, ?, ?, ?, ?)
Hibernate: 
    insert 
    into
        notifications
        (created_at, deleted_at, delivery_id, isDeleted, isRead, message, metadata, order_id, priority, read_at, related_entity_id, restaurant_id, title, type, userId, id) 
    values
        (?, ?, ?, ?, ?, ?, ?, ?, ?, ?, ?, ?, ?, ?, ?, ?)
2025-07-03 23:42:37.162 [main] DEBUG org.hibernate.SQL - 
    select
        u1_0.id,
        u1_0.address,
        u1_0.email,
        u1_0.full_name,
        u1_0.is_active,
        u1_0.password_hash,
        u1_0.phone,
        u1_0.role 
    from
        users u1_0 
    where
        u1_0.id=?
Hibernate: 
    select
        u1_0.id,
        u1_0.address,
        u1_0.email,
        u1_0.full_name,
        u1_0.is_active,
        u1_0.password_hash,
        u1_0.phone,
        u1_0.role 
    from
        users u1_0 
    where
        u1_0.id=?
2025-07-03 23:42:37.162 [main] DEBUG org.hibernate.SQL - 
    insert 
    into
        notifications
        (created_at, deleted_at, delivery_id, isDeleted, isRead, message, metadata, order_id, priority, read_at, related_entity_id, restaurant_id, title, type, userId, id) 
    values
        (?, ?, ?, ?, ?, ?, ?, ?, ?, ?, ?, ?, ?, ?, ?, ?)
Hibernate: 
    insert 
    into
        notifications
        (created_at, deleted_at, delivery_id, isDeleted, isRead, message, metadata, order_id, priority, read_at, related_entity_id, restaurant_id, title, type, userId, id) 
    values
        (?, ?, ?, ?, ?, ?, ?, ?, ?, ?, ?, ?, ?, ?, ?, ?)
2025-07-03 23:42:37.164 [main] DEBUG org.hibernate.SQL - 
    select
        u1_0.id,
        u1_0.address,
        u1_0.email,
        u1_0.full_name,
        u1_0.is_active,
        u1_0.password_hash,
        u1_0.phone,
        u1_0.role 
    from
        users u1_0 
    where
        u1_0.id=?
Hibernate: 
    select
        u1_0.id,
        u1_0.address,
        u1_0.email,
        u1_0.full_name,
        u1_0.is_active,
        u1_0.password_hash,
        u1_0.phone,
        u1_0.role 
    from
        users u1_0 
    where
        u1_0.id=?
2025-07-03 23:42:37.164 [main] DEBUG org.hibernate.SQL - 
    select
        next_val as id_val 
    from
        notifications_SEQ
Hibernate: 
    select
        next_val as id_val 
    from
        notifications_SEQ
2025-07-03 23:42:37.164 [main] DEBUG org.hibernate.SQL - 
    update
        notifications_SEQ 
    set
        next_val= ? 
    where
        next_val=?
Hibernate: 
    update
        notifications_SEQ 
    set
        next_val= ? 
    where
        next_val=?
2025-07-03 23:42:37.166 [main] DEBUG org.hibernate.SQL - 
    insert 
    into
        notifications
        (created_at, deleted_at, delivery_id, isDeleted, isRead, message, metadata, order_id, priority, read_at, related_entity_id, restaurant_id, title, type, userId, id) 
    values
        (?, ?, ?, ?, ?, ?, ?, ?, ?, ?, ?, ?, ?, ?, ?, ?)
Hibernate: 
    insert 
    into
        notifications
        (created_at, deleted_at, delivery_id, isDeleted, isRead, message, metadata, order_id, priority, read_at, related_entity_id, restaurant_id, title, type, userId, id) 
    values
        (?, ?, ?, ?, ?, ?, ?, ?, ?, ?, ?, ?, ?, ?, ?, ?)
2025-07-03 23:42:37.168 [main] DEBUG org.hibernate.SQL - 
    select
        u1_0.id,
        u1_0.address,
        u1_0.email,
        u1_0.full_name,
        u1_0.is_active,
        u1_0.password_hash,
        u1_0.phone,
        u1_0.role 
    from
        users u1_0 
    where
        u1_0.id=?
Hibernate: 
    select
        u1_0.id,
        u1_0.address,
        u1_0.email,
        u1_0.full_name,
        u1_0.is_active,
        u1_0.password_hash,
        u1_0.phone,
        u1_0.role 
    from
        users u1_0 
    where
        u1_0.id=?
2025-07-03 23:42:37.169 [main] DEBUG org.hibernate.SQL - 
    insert 
    into
        notifications
        (created_at, deleted_at, delivery_id, isDeleted, isRead, message, metadata, order_id, priority, read_at, related_entity_id, restaurant_id, title, type, userId, id) 
    values
        (?, ?, ?, ?, ?, ?, ?, ?, ?, ?, ?, ?, ?, ?, ?, ?)
Hibernate: 
    insert 
    into
        notifications
        (created_at, deleted_at, delivery_id, isDeleted, isRead, message, metadata, order_id, priority, read_at, related_entity_id, restaurant_id, title, type, userId, id) 
    values
        (?, ?, ?, ?, ?, ?, ?, ?, ?, ?, ?, ?, ?, ?, ?, ?)
2025-07-03 23:42:37.171 [main] DEBUG org.hibernate.SQL - 
    select
        u1_0.id,
        u1_0.address,
        u1_0.email,
        u1_0.full_name,
        u1_0.is_active,
        u1_0.password_hash,
        u1_0.phone,
        u1_0.role 
    from
        users u1_0 
    where
        u1_0.id=?
Hibernate: 
    select
        u1_0.id,
        u1_0.address,
        u1_0.email,
        u1_0.full_name,
        u1_0.is_active,
        u1_0.password_hash,
        u1_0.phone,
        u1_0.role 
    from
        users u1_0 
    where
        u1_0.id=?
2025-07-03 23:42:37.171 [main] DEBUG org.hibernate.SQL - 
    insert 
    into
        notifications
        (created_at, deleted_at, delivery_id, isDeleted, isRead, message, metadata, order_id, priority, read_at, related_entity_id, restaurant_id, title, type, userId, id) 
    values
        (?, ?, ?, ?, ?, ?, ?, ?, ?, ?, ?, ?, ?, ?, ?, ?)
Hibernate: 
    insert 
    into
        notifications
        (created_at, deleted_at, delivery_id, isDeleted, isRead, message, metadata, order_id, priority, read_at, related_entity_id, restaurant_id, title, type, userId, id) 
    values
        (?, ?, ?, ?, ?, ?, ?, ?, ?, ?, ?, ?, ?, ?, ?, ?)
2025-07-03 23:42:37.173 [main] DEBUG org.hibernate.SQL - 
    select
        u1_0.id,
        u1_0.address,
        u1_0.email,
        u1_0.full_name,
        u1_0.is_active,
        u1_0.password_hash,
        u1_0.phone,
        u1_0.role 
    from
        users u1_0 
    where
        u1_0.id=?
Hibernate: 
    select
        u1_0.id,
        u1_0.address,
        u1_0.email,
        u1_0.full_name,
        u1_0.is_active,
        u1_0.password_hash,
        u1_0.phone,
        u1_0.role 
    from
        users u1_0 
    where
        u1_0.id=?
2025-07-03 23:42:37.173 [main] DEBUG org.hibernate.SQL - 
    insert 
    into
        notifications
        (created_at, deleted_at, delivery_id, isDeleted, isRead, message, metadata, order_id, priority, read_at, related_entity_id, restaurant_id, title, type, userId, id) 
    values
        (?, ?, ?, ?, ?, ?, ?, ?, ?, ?, ?, ?, ?, ?, ?, ?)
Hibernate: 
    insert 
    into
        notifications
        (created_at, deleted_at, delivery_id, isDeleted, isRead, message, metadata, order_id, priority, read_at, related_entity_id, restaurant_id, title, type, userId, id) 
    values
        (?, ?, ?, ?, ?, ?, ?, ?, ?, ?, ?, ?, ?, ?, ?, ?)
2025-07-03 23:42:37.175 [main] DEBUG org.hibernate.SQL - 
    select
        u1_0.id,
        u1_0.address,
        u1_0.email,
        u1_0.full_name,
        u1_0.is_active,
        u1_0.password_hash,
        u1_0.phone,
        u1_0.role 
    from
        users u1_0 
    where
        u1_0.id=?
Hibernate: 
    select
        u1_0.id,
        u1_0.address,
        u1_0.email,
        u1_0.full_name,
        u1_0.is_active,
        u1_0.password_hash,
        u1_0.phone,
        u1_0.role 
    from
        users u1_0 
    where
        u1_0.id=?
2025-07-03 23:42:37.176 [main] DEBUG org.hibernate.SQL - 
    insert 
    into
        notifications
        (created_at, deleted_at, delivery_id, isDeleted, isRead, message, metadata, order_id, priority, read_at, related_entity_id, restaurant_id, title, type, userId, id) 
    values
        (?, ?, ?, ?, ?, ?, ?, ?, ?, ?, ?, ?, ?, ?, ?, ?)
Hibernate: 
    insert 
    into
        notifications
        (created_at, deleted_at, delivery_id, isDeleted, isRead, message, metadata, order_id, priority, read_at, related_entity_id, restaurant_id, title, type, userId, id) 
    values
        (?, ?, ?, ?, ?, ?, ?, ?, ?, ?, ?, ?, ?, ?, ?, ?)
2025-07-03 23:42:37.178 [main] DEBUG org.hibernate.SQL - 
    select
        u1_0.id,
        u1_0.address,
        u1_0.email,
        u1_0.full_name,
        u1_0.is_active,
        u1_0.password_hash,
        u1_0.phone,
        u1_0.role 
    from
        users u1_0 
    where
        u1_0.id=?
Hibernate: 
    select
        u1_0.id,
        u1_0.address,
        u1_0.email,
        u1_0.full_name,
        u1_0.is_active,
        u1_0.password_hash,
        u1_0.phone,
        u1_0.role 
    from
        users u1_0 
    where
        u1_0.id=?
2025-07-03 23:42:37.178 [main] DEBUG org.hibernate.SQL - 
    insert 
    into
        notifications
        (created_at, deleted_at, delivery_id, isDeleted, isRead, message, metadata, order_id, priority, read_at, related_entity_id, restaurant_id, title, type, userId, id) 
    values
        (?, ?, ?, ?, ?, ?, ?, ?, ?, ?, ?, ?, ?, ?, ?, ?)
Hibernate: 
    insert 
    into
        notifications
        (created_at, deleted_at, delivery_id, isDeleted, isRead, message, metadata, order_id, priority, read_at, related_entity_id, restaurant_id, title, type, userId, id) 
    values
        (?, ?, ?, ?, ?, ?, ?, ?, ?, ?, ?, ?, ?, ?, ?, ?)
2025-07-03 23:42:37.180 [main] DEBUG org.hibernate.SQL - 
    select
        u1_0.id,
        u1_0.address,
        u1_0.email,
        u1_0.full_name,
        u1_0.is_active,
        u1_0.password_hash,
        u1_0.phone,
        u1_0.role 
    from
        users u1_0 
    where
        u1_0.id=?
Hibernate: 
    select
        u1_0.id,
        u1_0.address,
        u1_0.email,
        u1_0.full_name,
        u1_0.is_active,
        u1_0.password_hash,
        u1_0.phone,
        u1_0.role 
    from
        users u1_0 
    where
        u1_0.id=?
2025-07-03 23:42:37.180 [main] DEBUG org.hibernate.SQL - 
    insert 
    into
        notifications
        (created_at, deleted_at, delivery_id, isDeleted, isRead, message, metadata, order_id, priority, read_at, related_entity_id, restaurant_id, title, type, userId, id) 
    values
        (?, ?, ?, ?, ?, ?, ?, ?, ?, ?, ?, ?, ?, ?, ?, ?)
Hibernate: 
    insert 
    into
        notifications
        (created_at, deleted_at, delivery_id, isDeleted, isRead, message, metadata, order_id, priority, read_at, related_entity_id, restaurant_id, title, type, userId, id) 
    values
        (?, ?, ?, ?, ?, ?, ?, ?, ?, ?, ?, ?, ?, ?, ?, ?)
2025-07-03 23:42:37.182 [main] DEBUG org.hibernate.SQL - 
    select
        u1_0.id,
        u1_0.address,
        u1_0.email,
        u1_0.full_name,
        u1_0.is_active,
        u1_0.password_hash,
        u1_0.phone,
        u1_0.role 
    from
        users u1_0 
    where
        u1_0.id=?
Hibernate: 
    select
        u1_0.id,
        u1_0.address,
        u1_0.email,
        u1_0.full_name,
        u1_0.is_active,
        u1_0.password_hash,
        u1_0.phone,
        u1_0.role 
    from
        users u1_0 
    where
        u1_0.id=?
2025-07-03 23:42:37.183 [main] DEBUG org.hibernate.SQL - 
    insert 
    into
        notifications
        (created_at, deleted_at, delivery_id, isDeleted, isRead, message, metadata, order_id, priority, read_at, related_entity_id, restaurant_id, title, type, userId, id) 
    values
        (?, ?, ?, ?, ?, ?, ?, ?, ?, ?, ?, ?, ?, ?, ?, ?)
Hibernate: 
    insert 
    into
        notifications
        (created_at, deleted_at, delivery_id, isDeleted, isRead, message, metadata, order_id, priority, read_at, related_entity_id, restaurant_id, title, type, userId, id) 
    values
        (?, ?, ?, ?, ?, ?, ?, ?, ?, ?, ?, ?, ?, ?, ?, ?)
2025-07-03 23:42:37.185 [main] DEBUG org.hibernate.SQL - 
    select
        u1_0.id,
        u1_0.address,
        u1_0.email,
        u1_0.full_name,
        u1_0.is_active,
        u1_0.password_hash,
        u1_0.phone,
        u1_0.role 
    from
        users u1_0 
    where
        u1_0.id=?
Hibernate: 
    select
        u1_0.id,
        u1_0.address,
        u1_0.email,
        u1_0.full_name,
        u1_0.is_active,
        u1_0.password_hash,
        u1_0.phone,
        u1_0.role 
    from
        users u1_0 
    where
        u1_0.id=?
2025-07-03 23:42:37.185 [main] DEBUG org.hibernate.SQL - 
    insert 
    into
        notifications
        (created_at, deleted_at, delivery_id, isDeleted, isRead, message, metadata, order_id, priority, read_at, related_entity_id, restaurant_id, title, type, userId, id) 
    values
        (?, ?, ?, ?, ?, ?, ?, ?, ?, ?, ?, ?, ?, ?, ?, ?)
Hibernate: 
    insert 
    into
        notifications
        (created_at, deleted_at, delivery_id, isDeleted, isRead, message, metadata, order_id, priority, read_at, related_entity_id, restaurant_id, title, type, userId, id) 
    values
        (?, ?, ?, ?, ?, ?, ?, ?, ?, ?, ?, ?, ?, ?, ?, ?)
2025-07-03 23:42:37.187 [main] DEBUG org.hibernate.SQL - 
    select
        u1_0.id,
        u1_0.address,
        u1_0.email,
        u1_0.full_name,
        u1_0.is_active,
        u1_0.password_hash,
        u1_0.phone,
        u1_0.role 
    from
        users u1_0 
    where
        u1_0.id=?
Hibernate: 
    select
        u1_0.id,
        u1_0.address,
        u1_0.email,
        u1_0.full_name,
        u1_0.is_active,
        u1_0.password_hash,
        u1_0.phone,
        u1_0.role 
    from
        users u1_0 
    where
        u1_0.id=?
2025-07-03 23:42:37.187 [main] DEBUG org.hibernate.SQL - 
    insert 
    into
        notifications
        (created_at, deleted_at, delivery_id, isDeleted, isRead, message, metadata, order_id, priority, read_at, related_entity_id, restaurant_id, title, type, userId, id) 
    values
        (?, ?, ?, ?, ?, ?, ?, ?, ?, ?, ?, ?, ?, ?, ?, ?)
Hibernate: 
    insert 
    into
        notifications
        (created_at, deleted_at, delivery_id, isDeleted, isRead, message, metadata, order_id, priority, read_at, related_entity_id, restaurant_id, title, type, userId, id) 
    values
        (?, ?, ?, ?, ?, ?, ?, ?, ?, ?, ?, ?, ?, ?, ?, ?)
2025-07-03 23:42:37.189 [main] DEBUG org.hibernate.SQL - 
    select
        u1_0.id,
        u1_0.address,
        u1_0.email,
        u1_0.full_name,
        u1_0.is_active,
        u1_0.password_hash,
        u1_0.phone,
        u1_0.role 
    from
        users u1_0 
    where
        u1_0.id=?
Hibernate: 
    select
        u1_0.id,
        u1_0.address,
        u1_0.email,
        u1_0.full_name,
        u1_0.is_active,
        u1_0.password_hash,
        u1_0.phone,
        u1_0.role 
    from
        users u1_0 
    where
        u1_0.id=?
2025-07-03 23:42:37.189 [main] DEBUG org.hibernate.SQL - 
    insert 
    into
        notifications
        (created_at, deleted_at, delivery_id, isDeleted, isRead, message, metadata, order_id, priority, read_at, related_entity_id, restaurant_id, title, type, userId, id) 
    values
        (?, ?, ?, ?, ?, ?, ?, ?, ?, ?, ?, ?, ?, ?, ?, ?)
Hibernate: 
    insert 
    into
        notifications
        (created_at, deleted_at, delivery_id, isDeleted, isRead, message, metadata, order_id, priority, read_at, related_entity_id, restaurant_id, title, type, userId, id) 
    values
        (?, ?, ?, ?, ?, ?, ?, ?, ?, ?, ?, ?, ?, ?, ?, ?)
2025-07-03 23:42:37.191 [main] DEBUG org.hibernate.SQL - 
    select
        u1_0.id,
        u1_0.address,
        u1_0.email,
        u1_0.full_name,
        u1_0.is_active,
        u1_0.password_hash,
        u1_0.phone,
        u1_0.role 
    from
        users u1_0 
    where
        u1_0.id=?
Hibernate: 
    select
        u1_0.id,
        u1_0.address,
        u1_0.email,
        u1_0.full_name,
        u1_0.is_active,
        u1_0.password_hash,
        u1_0.phone,
        u1_0.role 
    from
        users u1_0 
    where
        u1_0.id=?
2025-07-03 23:42:37.192 [main] DEBUG org.hibernate.SQL - 
    insert 
    into
        notifications
        (created_at, deleted_at, delivery_id, isDeleted, isRead, message, metadata, order_id, priority, read_at, related_entity_id, restaurant_id, title, type, userId, id) 
    values
        (?, ?, ?, ?, ?, ?, ?, ?, ?, ?, ?, ?, ?, ?, ?, ?)
Hibernate: 
    insert 
    into
        notifications
        (created_at, deleted_at, delivery_id, isDeleted, isRead, message, metadata, order_id, priority, read_at, related_entity_id, restaurant_id, title, type, userId, id) 
    values
        (?, ?, ?, ?, ?, ?, ?, ?, ?, ?, ?, ?, ?, ?, ?, ?)
2025-07-03 23:42:37.194 [main] DEBUG org.hibernate.SQL - 
    select
        u1_0.id,
        u1_0.address,
        u1_0.email,
        u1_0.full_name,
        u1_0.is_active,
        u1_0.password_hash,
        u1_0.phone,
        u1_0.role 
    from
        users u1_0 
    where
        u1_0.id=?
Hibernate: 
    select
        u1_0.id,
        u1_0.address,
        u1_0.email,
        u1_0.full_name,
        u1_0.is_active,
        u1_0.password_hash,
        u1_0.phone,
        u1_0.role 
    from
        users u1_0 
    where
        u1_0.id=?
2025-07-03 23:42:37.194 [main] DEBUG org.hibernate.SQL - 
    insert 
    into
        notifications
        (created_at, deleted_at, delivery_id, isDeleted, isRead, message, metadata, order_id, priority, read_at, related_entity_id, restaurant_id, title, type, userId, id) 
    values
        (?, ?, ?, ?, ?, ?, ?, ?, ?, ?, ?, ?, ?, ?, ?, ?)
Hibernate: 
    insert 
    into
        notifications
        (created_at, deleted_at, delivery_id, isDeleted, isRead, message, metadata, order_id, priority, read_at, related_entity_id, restaurant_id, title, type, userId, id) 
    values
        (?, ?, ?, ?, ?, ?, ?, ?, ?, ?, ?, ?, ?, ?, ?, ?)
[...]
        u1_0.is_active,
        u1_0.password_hash,
        u1_0.phone,
        u1_0.role 
    from
        users u1_0 
    where
        u1_0.id=?
2025-07-03 23:42:38.484 [main] DEBUG org.hibernate.SQL - 
    select
        n1_0.id,
        n1_0.created_at,
        n1_0.deleted_at,
        n1_0.delivery_id,
        n1_0.isDeleted,
        n1_0.isRead,
        n1_0.message,
        n1_0.metadata,
        n1_0.order_id,
        n1_0.priority,
        n1_0.read_at,
        n1_0.related_entity_id,
        n1_0.restaurant_id,
        n1_0.title,
        n1_0.type,
        n1_0.userId 
    from
        notifications n1_0 
    where
        n1_0.userId=? 
        and n1_0.priority=? 
        and n1_0.isDeleted=0 
    order by
        n1_0.created_at desc
Hibernate: 
    select
        n1_0.id,
        n1_0.created_at,
        n1_0.deleted_at,
        n1_0.delivery_id,
        n1_0.isDeleted,
        n1_0.isRead,
        n1_0.message,
        n1_0.metadata,
        n1_0.order_id,
        n1_0.priority,
        n1_0.read_at,
        n1_0.related_entity_id,
        n1_0.restaurant_id,
        n1_0.title,
        n1_0.type,
        n1_0.userId 
    from
        notifications n1_0 
    where
        n1_0.userId=? 
        and n1_0.priority=? 
        and n1_0.isDeleted=0 
    order by
        n1_0.created_at desc
2025-07-03 23:42:38.485 [main] DEBUG org.hibernate.SQL - 
    select
        u1_0.id,
        u1_0.address,
        u1_0.email,
        u1_0.full_name,
        u1_0.is_active,
        u1_0.password_hash,
        u1_0.phone,
        u1_0.role 
    from
        users u1_0 
    where
        u1_0.id=?
Hibernate: 
    select
        u1_0.id,
        u1_0.address,
        u1_0.email,
        u1_0.full_name,
        u1_0.is_active,
        u1_0.password_hash,
        u1_0.phone,
        u1_0.role 
    from
        users u1_0 
    where
        u1_0.id=?
2025-07-03 23:42:38.485 [main] DEBUG org.hibernate.SQL - 
    select
        n1_0.id,
        n1_0.created_at,
        n1_0.deleted_at,
        n1_0.delivery_id,
        n1_0.isDeleted,
        n1_0.isRead,
        n1_0.message,
        n1_0.metadata,
        n1_0.order_id,
        n1_0.priority,
        n1_0.read_at,
        n1_0.related_entity_id,
        n1_0.restaurant_id,
        n1_0.title,
        n1_0.type,
        n1_0.userId 
    from
        notifications n1_0 
    where
        n1_0.userId=? 
        and n1_0.priority=? 
        and n1_0.isDeleted=0 
    order by
        n1_0.created_at desc
Hibernate: 
    select
        n1_0.id,
        n1_0.created_at,
        n1_0.deleted_at,
        n1_0.delivery_id,
        n1_0.isDeleted,
        n1_0.isRead,
        n1_0.message,
        n1_0.metadata,
        n1_0.order_id,
        n1_0.priority,
        n1_0.read_at,
        n1_0.related_entity_id,
        n1_0.restaurant_id,
        n1_0.title,
        n1_0.type,
        n1_0.userId 
    from
        notifications n1_0 
    where
        n1_0.userId=? 
        and n1_0.priority=? 
        and n1_0.isDeleted=0 
    order by
        n1_0.created_at desc
2025-07-03 23:42:38.486 [main] DEBUG org.hibernate.SQL - 
    select
        u1_0.id,
        u1_0.address,
        u1_0.email,
        u1_0.full_name,
        u1_0.is_active,
        u1_0.password_hash,
        u1_0.phone,
        u1_0.role 
    from
        users u1_0 
    where
        u1_0.id=?
Hibernate: 
    select
        u1_0.id,
        u1_0.address,
        u1_0.email,
        u1_0.full_name,
        u1_0.is_active,
        u1_0.password_hash,
        u1_0.phone,
        u1_0.role 
    from
        users u1_0 
    where
        u1_0.id=?
2025-07-03 23:42:38.486 [main] DEBUG org.hibernate.SQL - 
    select
        n1_0.id,
        n1_0.created_at,
        n1_0.deleted_at,
        n1_0.delivery_id,
        n1_0.isDeleted,
        n1_0.isRead,
        n1_0.message,
        n1_0.metadata,
        n1_0.order_id,
        n1_0.priority,
        n1_0.read_at,
        n1_0.related_entity_id,
        n1_0.restaurant_id,
        n1_0.title,
        n1_0.type,
        n1_0.userId 
    from
        notifications n1_0 
    where
        n1_0.userId=? 
        and n1_0.priority=? 
        and n1_0.isDeleted=0 
    order by
        n1_0.created_at desc
Hibernate: 
    select
        n1_0.id,
        n1_0.created_at,
        n1_0.deleted_at,
        n1_0.delivery_id,
        n1_0.isDeleted,
        n1_0.isRead,
        n1_0.message,
        n1_0.metadata,
        n1_0.order_id,
        n1_0.priority,
        n1_0.read_at,
        n1_0.related_entity_id,
        n1_0.restaurant_id,
        n1_0.title,
        n1_0.type,
        n1_0.userId 
    from
        notifications n1_0 
    where
        n1_0.userId=? 
        and n1_0.priority=? 
        and n1_0.isDeleted=0 
    order by
        n1_0.created_at desc
2025-07-03 23:42:38.487 [main] DEBUG org.hibernate.SQL - 
    select
        u1_0.id,
        u1_0.address,
        u1_0.email,
        u1_0.full_name,
        u1_0.is_active,
        u1_0.password_hash,
        u1_0.phone,
        u1_0.role 
    from
        users u1_0 
    where
        u1_0.id=?
Hibernate: 
    select
        u1_0.id,
        u1_0.address,
        u1_0.email,
        u1_0.full_name,
        u1_0.is_active,
        u1_0.password_hash,
        u1_0.phone,
        u1_0.role 
    from
        users u1_0 
    where
        u1_0.id=?
2025-07-03 23:42:38.488 [main] DEBUG org.hibernate.SQL - 
    select
        n1_0.id,
        n1_0.created_at,
        n1_0.deleted_at,
        n1_0.delivery_id,
        n1_0.isDeleted,
        n1_0.isRead,
        n1_0.message,
        n1_0.metadata,
        n1_0.order_id,
        n1_0.priority,
        n1_0.read_at,
        n1_0.related_entity_id,
        n1_0.restaurant_id,
        n1_0.title,
        n1_0.type,
        n1_0.userId 
    from
        notifications n1_0 
    where
        n1_0.userId=? 
        and n1_0.priority=? 
        and n1_0.isDeleted=0 
    order by
        n1_0.created_at desc
Hibernate: 
    select
        n1_0.id,
        n1_0.created_at,
        n1_0.deleted_at,
        n1_0.delivery_id,
        n1_0.isDeleted,
        n1_0.isRead,
        n1_0.message,
        n1_0.metadata,
        n1_0.order_id,
        n1_0.priority,
        n1_0.read_at,
        n1_0.related_entity_id,
        n1_0.restaurant_id,
        n1_0.title,
        n1_0.type,
        n1_0.userId 
    from
        notifications n1_0 
    where
        n1_0.userId=? 
        and n1_0.priority=? 
        and n1_0.isDeleted=0 
    order by
        n1_0.created_at desc
2025-07-03 23:42:38.488 [main] DEBUG org.hibernate.SQL - 
    select
        u1_0.id,
        u1_0.address,
        u1_0.email,
        u1_0.full_name,
        u1_0.is_active,
        u1_0.password_hash,
        u1_0.phone,
        u1_0.role 
    from
        users u1_0 
    where
        u1_0.id=?
Hibernate: 
    select
        u1_0.id,
        u1_0.address,
        u1_0.email,
        u1_0.full_name,
        u1_0.is_active,
        u1_0.password_hash,
        u1_0.phone,
        u1_0.role 
    from
        users u1_0 
    where
        u1_0.id=?
2025-07-03 23:42:38.489 [main] DEBUG org.hibernate.SQL - 
    select
        n1_0.id,
        n1_0.created_at,
        n1_0.deleted_at,
        n1_0.delivery_id,
        n1_0.isDeleted,
        n1_0.isRead,
        n1_0.message,
        n1_0.metadata,
        n1_0.order_id,
        n1_0.priority,
        n1_0.read_at,
        n1_0.related_entity_id,
        n1_0.restaurant_id,
        n1_0.title,
        n1_0.type,
        n1_0.userId 
    from
        notifications n1_0 
    where
        n1_0.userId=? 
        and n1_0.priority=? 
        and n1_0.isDeleted=0 
    order by
        n1_0.created_at desc
Hibernate: 
    select
        n1_0.id,
        n1_0.created_at,
        n1_0.deleted_at,
        n1_0.delivery_id,
        n1_0.isDeleted,
        n1_0.isRead,
        n1_0.message,
        n1_0.metadata,
        n1_0.order_id,
        n1_0.priority,
        n1_0.read_at,
        n1_0.related_entity_id,
        n1_0.restaurant_id,
        n1_0.title,
        n1_0.type,
        n1_0.userId 
    from
        notifications n1_0 
    where
        n1_0.userId=? 
        and n1_0.priority=? 
        and n1_0.isDeleted=0 
    order by
        n1_0.created_at desc
2025-07-03 23:42:38.490 [main] DEBUG org.hibernate.SQL - 
    select
        u1_0.id,
        u1_0.address,
        u1_0.email,
        u1_0.full_name,
        u1_0.is_active,
        u1_0.password_hash,
        u1_0.phone,
        u1_0.role 
    from
        users u1_0 
    where
        u1_0.id=?
Hibernate: 
    select
        u1_0.id,
        u1_0.address,
        u1_0.email,
        u1_0.full_name,
        u1_0.is_active,
        u1_0.password_hash,
        u1_0.phone,
        u1_0.role 
    from
        users u1_0 
    where
        u1_0.id=?
2025-07-03 23:42:38.491 [main] DEBUG org.hibernate.SQL - 
    select
        n1_0.id,
        n1_0.created_at,
        n1_0.deleted_at,
        n1_0.delivery_id,
        n1_0.isDeleted,
        n1_0.isRead,
        n1_0.message,
        n1_0.metadata,
        n1_0.order_id,
        n1_0.priority,
        n1_0.read_at,
        n1_0.related_entity_id,
        n1_0.restaurant_id,
        n1_0.title,
        n1_0.type,
        n1_0.userId 
    from
        notifications n1_0 
    where
        n1_0.userId=? 
        and n1_0.created_at>=? 
        and n1_0.isDeleted=0 
    order by
        n1_0.created_at desc
Hibernate: 
    select
        n1_0.id,
        n1_0.created_at,
        n1_0.deleted_at,
        n1_0.delivery_id,
        n1_0.isDeleted,
        n1_0.isRead,
        n1_0.message,
        n1_0.metadata,
        n1_0.order_id,
        n1_0.priority,
        n1_0.read_at,
        n1_0.related_entity_id,
        n1_0.restaurant_id,
        n1_0.title,
        n1_0.type,
        n1_0.userId 
    from
        notifications n1_0 
    where
        n1_0.userId=? 
        and n1_0.created_at>=? 
        and n1_0.isDeleted=0 
    order by
        n1_0.created_at desc
2025-07-03 23:42:38.495 [main] DEBUG org.hibernate.SQL - 
    select
        u1_0.id,
        u1_0.address,
        u1_0.email,
        u1_0.full_name,
        u1_0.is_active,
        u1_0.password_hash,
        u1_0.phone,
        u1_0.role 
    from
        users u1_0 
    where
        u1_0.id=?
Hibernate: 
    select
        u1_0.id,
        u1_0.address,
        u1_0.email,
        u1_0.full_name,
        u1_0.is_active,
        u1_0.password_hash,
        u1_0.phone,
        u1_0.role 
    from
        users u1_0 
    where
        u1_0.id=?
2025-07-03 23:42:38.495 [main] DEBUG org.hibernate.SQL - 
    select
        n1_0.id,
        n1_0.created_at,
        n1_0.deleted_at,
        n1_0.delivery_id,
        n1_0.isDeleted,
        n1_0.isRead,
        n1_0.message,
        n1_0.metadata,
        n1_0.order_id,
        n1_0.priority,
        n1_0.read_at,
        n1_0.related_entity_id,
        n1_0.restaurant_id,
        n1_0.title,
        n1_0.type,
        n1_0.userId 
    from
        notifications n1_0 
    where
        n1_0.userId=? 
        and n1_0.created_at>=? 
        and n1_0.isDeleted=0 
    order by
        n1_0.created_at desc
Hibernate: 
    select
        n1_0.id,
        n1_0.created_at,
        n1_0.deleted_at,
        n1_0.delivery_id,
        n1_0.isDeleted,
        n1_0.isRead,
        n1_0.message,
        n1_0.metadata,
        n1_0.order_id,
        n1_0.priority,
        n1_0.read_at,
        n1_0.related_entity_id,
        n1_0.restaurant_id,
        n1_0.title,
        n1_0.type,
        n1_0.userId 
    from
        notifications n1_0 
    where
        n1_0.userId=? 
        and n1_0.created_at>=? 
        and n1_0.isDeleted=0 
    order by
        n1_0.created_at desc
2025-07-03 23:42:38.499 [main] DEBUG org.hibernate.SQL - 
    select
        u1_0.id,
        u1_0.address,
        u1_0.email,
        u1_0.full_name,
        u1_0.is_active,
        u1_0.password_hash,
        u1_0.phone,
        u1_0.role 
    from
        users u1_0 
    where
        u1_0.id=?
Hibernate: 
    select
        u1_0.id,
        u1_0.address,
        u1_0.email,
        u1_0.full_name,
        u1_0.is_active,
        u1_0.password_hash,
        u1_0.phone,
        u1_0.role 
    from
        users u1_0 
    where
        u1_0.id=?
2025-07-03 23:42:38.499 [main] DEBUG org.hibernate.SQL - 
    select
        n1_0.id,
        n1_0.created_at,
        n1_0.deleted_at,
        n1_0.delivery_id,
        n1_0.isDeleted,
        n1_0.isRead,
        n1_0.message,
        n1_0.metadata,
        n1_0.order_id,
        n1_0.priority,
        n1_0.read_at,
        n1_0.related_entity_id,
        n1_0.restaurant_id,
        n1_0.title,
        n1_0.type,
        n1_0.userId 
    from
        notifications n1_0 
    where
        n1_0.userId=? 
        and n1_0.created_at>=? 
        and n1_0.isDeleted=0 
    order by
        n1_0.created_at desc
Hibernate: 
    select
        n1_0.id,
        n1_0.created_at,
        n1_0.deleted_at,
        n1_0.delivery_id,
        n1_0.isDeleted,
        n1_0.isRead,
        n1_0.message,
        n1_0.metadata,
        n1_0.order_id,
        n1_0.priority,
        n1_0.read_at,
        n1_0.related_entity_id,
        n1_0.restaurant_id,
        n1_0.title,
        n1_0.type,
        n1_0.userId 
    from
        notifications n1_0 
    where
        n1_0.userId=? 
        and n1_0.created_at>=? 
        and n1_0.isDeleted=0 
    order by
        n1_0.created_at desc
2025-07-03 23:42:38.503 [main] DEBUG org.hibernate.SQL - 
    select
        u1_0.id,
        u1_0.address,
        u1_0.email,
        u1_0.full_name,
        u1_0.is_active,
        u1_0.password_hash,
        u1_0.phone,
        u1_0.role 
    from
        users u1_0 
    where
        u1_0.id=?
Hibernate: 
    select
        u1_0.id,
        u1_0.address,
        u1_0.email,
        u1_0.full_name,
        u1_0.is_active,
        u1_0.password_hash,
        u1_0.phone,
        u1_0.role 
    from
        users u1_0 
    where
        u1_0.id=?
2025-07-03 23:42:38.543 [main] DEBUG org.hibernate.SQL - 
    select
        n1_0.type,
        count(n1_0.id),
        sum(case 
            when n1_0.isRead=0 
                then 1 
            else 0 
        end) 
    from
        notifications n1_0 
    where
        n1_0.userId=? 
        and n1_0.isDeleted=0 
    group by
        n1_0.type
Hibernate: 
    select
        n1_0.type,
        count(n1_0.id),
        sum(case 
            when n1_0.isRead=0 
                then 1 
            else 0 
        end) 
    from
        notifications n1_0 
    where
        n1_0.userId=? 
        and n1_0.isDeleted=0 
    group by
        n1_0.type
2025-07-03 23:42:38.543 [main] DEBUG org.hibernate.SQL - 
    select
        u1_0.id,
        u1_0.address,
        u1_0.email,
        u1_0.full_name,
        u1_0.is_active,
        u1_0.password_hash,
        u1_0.phone,
        u1_0.role 
    from
        users u1_0 
    where
        u1_0.id=?
Hibernate: 
    select
        u1_0.id,
        u1_0.address,
        u1_0.email,
        u1_0.full_name,
        u1_0.is_active,
        u1_0.password_hash,
        u1_0.phone,
        u1_0.role 
    from
        users u1_0 
    where
        u1_0.id=?
2025-07-03 23:42:38.557 [main] DEBUG org.hibernate.SQL - 
    select
        date(n1_0.created_at),
        count(n1_0.id) 
    from
        notifications n1_0 
    where
        n1_0.userId=? 
        and n1_0.created_at>=? 
        and n1_0.isDeleted=0 
    group by
        date(n1_0.created_at) 
    order by
        date(n1_0.created_at) desc
Hibernate: 
    select
        date(n1_0.created_at),
        count(n1_0.id) 
    from
        notifications n1_0 
    where
        n1_0.userId=? 
        and n1_0.created_at>=? 
        and n1_0.isDeleted=0 
    group by
        date(n1_0.created_at) 
    order by
        date(n1_0.created_at) desc
2025-07-03 23:42:38.559 [main] DEBUG org.hibernate.SQL - 
    select
        u1_0.id,
        u1_0.address,
        u1_0.email,
        u1_0.full_name,
        u1_0.is_active,
        u1_0.password_hash,
        u1_0.phone,
        u1_0.role 
    from
        users u1_0 
    where
        u1_0.id=?
Hibernate: 
    select
        u1_0.id,
        u1_0.address,
        u1_0.email,
        u1_0.full_name,
        u1_0.is_active,
        u1_0.password_hash,
        u1_0.phone,
        u1_0.role 
    from
        users u1_0 
    where
        u1_0.id=?
2025-07-03 23:42:38.559 [main] DEBUG org.hibernate.SQL - 
    select
        date(n1_0.created_at),
        count(n1_0.id) 
    from
        notifications n1_0 
    where
        n1_0.userId=? 
        and n1_0.created_at>=? 
        and n1_0.isDeleted=0 
    group by
        date(n1_0.created_at) 
    order by
        date(n1_0.created_at) desc
Hibernate: 
    select
        date(n1_0.created_at),
        count(n1_0.id) 
    from
        notifications n1_0 
    where
        n1_0.userId=? 
        and n1_0.created_at>=? 
        and n1_0.isDeleted=0 
    group by
        date(n1_0.created_at) 
    order by
        date(n1_0.created_at) desc
2025-07-03 23:42:38.560 [main] DEBUG org.hibernate.SQL - 
    select
        u1_0.id,
        u1_0.address,
        u1_0.email,
        u1_0.full_name,
        u1_0.is_active,
        u1_0.password_hash,
        u1_0.phone,
        u1_0.role 
    from
        users u1_0 
    where
        u1_0.id=?
Hibernate: 
    select
        u1_0.id,
        u1_0.address,
        u1_0.email,
        u1_0.full_name,
        u1_0.is_active,
        u1_0.password_hash,
        u1_0.phone,
        u1_0.role 
    from
        users u1_0 
    where
        u1_0.id=?
2025-07-03 23:42:38.575 [main] DEBUG org.hibernate.SQL - 
    update
        notifications 
    set
        isRead=1,
        read_at=? 
    where
        userId=? 
        and isRead=0 
        and isDeleted=0
Hibernate: 
    update
        notifications 
    set
        isRead=1,
        read_at=? 
    where
        userId=? 
        and isRead=0 
        and isDeleted=0
2025-07-03 23:42:38.580 [main] DEBUG org.hibernate.SQL - 
    select
        u1_0.id,
        u1_0.address,
        u1_0.email,
        u1_0.full_name,
        u1_0.is_active,
        u1_0.password_hash,
        u1_0.phone,
        u1_0.role 
    from
        users u1_0 
    where
        u1_0.id=?
Hibernate: 
    select
        u1_0.id,
        u1_0.address,
        u1_0.email,
        u1_0.full_name,
        u1_0.is_active,
        u1_0.password_hash,
        u1_0.phone,
        u1_0.role 
    from
        users u1_0 
    where
        u1_0.id=?
2025-07-03 23:42:38.580 [main] DEBUG org.hibernate.SQL - 
    select
        count(n1_0.id) 
    from
        notifications n1_0 
    where
        n1_0.userId=? 
        and n1_0.isRead=0 
        and n1_0.isDeleted=0
Hibernate: 
    select
        count(n1_0.id) 
    from
        notifications n1_0 
    where
        n1_0.userId=? 
        and n1_0.isRead=0 
        and n1_0.isDeleted=0
2025-07-03 23:42:38.581 [main] DEBUG org.hibernate.SQL - 
    select
        u1_0.id,
        u1_0.address,
        u1_0.email,
        u1_0.full_name,
        u1_0.is_active,
        u1_0.password_hash,
        u1_0.phone,
        u1_0.role 
    from
        users u1_0 
    where
        u1_0.id=?
Hibernate: 
    select
        u1_0.id,
        u1_0.address,
        u1_0.email,
        u1_0.full_name,
        u1_0.is_active,
        u1_0.password_hash,
        u1_0.phone,
        u1_0.role 
    from
        users u1_0 
    where
        u1_0.id=?
2025-07-03 23:42:38.581 [main] DEBUG org.hibernate.SQL - 
    select
        count(n1_0.id) 
    from
        notifications n1_0 
    where
        n1_0.userId=? 
        and n1_0.priority=? 
        and n1_0.isRead=0 
        and n1_0.isDeleted=0
Hibernate: 
    select
        count(n1_0.id) 
    from
        notifications n1_0 
    where
        n1_0.userId=? 
        and n1_0.priority=? 
        and n1_0.isRead=0 
        and n1_0.isDeleted=0
]]></system-out>
  </testcase>
</testsuite>