<?xml version="1.0" encoding="UTF-8"?>
<testsuite xmlns:xsi="http://www.w3.org/2001/XMLSchema-instance" xsi:noNamespaceSchemaLocation="https://maven.apache.org/surefire/maven-surefire-plugin/xsd/surefire-test-report-3.0.xsd" version="3.0" name="com.myapp.order.OrderControllerIntegrationTest$CompleteOrderWorkflowTests" time="0.482" tests="2" errors="0" skipped="0" failures="0">
  <properties>
[...]
</properties>
  <testcase name="completeOrderLifecycle_FullWorkflow_Success" classname="com.myapp.order.OrderControllerIntegrationTest$CompleteOrderWorkflowTests" time="0.251">
    <system-out><![CDATA[2025-07-03 23:42:43.096 [main] DEBUG org.hibernate.SQL - 
    delete 
    from
        notifications
Hibernate: 
    delete 
    from
        notifications
2025-07-03 23:42:43.096 [main] DEBUG org.hibernate.SQL - 
    delete 
    from
        ratings
Hibernate: 
    delete 
    from
        ratings
2025-07-03 23:42:43.096 [main] DEBUG org.hibernate.SQL - 
    delete 
    from
        order_items
Hibernate: 
    delete 
    from
        order_items
2025-07-03 23:42:43.096 [main] DEBUG org.hibernate.SQL - 
    delete 
    from
        orders
Hibernate: 
    delete 
    from
        orders
2025-07-03 23:42:43.096 [main] DEBUG org.hibernate.SQL - 
    delete 
    from
        food_items
Hibernate: 
    delete 
    from
        food_items
2025-07-03 23:42:43.096 [main] DEBUG org.hibernate.SQL - 
    delete 
    from
        restaurants
Hibernate: 
    delete 
    from
        restaurants
2025-07-03 23:42:43.096 [main] DEBUG org.hibernate.SQL - 
    delete 
    from
        users
Hibernate: 
    delete 
    from
        users
2025-07-03 23:42:43.099 [main] DEBUG c.myapp.common.TestDatabaseManager - Cleaned all test data from database
2025-07-03 23:42:43.099 [main] DEBUG c.myapp.common.TestDatabaseManager - Test database cleanup completed
🚀 شروع تست چرخه کامل زندگی سفارش
📋 مرحله 1: آماده‌سازی داده‌های تست
🔨 شروع ایجاد کاربر تست با ایمیل: customer@test.com
🔄 تلاش شماره 1 از 3 برای ذخیره کاربر
2025-07-03 23:42:43.200 [main] DEBUG org.hibernate.SQL - 
    select
        u1_0.id,
        u1_0.address,
        u1_0.email,
        u1_0.full_name,
        u1_0.is_active,
        u1_0.password_hash,
        u1_0.phone,
        u1_0.role 
    from
        users u1_0 
    where
        u1_0.phone=?
Hibernate: 
    select
        u1_0.id,
        u1_0.address,
        u1_0.email,
        u1_0.full_name,
        u1_0.is_active,
        u1_0.password_hash,
        u1_0.phone,
        u1_0.role 
    from
        users u1_0 
    where
        u1_0.phone=?
2025-07-03 23:42:43.200 [main] DEBUG org.hibernate.SQL - 
    insert 
    into
        users
        (address, email, full_name, is_active, password_hash, phone, role, id) 
    values
        (?, ?, ?, ?, ?, ?, ?, ?)
Hibernate: 
    insert 
    into
        users
        (address, email, full_name, is_active, password_hash, phone, role, id) 
    values
        (?, ?, ?, ?, ?, ?, ?, ?)
✅ کاربر تست با موفقیت ذخیره شد - ID: 23908, ایمیل: customer@test.com
🏪 شروع ایجاد رستوران تست با نام: رستوران تست
🔨 شروع ایجاد کاربر تست با ایمیل: restaurant.owner.1751586163202@test.com
🔄 تلاش شماره 1 از 3 برای ذخیره کاربر
2025-07-03 23:42:43.203 [main] DEBUG org.hibernate.SQL - 
    select
        u1_0.id,
        u1_0.address,
        u1_0.email,
        u1_0.full_name,
        u1_0.is_active,
        u1_0.password_hash,
        u1_0.phone,
        u1_0.role 
    from
        users u1_0 
    where
        u1_0.phone=?
Hibernate: 
    select
        u1_0.id,
        u1_0.address,
        u1_0.email,
        u1_0.full_name,
        u1_0.is_active,
        u1_0.password_hash,
        u1_0.phone,
        u1_0.role 
    from
        users u1_0 
    where
        u1_0.phone=?
2025-07-03 23:42:43.203 [main] DEBUG org.hibernate.SQL - 
    insert 
    into
        users
        (address, email, full_name, is_active, password_hash, phone, role, id) 
    values
        (?, ?, ?, ?, ?, ?, ?, ?)
Hibernate: 
    insert 
    into
        users
        (address, email, full_name, is_active, password_hash, phone, role, id) 
    values
        (?, ?, ?, ?, ?, ?, ?, ?)
✅ کاربر تست با موفقیت ذخیره شد - ID: 23909, ایمیل: restaurant.owner.1751586163202@test.com
👤 مالک رستوران ایجاد شد - ID: 23909
💾 تلاش برای ذخیره رستوران در پایگاه داده...
🔄 تلاش شماره 1 از 3 برای ذخیره رستوران
2025-07-03 23:42:43.205 [main] DEBUG org.hibernate.SQL - 
    insert 
    into
        restaurants
        (address, name, owner_id, phone, status, id) 
    values
        (?, ?, ?, ?, ?, ?)
Hibernate: 
    insert 
    into
        restaurants
        (address, name, owner_id, phone, status, id) 
    values
        (?, ?, ?, ?, ?, ?)
✅ رستوران با موفقیت ذخیره شد - ID: 3283
2025-07-03 23:42:43.207 [main] DEBUG org.hibernate.SQL - 
    select
        r1_0.id,
        r1_0.address,
        r1_0.name,
        r1_0.owner_id,
        r1_0.phone,
        r1_0.status 
    from
        restaurants r1_0 
    where
        r1_0.id=?
Hibernate: 
    select
        r1_0.id,
        r1_0.address,
        r1_0.name,
        r1_0.owner_id,
        r1_0.phone,
        r1_0.status 
    from
        restaurants r1_0 
    where
        r1_0.id=?
✅ تأیید: رستوران قابل بازیابی است
🍕 شروع ایجاد آیتم غذا تست: پیتزا - قیمت: 25.99
💾 تلاش برای ذخیره آیتم غذا در پایگاه داده...
🔄 تلاش شماره 1 از 3 برای ذخیره آیتم غذا
2025-07-03 23:42:43.207 [main] DEBUG org.hibernate.SQL - 
    insert 
    into
        food_items
        (available, category, description, image_url, keywords, name, price, quantity, restaurant_id, id) 
    values
        (?, ?, ?, ?, ?, ?, ?, ?, ?, ?)
Hibernate: 
    insert 
    into
        food_items
        (available, category, description, image_url, keywords, name, price, quantity, restaurant_id, id) 
    values
        (?, ?, ?, ?, ?, ?, ?, ?, ?, ?)
✅ آیتم غذا با موفقیت ذخیره شد - ID: 5881
2025-07-03 23:42:43.209 [main] DEBUG org.hibernate.SQL - 
    select
        fi1_0.id,
        fi1_0.available,
        fi1_0.category,
        fi1_0.description,
        fi1_0.image_url,
        fi1_0.keywords,
        fi1_0.name,
        fi1_0.price,
        fi1_0.quantity,
        fi1_0.restaurant_id 
    from
        food_items fi1_0 
    where
        fi1_0.id=?
Hibernate: 
    select
        fi1_0.id,
        fi1_0.available,
        fi1_0.category,
        fi1_0.description,
        fi1_0.image_url,
        fi1_0.keywords,
        fi1_0.name,
        fi1_0.price,
        fi1_0.quantity,
        fi1_0.restaurant_id 
    from
        food_items fi1_0 
    where
        fi1_0.id=?
✅ تأیید: آیتم غذا قابل بازیابی است
🍕 شروع ایجاد آیتم غذا تست: برگر - قیمت: 18.99
💾 تلاش برای ذخیره آیتم غذا در پایگاه داده...
🔄 تلاش شماره 1 از 3 برای ذخیره آیتم غذا
2025-07-03 23:42:43.209 [main] DEBUG org.hibernate.SQL - 
    insert 
    into
        food_items
        (available, category, description, image_url, keywords, name, price, quantity, restaurant_id, id) 
    values
        (?, ?, ?, ?, ?, ?, ?, ?, ?, ?)
Hibernate: 
    insert 
    into
        food_items
        (available, category, description, image_url, keywords, name, price, quantity, restaurant_id, id) 
    values
        (?, ?, ?, ?, ?, ?, ?, ?, ?, ?)
✅ آیتم غذا با موفقیت ذخیره شد - ID: 5882
2025-07-03 23:42:43.211 [main] DEBUG org.hibernate.SQL - 
    select
        fi1_0.id,
        fi1_0.available,
        fi1_0.category,
        fi1_0.description,
        fi1_0.image_url,
        fi1_0.keywords,
        fi1_0.name,
        fi1_0.price,
        fi1_0.quantity,
        fi1_0.restaurant_id 
    from
        food_items fi1_0 
    where
        fi1_0.id=?
Hibernate: 
    select
        fi1_0.id,
        fi1_0.available,
        fi1_0.category,
        fi1_0.description,
        fi1_0.image_url,
        fi1_0.keywords,
        fi1_0.name,
        fi1_0.price,
        fi1_0.quantity,
        fi1_0.restaurant_id 
    from
        food_items fi1_0 
    where
        fi1_0.id=?
✅ تأیید: آیتم غذا قابل بازیابی است
🛒 مرحله 2: ایجاد سفارش اولیه
2025-07-03 23:42:43.212 [main] DEBUG org.hibernate.SQL - 
    select
        r1_0.id,
        r1_0.address,
        r1_0.name,
        r1_0.owner_id,
        r1_0.phone,
        r1_0.status 
    from
        restaurants r1_0 
    where
        r1_0.id=?
Hibernate: 
    select
        r1_0.id,
        r1_0.address,
        r1_0.name,
        r1_0.owner_id,
        r1_0.phone,
        r1_0.status 
    from
        restaurants r1_0 
    where
        r1_0.id=?
2025-07-03 23:42:43.212 [main] DEBUG org.hibernate.SQL - 
    insert 
    into
        orders
        (actual_delivery_time, customer_id, delivery_address, estimated_delivery_time, notes, order_date, phone, restaurant_id, status, total_amount, id) 
    values
        (?, ?, ?, ?, ?, ?, ?, ?, ?, ?, ?)
Hibernate: 
    insert 
    into
        orders
        (actual_delivery_time, customer_id, delivery_address, estimated_delivery_time, notes, order_date, phone, restaurant_id, status, total_amount, id) 
    values
        (?, ?, ?, ?, ?, ?, ?, ?, ?, ?, ?)
✅ سفارش با موفقیت ایجاد شد - ID: 469
🍕 مرحله 3: اضافه کردن آیتم‌ها به سبد خرید
2025-07-03 23:42:43.214 [main] DEBUG org.hibernate.SQL - 
    select
        o1_0.id,
        o1_0.actual_delivery_time,
        o1_0.customer_id,
        o1_0.delivery_address,
        o1_0.estimated_delivery_time,
        o1_0.notes,
        o1_0.order_date,
        oi1_0.order_id,
        oi1_0.id,
        oi1_0.food_item_id,
        fi1_0.id,
        fi1_0.available,
        fi1_0.category,
        fi1_0.description,
        fi1_0.image_url,
        fi1_0.keywords,
        fi1_0.name,
        fi1_0.price,
        fi1_0.quantity,
        fi1_0.restaurant_id,
        oi1_0.price,
        oi1_0.quantity,
        o1_0.phone,
        o1_0.restaurant_id,
        o1_0.status,
        o1_0.total_amount 
    from
        orders o1_0 
    left join
        order_items oi1_0 
            on o1_0.id=oi1_0.order_id 
    left join
        food_items fi1_0 
            on fi1_0.id=oi1_0.food_item_id 
    where
        o1_0.id=?
Hibernate: 
    select
        o1_0.id,
        o1_0.actual_delivery_time,
        o1_0.customer_id,
        o1_0.delivery_address,
        o1_0.estimated_delivery_time,
        o1_0.notes,
        o1_0.order_date,
        oi1_0.order_id,
        oi1_0.id,
        oi1_0.food_item_id,
        fi1_0.id,
        fi1_0.available,
        fi1_0.category,
        fi1_0.description,
        fi1_0.image_url,
        fi1_0.keywords,
        fi1_0.name,
        fi1_0.price,
        fi1_0.quantity,
        fi1_0.restaurant_id,
        oi1_0.price,
        oi1_0.quantity,
        o1_0.phone,
        o1_0.restaurant_id,
        o1_0.status,
        o1_0.total_amount 
    from
        orders o1_0 
    left join
        order_items oi1_0 
            on o1_0.id=oi1_0.order_id 
    left join
        food_items fi1_0 
            on fi1_0.id=oi1_0.food_item_id 
    where
        o1_0.id=?
2025-07-03 23:42:43.215 [main] DEBUG org.hibernate.SQL - 
    select
        fi1_0.id,
        fi1_0.available,
        fi1_0.category,
        fi1_0.description,
        fi1_0.image_url,
        fi1_0.keywords,
        fi1_0.name,
        fi1_0.price,
        fi1_0.quantity,
        fi1_0.restaurant_id 
    from
        food_items fi1_0 
    where
        fi1_0.id=?
Hibernate: 
    select
        fi1_0.id,
        fi1_0.available,
        fi1_0.category,
        fi1_0.description,
        fi1_0.image_url,
        fi1_0.keywords,
        fi1_0.name,
        fi1_0.price,
        fi1_0.quantity,
        fi1_0.restaurant_id 
    from
        food_items fi1_0 
    where
        fi1_0.id=?
2025-07-03 23:42:43.215 [main] DEBUG org.hibernate.SQL - 
    select
        o1_0.id,
        o1_0.actual_delivery_time,
        o1_0.customer_id,
        o1_0.delivery_address,
        o1_0.estimated_delivery_time,
        o1_0.notes,
        o1_0.order_date,
        o1_0.phone,
        o1_0.restaurant_id,
        o1_0.status,
        o1_0.total_amount,
        oi1_0.order_id,
        oi1_0.id,
        oi1_0.food_item_id,
        oi1_0.price,
        oi1_0.quantity 
    from
        orders o1_0 
    left join
        order_items oi1_0 
            on o1_0.id=oi1_0.order_id 
    where
        o1_0.id=?
Hibernate: 
    select
        o1_0.id,
        o1_0.actual_delivery_time,
        o1_0.customer_id,
        o1_0.delivery_address,
        o1_0.estimated_delivery_time,
        o1_0.notes,
        o1_0.order_date,
        o1_0.phone,
        o1_0.restaurant_id,
        o1_0.status,
        o1_0.total_amount,
        oi1_0.order_id,
        oi1_0.id,
        oi1_0.food_item_id,
        oi1_0.price,
        oi1_0.quantity 
    from
        orders o1_0 
    left join
        order_items oi1_0 
            on o1_0.id=oi1_0.order_id 
    where
        o1_0.id=?
2025-07-03 23:42:43.215 [main] DEBUG org.hibernate.SQL - 
    insert 
    into
        order_items
        (food_item_id, order_id, price, quantity, id) 
    values
        (?, ?, ?, ?, ?)
Hibernate: 
    insert 
    into
        order_items
        (food_item_id, order_id, price, quantity, id) 
    values
        (?, ?, ?, ?, ?)
2025-07-03 23:42:43.215 [main] DEBUG org.hibernate.SQL - 
    update
        orders 
    set
        actual_delivery_time=?,
        customer_id=?,
        delivery_address=?,
        estimated_delivery_time=?,
        notes=?,
        order_date=?,
        phone=?,
        restaurant_id=?,
        status=?,
        total_amount=? 
    where
        id=?
Hibernate: 
    update
        orders 
    set
        actual_delivery_time=?,
        customer_id=?,
        delivery_address=?,
        estimated_delivery_time=?,
        notes=?,
        order_date=?,
        phone=?,
        restaurant_id=?,
        status=?,
        total_amount=? 
    where
        id=?
2025-07-03 23:42:43.217 [main] DEBUG org.hibernate.SQL - 
    select
        o1_0.id,
        o1_0.actual_delivery_time,
        o1_0.customer_id,
        o1_0.delivery_address,
        o1_0.estimated_delivery_time,
        o1_0.notes,
        o1_0.order_date,
        oi1_0.order_id,
        oi1_0.id,
        oi1_0.food_item_id,
        fi1_0.id,
        fi1_0.available,
        fi1_0.category,
        fi1_0.description,
        fi1_0.image_url,
        fi1_0.keywords,
        fi1_0.name,
        fi1_0.price,
        fi1_0.quantity,
        fi1_0.restaurant_id,
        oi1_0.price,
        oi1_0.quantity,
        o1_0.phone,
        o1_0.restaurant_id,
        o1_0.status,
        o1_0.total_amount 
    from
        orders o1_0 
    left join
        order_items oi1_0 
            on o1_0.id=oi1_0.order_id 
    left join
        food_items fi1_0 
            on fi1_0.id=oi1_0.food_item_id 
    where
        o1_0.id=?
Hibernate: 
    select
        o1_0.id,
        o1_0.actual_delivery_time,
        o1_0.customer_id,
        o1_0.delivery_address,
        o1_0.estimated_delivery_time,
        o1_0.notes,
        o1_0.order_date,
        oi1_0.order_id,
        oi1_0.id,
        oi1_0.food_item_id,
        fi1_0.id,
        fi1_0.available,
        fi1_0.category,
        fi1_0.description,
        fi1_0.image_url,
        fi1_0.keywords,
        fi1_0.name,
        fi1_0.price,
        fi1_0.quantity,
        fi1_0.restaurant_id,
        oi1_0.price,
        oi1_0.quantity,
        o1_0.phone,
        o1_0.restaurant_id,
        o1_0.status,
        o1_0.total_amount 
    from
        orders o1_0 
    left join
        order_items oi1_0 
            on o1_0.id=oi1_0.order_id 
    left join
        food_items fi1_0 
            on fi1_0.id=oi1_0.food_item_id 
    where
        o1_0.id=?
2025-07-03 23:42:43.218 [main] DEBUG org.hibernate.SQL - 
    select
        fi1_0.id,
        fi1_0.available,
        fi1_0.category,
        fi1_0.description,
        fi1_0.image_url,
        fi1_0.keywords,
        fi1_0.name,
        fi1_0.price,
        fi1_0.quantity,
        fi1_0.restaurant_id 
    from
        food_items fi1_0 
    where
        fi1_0.id=?
Hibernate: 
    select
        fi1_0.id,
        fi1_0.available,
        fi1_0.category,
        fi1_0.description,
        fi1_0.image_url,
        fi1_0.keywords,
        fi1_0.name,
        fi1_0.price,
        fi1_0.quantity,
        fi1_0.restaurant_id 
    from
        food_items fi1_0 
    where
        fi1_0.id=?
2025-07-03 23:42:43.218 [main] DEBUG org.hibernate.SQL - 
    select
        o1_0.id,
        o1_0.actual_delivery_time,
        o1_0.customer_id,
        o1_0.delivery_address,
        o1_0.estimated_delivery_time,
        o1_0.notes,
        o1_0.order_date,
        o1_0.phone,
        o1_0.restaurant_id,
        o1_0.status,
        o1_0.total_amount,
        oi1_0.order_id,
        oi1_0.id,
        oi1_0.food_item_id,
        oi1_0.price,
        oi1_0.quantity 
    from
        orders o1_0 
    left join
        order_items oi1_0 
            on o1_0.id=oi1_0.order_id 
    where
        o1_0.id=?
Hibernate: 
    select
        o1_0.id,
        o1_0.actual_delivery_time,
        o1_0.customer_id,
        o1_0.delivery_address,
        o1_0.estimated_delivery_time,
        o1_0.notes,
        o1_0.order_date,
        o1_0.phone,
        o1_0.restaurant_id,
        o1_0.status,
        o1_0.total_amount,
        oi1_0.order_id,
        oi1_0.id,
        oi1_0.food_item_id,
        oi1_0.price,
        oi1_0.quantity 
    from
        orders o1_0 
    left join
        order_items oi1_0 
            on o1_0.id=oi1_0.order_id 
    where
        o1_0.id=?
2025-07-03 23:42:43.218 [main] DEBUG org.hibernate.SQL - 
    insert 
    into
        order_items
        (food_item_id, order_id, price, quantity, id) 
    values
        (?, ?, ?, ?, ?)
Hibernate: 
    insert 
    into
        order_items
        (food_item_id, order_id, price, quantity, id) 
    values
        (?, ?, ?, ?, ?)
2025-07-03 23:42:43.218 [main] DEBUG org.hibernate.SQL - 
    update
        orders 
    set
        actual_delivery_time=?,
        customer_id=?,
        delivery_address=?,
        estimated_delivery_time=?,
        notes=?,
        order_date=?,
        phone=?,
        restaurant_id=?,
        status=?,
        total_amount=? 
    where
        id=?
Hibernate: 
    update
        orders 
    set
        actual_delivery_time=?,
        customer_id=?,
        delivery_address=?,
        estimated_delivery_time=?,
        notes=?,
        order_date=?,
        phone=?,
        restaurant_id=?,
        status=?,
        total_amount=? 
    where
        id=?
2025-07-03 23:42:43.221 [main] DEBUG org.hibernate.SQL - 
    select
        o1_0.id,
        o1_0.actual_delivery_time,
        o1_0.customer_id,
        o1_0.delivery_address,
        o1_0.estimated_delivery_time,
        o1_0.notes,
        o1_0.order_date,
        oi1_0.order_id,
        oi1_0.id,
        oi1_0.food_item_id,
        fi1_0.id,
        fi1_0.available,
        fi1_0.category,
        fi1_0.description,
        fi1_0.image_url,
        fi1_0.keywords,
        fi1_0.name,
        fi1_0.price,
        fi1_0.quantity,
        fi1_0.restaurant_id,
        oi1_0.price,
        oi1_0.quantity,
        o1_0.phone,
        o1_0.restaurant_id,
        o1_0.status,
        o1_0.total_amount 
    from
        orders o1_0 
    left join
        order_items oi1_0 
            on o1_0.id=oi1_0.order_id 
    left join
        food_items fi1_0 
            on fi1_0.id=oi1_0.food_item_id 
    where
        o1_0.id=?
Hibernate: 
    select
        o1_0.id,
        o1_0.actual_delivery_time,
        o1_0.customer_id,
        o1_0.delivery_address,
        o1_0.estimated_delivery_time,
        o1_0.notes,
        o1_0.order_date,
        oi1_0.order_id,
        oi1_0.id,
        oi1_0.food_item_id,
        fi1_0.id,
        fi1_0.available,
        fi1_0.category,
        fi1_0.description,
        fi1_0.image_url,
        fi1_0.keywords,
        fi1_0.name,
        fi1_0.price,
        fi1_0.quantity,
        fi1_0.restaurant_id,
        oi1_0.price,
        oi1_0.quantity,
        o1_0.phone,
        o1_0.restaurant_id,
        o1_0.status,
        o1_0.total_amount 
    from
        orders o1_0 
    left join
        order_items oi1_0 
            on o1_0.id=oi1_0.order_id 
    left join
        food_items fi1_0 
            on fi1_0.id=oi1_0.food_item_id 
    where
        o1_0.id=?
✅ آیتم‌ها با موفقیت اضافه شدند
🔄 مرحله 4: به‌روزرسانی تعداد آیتم
2025-07-03 23:42:43.221 [main] DEBUG org.hibernate.SQL - 
    select
        o1_0.id,
        o1_0.actual_delivery_time,
        o1_0.customer_id,
        o1_0.delivery_address,
        o1_0.estimated_delivery_time,
        o1_0.notes,
        o1_0.order_date,
        oi1_0.order_id,
        oi1_0.id,
        oi1_0.food_item_id,
        fi1_0.id,
        fi1_0.available,
        fi1_0.category,
        fi1_0.description,
        fi1_0.image_url,
        fi1_0.keywords,
        fi1_0.name,
        fi1_0.price,
        fi1_0.quantity,
        fi1_0.restaurant_id,
        oi1_0.price,
        oi1_0.quantity,
        o1_0.phone,
        o1_0.restaurant_id,
        o1_0.status,
        o1_0.total_amount 
    from
        orders o1_0 
    left join
        order_items oi1_0 
            on o1_0.id=oi1_0.order_id 
    left join
        food_items fi1_0 
            on fi1_0.id=oi1_0.food_item_id 
    where
        o1_0.id=?
Hibernate: 
    select
        o1_0.id,
        o1_0.actual_delivery_time,
        o1_0.customer_id,
        o1_0.delivery_address,
        o1_0.estimated_delivery_time,
        o1_0.notes,
        o1_0.order_date,
        oi1_0.order_id,
        oi1_0.id,
        oi1_0.food_item_id,
        fi1_0.id,
        fi1_0.available,
        fi1_0.category,
        fi1_0.description,
        fi1_0.image_url,
        fi1_0.keywords,
        fi1_0.name,
        fi1_0.price,
        fi1_0.quantity,
        fi1_0.restaurant_id,
        oi1_0.price,
        oi1_0.quantity,
        o1_0.phone,
        o1_0.restaurant_id,
        o1_0.status,
        o1_0.total_amount 
    from
        orders o1_0 
    left join
        order_items oi1_0 
            on o1_0.id=oi1_0.order_id 
    left join
        food_items fi1_0 
            on fi1_0.id=oi1_0.food_item_id 
    where
        o1_0.id=?
2025-07-03 23:42:43.221 [main] DEBUG org.hibernate.SQL - 
    select
        fi1_0.id,
        fi1_0.available,
        fi1_0.category,
        fi1_0.description,
        fi1_0.image_url,
        fi1_0.keywords,
        fi1_0.name,
        fi1_0.price,
        fi1_0.quantity,
        fi1_0.restaurant_id 
    from
        food_items fi1_0 
    where
        fi1_0.id=?
Hibernate: 
    select
        fi1_0.id,
        fi1_0.available,
        fi1_0.category,
        fi1_0.description,
        fi1_0.image_url,
        fi1_0.keywords,
        fi1_0.name,
        fi1_0.price,
        fi1_0.quantity,
        fi1_0.restaurant_id 
    from
        food_items fi1_0 
    where
        fi1_0.id=?
2025-07-03 23:42:43.221 [main] DEBUG org.hibernate.SQL - 
    select
        o1_0.id,
        o1_0.actual_delivery_time,
        o1_0.customer_id,
        o1_0.delivery_address,
        o1_0.estimated_delivery_time,
        o1_0.notes,
        o1_0.order_date,
        o1_0.phone,
        o1_0.restaurant_id,
        o1_0.status,
        o1_0.total_amount,
        oi1_0.order_id,
        oi1_0.id,
        oi1_0.food_item_id,
        oi1_0.price,
        oi1_0.quantity 
    from
        orders o1_0 
    left join
        order_items oi1_0 
            on o1_0.id=oi1_0.order_id 
    where
        o1_0.id=?
Hibernate: 
    select
        o1_0.id,
        o1_0.actual_delivery_time,
        o1_0.customer_id,
        o1_0.delivery_address,
        o1_0.estimated_delivery_time,
        o1_0.notes,
        o1_0.order_date,
        o1_0.phone,
        o1_0.restaurant_id,
        o1_0.status,
        o1_0.total_amount,
        oi1_0.order_id,
        oi1_0.id,
        oi1_0.food_item_id,
        oi1_0.price,
        oi1_0.quantity 
    from
        orders o1_0 
    left join
        order_items oi1_0 
            on o1_0.id=oi1_0.order_id 
    where
        o1_0.id=?
2025-07-03 23:42:43.222 [main] DEBUG org.hibernate.SQL - 
    update
        order_items 
    set
        food_item_id=?,
        order_id=?,
        price=?,
        quantity=? 
    where
        id=?
Hibernate: 
    update
        order_items 
    set
        food_item_id=?,
        order_id=?,
        price=?,
        quantity=? 
    where
        id=?
2025-07-03 23:42:43.222 [main] DEBUG org.hibernate.SQL - 
    update
        orders 
    set
        actual_delivery_time=?,
        customer_id=?,
        delivery_address=?,
        estimated_delivery_time=?,
        notes=?,
        order_date=?,
        phone=?,
        restaurant_id=?,
        status=?,
        total_amount=? 
    where
        id=?
Hibernate: 
    update
        orders 
    set
        actual_delivery_time=?,
        customer_id=?,
        delivery_address=?,
        estimated_delivery_time=?,
        notes=?,
        order_date=?,
        phone=?,
        restaurant_id=?,
        status=?,
        total_amount=? 
    where
        id=?
2025-07-03 23:42:43.224 [main] DEBUG org.hibernate.SQL - 
    select
        o1_0.id,
        o1_0.actual_delivery_time,
        o1_0.customer_id,
        o1_0.delivery_address,
        o1_0.estimated_delivery_time,
        o1_0.notes,
        o1_0.order_date,
        oi1_0.order_id,
        oi1_0.id,
        oi1_0.food_item_id,
        fi1_0.id,
        fi1_0.available,
        fi1_0.category,
        fi1_0.description,
        fi1_0.image_url,
        fi1_0.keywords,
        fi1_0.name,
        fi1_0.price,
        fi1_0.quantity,
        fi1_0.restaurant_id,
        oi1_0.price,
        oi1_0.quantity,
        o1_0.phone,
        o1_0.restaurant_id,
        o1_0.status,
        o1_0.total_amount 
    from
        orders o1_0 
    left join
        order_items oi1_0 
            on o1_0.id=oi1_0.order_id 
    left join
        food_items fi1_0 
            on fi1_0.id=oi1_0.food_item_id 
    where
        o1_0.id=?
Hibernate: 
    select
        o1_0.id,
        o1_0.actual_delivery_time,
        o1_0.customer_id,
        o1_0.delivery_address,
        o1_0.estimated_delivery_time,
        o1_0.notes,
        o1_0.order_date,
        oi1_0.order_id,
        oi1_0.id,
        oi1_0.food_item_id,
        fi1_0.id,
        fi1_0.available,
        fi1_0.category,
        fi1_0.description,
        fi1_0.image_url,
        fi1_0.keywords,
        fi1_0.name,
        fi1_0.price,
        fi1_0.quantity,
        fi1_0.restaurant_id,
        oi1_0.price,
        oi1_0.quantity,
        o1_0.phone,
        o1_0.restaurant_id,
        o1_0.status,
        o1_0.total_amount 
    from
        orders o1_0 
    left join
        order_items oi1_0 
            on o1_0.id=oi1_0.order_id 
    left join
        food_items fi1_0 
            on fi1_0.id=oi1_0.food_item_id 
    where
        o1_0.id=?
✅ تعداد آیتم با موفقیت به‌روزرسانی شد
📝 مرحله 5: ثبت نهایی سفارش
2025-07-03 23:42:43.224 [main] DEBUG org.hibernate.SQL - 
    select
        o1_0.id,
        o1_0.actual_delivery_time,
        o1_0.customer_id,
        o1_0.delivery_address,
        o1_0.estimated_delivery_time,
        o1_0.notes,
        o1_0.order_date,
        oi1_0.order_id,
        oi1_0.id,
        oi1_0.food_item_id,
        fi1_0.id,
        fi1_0.available,
        fi1_0.category,
        fi1_0.description,
        fi1_0.image_url,
        fi1_0.keywords,
        fi1_0.name,
        fi1_0.price,
        fi1_0.quantity,
        fi1_0.restaurant_id,
        oi1_0.price,
        oi1_0.quantity,
        o1_0.phone,
        o1_0.restaurant_id,
        o1_0.status,
        o1_0.total_amount 
    from
        orders o1_0 
    left join
        order_items oi1_0 
            on o1_0.id=oi1_0.order_id 
    left join
        food_items fi1_0 
            on fi1_0.id=oi1_0.food_item_id 
    where
        o1_0.id=?
Hibernate: 
    select
        o1_0.id,
        o1_0.actual_delivery_time,
        o1_0.customer_id,
        o1_0.delivery_address,
        o1_0.estimated_delivery_time,
        o1_0.notes,
        o1_0.order_date,
        oi1_0.order_id,
        oi1_0.id,
        oi1_0.food_item_id,
        fi1_0.id,
        fi1_0.available,
        fi1_0.category,
        fi1_0.description,
        fi1_0.image_url,
        fi1_0.keywords,
        fi1_0.name,
        fi1_0.price,
        fi1_0.quantity,
        fi1_0.restaurant_id,
        oi1_0.price,
        oi1_0.quantity,
        o1_0.phone,
        o1_0.restaurant_id,
        o1_0.status,
        o1_0.total_amount 
    from
        orders o1_0 
    left join
        order_items oi1_0 
            on o1_0.id=oi1_0.order_id 
    left join
        food_items fi1_0 
            on fi1_0.id=oi1_0.food_item_id 
    where
        o1_0.id=?
2025-07-03 23:42:43.225 [main] DEBUG org.hibernate.SQL - 
    select
        fi1_0.id,
        fi1_0.available,
        fi1_0.category,
        fi1_0.description,
        fi1_0.image_url,
        fi1_0.keywords,
        fi1_0.name,
        fi1_0.price,
        fi1_0.quantity,
        fi1_0.restaurant_id 
    from
        food_items fi1_0 
    where
        fi1_0.id=?
Hibernate: 
    select
        fi1_0.id,
        fi1_0.available,
        fi1_0.category,
        fi1_0.description,
        fi1_0.image_url,
        fi1_0.keywords,
        fi1_0.name,
        fi1_0.price,
        fi1_0.quantity,
        fi1_0.restaurant_id 
    from
        food_items fi1_0 
    where
        fi1_0.id=?
2025-07-03 23:42:43.225 [main] DEBUG org.hibernate.SQL - 
    select
        fi1_0.id,
        fi1_0.available,
        fi1_0.category,
        fi1_0.description,
        fi1_0.image_url,
        fi1_0.keywords,
        fi1_0.name,
        fi1_0.price,
        fi1_0.quantity,
        fi1_0.restaurant_id 
    from
        food_items fi1_0 
    where
        fi1_0.id=?
Hibernate: 
    select
        fi1_0.id,
        fi1_0.available,
        fi1_0.category,
        fi1_0.description,
        fi1_0.image_url,
        fi1_0.keywords,
        fi1_0.name,
        fi1_0.price,
        fi1_0.quantity,
        fi1_0.restaurant_id 
    from
        food_items fi1_0 
    where
        fi1_0.id=?
2025-07-03 23:42:43.225 [main] DEBUG org.hibernate.SQL - 
    select
        fi1_0.id,
        fi1_0.available,
        fi1_0.category,
        fi1_0.description,
        fi1_0.image_url,
        fi1_0.keywords,
        fi1_0.name,
        fi1_0.price,
        fi1_0.quantity,
        fi1_0.restaurant_id 
    from
        food_items fi1_0 
    where
        fi1_0.id=?
Hibernate: 
    select
        fi1_0.id,
        fi1_0.available,
        fi1_0.category,
        fi1_0.description,
        fi1_0.image_url,
        fi1_0.keywords,
        fi1_0.name,
        fi1_0.price,
        fi1_0.quantity,
        fi1_0.restaurant_id 
    from
        food_items fi1_0 
    where
        fi1_0.id=?
2025-07-03 23:42:43.225 [main] DEBUG org.hibernate.SQL - 
    update
        food_items 
    set
        available=?,
        category=?,
        description=?,
        image_url=?,
        keywords=?,
        name=?,
        price=?,
        quantity=?,
        restaurant_id=? 
    where
        id=?
Hibernate: 
    update
        food_items 
    set
        available=?,
        category=?,
        description=?,
        image_url=?,
        keywords=?,
        name=?,
        price=?,
        quantity=?,
        restaurant_id=? 
    where
        id=?
2025-07-03 23:42:43.227 [main] DEBUG org.hibernate.SQL - 
    select
        fi1_0.id,
        fi1_0.available,
        fi1_0.category,
        fi1_0.description,
        fi1_0.image_url,
        fi1_0.keywords,
        fi1_0.name,
        fi1_0.price,
        fi1_0.quantity,
        fi1_0.restaurant_id 
    from
        food_items fi1_0 
    where
        fi1_0.id=?
Hibernate: 
    select
        fi1_0.id,
        fi1_0.available,
        fi1_0.category,
        fi1_0.description,
        fi1_0.image_url,
        fi1_0.keywords,
        fi1_0.name,
        fi1_0.price,
        fi1_0.quantity,
        fi1_0.restaurant_id 
    from
        food_items fi1_0 
    where
        fi1_0.id=?
2025-07-03 23:42:43.227 [main] DEBUG org.hibernate.SQL - 
    update
        food_items 
    set
        available=?,
        category=?,
        description=?,
        image_url=?,
        keywords=?,
        name=?,
        price=?,
        quantity=?,
        restaurant_id=? 
    where
        id=?
Hibernate: 
    update
        food_items 
    set
        available=?,
        category=?,
        description=?,
        image_url=?,
        keywords=?,
        name=?,
        price=?,
        quantity=?,
        restaurant_id=? 
    where
        id=?
2025-07-03 23:42:43.229 [main] DEBUG org.hibernate.SQL - 
    select
        o1_0.id,
        o1_0.actual_delivery_time,
        o1_0.customer_id,
        o1_0.delivery_address,
        o1_0.estimated_delivery_time,
        o1_0.notes,
        o1_0.order_date,
        o1_0.phone,
        o1_0.restaurant_id,
        o1_0.status,
        o1_0.total_amount,
        oi1_0.order_id,
        oi1_0.id,
        oi1_0.food_item_id,
        oi1_0.price,
        oi1_0.quantity 
    from
        orders o1_0 
    left join
        order_items oi1_0 
            on o1_0.id=oi1_0.order_id 
    where
        o1_0.id=?
Hibernate: 
    select
        o1_0.id,
        o1_0.actual_delivery_time,
        o1_0.customer_id,
        o1_0.delivery_address,
        o1_0.estimated_delivery_time,
        o1_0.notes,
        o1_0.order_date,
        o1_0.phone,
        o1_0.restaurant_id,
        o1_0.status,
        o1_0.total_amount,
        oi1_0.order_id,
        oi1_0.id,
        oi1_0.food_item_id,
        oi1_0.price,
        oi1_0.quantity 
    from
        orders o1_0 
    left join
        order_items oi1_0 
            on o1_0.id=oi1_0.order_id 
    where
        o1_0.id=?
2025-07-03 23:42:43.230 [main] DEBUG org.hibernate.SQL - 
    update
        orders 
    set
        actual_delivery_time=?,
        customer_id=?,
        delivery_address=?,
        estimated_delivery_time=?,
        notes=?,
        order_date=?,
        phone=?,
        restaurant_id=?,
        status=?,
        total_amount=? 
    where
        id=?
Hibernate: 
    update
        orders 
    set
        actual_delivery_time=?,
        customer_id=?,
        delivery_address=?,
        estimated_delivery_time=?,
        notes=?,
        order_date=?,
        phone=?,
        restaurant_id=?,
        status=?,
        total_amount=? 
    where
        id=?
✅ سفارش با موفقیت ثبت شد
⚙️ مرحله 6: پردازش سفارش در مراحل مختلف
2025-07-03 23:42:43.232 [main] DEBUG org.hibernate.SQL - 
    select
        o1_0.id,
        o1_0.actual_delivery_time,
        o1_0.customer_id,
        o1_0.delivery_address,
        o1_0.estimated_delivery_time,
        o1_0.notes,
        o1_0.order_date,
        oi1_0.order_id,
        oi1_0.id,
        oi1_0.food_item_id,
        fi1_0.id,
        fi1_0.available,
        fi1_0.category,
        fi1_0.description,
        fi1_0.image_url,
        fi1_0.keywords,
        fi1_0.name,
        fi1_0.price,
        fi1_0.quantity,
        fi1_0.restaurant_id,
        oi1_0.price,
        oi1_0.quantity,
        o1_0.phone,
        o1_0.restaurant_id,
        o1_0.status,
        o1_0.total_amount 
    from
        orders o1_0 
    left join
        order_items oi1_0 
            on o1_0.id=oi1_0.order_id 
    left join
        food_items fi1_0 
            on fi1_0.id=oi1_0.food_item_id 
    where
        o1_0.id=?
Hibernate: 
    select
        o1_0.id,
        o1_0.actual_delivery_time,
        o1_0.customer_id,
        o1_0.delivery_address,
        o1_0.estimated_delivery_time,
        o1_0.notes,
        o1_0.order_date,
        oi1_0.order_id,
        oi1_0.id,
        oi1_0.food_item_id,
        fi1_0.id,
        fi1_0.available,
        fi1_0.category,
        fi1_0.description,
        fi1_0.image_url,
        fi1_0.keywords,
        fi1_0.name,
        fi1_0.price,
        fi1_0.quantity,
        fi1_0.restaurant_id,
        oi1_0.price,
        oi1_0.quantity,
        o1_0.phone,
        o1_0.restaurant_id,
        o1_0.status,
        o1_0.total_amount 
    from
        orders o1_0 
    left join
        order_items oi1_0 
            on o1_0.id=oi1_0.order_id 
    left join
        food_items fi1_0 
            on fi1_0.id=oi1_0.food_item_id 
    where
        o1_0.id=?
⚠️  مشکل در تغییر وضعیت به CONFIRMED: Invalid status transition from CONFIRMED to CONFIRMED
2025-07-03 23:42:43.232 [main] DEBUG org.hibernate.SQL - 
    select
        o1_0.id,
        o1_0.actual_delivery_time,
        o1_0.customer_id,
        o1_0.delivery_address,
        o1_0.estimated_delivery_time,
        o1_0.notes,
        o1_0.order_date,
        oi1_0.order_id,
        oi1_0.id,
        oi1_0.food_item_id,
        fi1_0.id,
        fi1_0.available,
        fi1_0.category,
        fi1_0.description,
        fi1_0.image_url,
        fi1_0.keywords,
        fi1_0.name,
        fi1_0.price,
        fi1_0.quantity,
        fi1_0.restaurant_id,
        oi1_0.price,
        oi1_0.quantity,
        o1_0.phone,
        o1_0.restaurant_id,
        o1_0.status,
        o1_0.total_amount 
    from
        orders o1_0 
    left join
        order_items oi1_0 
            on o1_0.id=oi1_0.order_id 
    left join
        food_items fi1_0 
            on fi1_0.id=oi1_0.food_item_id 
    where
        o1_0.id=?
Hibernate: 
    select
        o1_0.id,
        o1_0.actual_delivery_time,
        o1_0.customer_id,
        o1_0.delivery_address,
        o1_0.estimated_delivery_time,
        o1_0.notes,
        o1_0.order_date,
        oi1_0.order_id,
        oi1_0.id,
        oi1_0.food_item_id,
        fi1_0.id,
        fi1_0.available,
        fi1_0.category,
        fi1_0.description,
        fi1_0.image_url,
        fi1_0.keywords,
        fi1_0.name,
        fi1_0.price,
        fi1_0.quantity,
        fi1_0.restaurant_id,
        oi1_0.price,
        oi1_0.quantity,
        o1_0.phone,
        o1_0.restaurant_id,
        o1_0.status,
        o1_0.total_amount 
    from
        orders o1_0 
    left join
        order_items oi1_0 
            on o1_0.id=oi1_0.order_id 
    left join
        food_items fi1_0 
            on fi1_0.id=oi1_0.food_item_id 
    where
        o1_0.id=?
2025-07-03 23:42:43.233 [main] DEBUG org.hibernate.SQL - 
    select
        o1_0.id,
        o1_0.actual_delivery_time,
        o1_0.customer_id,
        o1_0.delivery_address,
        o1_0.estimated_delivery_time,
        o1_0.notes,
        o1_0.order_date,
        o1_0.phone,
        o1_0.restaurant_id,
        o1_0.status,
        o1_0.total_amount 
    from
        orders o1_0 
    where
        o1_0.id=?
Hibernate: 
    select
        o1_0.id,
        o1_0.actual_delivery_time,
        o1_0.customer_id,
        o1_0.delivery_address,
        o1_0.estimated_delivery_time,
        o1_0.notes,
        o1_0.order_date,
        o1_0.phone,
        o1_0.restaurant_id,
        o1_0.status,
        o1_0.total_amount 
    from
        orders o1_0 
    where
        o1_0.id=?
2025-07-03 23:42:43.233 [main] DEBUG org.hibernate.SQL - 
    update
        orders 
    set
        actual_delivery_time=?,
        customer_id=?,
        delivery_address=?,
        estimated_delivery_time=?,
        notes=?,
        order_date=?,
        phone=?,
        restaurant_id=?,
        status=?,
        total_amount=? 
    where
        id=?
Hibernate: 
    update
        orders 
    set
        actual_delivery_time=?,
        customer_id=?,
        delivery_address=?,
        estimated_delivery_time=?,
        notes=?,
        order_date=?,
        phone=?,
        restaurant_id=?,
        status=?,
        total_amount=? 
    where
        id=?
2025-07-03 23:42:43.235 [main] DEBUG org.hibernate.SQL - 
    select
        o1_0.id,
        o1_0.actual_delivery_time,
        o1_0.customer_id,
        o1_0.delivery_address,
        o1_0.estimated_delivery_time,
        o1_0.notes,
        o1_0.order_date,
        o1_0.phone,
        o1_0.restaurant_id,
        o1_0.status,
        o1_0.total_amount,
        oi1_0.order_id,
        oi1_0.id,
        oi1_0.food_item_id,
        oi1_0.price,
        oi1_0.quantity 
    from
        orders o1_0 
    left join
        order_items oi1_0 
            on o1_0.id=oi1_0.order_id 
    where
        o1_0.id=?
Hibernate: 
    select
        o1_0.id,
        o1_0.actual_delivery_time,
        o1_0.customer_id,
        o1_0.delivery_address,
        o1_0.estimated_delivery_time,
        o1_0.notes,
        o1_0.order_date,
        o1_0.phone,
        o1_0.restaurant_id,
        o1_0.status,
        o1_0.total_amount,
        oi1_0.order_id,
        oi1_0.id,
        oi1_0.food_item_id,
        oi1_0.price,
        oi1_0.quantity 
    from
        orders o1_0 
    left join
        order_items oi1_0 
            on o1_0.id=oi1_0.order_id 
    where
        o1_0.id=?
✅ وضعیت سفارش به PREPARING تغییر کرد
2025-07-03 23:42:43.235 [main] DEBUG org.hibernate.SQL - 
    select
        o1_0.id,
        o1_0.actual_delivery_time,
        o1_0.customer_id,
        o1_0.delivery_address,
        o1_0.estimated_delivery_time,
        o1_0.notes,
        o1_0.order_date,
        oi1_0.order_id,
        oi1_0.id,
        oi1_0.food_item_id,
        fi1_0.id,
        fi1_0.available,
        fi1_0.category,
        fi1_0.description,
        fi1_0.image_url,
        fi1_0.keywords,
        fi1_0.name,
        fi1_0.price,
        fi1_0.quantity,
        fi1_0.restaurant_id,
        oi1_0.price,
        oi1_0.quantity,
        o1_0.phone,
        o1_0.restaurant_id,
        o1_0.status,
        o1_0.total_amount 
    from
        orders o1_0 
    left join
        order_items oi1_0 
            on o1_0.id=oi1_0.order_id 
    left join
        food_items fi1_0 
            on fi1_0.id=oi1_0.food_item_id 
    where
        o1_0.id=?
Hibernate: 
    select
        o1_0.id,
        o1_0.actual_delivery_time,
        o1_0.customer_id,
        o1_0.delivery_address,
        o1_0.estimated_delivery_time,
        o1_0.notes,
        o1_0.order_date,
        oi1_0.order_id,
        oi1_0.id,
        oi1_0.food_item_id,
        fi1_0.id,
        fi1_0.available,
        fi1_0.category,
        fi1_0.description,
        fi1_0.image_url,
        fi1_0.keywords,
        fi1_0.name,
        fi1_0.price,
        fi1_0.quantity,
        fi1_0.restaurant_id,
        oi1_0.price,
        oi1_0.quantity,
        o1_0.phone,
        o1_0.restaurant_id,
        o1_0.status,
        o1_0.total_amount 
    from
        orders o1_0 
    left join
        order_items oi1_0 
            on o1_0.id=oi1_0.order_id 
    left join
        food_items fi1_0 
            on fi1_0.id=oi1_0.food_item_id 
    where
        o1_0.id=?
2025-07-03 23:42:43.236 [main] DEBUG org.hibernate.SQL - 
    select
        o1_0.id,
        o1_0.actual_delivery_time,
        o1_0.customer_id,
        o1_0.delivery_address,
        o1_0.estimated_delivery_time,
        o1_0.notes,
        o1_0.order_date,
        o1_0.phone,
        o1_0.restaurant_id,
        o1_0.status,
        o1_0.total_amount 
    from
        orders o1_0 
    where
        o1_0.id=?
Hibernate: 
    select
        o1_0.id,
        o1_0.actual_delivery_time,
        o1_0.customer_id,
        o1_0.delivery_address,
        o1_0.estimated_delivery_time,
        o1_0.notes,
        o1_0.order_date,
        o1_0.phone,
        o1_0.restaurant_id,
        o1_0.status,
        o1_0.total_amount 
    from
        orders o1_0 
    where
        o1_0.id=?
2025-07-03 23:42:43.236 [main] DEBUG org.hibernate.SQL - 
    update
        orders 
    set
        actual_delivery_time=?,
        customer_id=?,
        delivery_address=?,
        estimated_delivery_time=?,
        notes=?,
        order_date=?,
        phone=?,
        restaurant_id=?,
        status=?,
        total_amount=? 
    where
        id=?
Hibernate: 
    update
        orders 
    set
        actual_delivery_time=?,
        customer_id=?,
        delivery_address=?,
        estimated_delivery_time=?,
        notes=?,
        order_date=?,
        phone=?,
        restaurant_id=?,
        status=?,
        total_amount=? 
    where
        id=?
2025-07-03 23:42:43.238 [main] DEBUG org.hibernate.SQL - 
    select
        o1_0.id,
        o1_0.actual_delivery_time,
        o1_0.customer_id,
        o1_0.delivery_address,
        o1_0.estimated_delivery_time,
        o1_0.notes,
        o1_0.order_date,
        o1_0.phone,
        o1_0.restaurant_id,
        o1_0.status,
        o1_0.total_amount,
        oi1_0.order_id,
        oi1_0.id,
        oi1_0.food_item_id,
        oi1_0.price,
        oi1_0.quantity 
    from
        orders o1_0 
    left join
        order_items oi1_0 
            on o1_0.id=oi1_0.order_id 
    where
        o1_0.id=?
Hibernate: 
    select
        o1_0.id,
        o1_0.actual_delivery_time,
        o1_0.customer_id,
        o1_0.delivery_address,
        o1_0.estimated_delivery_time,
        o1_0.notes,
        o1_0.order_date,
        o1_0.phone,
        o1_0.restaurant_id,
        o1_0.status,
        o1_0.total_amount,
        oi1_0.order_id,
        oi1_0.id,
        oi1_0.food_item_id,
        oi1_0.price,
        oi1_0.quantity 
    from
        orders o1_0 
    left join
        order_items oi1_0 
            on o1_0.id=oi1_0.order_id 
    where
        o1_0.id=?
✅ وضعیت سفارش به READY تغییر کرد
2025-07-03 23:42:43.238 [main] DEBUG org.hibernate.SQL - 
    select
        o1_0.id,
        o1_0.actual_delivery_time,
        o1_0.customer_id,
        o1_0.delivery_address,
        o1_0.estimated_delivery_time,
        o1_0.notes,
        o1_0.order_date,
        oi1_0.order_id,
        oi1_0.id,
        oi1_0.food_item_id,
        fi1_0.id,
        fi1_0.available,
        fi1_0.category,
        fi1_0.description,
        fi1_0.image_url,
        fi1_0.keywords,
        fi1_0.name,
        fi1_0.price,
        fi1_0.quantity,
        fi1_0.restaurant_id,
        oi1_0.price,
        oi1_0.quantity,
        o1_0.phone,
        o1_0.restaurant_id,
        o1_0.status,
        o1_0.total_amount 
    from
        orders o1_0 
    left join
        order_items oi1_0 
            on o1_0.id=oi1_0.order_id 
    left join
        food_items fi1_0 
            on fi1_0.id=oi1_0.food_item_id 
    where
        o1_0.id=?
Hibernate: 
    select
        o1_0.id,
        o1_0.actual_delivery_time,
        o1_0.customer_id,
        o1_0.delivery_address,
        o1_0.estimated_delivery_time,
        o1_0.notes,
        o1_0.order_date,
        oi1_0.order_id,
        oi1_0.id,
        oi1_0.food_item_id,
        fi1_0.id,
        fi1_0.available,
        fi1_0.category,
        fi1_0.description,
        fi1_0.image_url,
        fi1_0.keywords,
        fi1_0.name,
        fi1_0.price,
        fi1_0.quantity,
        fi1_0.restaurant_id,
        oi1_0.price,
        oi1_0.quantity,
        o1_0.phone,
        o1_0.restaurant_id,
        o1_0.status,
        o1_0.total_amount 
    from
        orders o1_0 
    left join
        order_items oi1_0 
            on o1_0.id=oi1_0.order_id 
    left join
        food_items fi1_0 
            on fi1_0.id=oi1_0.food_item_id 
    where
        o1_0.id=?
2025-07-03 23:42:43.239 [main] DEBUG org.hibernate.SQL - 
    select
        o1_0.id,
        o1_0.actual_delivery_time,
        o1_0.customer_id,
        o1_0.delivery_address,
        o1_0.estimated_delivery_time,
        o1_0.notes,
        o1_0.order_date,
        o1_0.phone,
        o1_0.restaurant_id,
        o1_0.status,
        o1_0.total_amount 
    from
        orders o1_0 
    where
        o1_0.id=?
Hibernate: 
    select
        o1_0.id,
        o1_0.actual_delivery_time,
        o1_0.customer_id,
        o1_0.delivery_address,
        o1_0.estimated_delivery_time,
        o1_0.notes,
        o1_0.order_date,
        o1_0.phone,
        o1_0.restaurant_id,
        o1_0.status,
        o1_0.total_amount 
    from
        orders o1_0 
    where
        o1_0.id=?
2025-07-03 23:42:43.239 [main] DEBUG org.hibernate.SQL - 
    update
        orders 
    set
        actual_delivery_time=?,
        customer_id=?,
        delivery_address=?,
        estimated_delivery_time=?,
        notes=?,
        order_date=?,
        phone=?,
        restaurant_id=?,
        status=?,
        total_amount=? 
    where
        id=?
Hibernate: 
    update
        orders 
    set
        actual_delivery_time=?,
        customer_id=?,
        delivery_address=?,
        estimated_delivery_time=?,
        notes=?,
        order_date=?,
        phone=?,
        restaurant_id=?,
        status=?,
        total_amount=? 
    where
        id=?
2025-07-03 23:42:43.241 [main] DEBUG org.hibernate.SQL - 
    select
        o1_0.id,
        o1_0.actual_delivery_time,
        o1_0.customer_id,
        o1_0.delivery_address,
        o1_0.estimated_delivery_time,
        o1_0.notes,
        o1_0.order_date,
        o1_0.phone,
        o1_0.restaurant_id,
        o1_0.status,
        o1_0.total_amount,
        oi1_0.order_id,
        oi1_0.id,
        oi1_0.food_item_id,
        oi1_0.price,
        oi1_0.quantity 
    from
        orders o1_0 
    left join
        order_items oi1_0 
            on o1_0.id=oi1_0.order_id 
    where
        o1_0.id=?
Hibernate: 
    select
        o1_0.id,
        o1_0.actual_delivery_time,
        o1_0.customer_id,
        o1_0.delivery_address,
        o1_0.estimated_delivery_time,
        o1_0.notes,
        o1_0.order_date,
        o1_0.phone,
        o1_0.restaurant_id,
        o1_0.status,
        o1_0.total_amount,
        oi1_0.order_id,
        oi1_0.id,
        oi1_0.food_item_id,
        oi1_0.price,
        oi1_0.quantity 
    from
        orders o1_0 
    left join
        order_items oi1_0 
            on o1_0.id=oi1_0.order_id 
    where
        o1_0.id=?
✅ وضعیت سفارش به OUT_FOR_DELIVERY تغییر کرد
2025-07-03 23:42:43.241 [main] DEBUG org.hibernate.SQL - 
    select
        o1_0.id,
        o1_0.actual_delivery_time,
        o1_0.customer_id,
        o1_0.delivery_address,
        o1_0.estimated_delivery_time,
        o1_0.notes,
        o1_0.order_date,
        oi1_0.order_id,
        oi1_0.id,
        oi1_0.food_item_id,
        fi1_0.id,
        fi1_0.available,
        fi1_0.category,
        fi1_0.description,
        fi1_0.image_url,
        fi1_0.keywords,
        fi1_0.name,
        fi1_0.price,
        fi1_0.quantity,
        fi1_0.restaurant_id,
        oi1_0.price,
        oi1_0.quantity,
        o1_0.phone,
        o1_0.restaurant_id,
        o1_0.status,
        o1_0.total_amount 
    from
        orders o1_0 
    left join
        order_items oi1_0 
            on o1_0.id=oi1_0.order_id 
    left join
        food_items fi1_0 
            on fi1_0.id=oi1_0.food_item_id 
    where
        o1_0.id=?
Hibernate: 
    select
        o1_0.id,
        o1_0.actual_delivery_time,
        o1_0.customer_id,
        o1_0.delivery_address,
        o1_0.estimated_delivery_time,
        o1_0.notes,
        o1_0.order_date,
        oi1_0.order_id,
        oi1_0.id,
        oi1_0.food_item_id,
        fi1_0.id,
        fi1_0.available,
        fi1_0.category,
        fi1_0.description,
        fi1_0.image_url,
        fi1_0.keywords,
        fi1_0.name,
        fi1_0.price,
        fi1_0.quantity,
        fi1_0.restaurant_id,
        oi1_0.price,
        oi1_0.quantity,
        o1_0.phone,
        o1_0.restaurant_id,
        o1_0.status,
        o1_0.total_amount 
    from
        orders o1_0 
    left join
        order_items oi1_0 
            on o1_0.id=oi1_0.order_id 
    left join
        food_items fi1_0 
            on fi1_0.id=oi1_0.food_item_id 
    where
        o1_0.id=?
2025-07-03 23:42:43.242 [main] DEBUG org.hibernate.SQL - 
    select
        o1_0.id,
        o1_0.actual_delivery_time,
        o1_0.customer_id,
        o1_0.delivery_address,
        o1_0.estimated_delivery_time,
        o1_0.notes,
        o1_0.order_date,
        o1_0.phone,
        o1_0.restaurant_id,
        o1_0.status,
        o1_0.total_amount,
        oi1_0.order_id,
        oi1_0.id,
        oi1_0.food_item_id,
        oi1_0.price,
        oi1_0.quantity 
    from
        orders o1_0 
    left join
        order_items oi1_0 
            on o1_0.id=oi1_0.order_id 
    where
        o1_0.id=?
Hibernate: 
    select
        o1_0.id,
        o1_0.actual_delivery_time,
        o1_0.customer_id,
        o1_0.delivery_address,
        o1_0.estimated_delivery_time,
        o1_0.notes,
        o1_0.order_date,
        o1_0.phone,
        o1_0.restaurant_id,
        o1_0.status,
        o1_0.total_amount,
        oi1_0.order_id,
        oi1_0.id,
        oi1_0.food_item_id,
        oi1_0.price,
        oi1_0.quantity 
    from
        orders o1_0 
    left join
        order_items oi1_0 
            on o1_0.id=oi1_0.order_id 
    where
        o1_0.id=?
2025-07-03 23:42:43.242 [main] DEBUG org.hibernate.SQL - 
    update
        orders 
    set
        actual_delivery_time=?,
        customer_id=?,
        delivery_address=?,
        estimated_delivery_time=?,
        notes=?,
        order_date=?,
        phone=?,
        restaurant_id=?,
        status=?,
        total_amount=? 
    where
        id=?
Hibernate: 
    update
        orders 
    set
        actual_delivery_time=?,
        customer_id=?,
        delivery_address=?,
        estimated_delivery_time=?,
        notes=?,
        order_date=?,
        phone=?,
        restaurant_id=?,
        status=?,
        total_amount=? 
    where
        id=?
✅ وضعیت سفارش به DELIVERED تغییر کرد
2025-07-03 23:42:43.244 [main] DEBUG org.hibernate.SQL - 
    select
        o1_0.id,
        o1_0.actual_delivery_time,
        o1_0.customer_id,
        o1_0.delivery_address,
        o1_0.estimated_delivery_time,
        o1_0.notes,
        o1_0.order_date,
        oi1_0.order_id,
        oi1_0.id,
        oi1_0.food_item_id,
        fi1_0.id,
        fi1_0.available,
        fi1_0.category,
        fi1_0.description,
        fi1_0.image_url,
        fi1_0.keywords,
        fi1_0.name,
        fi1_0.price,
        fi1_0.quantity,
        fi1_0.restaurant_id,
        oi1_0.price,
        oi1_0.quantity,
        o1_0.phone,
        o1_0.restaurant_id,
        o1_0.status,
        o1_0.total_amount 
    from
        orders o1_0 
    left join
        order_items oi1_0 
            on o1_0.id=oi1_0.order_id 
    left join
        food_items fi1_0 
            on fi1_0.id=oi1_0.food_item_id 
    where
        o1_0.id=?
Hibernate: 
    select
        o1_0.id,
        o1_0.actual_delivery_time,
        o1_0.customer_id,
        o1_0.delivery_address,
        o1_0.estimated_delivery_time,
        o1_0.notes,
        o1_0.order_date,
        oi1_0.order_id,
        oi1_0.id,
        oi1_0.food_item_id,
        fi1_0.id,
        fi1_0.available,
        fi1_0.category,
        fi1_0.description,
        fi1_0.image_url,
        fi1_0.keywords,
        fi1_0.name,
        fi1_0.price,
        fi1_0.quantity,
        fi1_0.restaurant_id,
        oi1_0.price,
        oi1_0.quantity,
        o1_0.phone,
        o1_0.restaurant_id,
        o1_0.status,
        o1_0.total_amount 
    from
        orders o1_0 
    left join
        order_items oi1_0 
            on o1_0.id=oi1_0.order_id 
    left join
        food_items fi1_0 
            on fi1_0.id=oi1_0.food_item_id 
    where
        o1_0.id=?
🎉 تست چرخه کامل زندگی سفارش با موفقیت تکمیل شد
2025-07-03 23:42:43.245 [main] DEBUG org.hibernate.SQL - 
    delete 
    from
        notifications
Hibernate: 
    delete 
    from
        notifications
2025-07-03 23:42:43.245 [main] DEBUG org.hibernate.SQL - 
    delete 
    from
        ratings
Hibernate: 
    delete 
    from
        ratings
2025-07-03 23:42:43.245 [main] DEBUG org.hibernate.SQL - 
    delete 
    from
        order_items
Hibernate: 
    delete 
    from
        order_items
2025-07-03 23:42:43.245 [main] DEBUG org.hibernate.SQL - 
    delete 
    from
        orders
Hibernate: 
    delete 
    from
        orders
2025-07-03 23:42:43.245 [main] DEBUG org.hibernate.SQL - 
    delete 
    from
        food_items
Hibernate: 
    delete 
    from
        food_items
2025-07-03 23:42:43.245 [main] DEBUG org.hibernate.SQL - 
    delete 
    from
        restaurants
Hibernate: 
    delete 
    from
        restaurants
2025-07-03 23:42:43.245 [main] DEBUG org.hibernate.SQL - 
    delete 
    from
        users
Hibernate: 
    delete 
    from
        users
2025-07-03 23:42:43.247 [main] DEBUG c.myapp.common.TestDatabaseManager - Cleaned all test data from database
2025-07-03 23:42:43.247 [main] DEBUG c.myapp.common.TestDatabaseManager - Test database cleanup completed
]]></system-out>
  </testcase>
  <testcase name="orderCancellation_FullWorkflow_Success" classname="com.myapp.order.OrderControllerIntegrationTest$CompleteOrderWorkflowTests" time="0.23">
    <system-out><![CDATA[2025-07-03 23:42:43.348 [main] DEBUG org.hibernate.SQL - 
    delete 
    from
        notifications
Hibernate: 
    delete 
    from
        notifications
2025-07-03 23:42:43.348 [main] DEBUG org.hibernate.SQL - 
    delete 
    from
        ratings
Hibernate: 
    delete 
    from
        ratings
2025-07-03 23:42:43.348 [main] DEBUG org.hibernate.SQL - 
    delete 
    from
        order_items
Hibernate: 
    delete 
    from
        order_items
2025-07-03 23:42:43.348 [main] DEBUG org.hibernate.SQL - 
    delete 
    from
        orders
Hibernate: 
    delete 
    from
        orders
2025-07-03 23:42:43.348 [main] DEBUG org.hibernate.SQL - 
    delete 
    from
        food_items
Hibernate: 
    delete 
    from
        food_items
2025-07-03 23:42:43.348 [main] DEBUG org.hibernate.SQL - 
    delete 
    from
        restaurants
Hibernate: 
    delete 
    from
        restaurants
2025-07-03 23:42:43.348 [main] DEBUG org.hibernate.SQL - 
    delete 
    from
        users
Hibernate: 
    delete 
    from
        users
2025-07-03 23:42:43.351 [main] DEBUG c.myapp.common.TestDatabaseManager - Cleaned all test data from database
2025-07-03 23:42:43.351 [main] DEBUG c.myapp.common.TestDatabaseManager - Test database cleanup completed
🚀 شروع تست گردش کار لغو سفارش
🔨 شروع ایجاد کاربر تست با ایمیل: customer.cancel@test.com
🔄 تلاش شماره 1 از 3 برای ذخیره کاربر
2025-07-03 23:42:43.451 [main] DEBUG org.hibernate.SQL - 
    select
        u1_0.id,
        u1_0.address,
        u1_0.email,
        u1_0.full_name,
        u1_0.is_active,
        u1_0.password_hash,
        u1_0.phone,
        u1_0.role 
    from
        users u1_0 
    where
        u1_0.phone=?
Hibernate: 
    select
        u1_0.id,
        u1_0.address,
        u1_0.email,
        u1_0.full_name,
        u1_0.is_active,
        u1_0.password_hash,
        u1_0.phone,
        u1_0.role 
    from
        users u1_0 
    where
        u1_0.phone=?
2025-07-03 23:42:43.452 [main] DEBUG org.hibernate.SQL - 
    insert 
    into
        users
        (address, email, full_name, is_active, password_hash, phone, role, id) 
    values
        (?, ?, ?, ?, ?, ?, ?, ?)
Hibernate: 
    insert 
    into
        users
        (address, email, full_name, is_active, password_hash, phone, role, id) 
    values
        (?, ?, ?, ?, ?, ?, ?, ?)
✅ کاربر تست با موفقیت ذخیره شد - ID: 23910, ایمیل: customer.cancel@test.com
🏪 شروع ایجاد رستوران تست با نام: رستوران لغو
🔨 شروع ایجاد کاربر تست با ایمیل: restaurant.owner.1751586163454@test.com
🔄 تلاش شماره 1 از 3 برای ذخیره کاربر
2025-07-03 23:42:43.454 [main] DEBUG org.hibernate.SQL - 
    select
        u1_0.id,
        u1_0.address,
        u1_0.email,
        u1_0.full_name,
        u1_0.is_active,
        u1_0.password_hash,
        u1_0.phone,
        u1_0.role 
    from
        users u1_0 
    where
        u1_0.phone=?
Hibernate: 
    select
        u1_0.id,
        u1_0.address,
        u1_0.email,
        u1_0.full_name,
        u1_0.is_active,
        u1_0.password_hash,
        u1_0.phone,
        u1_0.role 
    from
        users u1_0 
    where
        u1_0.phone=?
2025-07-03 23:42:43.454 [main] DEBUG org.hibernate.SQL - 
    insert 
    into
        users
        (address, email, full_name, is_active, password_hash, phone, role, id) 
    values
        (?, ?, ?, ?, ?, ?, ?, ?)
Hibernate: 
    insert 
    into
        users
        (address, email, full_name, is_active, password_hash, phone, role, id) 
    values
        (?, ?, ?, ?, ?, ?, ?, ?)
✅ کاربر تست با موفقیت ذخیره شد - ID: 23911, ایمیل: restaurant.owner.1751586163454@test.com
👤 مالک رستوران ایجاد شد - ID: 23911
💾 تلاش برای ذخیره رستوران در پایگاه داده...
🔄 تلاش شماره 1 از 3 برای ذخیره رستوران
2025-07-03 23:42:43.456 [main] DEBUG org.hibernate.SQL - 
    insert 
    into
        restaurants
        (address, name, owner_id, phone, status, id) 
    values
        (?, ?, ?, ?, ?, ?)
Hibernate: 
    insert 
    into
        restaurants
        (address, name, owner_id, phone, status, id) 
    values
        (?, ?, ?, ?, ?, ?)
✅ رستوران با موفقیت ذخیره شد - ID: 3284
2025-07-03 23:42:43.458 [main] DEBUG org.hibernate.SQL - 
    select
        r1_0.id,
        r1_0.address,
        r1_0.name,
        r1_0.owner_id,
        r1_0.phone,
        r1_0.status 
    from
        restaurants r1_0 
    where
        r1_0.id=?
Hibernate: 
    select
        r1_0.id,
        r1_0.address,
        r1_0.name,
        r1_0.owner_id,
        r1_0.phone,
        r1_0.status 
    from
        restaurants r1_0 
    where
        r1_0.id=?
✅ تأیید: رستوران قابل بازیابی است
2025-07-03 23:42:43.458 [main] DEBUG org.hibernate.SQL - 
    select
        r1_0.id,
        r1_0.address,
        r1_0.name,
        r1_0.owner_id,
        r1_0.phone,
        r1_0.status 
    from
        restaurants r1_0 
    where
        r1_0.id=?
Hibernate: 
    select
        r1_0.id,
        r1_0.address,
        r1_0.name,
        r1_0.owner_id,
        r1_0.phone,
        r1_0.status 
    from
        restaurants r1_0 
    where
        r1_0.id=?
2025-07-03 23:42:43.459 [main] DEBUG org.hibernate.SQL - 
    insert 
    into
        orders
        (actual_delivery_time, customer_id, delivery_address, estimated_delivery_time, notes, order_date, phone, restaurant_id, status, total_amount, id) 
    values
        (?, ?, ?, ?, ?, ?, ?, ?, ?, ?, ?)
Hibernate: 
    insert 
    into
        orders
        (actual_delivery_time, customer_id, delivery_address, estimated_delivery_time, notes, order_date, phone, restaurant_id, status, total_amount, id) 
    values
        (?, ?, ?, ?, ?, ?, ?, ?, ?, ?, ?)
🍕 شروع ایجاد آیتم غذا تست: پیتزا لغو - قیمت: 25.99
💾 تلاش برای ذخیره آیتم غذا در پایگاه داده...
🔄 تلاش شماره 1 از 3 برای ذخیره آیتم غذا
2025-07-03 23:42:43.461 [main] DEBUG org.hibernate.SQL - 
    insert 
    into
        food_items
        (available, category, description, image_url, keywords, name, price, quantity, restaurant_id, id) 
    values
        (?, ?, ?, ?, ?, ?, ?, ?, ?, ?)
Hibernate: 
    insert 
    into
        food_items
        (available, category, description, image_url, keywords, name, price, quantity, restaurant_id, id) 
    values
        (?, ?, ?, ?, ?, ?, ?, ?, ?, ?)
✅ آیتم غذا با موفقیت ذخیره شد - ID: 5883
2025-07-03 23:42:43.463 [main] DEBUG org.hibernate.SQL - 
    select
        fi1_0.id,
        fi1_0.available,
        fi1_0.category,
        fi1_0.description,
        fi1_0.image_url,
        fi1_0.keywords,
        fi1_0.name,
        fi1_0.price,
        fi1_0.quantity,
        fi1_0.restaurant_id 
    from
        food_items fi1_0 
    where
        fi1_0.id=?
Hibernate: 
    select
        fi1_0.id,
        fi1_0.available,
        fi1_0.category,
        fi1_0.description,
        fi1_0.image_url,
        fi1_0.keywords,
        fi1_0.name,
        fi1_0.price,
        fi1_0.quantity,
        fi1_0.restaurant_id 
    from
        food_items fi1_0 
    where
        fi1_0.id=?
✅ تأیید: آیتم غذا قابل بازیابی است
2025-07-03 23:42:43.463 [main] DEBUG org.hibernate.SQL - 
    select
        o1_0.id,
        o1_0.actual_delivery_time,
        o1_0.customer_id,
        o1_0.delivery_address,
        o1_0.estimated_delivery_time,
        o1_0.notes,
        o1_0.order_date,
        oi1_0.order_id,
        oi1_0.id,
        oi1_0.food_item_id,
        fi1_0.id,
        fi1_0.available,
        fi1_0.category,
        fi1_0.description,
        fi1_0.image_url,
        fi1_0.keywords,
        fi1_0.name,
        fi1_0.price,
        fi1_0.quantity,
        fi1_0.restaurant_id,
        oi1_0.price,
        oi1_0.quantity,
        o1_0.phone,
        o1_0.restaurant_id,
        o1_0.status,
        o1_0.total_amount 
    from
        orders o1_0 
    left join
        order_items oi1_0 
            on o1_0.id=oi1_0.order_id 
    left join
        food_items fi1_0 
            on fi1_0.id=oi1_0.food_item_id 
    where
        o1_0.id=?
Hibernate: 
    select
        o1_0.id,
        o1_0.actual_delivery_time,
        o1_0.customer_id,
        o1_0.delivery_address,
        o1_0.estimated_delivery_time,
        o1_0.notes,
        o1_0.order_date,
        oi1_0.order_id,
        oi1_0.id,
        oi1_0.food_item_id,
        fi1_0.id,
        fi1_0.available,
        fi1_0.category,
        fi1_0.description,
        fi1_0.image_url,
        fi1_0.keywords,
        fi1_0.name,
        fi1_0.price,
        fi1_0.quantity,
        fi1_0.restaurant_id,
        oi1_0.price,
        oi1_0.quantity,
        o1_0.phone,
        o1_0.restaurant_id,
        o1_0.status,
        o1_0.total_amount 
    from
        orders o1_0 
    left join
        order_items oi1_0 
            on o1_0.id=oi1_0.order_id 
    left join
        food_items fi1_0 
            on fi1_0.id=oi1_0.food_item_id 
    where
        o1_0.id=?
2025-07-03 23:42:43.464 [main] DEBUG org.hibernate.SQL - 
    select
        fi1_0.id,
        fi1_0.available,
        fi1_0.category,
        fi1_0.description,
        fi1_0.image_url,
        fi1_0.keywords,
        fi1_0.name,
        fi1_0.price,
        fi1_0.quantity,
        fi1_0.restaurant_id 
    from
        food_items fi1_0 
    where
        fi1_0.id=?
Hibernate: 
    select
        fi1_0.id,
        fi1_0.available,
        fi1_0.category,
        fi1_0.description,
        fi1_0.image_url,
        fi1_0.keywords,
        fi1_0.name,
        fi1_0.price,
        fi1_0.quantity,
        fi1_0.restaurant_id 
    from
        food_items fi1_0 
    where
        fi1_0.id=?
2025-07-03 23:42:43.464 [main] DEBUG org.hibernate.SQL - 
    select
        o1_0.id,
        o1_0.actual_delivery_time,
        o1_0.customer_id,
        o1_0.delivery_address,
        o1_0.estimated_delivery_time,
        o1_0.notes,
        o1_0.order_date,
        o1_0.phone,
        o1_0.restaurant_id,
        o1_0.status,
        o1_0.total_amount,
        oi1_0.order_id,
        oi1_0.id,
        oi1_0.food_item_id,
        oi1_0.price,
        oi1_0.quantity 
    from
        orders o1_0 
    left join
        order_items oi1_0 
            on o1_0.id=oi1_0.order_id 
    where
        o1_0.id=?
Hibernate: 
    select
        o1_0.id,
        o1_0.actual_delivery_time,
        o1_0.customer_id,
        o1_0.delivery_address,
        o1_0.estimated_delivery_time,
        o1_0.notes,
        o1_0.order_date,
        o1_0.phone,
        o1_0.restaurant_id,
        o1_0.status,
        o1_0.total_amount,
        oi1_0.order_id,
        oi1_0.id,
        oi1_0.food_item_id,
        oi1_0.price,
        oi1_0.quantity 
    from
        orders o1_0 
    left join
        order_items oi1_0 
            on o1_0.id=oi1_0.order_id 
    where
        o1_0.id=?
2025-07-03 23:42:43.464 [main] DEBUG org.hibernate.SQL - 
    insert 
    into
        order_items
        (food_item_id, order_id, price, quantity, id) 
    values
        (?, ?, ?, ?, ?)
Hibernate: 
    insert 
    into
        order_items
        (food_item_id, order_id, price, quantity, id) 
    values
        (?, ?, ?, ?, ?)
2025-07-03 23:42:43.464 [main] DEBUG org.hibernate.SQL - 
    update
        orders 
    set
        actual_delivery_time=?,
        customer_id=?,
        delivery_address=?,
        estimated_delivery_time=?,
        notes=?,
        order_date=?,
        phone=?,
        restaurant_id=?,
        status=?,
        total_amount=? 
    where
        id=?
Hibernate: 
    update
        orders 
    set
        actual_delivery_time=?,
        customer_id=?,
        delivery_address=?,
        estimated_delivery_time=?,
        notes=?,
        order_date=?,
        phone=?,
        restaurant_id=?,
        status=?,
        total_amount=? 
    where
        id=?
2025-07-03 23:42:43.466 [main] DEBUG org.hibernate.SQL - 
    select
        o1_0.id,
        o1_0.actual_delivery_time,
        o1_0.customer_id,
        o1_0.delivery_address,
        o1_0.estimated_delivery_time,
        o1_0.notes,
        o1_0.order_date,
        oi1_0.order_id,
        oi1_0.id,
        oi1_0.food_item_id,
        fi1_0.id,
        fi1_0.available,
        fi1_0.category,
        fi1_0.description,
        fi1_0.image_url,
        fi1_0.keywords,
        fi1_0.name,
        fi1_0.price,
        fi1_0.quantity,
        fi1_0.restaurant_id,
        oi1_0.price,
        oi1_0.quantity,
        o1_0.phone,
        o1_0.restaurant_id,
        o1_0.status,
        o1_0.total_amount 
    from
        orders o1_0 
    left join
        order_items oi1_0 
            on o1_0.id=oi1_0.order_id 
    left join
        food_items fi1_0 
            on fi1_0.id=oi1_0.food_item_id 
    where
        o1_0.id=?
Hibernate: 
    select
        o1_0.id,
        o1_0.actual_delivery_time,
        o1_0.customer_id,
        o1_0.delivery_address,
        o1_0.estimated_delivery_time,
        o1_0.notes,
        o1_0.order_date,
        oi1_0.order_id,
        oi1_0.id,
        oi1_0.food_item_id,
        fi1_0.id,
        fi1_0.available,
        fi1_0.category,
        fi1_0.description,
        fi1_0.image_url,
        fi1_0.keywords,
        fi1_0.name,
        fi1_0.price,
        fi1_0.quantity,
        fi1_0.restaurant_id,
        oi1_0.price,
        oi1_0.quantity,
        o1_0.phone,
        o1_0.restaurant_id,
        o1_0.status,
        o1_0.total_amount 
    from
        orders o1_0 
    left join
        order_items oi1_0 
            on o1_0.id=oi1_0.order_id 
    left join
        food_items fi1_0 
            on fi1_0.id=oi1_0.food_item_id 
    where
        o1_0.id=?
2025-07-03 23:42:43.467 [main] DEBUG org.hibernate.SQL - 
    select
        fi1_0.id,
        fi1_0.available,
        fi1_0.category,
        fi1_0.description,
        fi1_0.image_url,
        fi1_0.keywords,
        fi1_0.name,
        fi1_0.price,
        fi1_0.quantity,
        fi1_0.restaurant_id 
    from
        food_items fi1_0 
    where
        fi1_0.id=?
Hibernate: 
    select
        fi1_0.id,
        fi1_0.available,
        fi1_0.category,
        fi1_0.description,
        fi1_0.image_url,
        fi1_0.keywords,
        fi1_0.name,
        fi1_0.price,
        fi1_0.quantity,
        fi1_0.restaurant_id 
    from
        food_items fi1_0 
    where
        fi1_0.id=?
2025-07-03 23:42:43.467 [main] DEBUG org.hibernate.SQL - 
    select
        fi1_0.id,
        fi1_0.available,
        fi1_0.category,
        fi1_0.description,
        fi1_0.image_url,
        fi1_0.keywords,
        fi1_0.name,
        fi1_0.price,
        fi1_0.quantity,
        fi1_0.restaurant_id 
    from
        food_items fi1_0 
    where
        fi1_0.id=?
Hibernate: 
    select
        fi1_0.id,
        fi1_0.available,
        fi1_0.category,
        fi1_0.description,
        fi1_0.image_url,
        fi1_0.keywords,
        fi1_0.name,
        fi1_0.price,
        fi1_0.quantity,
        fi1_0.restaurant_id 
    from
        food_items fi1_0 
    where
        fi1_0.id=?
2025-07-03 23:42:43.467 [main] DEBUG org.hibernate.SQL - 
    update
        food_items 
    set
        available=?,
        category=?,
        description=?,
        image_url=?,
        keywords=?,
        name=?,
        price=?,
        quantity=?,
        restaurant_id=? 
    where
        id=?
Hibernate: 
    update
        food_items 
    set
        available=?,
        category=?,
        description=?,
        image_url=?,
        keywords=?,
        name=?,
        price=?,
        quantity=?,
        restaurant_id=? 
    where
        id=?
2025-07-03 23:42:43.469 [main] DEBUG org.hibernate.SQL - 
    select
        o1_0.id,
        o1_0.actual_delivery_time,
        o1_0.customer_id,
        o1_0.delivery_address,
        o1_0.estimated_delivery_time,
        o1_0.notes,
        o1_0.order_date,
        o1_0.phone,
        o1_0.restaurant_id,
        o1_0.status,
        o1_0.total_amount,
        oi1_0.order_id,
        oi1_0.id,
        oi1_0.food_item_id,
        oi1_0.price,
        oi1_0.quantity 
    from
        orders o1_0 
    left join
        order_items oi1_0 
            on o1_0.id=oi1_0.order_id 
    where
        o1_0.id=?
Hibernate: 
    select
        o1_0.id,
        o1_0.actual_delivery_time,
        o1_0.customer_id,
        o1_0.delivery_address,
        o1_0.estimated_delivery_time,
        o1_0.notes,
        o1_0.order_date,
        o1_0.phone,
        o1_0.restaurant_id,
        o1_0.status,
        o1_0.total_amount,
        oi1_0.order_id,
        oi1_0.id,
        oi1_0.food_item_id,
        oi1_0.price,
        oi1_0.quantity 
    from
        orders o1_0 
    left join
        order_items oi1_0 
            on o1_0.id=oi1_0.order_id 
    where
        o1_0.id=?
2025-07-03 23:42:43.469 [main] DEBUG org.hibernate.SQL - 
    update
        orders 
    set
        actual_delivery_time=?,
        customer_id=?,
        delivery_address=?,
        estimated_delivery_time=?,
        notes=?,
        order_date=?,
        phone=?,
        restaurant_id=?,
        status=?,
        total_amount=? 
    where
        id=?
Hibernate: 
    update
        orders 
    set
        actual_delivery_time=?,
        customer_id=?,
        delivery_address=?,
        estimated_delivery_time=?,
        notes=?,
        order_date=?,
        phone=?,
        restaurant_id=?,
        status=?,
        total_amount=? 
    where
        id=?
❌ لغو سفارش
2025-07-03 23:42:43.472 [main] DEBUG org.hibernate.SQL - 
    select
        o1_0.id,
        o1_0.actual_delivery_time,
        o1_0.customer_id,
        o1_0.delivery_address,
        o1_0.estimated_delivery_time,
        o1_0.notes,
        o1_0.order_date,
        oi1_0.order_id,
        oi1_0.id,
        oi1_0.food_item_id,
        fi1_0.id,
        fi1_0.available,
        fi1_0.category,
        fi1_0.description,
        fi1_0.image_url,
        fi1_0.keywords,
        fi1_0.name,
        fi1_0.price,
        fi1_0.quantity,
        fi1_0.restaurant_id,
        oi1_0.price,
        oi1_0.quantity,
        o1_0.phone,
        o1_0.restaurant_id,
        o1_0.status,
        o1_0.total_amount 
    from
        orders o1_0 
    left join
        order_items oi1_0 
            on o1_0.id=oi1_0.order_id 
    left join
        food_items fi1_0 
            on fi1_0.id=oi1_0.food_item_id 
    where
        o1_0.id=?
Hibernate: 
    select
        o1_0.id,
        o1_0.actual_delivery_time,
        o1_0.customer_id,
        o1_0.delivery_address,
        o1_0.estimated_delivery_time,
        o1_0.notes,
        o1_0.order_date,
        oi1_0.order_id,
        oi1_0.id,
        oi1_0.food_item_id,
        fi1_0.id,
        fi1_0.available,
        fi1_0.category,
        fi1_0.description,
        fi1_0.image_url,
        fi1_0.keywords,
        fi1_0.name,
        fi1_0.price,
        fi1_0.quantity,
        fi1_0.restaurant_id,
        oi1_0.price,
        oi1_0.quantity,
        o1_0.phone,
        o1_0.restaurant_id,
        o1_0.status,
        o1_0.total_amount 
    from
        orders o1_0 
    left join
        order_items oi1_0 
            on o1_0.id=oi1_0.order_id 
    left join
        food_items fi1_0 
            on fi1_0.id=oi1_0.food_item_id 
    where
        o1_0.id=?
2025-07-03 23:42:43.472 [main] DEBUG org.hibernate.SQL - 
    select
        o1_0.id,
        o1_0.actual_delivery_time,
        o1_0.customer_id,
        o1_0.delivery_address,
        o1_0.estimated_delivery_time,
        o1_0.notes,
        o1_0.order_date,
        o1_0.phone,
        o1_0.restaurant_id,
        o1_0.status,
        o1_0.total_amount 
    from
        orders o1_0 
    where
        o1_0.id=?
Hibernate: 
    select
        o1_0.id,
        o1_0.actual_delivery_time,
        o1_0.customer_id,
        o1_0.delivery_address,
        o1_0.estimated_delivery_time,
        o1_0.notes,
        o1_0.order_date,
        o1_0.phone,
        o1_0.restaurant_id,
        o1_0.status,
        o1_0.total_amount 
    from
        orders o1_0 
    where
        o1_0.id=?
2025-07-03 23:42:43.472 [main] DEBUG org.hibernate.SQL - 
    update
        orders 
    set
        actual_delivery_time=?,
        customer_id=?,
        delivery_address=?,
        estimated_delivery_time=?,
        notes=?,
        order_date=?,
        phone=?,
        restaurant_id=?,
        status=?,
        total_amount=? 
    where
        id=?
Hibernate: 
    update
        orders 
    set
        actual_delivery_time=?,
        customer_id=?,
        delivery_address=?,
        estimated_delivery_time=?,
        notes=?,
        order_date=?,
        phone=?,
        restaurant_id=?,
        status=?,
        total_amount=? 
    where
        id=?
2025-07-03 23:42:43.474 [main] DEBUG org.hibernate.SQL - 
    select
        o1_0.id,
        o1_0.actual_delivery_time,
        o1_0.customer_id,
        o1_0.delivery_address,
        o1_0.estimated_delivery_time,
        o1_0.notes,
        o1_0.order_date,
        o1_0.phone,
        o1_0.restaurant_id,
        o1_0.status,
        o1_0.total_amount,
        oi1_0.order_id,
        oi1_0.id,
        oi1_0.food_item_id,
        oi1_0.price,
        oi1_0.quantity 
    from
        orders o1_0 
    left join
        order_items oi1_0 
            on o1_0.id=oi1_0.order_id 
    where
        o1_0.id=?
Hibernate: 
    select
        o1_0.id,
        o1_0.actual_delivery_time,
        o1_0.customer_id,
        o1_0.delivery_address,
        o1_0.estimated_delivery_time,
        o1_0.notes,
        o1_0.order_date,
        o1_0.phone,
        o1_0.restaurant_id,
        o1_0.status,
        o1_0.total_amount,
        oi1_0.order_id,
        oi1_0.id,
        oi1_0.food_item_id,
        oi1_0.price,
        oi1_0.quantity 
    from
        orders o1_0 
    left join
        order_items oi1_0 
            on o1_0.id=oi1_0.order_id 
    where
        o1_0.id=?
2025-07-03 23:42:43.474 [main] DEBUG org.hibernate.SQL - 
    select
        o1_0.id,
        o1_0.actual_delivery_time,
        o1_0.customer_id,
        o1_0.delivery_address,
        o1_0.estimated_delivery_time,
        o1_0.notes,
        o1_0.order_date,
        oi1_0.order_id,
        oi1_0.id,
        oi1_0.food_item_id,
        fi1_0.id,
        fi1_0.available,
        fi1_0.category,
        fi1_0.description,
        fi1_0.image_url,
        fi1_0.keywords,
        fi1_0.name,
        fi1_0.price,
        fi1_0.quantity,
        fi1_0.restaurant_id,
        oi1_0.price,
        oi1_0.quantity,
        o1_0.phone,
        o1_0.restaurant_id,
        o1_0.status,
        o1_0.total_amount 
    from
        orders o1_0 
    left join
        order_items oi1_0 
            on o1_0.id=oi1_0.order_id 
    left join
        food_items fi1_0 
            on fi1_0.id=oi1_0.food_item_id 
    where
        o1_0.id=?
Hibernate: 
    select
        o1_0.id,
        o1_0.actual_delivery_time,
        o1_0.customer_id,
        o1_0.delivery_address,
        o1_0.estimated_delivery_time,
        o1_0.notes,
        o1_0.order_date,
        oi1_0.order_id,
        oi1_0.id,
        oi1_0.food_item_id,
        fi1_0.id,
        fi1_0.available,
        fi1_0.category,
        fi1_0.description,
        fi1_0.image_url,
        fi1_0.keywords,
        fi1_0.name,
        fi1_0.price,
        fi1_0.quantity,
        fi1_0.restaurant_id,
        oi1_0.price,
        oi1_0.quantity,
        o1_0.phone,
        o1_0.restaurant_id,
        o1_0.status,
        o1_0.total_amount 
    from
        orders o1_0 
    left join
        order_items oi1_0 
            on o1_0.id=oi1_0.order_id 
    left join
        food_items fi1_0 
            on fi1_0.id=oi1_0.food_item_id 
    where
        o1_0.id=?
✅ سفارش با موفقیت لغو شد
🎉 تست لغو سفارش تکمیل شد
2025-07-03 23:42:43.475 [main] DEBUG org.hibernate.SQL - 
    delete 
    from
        notifications
Hibernate: 
    delete 
    from
        notifications
2025-07-03 23:42:43.475 [main] DEBUG org.hibernate.SQL - 
    delete 
    from
        ratings
Hibernate: 
    delete 
    from
        ratings
2025-07-03 23:42:43.475 [main] DEBUG org.hibernate.SQL - 
    delete 
    from
        order_items
Hibernate: 
    delete 
    from
        order_items
2025-07-03 23:42:43.475 [main] DEBUG org.hibernate.SQL - 
    delete 
    from
        orders
Hibernate: 
    delete 
    from
        orders
2025-07-03 23:42:43.475 [main] DEBUG org.hibernate.SQL - 
    delete 
    from
        food_items
Hibernate: 
    delete 
    from
        food_items
2025-07-03 23:42:43.475 [main] DEBUG org.hibernate.SQL - 
    delete 
    from
        restaurants
Hibernate: 
    delete 
    from
        restaurants
2025-07-03 23:42:43.475 [main] DEBUG org.hibernate.SQL - 
    delete 
    from
        users
Hibernate: 
    delete 
    from
        users
2025-07-03 23:42:43.477 [main] DEBUG c.myapp.common.TestDatabaseManager - Cleaned all test data from database
2025-07-03 23:42:43.477 [main] DEBUG c.myapp.common.TestDatabaseManager - Test database cleanup completed
]]></system-out>
  </testcase>
</testsuite>