<?xml version="1.0" encoding="UTF-8"?>
<testsuite xmlns:xsi="http://www.w3.org/2001/XMLSchema-instance" xsi:noNamespaceSchemaLocation="https://maven.apache.org/surefire/maven-surefire-plugin/xsd/surefire-test-report-3.0.xsd" version="3.0" name="com.myapp.payment.PaymentEdgeCaseTest$PaymentMethodValidationTests" time="1.272" tests="17" errors="0" skipped="0" failures="0">
  <properties>
[...]
</properties>
  <testcase name="validPaymentMethodFormats_VariousCases_AcceptedCorrectly(String)[1]" classname="com.myapp.payment.PaymentEdgeCaseTest$PaymentMethodValidationTests" time="0.073">
    <system-out><![CDATA[🧹 Cleaning up all transactions...
2025-07-03 23:42:44.798 [main] DEBUG org.hibernate.SQL - 
    delete 
    from
        notifications
Hibernate: 
    delete 
    from
        notifications
2025-07-03 23:42:44.798 [main] DEBUG org.hibernate.SQL - 
    delete 
    from
        ratings
Hibernate: 
    delete 
    from
        ratings
2025-07-03 23:42:44.798 [main] DEBUG org.hibernate.SQL - 
    delete 
    from
        order_items
Hibernate: 
    delete 
    from
        order_items
2025-07-03 23:42:44.798 [main] DEBUG org.hibernate.SQL - 
    delete 
    from
        orders
Hibernate: 
    delete 
    from
        orders
2025-07-03 23:42:44.798 [main] DEBUG org.hibernate.SQL - 
    delete 
    from
        food_items
Hibernate: 
    delete 
    from
        food_items
2025-07-03 23:42:44.798 [main] DEBUG org.hibernate.SQL - 
    delete 
    from
        restaurants
Hibernate: 
    delete 
    from
        restaurants
2025-07-03 23:42:44.798 [main] DEBUG org.hibernate.SQL - 
    delete 
    from
        users
Hibernate: 
    delete 
    from
        users
2025-07-03 23:42:44.801 [main] DEBUG c.myapp.common.TestDatabaseManager - Cleaned all test data from database
2025-07-03 23:42:44.801 [main] DEBUG c.myapp.common.TestDatabaseManager - Test database cleanup completed
✅ Database cleaned via TestDatabaseManager
2025-07-03 23:42:44.852 [main] DEBUG org.hibernate.SQL - 
    select
        u1_0.id,
        u1_0.address,
        u1_0.email,
        u1_0.full_name,
        u1_0.is_active,
        u1_0.password_hash,
        u1_0.phone,
        u1_0.role 
    from
        users u1_0 
    where
        u1_0.phone=?
Hibernate: 
    select
        u1_0.id,
        u1_0.address,
        u1_0.email,
        u1_0.full_name,
        u1_0.is_active,
        u1_0.password_hash,
        u1_0.phone,
        u1_0.role 
    from
        users u1_0 
    where
        u1_0.phone=?
2025-07-03 23:42:44.852 [main] DEBUG org.hibernate.SQL - 
    insert 
    into
        users
        (address, email, full_name, is_active, password_hash, phone, role, id) 
    values
        (?, ?, ?, ?, ?, ?, ?, ?)
Hibernate: 
    insert 
    into
        users
        (address, email, full_name, is_active, password_hash, phone, role, id) 
    values
        (?, ?, ?, ?, ?, ?, ?, ?)
2025-07-03 23:42:44.854 [main] DEBUG org.hibernate.SQL - 
    insert 
    into
        transactions
        (amount, created_at, description, order_id, payment_method, processed_at, reference_id, status, type, updated_at, user_id, id) 
    values
        (?, ?, ?, ?, ?, ?, ?, ?, ?, ?, ?, ?)
Hibernate: 
    insert 
    into
        transactions
        (amount, created_at, description, order_id, payment_method, processed_at, reference_id, status, type, updated_at, user_id, id) 
    values
        (?, ?, ?, ?, ?, ?, ?, ?, ?, ?, ?, ?)
2025-07-03 23:42:44.856 [main] DEBUG org.hibernate.SQL - 
    select
        r1_0.id,
        r1_0.address,
        r1_0.name,
        r1_0.owner_id,
        r1_0.phone,
        r1_0.status 
    from
        restaurants r1_0 
    where
        r1_0.id=?
Hibernate: 
    select
        r1_0.id,
        r1_0.address,
        r1_0.name,
        r1_0.owner_id,
        r1_0.phone,
        r1_0.status 
    from
        restaurants r1_0 
    where
        r1_0.id=?
2025-07-03 23:42:44.856 [main] DEBUG org.hibernate.SQL - 
    insert 
    into
        restaurants
        (address, name, owner_id, phone, status, id) 
    values
        (?, ?, ?, ?, ?, ?)
Hibernate: 
    insert 
    into
        restaurants
        (address, name, owner_id, phone, status, id) 
    values
        (?, ?, ?, ?, ?, ?)
2025-07-03 23:42:44.859 [main] DEBUG org.hibernate.SQL - 
    select
        o1_0.id,
        o1_0.actual_delivery_time,
        o1_0.customer_id,
        o1_0.delivery_address,
        o1_0.estimated_delivery_time,
        o1_0.notes,
        o1_0.order_date,
        o1_0.phone,
        o1_0.restaurant_id,
        o1_0.status,
        o1_0.total_amount,
        oi1_0.order_id,
        oi1_0.id,
        oi1_0.food_item_id,
        oi1_0.price,
        oi1_0.quantity 
    from
        orders o1_0 
    left join
        order_items oi1_0 
            on o1_0.id=oi1_0.order_id 
    where
        o1_0.id=?
Hibernate: 
    select
        o1_0.id,
        o1_0.actual_delivery_time,
        o1_0.customer_id,
        o1_0.delivery_address,
        o1_0.estimated_delivery_time,
        o1_0.notes,
        o1_0.order_date,
        o1_0.phone,
        o1_0.restaurant_id,
        o1_0.status,
        o1_0.total_amount,
        oi1_0.order_id,
        oi1_0.id,
        oi1_0.food_item_id,
        oi1_0.price,
        oi1_0.quantity 
    from
        orders o1_0 
    left join
        order_items oi1_0 
            on o1_0.id=oi1_0.order_id 
    where
        o1_0.id=?
2025-07-03 23:42:44.859 [main] DEBUG org.hibernate.SQL - 
    insert 
    into
        orders
        (actual_delivery_time, customer_id, delivery_address, estimated_delivery_time, notes, order_date, phone, restaurant_id, status, total_amount, id) 
    values
        (?, ?, ?, ?, ?, ?, ?, ?, ?, ?, ?)
Hibernate: 
    insert 
    into
        orders
        (actual_delivery_time, customer_id, delivery_address, estimated_delivery_time, notes, order_date, phone, restaurant_id, status, total_amount, id) 
    values
        (?, ?, ?, ?, ?, ?, ?, ?, ?, ?, ?)
2025-07-03 23:42:44.861 [main] DEBUG org.hibernate.SQL - 
    select
        u1_0.id,
        u1_0.address,
        u1_0.email,
        u1_0.full_name,
        u1_0.is_active,
        u1_0.password_hash,
        u1_0.phone,
        u1_0.role 
    from
        users u1_0 
    where
        u1_0.id=?
Hibernate: 
    select
        u1_0.id,
        u1_0.address,
        u1_0.email,
        u1_0.full_name,
        u1_0.is_active,
        u1_0.password_hash,
        u1_0.phone,
        u1_0.role 
    from
        users u1_0 
    where
        u1_0.id=?
2025-07-03 23:42:44.861 [main] DEBUG org.hibernate.SQL - 
    select
        o1_0.id,
        o1_0.actual_delivery_time,
        o1_0.customer_id,
        o1_0.delivery_address,
        o1_0.estimated_delivery_time,
        o1_0.notes,
        o1_0.order_date,
        oi1_0.order_id,
        oi1_0.id,
        oi1_0.food_item_id,
        fi1_0.id,
        fi1_0.available,
        fi1_0.category,
        fi1_0.description,
        fi1_0.image_url,
        fi1_0.keywords,
        fi1_0.name,
        fi1_0.price,
        fi1_0.quantity,
        fi1_0.restaurant_id,
        oi1_0.price,
        oi1_0.quantity,
        o1_0.phone,
        o1_0.restaurant_id,
        o1_0.status,
        o1_0.total_amount 
    from
        orders o1_0 
    left join
        order_items oi1_0 
            on o1_0.id=oi1_0.order_id 
    left join
        food_items fi1_0 
            on fi1_0.id=oi1_0.food_item_id 
    where
        o1_0.id=?
Hibernate: 
    select
        o1_0.id,
        o1_0.actual_delivery_time,
        o1_0.customer_id,
        o1_0.delivery_address,
        o1_0.estimated_delivery_time,
        o1_0.notes,
        o1_0.order_date,
        oi1_0.order_id,
        oi1_0.id,
        oi1_0.food_item_id,
        fi1_0.id,
        fi1_0.available,
        fi1_0.category,
        fi1_0.description,
        fi1_0.image_url,
        fi1_0.keywords,
        fi1_0.name,
        fi1_0.price,
        fi1_0.quantity,
        fi1_0.restaurant_id,
        oi1_0.price,
        oi1_0.quantity,
        o1_0.phone,
        o1_0.restaurant_id,
        o1_0.status,
        o1_0.total_amount 
    from
        orders o1_0 
    left join
        order_items oi1_0 
            on o1_0.id=oi1_0.order_id 
    left join
        food_items fi1_0 
            on fi1_0.id=oi1_0.food_item_id 
    where
        o1_0.id=?
2025-07-03 23:42:44.862 [main] DEBUG org.hibernate.SQL - 
    select
        t1_0.id,
        t1_0.amount,
        t1_0.created_at,
        t1_0.description,
        t1_0.order_id,
        t1_0.payment_method,
        t1_0.processed_at,
        t1_0.reference_id,
        t1_0.status,
        t1_0.type,
        t1_0.updated_at,
        t1_0.user_id 
    from
        transactions t1_0 
    where
        t1_0.order_id=? 
    order by
        t1_0.created_at desc
Hibernate: 
    select
        t1_0.id,
        t1_0.amount,
        t1_0.created_at,
        t1_0.description,
        t1_0.order_id,
        t1_0.payment_method,
        t1_0.processed_at,
        t1_0.reference_id,
        t1_0.status,
        t1_0.type,
        t1_0.updated_at,
        t1_0.user_id 
    from
        transactions t1_0 
    where
        t1_0.order_id=? 
    order by
        t1_0.created_at desc
2025-07-03 23:42:44.863 [main] DEBUG org.hibernate.SQL - 
    insert 
    into
        transactions
        (amount, created_at, description, order_id, payment_method, processed_at, reference_id, status, type, updated_at, user_id, id) 
    values
        (?, ?, ?, ?, ?, ?, ?, ?, ?, ?, ?, ?)
Hibernate: 
    insert 
    into
        transactions
        (amount, created_at, description, order_id, payment_method, processed_at, reference_id, status, type, updated_at, user_id, id) 
    values
        (?, ?, ?, ?, ?, ?, ?, ?, ?, ?, ?, ?)
2025-07-03 23:42:44.865 [main] DEBUG org.hibernate.SQL - 
    select
        coalesce(sum(case 
            when t1_0.type=? 
                then t1_0.amount 
            when t1_0.type=? 
                then -t1_0.amount 
            else 0 
        end), 0.0) 
    from
        transactions t1_0 
    where
        t1_0.user_id=? 
        and t1_0.status=? 
        and t1_0.type in (?, ?)
Hibernate: 
    select
        coalesce(sum(case 
            when t1_0.type=? 
                then t1_0.amount 
            when t1_0.type=? 
                then -t1_0.amount 
            else 0 
        end), 0.0) 
    from
        transactions t1_0 
    where
        t1_0.user_id=? 
        and t1_0.status=? 
        and t1_0.type in (?, ?)
2025-07-03 23:42:44.866 [main] DEBUG org.hibernate.SQL - 
    insert 
    into
        transactions
        (amount, created_at, description, order_id, payment_method, processed_at, reference_id, status, type, updated_at, user_id, id) 
    values
        (?, ?, ?, ?, ?, ?, ?, ?, ?, ?, ?, ?)
Hibernate: 
    insert 
    into
        transactions
        (amount, created_at, description, order_id, payment_method, processed_at, reference_id, status, type, updated_at, user_id, id) 
    values
        (?, ?, ?, ?, ?, ?, ?, ?, ?, ?, ?, ?)
2025-07-03 23:42:44.868 [main] DEBUG org.hibernate.SQL - 
    select
        t1_0.id,
        t1_0.amount,
        t1_0.created_at,
        t1_0.description,
        t1_0.order_id,
        t1_0.payment_method,
        t1_0.processed_at,
        t1_0.reference_id,
        t1_0.status,
        t1_0.type,
        t1_0.updated_at,
        t1_0.user_id 
    from
        transactions t1_0 
    where
        t1_0.id=?
Hibernate: 
    select
        t1_0.id,
        t1_0.amount,
        t1_0.created_at,
        t1_0.description,
        t1_0.order_id,
        t1_0.payment_method,
        t1_0.processed_at,
        t1_0.reference_id,
        t1_0.status,
        t1_0.type,
        t1_0.updated_at,
        t1_0.user_id 
    from
        transactions t1_0 
    where
        t1_0.id=?
2025-07-03 23:42:44.868 [main] DEBUG org.hibernate.SQL - 
    update
        transactions 
    set
        amount=?,
        created_at=?,
        description=?,
        order_id=?,
        payment_method=?,
        processed_at=?,
        reference_id=?,
        status=?,
        type=?,
        updated_at=?,
        user_id=? 
    where
        id=?
Hibernate: 
    update
        transactions 
    set
        amount=?,
        created_at=?,
        description=?,
        order_id=?,
        payment_method=?,
        processed_at=?,
        reference_id=?,
        status=?,
        type=?,
        updated_at=?,
        user_id=? 
    where
        id=?
✅ Valid payment method processed: WALLET
]]></system-out>
  </testcase>
  <testcase name="validPaymentMethodFormats_VariousCases_AcceptedCorrectly(String)[2]" classname="com.myapp.payment.PaymentEdgeCaseTest$PaymentMethodValidationTests" time="0.071">
    <system-out><![CDATA[🧹 Cleaning up all transactions...
2025-07-03 23:42:44.871 [main] DEBUG org.hibernate.SQL - 
    delete 
    from
        notifications
Hibernate: 
    delete 
    from
        notifications
2025-07-03 23:42:44.871 [main] DEBUG org.hibernate.SQL - 
    delete 
    from
        ratings
Hibernate: 
    delete 
    from
        ratings
2025-07-03 23:42:44.871 [main] DEBUG org.hibernate.SQL - 
    delete 
    from
        order_items
Hibernate: 
    delete 
    from
        order_items
2025-07-03 23:42:44.871 [main] DEBUG org.hibernate.SQL - 
    delete 
    from
        orders
Hibernate: 
    delete 
    from
        orders
2025-07-03 23:42:44.871 [main] DEBUG org.hibernate.SQL - 
    delete 
    from
        food_items
Hibernate: 
    delete 
    from
        food_items
2025-07-03 23:42:44.871 [main] DEBUG org.hibernate.SQL - 
    delete 
    from
        restaurants
Hibernate: 
    delete 
    from
        restaurants
2025-07-03 23:42:44.871 [main] DEBUG org.hibernate.SQL - 
    delete 
    from
        users
Hibernate: 
    delete 
    from
        users
2025-07-03 23:42:44.874 [main] DEBUG c.myapp.common.TestDatabaseManager - Cleaned all test data from database
2025-07-03 23:42:44.874 [main] DEBUG c.myapp.common.TestDatabaseManager - Test database cleanup completed
✅ Database cleaned via TestDatabaseManager
2025-07-03 23:42:44.924 [main] DEBUG org.hibernate.SQL - 
    select
        u1_0.id,
        u1_0.address,
        u1_0.email,
        u1_0.full_name,
        u1_0.is_active,
        u1_0.password_hash,
        u1_0.phone,
        u1_0.role 
    from
        users u1_0 
    where
        u1_0.phone=?
Hibernate: 
    select
        u1_0.id,
        u1_0.address,
        u1_0.email,
        u1_0.full_name,
        u1_0.is_active,
        u1_0.password_hash,
        u1_0.phone,
        u1_0.role 
    from
        users u1_0 
    where
        u1_0.phone=?
2025-07-03 23:42:44.925 [main] DEBUG org.hibernate.SQL - 
    insert 
    into
        users
        (address, email, full_name, is_active, password_hash, phone, role, id) 
    values
        (?, ?, ?, ?, ?, ?, ?, ?)
Hibernate: 
    insert 
    into
        users
        (address, email, full_name, is_active, password_hash, phone, role, id) 
    values
        (?, ?, ?, ?, ?, ?, ?, ?)
2025-07-03 23:42:44.927 [main] DEBUG org.hibernate.SQL - 
    insert 
    into
        transactions
        (amount, created_at, description, order_id, payment_method, processed_at, reference_id, status, type, updated_at, user_id, id) 
    values
        (?, ?, ?, ?, ?, ?, ?, ?, ?, ?, ?, ?)
Hibernate: 
    insert 
    into
        transactions
        (amount, created_at, description, order_id, payment_method, processed_at, reference_id, status, type, updated_at, user_id, id) 
    values
        (?, ?, ?, ?, ?, ?, ?, ?, ?, ?, ?, ?)
2025-07-03 23:42:44.929 [main] DEBUG org.hibernate.SQL - 
    select
        r1_0.id,
        r1_0.address,
        r1_0.name,
        r1_0.owner_id,
        r1_0.phone,
        r1_0.status 
    from
        restaurants r1_0 
    where
        r1_0.id=?
Hibernate: 
    select
        r1_0.id,
        r1_0.address,
        r1_0.name,
        r1_0.owner_id,
        r1_0.phone,
        r1_0.status 
    from
        restaurants r1_0 
    where
        r1_0.id=?
2025-07-03 23:42:44.929 [main] DEBUG org.hibernate.SQL - 
    insert 
    into
        restaurants
        (address, name, owner_id, phone, status, id) 
    values
        (?, ?, ?, ?, ?, ?)
Hibernate: 
    insert 
    into
        restaurants
        (address, name, owner_id, phone, status, id) 
    values
        (?, ?, ?, ?, ?, ?)
2025-07-03 23:42:44.932 [main] DEBUG org.hibernate.SQL - 
    select
        o1_0.id,
        o1_0.actual_delivery_time,
        o1_0.customer_id,
        o1_0.delivery_address,
        o1_0.estimated_delivery_time,
        o1_0.notes,
        o1_0.order_date,
        o1_0.phone,
        o1_0.restaurant_id,
        o1_0.status,
        o1_0.total_amount,
        oi1_0.order_id,
        oi1_0.id,
        oi1_0.food_item_id,
        oi1_0.price,
        oi1_0.quantity 
    from
        orders o1_0 
    left join
        order_items oi1_0 
            on o1_0.id=oi1_0.order_id 
    where
        o1_0.id=?
Hibernate: 
    select
        o1_0.id,
        o1_0.actual_delivery_time,
        o1_0.customer_id,
        o1_0.delivery_address,
        o1_0.estimated_delivery_time,
        o1_0.notes,
        o1_0.order_date,
        o1_0.phone,
        o1_0.restaurant_id,
        o1_0.status,
        o1_0.total_amount,
        oi1_0.order_id,
        oi1_0.id,
        oi1_0.food_item_id,
        oi1_0.price,
        oi1_0.quantity 
    from
        orders o1_0 
    left join
        order_items oi1_0 
            on o1_0.id=oi1_0.order_id 
    where
        o1_0.id=?
2025-07-03 23:42:44.932 [main] DEBUG org.hibernate.SQL - 
    insert 
    into
        orders
        (actual_delivery_time, customer_id, delivery_address, estimated_delivery_time, notes, order_date, phone, restaurant_id, status, total_amount, id) 
    values
        (?, ?, ?, ?, ?, ?, ?, ?, ?, ?, ?)
Hibernate: 
    insert 
    into
        orders
        (actual_delivery_time, customer_id, delivery_address, estimated_delivery_time, notes, order_date, phone, restaurant_id, status, total_amount, id) 
    values
        (?, ?, ?, ?, ?, ?, ?, ?, ?, ?, ?)
2025-07-03 23:42:44.934 [main] DEBUG org.hibernate.SQL - 
    select
        u1_0.id,
        u1_0.address,
        u1_0.email,
        u1_0.full_name,
        u1_0.is_active,
        u1_0.password_hash,
        u1_0.phone,
        u1_0.role 
    from
        users u1_0 
    where
        u1_0.id=?
Hibernate: 
    select
        u1_0.id,
        u1_0.address,
        u1_0.email,
        u1_0.full_name,
        u1_0.is_active,
        u1_0.password_hash,
        u1_0.phone,
        u1_0.role 
    from
        users u1_0 
    where
        u1_0.id=?
2025-07-03 23:42:44.934 [main] DEBUG org.hibernate.SQL - 
    select
        o1_0.id,
        o1_0.actual_delivery_time,
        o1_0.customer_id,
        o1_0.delivery_address,
        o1_0.estimated_delivery_time,
        o1_0.notes,
        o1_0.order_date,
        oi1_0.order_id,
        oi1_0.id,
        oi1_0.food_item_id,
        fi1_0.id,
        fi1_0.available,
        fi1_0.category,
        fi1_0.description,
        fi1_0.image_url,
        fi1_0.keywords,
        fi1_0.name,
        fi1_0.price,
        fi1_0.quantity,
        fi1_0.restaurant_id,
        oi1_0.price,
        oi1_0.quantity,
        o1_0.phone,
        o1_0.restaurant_id,
        o1_0.status,
        o1_0.total_amount 
    from
        orders o1_0 
    left join
        order_items oi1_0 
            on o1_0.id=oi1_0.order_id 
    left join
        food_items fi1_0 
            on fi1_0.id=oi1_0.food_item_id 
    where
        o1_0.id=?
Hibernate: 
    select
        o1_0.id,
        o1_0.actual_delivery_time,
        o1_0.customer_id,
        o1_0.delivery_address,
        o1_0.estimated_delivery_time,
        o1_0.notes,
        o1_0.order_date,
        oi1_0.order_id,
        oi1_0.id,
        oi1_0.food_item_id,
        fi1_0.id,
        fi1_0.available,
        fi1_0.category,
        fi1_0.description,
        fi1_0.image_url,
        fi1_0.keywords,
        fi1_0.name,
        fi1_0.price,
        fi1_0.quantity,
        fi1_0.restaurant_id,
        oi1_0.price,
        oi1_0.quantity,
        o1_0.phone,
        o1_0.restaurant_id,
        o1_0.status,
        o1_0.total_amount 
    from
        orders o1_0 
    left join
        order_items oi1_0 
            on o1_0.id=oi1_0.order_id 
    left join
        food_items fi1_0 
            on fi1_0.id=oi1_0.food_item_id 
    where
        o1_0.id=?
2025-07-03 23:42:44.935 [main] DEBUG org.hibernate.SQL - 
    select
        t1_0.id,
        t1_0.amount,
        t1_0.created_at,
        t1_0.description,
        t1_0.order_id,
        t1_0.payment_method,
        t1_0.processed_at,
        t1_0.reference_id,
        t1_0.status,
        t1_0.type,
        t1_0.updated_at,
        t1_0.user_id 
    from
        transactions t1_0 
    where
        t1_0.order_id=? 
    order by
        t1_0.created_at desc
Hibernate: 
    select
        t1_0.id,
        t1_0.amount,
        t1_0.created_at,
        t1_0.description,
        t1_0.order_id,
        t1_0.payment_method,
        t1_0.processed_at,
        t1_0.reference_id,
        t1_0.status,
        t1_0.type,
        t1_0.updated_at,
        t1_0.user_id 
    from
        transactions t1_0 
    where
        t1_0.order_id=? 
    order by
        t1_0.created_at desc
2025-07-03 23:42:44.935 [main] DEBUG org.hibernate.SQL - 
    insert 
    into
        transactions
        (amount, created_at, description, order_id, payment_method, processed_at, reference_id, status, type, updated_at, user_id, id) 
    values
        (?, ?, ?, ?, ?, ?, ?, ?, ?, ?, ?, ?)
Hibernate: 
    insert 
    into
        transactions
        (amount, created_at, description, order_id, payment_method, processed_at, reference_id, status, type, updated_at, user_id, id) 
    values
        (?, ?, ?, ?, ?, ?, ?, ?, ?, ?, ?, ?)
2025-07-03 23:42:44.938 [main] DEBUG org.hibernate.SQL - 
    select
        coalesce(sum(case 
            when t1_0.type=? 
                then t1_0.amount 
            when t1_0.type=? 
                then -t1_0.amount 
            else 0 
        end), 0.0) 
    from
        transactions t1_0 
    where
        t1_0.user_id=? 
        and t1_0.status=? 
        and t1_0.type in (?, ?)
Hibernate: 
    select
        coalesce(sum(case 
            when t1_0.type=? 
                then t1_0.amount 
            when t1_0.type=? 
                then -t1_0.amount 
            else 0 
        end), 0.0) 
    from
        transactions t1_0 
    where
        t1_0.user_id=? 
        and t1_0.status=? 
        and t1_0.type in (?, ?)
2025-07-03 23:42:44.938 [main] DEBUG org.hibernate.SQL - 
    insert 
    into
        transactions
        (amount, created_at, description, order_id, payment_method, processed_at, reference_id, status, type, updated_at, user_id, id) 
    values
        (?, ?, ?, ?, ?, ?, ?, ?, ?, ?, ?, ?)
Hibernate: 
    insert 
    into
        transactions
        (amount, created_at, description, order_id, payment_method, processed_at, reference_id, status, type, updated_at, user_id, id) 
    values
        (?, ?, ?, ?, ?, ?, ?, ?, ?, ?, ?, ?)
2025-07-03 23:42:44.940 [main] DEBUG org.hibernate.SQL - 
    select
        t1_0.id,
        t1_0.amount,
        t1_0.created_at,
        t1_0.description,
        t1_0.order_id,
        t1_0.payment_method,
        t1_0.processed_at,
        t1_0.reference_id,
        t1_0.status,
        t1_0.type,
        t1_0.updated_at,
        t1_0.user_id 
    from
        transactions t1_0 
    where
        t1_0.id=?
Hibernate: 
    select
        t1_0.id,
        t1_0.amount,
        t1_0.created_at,
        t1_0.description,
        t1_0.order_id,
        t1_0.payment_method,
        t1_0.processed_at,
        t1_0.reference_id,
        t1_0.status,
        t1_0.type,
        t1_0.updated_at,
        t1_0.user_id 
    from
        transactions t1_0 
    where
        t1_0.id=?
2025-07-03 23:42:44.940 [main] DEBUG org.hibernate.SQL - 
    update
        transactions 
    set
        amount=?,
        created_at=?,
        description=?,
        order_id=?,
        payment_method=?,
        processed_at=?,
        reference_id=?,
        status=?,
        type=?,
        updated_at=?,
        user_id=? 
    where
        id=?
Hibernate: 
    update
        transactions 
    set
        amount=?,
        created_at=?,
        description=?,
        order_id=?,
        payment_method=?,
        processed_at=?,
        reference_id=?,
        status=?,
        type=?,
        updated_at=?,
        user_id=? 
    where
        id=?
✅ Valid payment method processed: wallet
]]></system-out>
  </testcase>
  <testcase name="validPaymentMethodFormats_VariousCases_AcceptedCorrectly(String)[3]" classname="com.myapp.payment.PaymentEdgeCaseTest$PaymentMethodValidationTests" time="0.072">
    <system-out><![CDATA[🧹 Cleaning up all transactions...
2025-07-03 23:42:44.943 [main] DEBUG org.hibernate.SQL - 
    delete 
    from
        notifications
Hibernate: 
    delete 
    from
        notifications
2025-07-03 23:42:44.943 [main] DEBUG org.hibernate.SQL - 
    delete 
    from
        ratings
Hibernate: 
    delete 
    from
        ratings
2025-07-03 23:42:44.943 [main] DEBUG org.hibernate.SQL - 
    delete 
    from
        order_items
Hibernate: 
    delete 
    from
        order_items
2025-07-03 23:42:44.943 [main] DEBUG org.hibernate.SQL - 
    delete 
    from
        orders
Hibernate: 
    delete 
    from
        orders
2025-07-03 23:42:44.943 [main] DEBUG org.hibernate.SQL - 
    delete 
    from
        food_items
Hibernate: 
    delete 
    from
        food_items
2025-07-03 23:42:44.943 [main] DEBUG org.hibernate.SQL - 
    delete 
    from
        restaurants
Hibernate: 
    delete 
    from
        restaurants
2025-07-03 23:42:44.943 [main] DEBUG org.hibernate.SQL - 
    delete 
    from
        users
Hibernate: 
    delete 
    from
        users
2025-07-03 23:42:44.946 [main] DEBUG c.myapp.common.TestDatabaseManager - Cleaned all test data from database
2025-07-03 23:42:44.946 [main] DEBUG c.myapp.common.TestDatabaseManager - Test database cleanup completed
✅ Database cleaned via TestDatabaseManager
2025-07-03 23:42:44.997 [main] DEBUG org.hibernate.SQL - 
    select
        u1_0.id,
        u1_0.address,
        u1_0.email,
        u1_0.full_name,
        u1_0.is_active,
        u1_0.password_hash,
        u1_0.phone,
        u1_0.role 
    from
        users u1_0 
    where
        u1_0.phone=?
Hibernate: 
    select
        u1_0.id,
        u1_0.address,
        u1_0.email,
        u1_0.full_name,
        u1_0.is_active,
        u1_0.password_hash,
        u1_0.phone,
        u1_0.role 
    from
        users u1_0 
    where
        u1_0.phone=?
2025-07-03 23:42:44.997 [main] DEBUG org.hibernate.SQL - 
    insert 
    into
        users
        (address, email, full_name, is_active, password_hash, phone, role, id) 
    values
        (?, ?, ?, ?, ?, ?, ?, ?)
Hibernate: 
    insert 
    into
        users
        (address, email, full_name, is_active, password_hash, phone, role, id) 
    values
        (?, ?, ?, ?, ?, ?, ?, ?)
2025-07-03 23:42:44.999 [main] DEBUG org.hibernate.SQL - 
    insert 
    into
        transactions
        (amount, created_at, description, order_id, payment_method, processed_at, reference_id, status, type, updated_at, user_id, id) 
    values
        (?, ?, ?, ?, ?, ?, ?, ?, ?, ?, ?, ?)
Hibernate: 
    insert 
    into
        transactions
        (amount, created_at, description, order_id, payment_method, processed_at, reference_id, status, type, updated_at, user_id, id) 
    values
        (?, ?, ?, ?, ?, ?, ?, ?, ?, ?, ?, ?)
2025-07-03 23:42:45.002 [main] DEBUG org.hibernate.SQL - 
    select
        r1_0.id,
        r1_0.address,
        r1_0.name,
        r1_0.owner_id,
        r1_0.phone,
        r1_0.status 
    from
        restaurants r1_0 
    where
        r1_0.id=?
Hibernate: 
    select
        r1_0.id,
        r1_0.address,
        r1_0.name,
        r1_0.owner_id,
        r1_0.phone,
        r1_0.status 
    from
        restaurants r1_0 
    where
        r1_0.id=?
2025-07-03 23:42:45.002 [main] DEBUG org.hibernate.SQL - 
    insert 
    into
        restaurants
        (address, name, owner_id, phone, status, id) 
    values
        (?, ?, ?, ?, ?, ?)
Hibernate: 
    insert 
    into
        restaurants
        (address, name, owner_id, phone, status, id) 
    values
        (?, ?, ?, ?, ?, ?)
2025-07-03 23:42:45.004 [main] DEBUG org.hibernate.SQL - 
    select
        o1_0.id,
        o1_0.actual_delivery_time,
        o1_0.customer_id,
        o1_0.delivery_address,
        o1_0.estimated_delivery_time,
        o1_0.notes,
        o1_0.order_date,
        o1_0.phone,
        o1_0.restaurant_id,
        o1_0.status,
        o1_0.total_amount,
        oi1_0.order_id,
        oi1_0.id,
        oi1_0.food_item_id,
        oi1_0.price,
        oi1_0.quantity 
    from
        orders o1_0 
    left join
        order_items oi1_0 
            on o1_0.id=oi1_0.order_id 
    where
        o1_0.id=?
Hibernate: 
    select
        o1_0.id,
        o1_0.actual_delivery_time,
        o1_0.customer_id,
        o1_0.delivery_address,
        o1_0.estimated_delivery_time,
        o1_0.notes,
        o1_0.order_date,
        o1_0.phone,
        o1_0.restaurant_id,
        o1_0.status,
        o1_0.total_amount,
        oi1_0.order_id,
        oi1_0.id,
        oi1_0.food_item_id,
        oi1_0.price,
        oi1_0.quantity 
    from
        orders o1_0 
    left join
        order_items oi1_0 
            on o1_0.id=oi1_0.order_id 
    where
        o1_0.id=?
2025-07-03 23:42:45.004 [main] DEBUG org.hibernate.SQL - 
    insert 
    into
        orders
        (actual_delivery_time, customer_id, delivery_address, estimated_delivery_time, notes, order_date, phone, restaurant_id, status, total_amount, id) 
    values
        (?, ?, ?, ?, ?, ?, ?, ?, ?, ?, ?)
Hibernate: 
    insert 
    into
        orders
        (actual_delivery_time, customer_id, delivery_address, estimated_delivery_time, notes, order_date, phone, restaurant_id, status, total_amount, id) 
    values
        (?, ?, ?, ?, ?, ?, ?, ?, ?, ?, ?)
2025-07-03 23:42:45.007 [main] DEBUG org.hibernate.SQL - 
    select
        u1_0.id,
        u1_0.address,
        u1_0.email,
        u1_0.full_name,
        u1_0.is_active,
        u1_0.password_hash,
        u1_0.phone,
        u1_0.role 
    from
        users u1_0 
    where
        u1_0.id=?
Hibernate: 
    select
        u1_0.id,
        u1_0.address,
        u1_0.email,
        u1_0.full_name,
        u1_0.is_active,
        u1_0.password_hash,
        u1_0.phone,
        u1_0.role 
    from
        users u1_0 
    where
        u1_0.id=?
2025-07-03 23:42:45.007 [main] DEBUG org.hibernate.SQL - 
    select
        o1_0.id,
        o1_0.actual_delivery_time,
        o1_0.customer_id,
        o1_0.delivery_address,
        o1_0.estimated_delivery_time,
        o1_0.notes,
        o1_0.order_date,
        oi1_0.order_id,
        oi1_0.id,
        oi1_0.food_item_id,
        fi1_0.id,
        fi1_0.available,
        fi1_0.category,
        fi1_0.description,
        fi1_0.image_url,
        fi1_0.keywords,
        fi1_0.name,
        fi1_0.price,
        fi1_0.quantity,
        fi1_0.restaurant_id,
        oi1_0.price,
        oi1_0.quantity,
        o1_0.phone,
        o1_0.restaurant_id,
        o1_0.status,
        o1_0.total_amount 
    from
        orders o1_0 
    left join
        order_items oi1_0 
            on o1_0.id=oi1_0.order_id 
    left join
        food_items fi1_0 
            on fi1_0.id=oi1_0.food_item_id 
    where
        o1_0.id=?
Hibernate: 
    select
        o1_0.id,
        o1_0.actual_delivery_time,
        o1_0.customer_id,
        o1_0.delivery_address,
        o1_0.estimated_delivery_time,
        o1_0.notes,
        o1_0.order_date,
        oi1_0.order_id,
        oi1_0.id,
        oi1_0.food_item_id,
        fi1_0.id,
        fi1_0.available,
        fi1_0.category,
        fi1_0.description,
        fi1_0.image_url,
        fi1_0.keywords,
        fi1_0.name,
        fi1_0.price,
        fi1_0.quantity,
        fi1_0.restaurant_id,
        oi1_0.price,
        oi1_0.quantity,
        o1_0.phone,
        o1_0.restaurant_id,
        o1_0.status,
        o1_0.total_amount 
    from
        orders o1_0 
    left join
        order_items oi1_0 
            on o1_0.id=oi1_0.order_id 
    left join
        food_items fi1_0 
            on fi1_0.id=oi1_0.food_item_id 
    where
        o1_0.id=?
2025-07-03 23:42:45.007 [main] DEBUG org.hibernate.SQL - 
    select
        t1_0.id,
        t1_0.amount,
        t1_0.created_at,
        t1_0.description,
        t1_0.order_id,
        t1_0.payment_method,
        t1_0.processed_at,
        t1_0.reference_id,
        t1_0.status,
        t1_0.type,
        t1_0.updated_at,
        t1_0.user_id 
    from
        transactions t1_0 
    where
        t1_0.order_id=? 
    order by
        t1_0.created_at desc
Hibernate: 
    select
        t1_0.id,
        t1_0.amount,
        t1_0.created_at,
        t1_0.description,
        t1_0.order_id,
        t1_0.payment_method,
        t1_0.processed_at,
        t1_0.reference_id,
        t1_0.status,
        t1_0.type,
        t1_0.updated_at,
        t1_0.user_id 
    from
        transactions t1_0 
    where
        t1_0.order_id=? 
    order by
        t1_0.created_at desc
2025-07-03 23:42:45.008 [main] DEBUG org.hibernate.SQL - 
    insert 
    into
        transactions
        (amount, created_at, description, order_id, payment_method, processed_at, reference_id, status, type, updated_at, user_id, id) 
    values
        (?, ?, ?, ?, ?, ?, ?, ?, ?, ?, ?, ?)
Hibernate: 
    insert 
    into
        transactions
        (amount, created_at, description, order_id, payment_method, processed_at, reference_id, status, type, updated_at, user_id, id) 
    values
        (?, ?, ?, ?, ?, ?, ?, ?, ?, ?, ?, ?)
2025-07-03 23:42:45.011 [main] DEBUG org.hibernate.SQL - 
    select
        coalesce(sum(case 
            when t1_0.type=? 
                then t1_0.amount 
            when t1_0.type=? 
                then -t1_0.amount 
            else 0 
        end), 0.0) 
    from
        transactions t1_0 
    where
        t1_0.user_id=? 
        and t1_0.status=? 
        and t1_0.type in (?, ?)
Hibernate: 
    select
        coalesce(sum(case 
            when t1_0.type=? 
                then t1_0.amount 
            when t1_0.type=? 
                then -t1_0.amount 
            else 0 
        end), 0.0) 
    from
        transactions t1_0 
    where
        t1_0.user_id=? 
        and t1_0.status=? 
        and t1_0.type in (?, ?)
2025-07-03 23:42:45.011 [main] DEBUG org.hibernate.SQL - 
    insert 
    into
        transactions
        (amount, created_at, description, order_id, payment_method, processed_at, reference_id, status, type, updated_at, user_id, id) 
    values
        (?, ?, ?, ?, ?, ?, ?, ?, ?, ?, ?, ?)
Hibernate: 
    insert 
    into
        transactions
        (amount, created_at, description, order_id, payment_method, processed_at, reference_id, status, type, updated_at, user_id, id) 
    values
        (?, ?, ?, ?, ?, ?, ?, ?, ?, ?, ?, ?)
2025-07-03 23:42:45.013 [main] DEBUG org.hibernate.SQL - 
    select
        t1_0.id,
        t1_0.amount,
        t1_0.created_at,
        t1_0.description,
        t1_0.order_id,
        t1_0.payment_method,
        t1_0.processed_at,
        t1_0.reference_id,
        t1_0.status,
        t1_0.type,
        t1_0.updated_at,
        t1_0.user_id 
    from
        transactions t1_0 
    where
        t1_0.id=?
Hibernate: 
    select
        t1_0.id,
        t1_0.amount,
        t1_0.created_at,
        t1_0.description,
        t1_0.order_id,
        t1_0.payment_method,
        t1_0.processed_at,
        t1_0.reference_id,
        t1_0.status,
        t1_0.type,
        t1_0.updated_at,
        t1_0.user_id 
    from
        transactions t1_0 
    where
        t1_0.id=?
2025-07-03 23:42:45.013 [main] DEBUG org.hibernate.SQL - 
    update
        transactions 
    set
        amount=?,
        created_at=?,
        description=?,
        order_id=?,
        payment_method=?,
        processed_at=?,
        reference_id=?,
        status=?,
        type=?,
        updated_at=?,
        user_id=? 
    where
        id=?
Hibernate: 
    update
        transactions 
    set
        amount=?,
        created_at=?,
        description=?,
        order_id=?,
        payment_method=?,
        processed_at=?,
        reference_id=?,
        status=?,
        type=?,
        updated_at=?,
        user_id=? 
    where
        id=?
✅ Valid payment method processed: Wallet
]]></system-out>
  </testcase>
  <testcase name="validPaymentMethodFormats_VariousCases_AcceptedCorrectly(String)[4]" classname="com.myapp.payment.PaymentEdgeCaseTest$PaymentMethodValidationTests" time="0.069">
    <system-out><![CDATA[🧹 Cleaning up all transactions...
2025-07-03 23:42:45.016 [main] DEBUG org.hibernate.SQL - 
    delete 
    from
        notifications
Hibernate: 
    delete 
    from
        notifications
2025-07-03 23:42:45.016 [main] DEBUG org.hibernate.SQL - 
    delete 
    from
        ratings
Hibernate: 
    delete 
    from
        ratings
2025-07-03 23:42:45.016 [main] DEBUG org.hibernate.SQL - 
    delete 
    from
        order_items
Hibernate: 
    delete 
    from
        order_items
2025-07-03 23:42:45.016 [main] DEBUG org.hibernate.SQL - 
    delete 
    from
        orders
Hibernate: 
    delete 
    from
        orders
2025-07-03 23:42:45.016 [main] DEBUG org.hibernate.SQL - 
    delete 
    from
        food_items
Hibernate: 
    delete 
    from
        food_items
2025-07-03 23:42:45.016 [main] DEBUG org.hibernate.SQL - 
    delete 
    from
        restaurants
Hibernate: 
    delete 
    from
        restaurants
2025-07-03 23:42:45.016 [main] DEBUG org.hibernate.SQL - 
    delete 
    from
        users
Hibernate: 
    delete 
    from
        users
2025-07-03 23:42:45.019 [main] DEBUG c.myapp.common.TestDatabaseManager - Cleaned all test data from database
2025-07-03 23:42:45.019 [main] DEBUG c.myapp.common.TestDatabaseManager - Test database cleanup completed
✅ Database cleaned via TestDatabaseManager
2025-07-03 23:42:45.069 [main] DEBUG org.hibernate.SQL - 
    select
        u1_0.id,
        u1_0.address,
        u1_0.email,
        u1_0.full_name,
        u1_0.is_active,
        u1_0.password_hash,
        u1_0.phone,
        u1_0.role 
    from
        users u1_0 
    where
        u1_0.phone=?
Hibernate: 
    select
        u1_0.id,
        u1_0.address,
        u1_0.email,
        u1_0.full_name,
        u1_0.is_active,
        u1_0.password_hash,
        u1_0.phone,
        u1_0.role 
    from
        users u1_0 
    where
        u1_0.phone=?
2025-07-03 23:42:45.070 [main] DEBUG org.hibernate.SQL - 
    insert 
    into
        users
        (address, email, full_name, is_active, password_hash, phone, role, id) 
    values
        (?, ?, ?, ?, ?, ?, ?, ?)
Hibernate: 
    insert 
    into
        users
        (address, email, full_name, is_active, password_hash, phone, role, id) 
    values
        (?, ?, ?, ?, ?, ?, ?, ?)
2025-07-03 23:42:45.072 [main] DEBUG org.hibernate.SQL - 
    select
        r1_0.id,
        r1_0.address,
        r1_0.name,
        r1_0.owner_id,
        r1_0.phone,
        r1_0.status 
    from
        restaurants r1_0 
    where
        r1_0.id=?
Hibernate: 
    select
        r1_0.id,
        r1_0.address,
        r1_0.name,
        r1_0.owner_id,
        r1_0.phone,
        r1_0.status 
    from
        restaurants r1_0 
    where
        r1_0.id=?
2025-07-03 23:42:45.072 [main] DEBUG org.hibernate.SQL - 
    select
        next_val as id_val 
    from
        restaurants_SEQ
Hibernate: 
    select
        next_val as id_val 
    from
        restaurants_SEQ
2025-07-03 23:42:45.072 [main] DEBUG org.hibernate.SQL - 
    update
        restaurants_SEQ 
    set
        next_val= ? 
    where
        next_val=?
Hibernate: 
    update
        restaurants_SEQ 
    set
        next_val= ? 
    where
        next_val=?
2025-07-03 23:42:45.074 [main] DEBUG org.hibernate.SQL - 
    insert 
    into
        restaurants
        (address, name, owner_id, phone, status, id) 
    values
        (?, ?, ?, ?, ?, ?)
Hibernate: 
    insert 
    into
        restaurants
        (address, name, owner_id, phone, status, id) 
    values
        (?, ?, ?, ?, ?, ?)
2025-07-03 23:42:45.074 [main] ERROR org.hibernate.orm.jdbc.batch - HHH100501: Exception executing batch [org.sqlite.SQLiteException: [SQLITE_BUSY_SNAPSHOT] Another database connection has already written to the database (database is locked)], SQL: insert into restaurants (address,name,owner_id,phone,status,id) values (?,?,?,?,?,?)
2025-07-03 23:42:45.075 [main] WARN  o.h.e.jdbc.spi.SqlExceptionHelper - SQL Error: 5, SQLState: null
2025-07-03 23:42:45.075 [main] ERROR o.h.e.jdbc.spi.SqlExceptionHelper - [SQLITE_BUSY_SNAPSHOT] Another database connection has already written to the database (database is locked)
⚠️ Restaurant save attempt 1 failed: org.hibernate.exception.LockAcquisitionException: could not execute batch [[SQLITE_BUSY_SNAPSHOT] Another database connection has already written to the database (database is locked)] [insert into restaurants (address,name,owner_id,phone,status,id) values (?,?,?,?,?,?)]
2025-07-03 23:42:45.075 [main] DEBUG org.hibernate.SQL - 
    select
        r1_0.id,
        r1_0.address,
        r1_0.name,
        r1_0.owner_id,
        r1_0.phone,
        r1_0.status 
    from
        restaurants r1_0 
    where
        r1_0.id=?
Hibernate: 
    select
        r1_0.id,
        r1_0.address,
        r1_0.name,
        r1_0.owner_id,
        r1_0.phone,
        r1_0.status 
    from
        restaurants r1_0 
    where
        r1_0.id=?
2025-07-03 23:42:45.075 [main] DEBUG org.hibernate.SQL - 
    insert 
    into
        restaurants
        (address, name, owner_id, phone, status, id) 
    values
        (?, ?, ?, ?, ?, ?)
Hibernate: 
    insert 
    into
        restaurants
        (address, name, owner_id, phone, status, id) 
    values
        (?, ?, ?, ?, ?, ?)
2025-07-03 23:42:45.077 [main] DEBUG org.hibernate.SQL - 
    select
        o1_0.id,
        o1_0.actual_delivery_time,
        o1_0.customer_id,
        o1_0.delivery_address,
        o1_0.estimated_delivery_time,
        o1_0.notes,
        o1_0.order_date,
        o1_0.phone,
        o1_0.restaurant_id,
        o1_0.status,
        o1_0.total_amount,
        oi1_0.order_id,
        oi1_0.id,
        oi1_0.food_item_id,
        oi1_0.price,
        oi1_0.quantity 
    from
        orders o1_0 
    left join
        order_items oi1_0 
            on o1_0.id=oi1_0.order_id 
    where
        o1_0.id=?
Hibernate: 
    select
        o1_0.id,
        o1_0.actual_delivery_time,
        o1_0.customer_id,
        o1_0.delivery_address,
        o1_0.estimated_delivery_time,
        o1_0.notes,
        o1_0.order_date,
        o1_0.phone,
        o1_0.restaurant_id,
        o1_0.status,
        o1_0.total_amount,
        oi1_0.order_id,
        oi1_0.id,
        oi1_0.food_item_id,
        oi1_0.price,
        oi1_0.quantity 
    from
        orders o1_0 
    left join
        order_items oi1_0 
            on o1_0.id=oi1_0.order_id 
    where
        o1_0.id=?
2025-07-03 23:42:45.078 [main] DEBUG org.hibernate.SQL - 
    insert 
    into
        orders
        (actual_delivery_time, customer_id, delivery_address, estimated_delivery_time, notes, order_date, phone, restaurant_id, status, total_amount, id) 
    values
        (?, ?, ?, ?, ?, ?, ?, ?, ?, ?, ?)
Hibernate: 
    insert 
    into
        orders
        (actual_delivery_time, customer_id, delivery_address, estimated_delivery_time, notes, order_date, phone, restaurant_id, status, total_amount, id) 
    values
        (?, ?, ?, ?, ?, ?, ?, ?, ?, ?, ?)
2025-07-03 23:42:45.080 [main] DEBUG org.hibernate.SQL - 
    select
        u1_0.id,
        u1_0.address,
        u1_0.email,
        u1_0.full_name,
        u1_0.is_active,
        u1_0.password_hash,
        u1_0.phone,
        u1_0.role 
    from
        users u1_0 
    where
        u1_0.id=?
Hibernate: 
    select
        u1_0.id,
        u1_0.address,
        u1_0.email,
        u1_0.full_name,
        u1_0.is_active,
        u1_0.password_hash,
        u1_0.phone,
        u1_0.role 
    from
        users u1_0 
    where
        u1_0.id=?
2025-07-03 23:42:45.080 [main] DEBUG org.hibernate.SQL - 
    select
        o1_0.id,
        o1_0.actual_delivery_time,
        o1_0.customer_id,
        o1_0.delivery_address,
        o1_0.estimated_delivery_time,
        o1_0.notes,
        o1_0.order_date,
        oi1_0.order_id,
        oi1_0.id,
        oi1_0.food_item_id,
        fi1_0.id,
        fi1_0.available,
        fi1_0.category,
        fi1_0.description,
        fi1_0.image_url,
        fi1_0.keywords,
        fi1_0.name,
        fi1_0.price,
        fi1_0.quantity,
        fi1_0.restaurant_id,
        oi1_0.price,
        oi1_0.quantity,
        o1_0.phone,
        o1_0.restaurant_id,
        o1_0.status,
        o1_0.total_amount 
    from
        orders o1_0 
    left join
        order_items oi1_0 
            on o1_0.id=oi1_0.order_id 
    left join
        food_items fi1_0 
            on fi1_0.id=oi1_0.food_item_id 
    where
        o1_0.id=?
Hibernate: 
    select
        o1_0.id,
        o1_0.actual_delivery_time,
        o1_0.customer_id,
        o1_0.delivery_address,
        o1_0.estimated_delivery_time,
        o1_0.notes,
        o1_0.order_date,
        oi1_0.order_id,
        oi1_0.id,
        oi1_0.food_item_id,
        fi1_0.id,
        fi1_0.available,
        fi1_0.category,
        fi1_0.description,
        fi1_0.image_url,
        fi1_0.keywords,
        fi1_0.name,
        fi1_0.price,
        fi1_0.quantity,
        fi1_0.restaurant_id,
        oi1_0.price,
        oi1_0.quantity,
        o1_0.phone,
        o1_0.restaurant_id,
        o1_0.status,
        o1_0.total_amount 
    from
        orders o1_0 
    left join
        order_items oi1_0 
            on o1_0.id=oi1_0.order_id 
    left join
        food_items fi1_0 
            on fi1_0.id=oi1_0.food_item_id 
    where
        o1_0.id=?
2025-07-03 23:42:45.081 [main] DEBUG org.hibernate.SQL - 
    select
        t1_0.id,
        t1_0.amount,
        t1_0.created_at,
        t1_0.description,
        t1_0.order_id,
        t1_0.payment_method,
        t1_0.processed_at,
        t1_0.reference_id,
        t1_0.status,
        t1_0.type,
        t1_0.updated_at,
        t1_0.user_id 
    from
        transactions t1_0 
    where
        t1_0.order_id=? 
    order by
        t1_0.created_at desc
Hibernate: 
    select
        t1_0.id,
        t1_0.amount,
        t1_0.created_at,
        t1_0.description,
        t1_0.order_id,
        t1_0.payment_method,
        t1_0.processed_at,
        t1_0.reference_id,
        t1_0.status,
        t1_0.type,
        t1_0.updated_at,
        t1_0.user_id 
    from
        transactions t1_0 
    where
        t1_0.order_id=? 
    order by
        t1_0.created_at desc
2025-07-03 23:42:45.081 [main] DEBUG org.hibernate.SQL - 
    insert 
    into
        transactions
        (amount, created_at, description, order_id, payment_method, processed_at, reference_id, status, type, updated_at, user_id, id) 
    values
        (?, ?, ?, ?, ?, ?, ?, ?, ?, ?, ?, ?)
Hibernate: 
    insert 
    into
        transactions
        (amount, created_at, description, order_id, payment_method, processed_at, reference_id, status, type, updated_at, user_id, id) 
    values
        (?, ?, ?, ?, ?, ?, ?, ?, ?, ?, ?, ?)
2025-07-03 23:42:45.083 [main] DEBUG org.hibernate.SQL - 
    select
        t1_0.id,
        t1_0.amount,
        t1_0.created_at,
        t1_0.description,
        t1_0.order_id,
        t1_0.payment_method,
        t1_0.processed_at,
        t1_0.reference_id,
        t1_0.status,
        t1_0.type,
        t1_0.updated_at,
        t1_0.user_id 
    from
        transactions t1_0 
    where
        t1_0.id=?
Hibernate: 
    select
        t1_0.id,
        t1_0.amount,
        t1_0.created_at,
        t1_0.description,
        t1_0.order_id,
        t1_0.payment_method,
        t1_0.processed_at,
        t1_0.reference_id,
        t1_0.status,
        t1_0.type,
        t1_0.updated_at,
        t1_0.user_id 
    from
        transactions t1_0 
    where
        t1_0.id=?
2025-07-03 23:42:45.083 [main] DEBUG org.hibernate.SQL - 
    update
        transactions 
    set
        amount=?,
        created_at=?,
        description=?,
        order_id=?,
        payment_method=?,
        processed_at=?,
        reference_id=?,
        status=?,
        type=?,
        updated_at=?,
        user_id=? 
    where
        id=?
Hibernate: 
    update
        transactions 
    set
        amount=?,
        created_at=?,
        description=?,
        order_id=?,
        payment_method=?,
        processed_at=?,
        reference_id=?,
        status=?,
        type=?,
        updated_at=?,
        user_id=? 
    where
        id=?
✅ Valid payment method processed: CARD
]]></system-out>
  </testcase>
  <testcase name="validPaymentMethodFormats_VariousCases_AcceptedCorrectly(String)[5]" classname="com.myapp.payment.PaymentEdgeCaseTest$PaymentMethodValidationTests" time="0.066">
    <system-out><![CDATA[🧹 Cleaning up all transactions...
2025-07-03 23:42:45.086 [main] DEBUG org.hibernate.SQL - 
    delete 
    from
        notifications
Hibernate: 
    delete 
    from
        notifications
2025-07-03 23:42:45.086 [main] DEBUG org.hibernate.SQL - 
    delete 
    from
        ratings
Hibernate: 
    delete 
    from
        ratings
2025-07-03 23:42:45.086 [main] DEBUG org.hibernate.SQL - 
    delete 
    from
        order_items
Hibernate: 
    delete 
    from
        order_items
2025-07-03 23:42:45.086 [main] DEBUG org.hibernate.SQL - 
    delete 
    from
        orders
Hibernate: 
    delete 
    from
        orders
2025-07-03 23:42:45.086 [main] DEBUG org.hibernate.SQL - 
    delete 
    from
        food_items
Hibernate: 
    delete 
    from
        food_items
2025-07-03 23:42:45.086 [main] DEBUG org.hibernate.SQL - 
    delete 
    from
        restaurants
Hibernate: 
    delete 
    from
        restaurants
2025-07-03 23:42:45.086 [main] DEBUG org.hibernate.SQL - 
    delete 
    from
        users
Hibernate: 
    delete 
    from
        users
2025-07-03 23:42:45.089 [main] DEBUG c.myapp.common.TestDatabaseManager - Cleaned all test data from database
2025-07-03 23:42:45.089 [main] DEBUG c.myapp.common.TestDatabaseManager - Test database cleanup completed
✅ Database cleaned via TestDatabaseManager
2025-07-03 23:42:45.139 [main] DEBUG org.hibernate.SQL - 
    select
        u1_0.id,
        u1_0.address,
        u1_0.email,
        u1_0.full_name,
        u1_0.is_active,
        u1_0.password_hash,
        u1_0.phone,
        u1_0.role 
    from
        users u1_0 
    where
        u1_0.phone=?
Hibernate: 
    select
        u1_0.id,
        u1_0.address,
        u1_0.email,
        u1_0.full_name,
        u1_0.is_active,
        u1_0.password_hash,
        u1_0.phone,
        u1_0.role 
    from
        users u1_0 
    where
        u1_0.phone=?
2025-07-03 23:42:45.140 [main] DEBUG org.hibernate.SQL - 
    insert 
    into
        users
        (address, email, full_name, is_active, password_hash, phone, role, id) 
    values
        (?, ?, ?, ?, ?, ?, ?, ?)
Hibernate: 
    insert 
    into
        users
        (address, email, full_name, is_active, password_hash, phone, role, id) 
    values
        (?, ?, ?, ?, ?, ?, ?, ?)
2025-07-03 23:42:45.142 [main] DEBUG org.hibernate.SQL - 
    select
        r1_0.id,
        r1_0.address,
        r1_0.name,
        r1_0.owner_id,
        r1_0.phone,
        r1_0.status 
    from
        restaurants r1_0 
    where
        r1_0.id=?
Hibernate: 
    select
        r1_0.id,
        r1_0.address,
        r1_0.name,
        r1_0.owner_id,
        r1_0.phone,
        r1_0.status 
    from
        restaurants r1_0 
    where
        r1_0.id=?
2025-07-03 23:42:45.142 [main] DEBUG org.hibernate.SQL - 
    insert 
    into
        restaurants
        (address, name, owner_id, phone, status, id) 
    values
        (?, ?, ?, ?, ?, ?)
Hibernate: 
    insert 
    into
        restaurants
        (address, name, owner_id, phone, status, id) 
    values
        (?, ?, ?, ?, ?, ?)
2025-07-03 23:42:45.144 [main] DEBUG org.hibernate.SQL - 
    select
        o1_0.id,
        o1_0.actual_delivery_time,
        o1_0.customer_id,
        o1_0.delivery_address,
        o1_0.estimated_delivery_time,
        o1_0.notes,
        o1_0.order_date,
        o1_0.phone,
        o1_0.restaurant_id,
        o1_0.status,
        o1_0.total_amount,
        oi1_0.order_id,
        oi1_0.id,
        oi1_0.food_item_id,
        oi1_0.price,
        oi1_0.quantity 
    from
        orders o1_0 
    left join
        order_items oi1_0 
            on o1_0.id=oi1_0.order_id 
    where
        o1_0.id=?
Hibernate: 
    select
        o1_0.id,
        o1_0.actual_delivery_time,
        o1_0.customer_id,
        o1_0.delivery_address,
        o1_0.estimated_delivery_time,
        o1_0.notes,
        o1_0.order_date,
        o1_0.phone,
        o1_0.restaurant_id,
        o1_0.status,
        o1_0.total_amount,
        oi1_0.order_id,
        oi1_0.id,
        oi1_0.food_item_id,
        oi1_0.price,
        oi1_0.quantity 
    from
        orders o1_0 
    left join
        order_items oi1_0 
            on o1_0.id=oi1_0.order_id 
    where
        o1_0.id=?
2025-07-03 23:42:45.145 [main] DEBUG org.hibernate.SQL - 
    insert 
    into
        orders
        (actual_delivery_time, customer_id, delivery_address, estimated_delivery_time, notes, order_date, phone, restaurant_id, status, total_amount, id) 
    values
        (?, ?, ?, ?, ?, ?, ?, ?, ?, ?, ?)
Hibernate: 
    insert 
    into
        orders
        (actual_delivery_time, customer_id, delivery_address, estimated_delivery_time, notes, order_date, phone, restaurant_id, status, total_amount, id) 
    values
        (?, ?, ?, ?, ?, ?, ?, ?, ?, ?, ?)
2025-07-03 23:42:45.147 [main] DEBUG org.hibernate.SQL - 
    select
        u1_0.id,
        u1_0.address,
        u1_0.email,
        u1_0.full_name,
        u1_0.is_active,
        u1_0.password_hash,
        u1_0.phone,
        u1_0.role 
    from
        users u1_0 
    where
        u1_0.id=?
Hibernate: 
    select
        u1_0.id,
        u1_0.address,
        u1_0.email,
        u1_0.full_name,
        u1_0.is_active,
        u1_0.password_hash,
        u1_0.phone,
        u1_0.role 
    from
        users u1_0 
    where
        u1_0.id=?
2025-07-03 23:42:45.147 [main] DEBUG org.hibernate.SQL - 
    select
        o1_0.id,
        o1_0.actual_delivery_time,
        o1_0.customer_id,
        o1_0.delivery_address,
        o1_0.estimated_delivery_time,
        o1_0.notes,
        o1_0.order_date,
        oi1_0.order_id,
        oi1_0.id,
        oi1_0.food_item_id,
        fi1_0.id,
        fi1_0.available,
        fi1_0.category,
        fi1_0.description,
        fi1_0.image_url,
        fi1_0.keywords,
        fi1_0.name,
        fi1_0.price,
        fi1_0.quantity,
        fi1_0.restaurant_id,
        oi1_0.price,
        oi1_0.quantity,
        o1_0.phone,
        o1_0.restaurant_id,
        o1_0.status,
        o1_0.total_amount 
    from
        orders o1_0 
    left join
        order_items oi1_0 
            on o1_0.id=oi1_0.order_id 
    left join
        food_items fi1_0 
            on fi1_0.id=oi1_0.food_item_id 
    where
        o1_0.id=?
Hibernate: 
    select
        o1_0.id,
        o1_0.actual_delivery_time,
        o1_0.customer_id,
        o1_0.delivery_address,
        o1_0.estimated_delivery_time,
        o1_0.notes,
        o1_0.order_date,
        oi1_0.order_id,
        oi1_0.id,
        oi1_0.food_item_id,
        fi1_0.id,
        fi1_0.available,
        fi1_0.category,
        fi1_0.description,
        fi1_0.image_url,
        fi1_0.keywords,
        fi1_0.name,
        fi1_0.price,
        fi1_0.quantity,
        fi1_0.restaurant_id,
        oi1_0.price,
        oi1_0.quantity,
        o1_0.phone,
        o1_0.restaurant_id,
        o1_0.status,
        o1_0.total_amount 
    from
        orders o1_0 
    left join
        order_items oi1_0 
            on o1_0.id=oi1_0.order_id 
    left join
        food_items fi1_0 
            on fi1_0.id=oi1_0.food_item_id 
    where
        o1_0.id=?
2025-07-03 23:42:45.148 [main] DEBUG org.hibernate.SQL - 
    select
        t1_0.id,
        t1_0.amount,
        t1_0.created_at,
        t1_0.description,
        t1_0.order_id,
        t1_0.payment_method,
        t1_0.processed_at,
        t1_0.reference_id,
        t1_0.status,
        t1_0.type,
        t1_0.updated_at,
        t1_0.user_id 
    from
        transactions t1_0 
    where
        t1_0.order_id=? 
    order by
        t1_0.created_at desc
Hibernate: 
    select
        t1_0.id,
        t1_0.amount,
        t1_0.created_at,
        t1_0.description,
        t1_0.order_id,
        t1_0.payment_method,
        t1_0.processed_at,
        t1_0.reference_id,
        t1_0.status,
        t1_0.type,
        t1_0.updated_at,
        t1_0.user_id 
    from
        transactions t1_0 
    where
        t1_0.order_id=? 
    order by
        t1_0.created_at desc
2025-07-03 23:42:45.148 [main] DEBUG org.hibernate.SQL - 
    insert 
    into
        transactions
        (amount, created_at, description, order_id, payment_method, processed_at, reference_id, status, type, updated_at, user_id, id) 
    values
        (?, ?, ?, ?, ?, ?, ?, ?, ?, ?, ?, ?)
Hibernate: 
    insert 
    into
        transactions
        (amount, created_at, description, order_id, payment_method, processed_at, reference_id, status, type, updated_at, user_id, id) 
    values
        (?, ?, ?, ?, ?, ?, ?, ?, ?, ?, ?, ?)
2025-07-03 23:42:45.150 [main] DEBUG org.hibernate.SQL - 
    select
        t1_0.id,
        t1_0.amount,
        t1_0.created_at,
        t1_0.description,
        t1_0.order_id,
        t1_0.payment_method,
        t1_0.processed_at,
        t1_0.reference_id,
        t1_0.status,
        t1_0.type,
        t1_0.updated_at,
        t1_0.user_id 
    from
        transactions t1_0 
    where
        t1_0.id=?
Hibernate: 
    select
        t1_0.id,
        t1_0.amount,
        t1_0.created_at,
        t1_0.description,
        t1_0.order_id,
        t1_0.payment_method,
        t1_0.processed_at,
        t1_0.reference_id,
        t1_0.status,
        t1_0.type,
        t1_0.updated_at,
        t1_0.user_id 
    from
        transactions t1_0 
    where
        t1_0.id=?
2025-07-03 23:42:45.150 [main] DEBUG org.hibernate.SQL - 
    update
        transactions 
    set
        amount=?,
        created_at=?,
        description=?,
        order_id=?,
        payment_method=?,
        processed_at=?,
        reference_id=?,
        status=?,
        type=?,
        updated_at=?,
        user_id=? 
    where
        id=?
Hibernate: 
    update
        transactions 
    set
        amount=?,
        created_at=?,
        description=?,
        order_id=?,
        payment_method=?,
        processed_at=?,
        reference_id=?,
        status=?,
        type=?,
        updated_at=?,
        user_id=? 
    where
        id=?
✅ Valid payment method processed: card
]]></system-out>
  </testcase>
  <testcase name="validPaymentMethodFormats_VariousCases_AcceptedCorrectly(String)[6]" classname="com.myapp.payment.PaymentEdgeCaseTest$PaymentMethodValidationTests" time="0.066">
    <system-out><![CDATA[🧹 Cleaning up all transactions...
2025-07-03 23:42:45.153 [main] DEBUG org.hibernate.SQL - 
    delete 
    from
        notifications
Hibernate: 
    delete 
    from
        notifications
2025-07-03 23:42:45.153 [main] DEBUG org.hibernate.SQL - 
    delete 
    from
        ratings
Hibernate: 
    delete 
    from
        ratings
2025-07-03 23:42:45.153 [main] DEBUG org.hibernate.SQL - 
    delete 
    from
        order_items
Hibernate: 
    delete 
    from
        order_items
2025-07-03 23:42:45.153 [main] DEBUG org.hibernate.SQL - 
    delete 
    from
        orders
Hibernate: 
    delete 
    from
        orders
2025-07-03 23:42:45.153 [main] DEBUG org.hibernate.SQL - 
    delete 
    from
        food_items
Hibernate: 
    delete 
    from
        food_items
2025-07-03 23:42:45.153 [main] DEBUG org.hibernate.SQL - 
    delete 
    from
        restaurants
Hibernate: 
    delete 
    from
        restaurants
2025-07-03 23:42:45.153 [main] DEBUG org.hibernate.SQL - 
    delete 
    from
        users
Hibernate: 
    delete 
    from
        users
2025-07-03 23:42:45.156 [main] DEBUG c.myapp.common.TestDatabaseManager - Cleaned all test data from database
2025-07-03 23:42:45.156 [main] DEBUG c.myapp.common.TestDatabaseManager - Test database cleanup completed
✅ Database cleaned via TestDatabaseManager
2025-07-03 23:42:45.206 [main] DEBUG org.hibernate.SQL - 
    select
        u1_0.id,
        u1_0.address,
        u1_0.email,
        u1_0.full_name,
        u1_0.is_active,
        u1_0.password_hash,
        u1_0.phone,
        u1_0.role 
    from
        users u1_0 
    where
        u1_0.phone=?
Hibernate: 
    select
        u1_0.id,
        u1_0.address,
        u1_0.email,
        u1_0.full_name,
        u1_0.is_active,
        u1_0.password_hash,
        u1_0.phone,
        u1_0.role 
    from
        users u1_0 
    where
        u1_0.phone=?
2025-07-03 23:42:45.206 [main] DEBUG org.hibernate.SQL - 
    insert 
    into
        users
        (address, email, full_name, is_active, password_hash, phone, role, id) 
    values
        (?, ?, ?, ?, ?, ?, ?, ?)
Hibernate: 
    insert 
    into
        users
        (address, email, full_name, is_active, password_hash, phone, role, id) 
    values
        (?, ?, ?, ?, ?, ?, ?, ?)
2025-07-03 23:42:45.209 [main] DEBUG org.hibernate.SQL - 
    select
        r1_0.id,
        r1_0.address,
        r1_0.name,
        r1_0.owner_id,
        r1_0.phone,
        r1_0.status 
    from
        restaurants r1_0 
    where
        r1_0.id=?
Hibernate: 
    select
        r1_0.id,
        r1_0.address,
        r1_0.name,
        r1_0.owner_id,
        r1_0.phone,
        r1_0.status 
    from
        restaurants r1_0 
    where
        r1_0.id=?
2025-07-03 23:42:45.209 [main] DEBUG org.hibernate.SQL - 
    insert 
    into
        restaurants
        (address, name, owner_id, phone, status, id) 
    values
        (?, ?, ?, ?, ?, ?)
Hibernate: 
    insert 
    into
        restaurants
        (address, name, owner_id, phone, status, id) 
    values
        (?, ?, ?, ?, ?, ?)
2025-07-03 23:42:45.211 [main] DEBUG org.hibernate.SQL - 
    select
        o1_0.id,
        o1_0.actual_delivery_time,
        o1_0.customer_id,
        o1_0.delivery_address,
        o1_0.estimated_delivery_time,
        o1_0.notes,
        o1_0.order_date,
        o1_0.phone,
        o1_0.restaurant_id,
        o1_0.status,
        o1_0.total_amount,
        oi1_0.order_id,
        oi1_0.id,
        oi1_0.food_item_id,
        oi1_0.price,
        oi1_0.quantity 
    from
        orders o1_0 
    left join
        order_items oi1_0 
            on o1_0.id=oi1_0.order_id 
    where
        o1_0.id=?
Hibernate: 
    select
        o1_0.id,
        o1_0.actual_delivery_time,
        o1_0.customer_id,
        o1_0.delivery_address,
        o1_0.estimated_delivery_time,
        o1_0.notes,
        o1_0.order_date,
        o1_0.phone,
        o1_0.restaurant_id,
        o1_0.status,
        o1_0.total_amount,
        oi1_0.order_id,
        oi1_0.id,
        oi1_0.food_item_id,
        oi1_0.price,
        oi1_0.quantity 
    from
        orders o1_0 
    left join
        order_items oi1_0 
            on o1_0.id=oi1_0.order_id 
    where
        o1_0.id=?
2025-07-03 23:42:45.211 [main] DEBUG org.hibernate.SQL - 
    insert 
    into
        orders
        (actual_delivery_time, customer_id, delivery_address, estimated_delivery_time, notes, order_date, phone, restaurant_id, status, total_amount, id) 
    values
        (?, ?, ?, ?, ?, ?, ?, ?, ?, ?, ?)
Hibernate: 
    insert 
    into
        orders
        (actual_delivery_time, customer_id, delivery_address, estimated_delivery_time, notes, order_date, phone, restaurant_id, status, total_amount, id) 
    values
        (?, ?, ?, ?, ?, ?, ?, ?, ?, ?, ?)
2025-07-03 23:42:45.214 [main] DEBUG org.hibernate.SQL - 
    select
        u1_0.id,
        u1_0.address,
        u1_0.email,
        u1_0.full_name,
        u1_0.is_active,
        u1_0.password_hash,
        u1_0.phone,
        u1_0.role 
    from
        users u1_0 
    where
        u1_0.id=?
Hibernate: 
    select
        u1_0.id,
        u1_0.address,
        u1_0.email,
        u1_0.full_name,
        u1_0.is_active,
        u1_0.password_hash,
        u1_0.phone,
        u1_0.role 
    from
        users u1_0 
    where
        u1_0.id=?
2025-07-03 23:42:45.214 [main] DEBUG org.hibernate.SQL - 
    select
        o1_0.id,
        o1_0.actual_delivery_time,
        o1_0.customer_id,
        o1_0.delivery_address,
        o1_0.estimated_delivery_time,
        o1_0.notes,
        o1_0.order_date,
        oi1_0.order_id,
        oi1_0.id,
        oi1_0.food_item_id,
        fi1_0.id,
        fi1_0.available,
        fi1_0.category,
        fi1_0.description,
        fi1_0.image_url,
        fi1_0.keywords,
        fi1_0.name,
        fi1_0.price,
        fi1_0.quantity,
        fi1_0.restaurant_id,
        oi1_0.price,
        oi1_0.quantity,
        o1_0.phone,
        o1_0.restaurant_id,
        o1_0.status,
        o1_0.total_amount 
    from
        orders o1_0 
    left join
        order_items oi1_0 
            on o1_0.id=oi1_0.order_id 
    left join
        food_items fi1_0 
            on fi1_0.id=oi1_0.food_item_id 
    where
        o1_0.id=?
Hibernate: 
    select
        o1_0.id,
        o1_0.actual_delivery_time,
        o1_0.customer_id,
        o1_0.delivery_address,
        o1_0.estimated_delivery_time,
        o1_0.notes,
        o1_0.order_date,
        oi1_0.order_id,
        oi1_0.id,
        oi1_0.food_item_id,
        fi1_0.id,
        fi1_0.available,
        fi1_0.category,
        fi1_0.description,
        fi1_0.image_url,
        fi1_0.keywords,
        fi1_0.name,
        fi1_0.price,
        fi1_0.quantity,
        fi1_0.restaurant_id,
        oi1_0.price,
        oi1_0.quantity,
        o1_0.phone,
        o1_0.restaurant_id,
        o1_0.status,
        o1_0.total_amount 
    from
        orders o1_0 
    left join
        order_items oi1_0 
            on o1_0.id=oi1_0.order_id 
    left join
        food_items fi1_0 
            on fi1_0.id=oi1_0.food_item_id 
    where
        o1_0.id=?
2025-07-03 23:42:45.214 [main] DEBUG org.hibernate.SQL - 
    select
        t1_0.id,
        t1_0.amount,
        t1_0.created_at,
        t1_0.description,
        t1_0.order_id,
        t1_0.payment_method,
        t1_0.processed_at,
        t1_0.reference_id,
        t1_0.status,
        t1_0.type,
        t1_0.updated_at,
        t1_0.user_id 
    from
        transactions t1_0 
    where
        t1_0.order_id=? 
    order by
        t1_0.created_at desc
Hibernate: 
    select
        t1_0.id,
        t1_0.amount,
        t1_0.created_at,
        t1_0.description,
        t1_0.order_id,
        t1_0.payment_method,
        t1_0.processed_at,
        t1_0.reference_id,
        t1_0.status,
        t1_0.type,
        t1_0.updated_at,
        t1_0.user_id 
    from
        transactions t1_0 
    where
        t1_0.order_id=? 
    order by
        t1_0.created_at desc
2025-07-03 23:42:45.214 [main] DEBUG org.hibernate.SQL - 
    insert 
    into
        transactions
        (amount, created_at, description, order_id, payment_method, processed_at, reference_id, status, type, updated_at, user_id, id) 
    values
        (?, ?, ?, ?, ?, ?, ?, ?, ?, ?, ?, ?)
Hibernate: 
    insert 
    into
        transactions
        (amount, created_at, description, order_id, payment_method, processed_at, reference_id, status, type, updated_at, user_id, id) 
    values
        (?, ?, ?, ?, ?, ?, ?, ?, ?, ?, ?, ?)
2025-07-03 23:42:45.216 [main] DEBUG org.hibernate.SQL - 
    select
        t1_0.id,
        t1_0.amount,
        t1_0.created_at,
        t1_0.description,
        t1_0.order_id,
        t1_0.payment_method,
        t1_0.processed_at,
        t1_0.reference_id,
        t1_0.status,
        t1_0.type,
        t1_0.updated_at,
        t1_0.user_id 
    from
        transactions t1_0 
    where
        t1_0.id=?
Hibernate: 
    select
        t1_0.id,
        t1_0.amount,
        t1_0.created_at,
        t1_0.description,
        t1_0.order_id,
        t1_0.payment_method,
        t1_0.processed_at,
        t1_0.reference_id,
        t1_0.status,
        t1_0.type,
        t1_0.updated_at,
        t1_0.user_id 
    from
        transactions t1_0 
    where
        t1_0.id=?
2025-07-03 23:42:45.217 [main] DEBUG org.hibernate.SQL - 
    update
        transactions 
    set
        amount=?,
        created_at=?,
        description=?,
        order_id=?,
        payment_method=?,
        processed_at=?,
        reference_id=?,
        status=?,
        type=?,
        updated_at=?,
        user_id=? 
    where
        id=?
Hibernate: 
    update
        transactions 
    set
        amount=?,
        created_at=?,
        description=?,
        order_id=?,
        payment_method=?,
        processed_at=?,
        reference_id=?,
        status=?,
        type=?,
        updated_at=?,
        user_id=? 
    where
        id=?
✅ Valid payment method processed: Card
]]></system-out>
  </testcase>
  <testcase name="validPaymentMethodFormats_VariousCases_AcceptedCorrectly(String)[7]" classname="com.myapp.payment.PaymentEdgeCaseTest$PaymentMethodValidationTests" time="0.068">
    <system-out><![CDATA[🧹 Cleaning up all transactions...
2025-07-03 23:42:45.219 [main] DEBUG org.hibernate.SQL - 
    delete 
    from
        notifications
Hibernate: 
    delete 
    from
        notifications
2025-07-03 23:42:45.219 [main] DEBUG org.hibernate.SQL - 
    delete 
    from
        ratings
Hibernate: 
    delete 
    from
        ratings
2025-07-03 23:42:45.219 [main] DEBUG org.hibernate.SQL - 
    delete 
    from
        order_items
Hibernate: 
    delete 
    from
        order_items
2025-07-03 23:42:45.219 [main] DEBUG org.hibernate.SQL - 
    delete 
    from
        orders
Hibernate: 
    delete 
    from
        orders
2025-07-03 23:42:45.219 [main] DEBUG org.hibernate.SQL - 
    delete 
    from
        food_items
Hibernate: 
    delete 
    from
        food_items
2025-07-03 23:42:45.219 [main] DEBUG org.hibernate.SQL - 
    delete 
    from
        restaurants
Hibernate: 
    delete 
    from
        restaurants
2025-07-03 23:42:45.219 [main] DEBUG org.hibernate.SQL - 
    delete 
    from
        users
Hibernate: 
    delete 
    from
        users
2025-07-03 23:42:45.222 [main] DEBUG c.myapp.common.TestDatabaseManager - Cleaned all test data from database
2025-07-03 23:42:45.222 [main] DEBUG c.myapp.common.TestDatabaseManager - Test database cleanup completed
✅ Database cleaned via TestDatabaseManager
2025-07-03 23:42:45.273 [main] DEBUG org.hibernate.SQL - 
    select
        u1_0.id,
        u1_0.address,
        u1_0.email,
        u1_0.full_name,
        u1_0.is_active,
        u1_0.password_hash,
        u1_0.phone,
        u1_0.role 
    from
        users u1_0 
    where
        u1_0.phone=?
Hibernate: 
    select
        u1_0.id,
        u1_0.address,
        u1_0.email,
        u1_0.full_name,
        u1_0.is_active,
        u1_0.password_hash,
        u1_0.phone,
        u1_0.role 
    from
        users u1_0 
    where
        u1_0.phone=?
2025-07-03 23:42:45.273 [main] DEBUG org.hibernate.SQL - 
    insert 
    into
        users
        (address, email, full_name, is_active, password_hash, phone, role, id) 
    values
        (?, ?, ?, ?, ?, ?, ?, ?)
Hibernate: 
    insert 
    into
        users
        (address, email, full_name, is_active, password_hash, phone, role, id) 
    values
        (?, ?, ?, ?, ?, ?, ?, ?)
2025-07-03 23:42:45.275 [main] DEBUG org.hibernate.SQL - 
    select
        r1_0.id,
        r1_0.address,
        r1_0.name,
        r1_0.owner_id,
        r1_0.phone,
        r1_0.status 
    from
        restaurants r1_0 
    where
        r1_0.id=?
Hibernate: 
    select
        r1_0.id,
        r1_0.address,
        r1_0.name,
        r1_0.owner_id,
        r1_0.phone,
        r1_0.status 
    from
        restaurants r1_0 
    where
        r1_0.id=?
2025-07-03 23:42:45.275 [main] DEBUG org.hibernate.SQL - 
    insert 
    into
        restaurants
        (address, name, owner_id, phone, status, id) 
    values
        (?, ?, ?, ?, ?, ?)
Hibernate: 
    insert 
    into
        restaurants
        (address, name, owner_id, phone, status, id) 
    values
        (?, ?, ?, ?, ?, ?)
2025-07-03 23:42:45.278 [main] DEBUG org.hibernate.SQL - 
    select
        o1_0.id,
        o1_0.actual_delivery_time,
        o1_0.customer_id,
        o1_0.delivery_address,
        o1_0.estimated_delivery_time,
        o1_0.notes,
        o1_0.order_date,
        o1_0.phone,
        o1_0.restaurant_id,
        o1_0.status,
        o1_0.total_amount,
        oi1_0.order_id,
        oi1_0.id,
        oi1_0.food_item_id,
        oi1_0.price,
        oi1_0.quantity 
    from
        orders o1_0 
    left join
        order_items oi1_0 
            on o1_0.id=oi1_0.order_id 
    where
        o1_0.id=?
Hibernate: 
    select
        o1_0.id,
        o1_0.actual_delivery_time,
        o1_0.customer_id,
        o1_0.delivery_address,
        o1_0.estimated_delivery_time,
        o1_0.notes,
        o1_0.order_date,
        o1_0.phone,
        o1_0.restaurant_id,
        o1_0.status,
        o1_0.total_amount,
        oi1_0.order_id,
        oi1_0.id,
        oi1_0.food_item_id,
        oi1_0.price,
        oi1_0.quantity 
    from
        orders o1_0 
    left join
        order_items oi1_0 
            on o1_0.id=oi1_0.order_id 
    where
        o1_0.id=?
2025-07-03 23:42:45.278 [main] DEBUG org.hibernate.SQL - 
    insert 
    into
        orders
        (actual_delivery_time, customer_id, delivery_address, estimated_delivery_time, notes, order_date, phone, restaurant_id, status, total_amount, id) 
    values
        (?, ?, ?, ?, ?, ?, ?, ?, ?, ?, ?)
Hibernate: 
    insert 
    into
        orders
        (actual_delivery_time, customer_id, delivery_address, estimated_delivery_time, notes, order_date, phone, restaurant_id, status, total_amount, id) 
    values
        (?, ?, ?, ?, ?, ?, ?, ?, ?, ?, ?)
2025-07-03 23:42:45.280 [main] DEBUG org.hibernate.SQL - 
    select
        u1_0.id,
        u1_0.address,
        u1_0.email,
        u1_0.full_name,
        u1_0.is_active,
        u1_0.password_hash,
        u1_0.phone,
        u1_0.role 
    from
        users u1_0 
    where
        u1_0.id=?
Hibernate: 
    select
        u1_0.id,
        u1_0.address,
        u1_0.email,
        u1_0.full_name,
        u1_0.is_active,
        u1_0.password_hash,
        u1_0.phone,
        u1_0.role 
    from
        users u1_0 
    where
        u1_0.id=?
2025-07-03 23:42:45.280 [main] DEBUG org.hibernate.SQL - 
    select
        o1_0.id,
        o1_0.actual_delivery_time,
        o1_0.customer_id,
        o1_0.delivery_address,
        o1_0.estimated_delivery_time,
        o1_0.notes,
        o1_0.order_date,
        oi1_0.order_id,
        oi1_0.id,
        oi1_0.food_item_id,
        fi1_0.id,
        fi1_0.available,
        fi1_0.category,
        fi1_0.description,
        fi1_0.image_url,
        fi1_0.keywords,
        fi1_0.name,
        fi1_0.price,
        fi1_0.quantity,
        fi1_0.restaurant_id,
        oi1_0.price,
        oi1_0.quantity,
        o1_0.phone,
        o1_0.restaurant_id,
        o1_0.status,
        o1_0.total_amount 
    from
        orders o1_0 
    left join
        order_items oi1_0 
            on o1_0.id=oi1_0.order_id 
    left join
        food_items fi1_0 
            on fi1_0.id=oi1_0.food_item_id 
    where
        o1_0.id=?
Hibernate: 
    select
        o1_0.id,
        o1_0.actual_delivery_time,
        o1_0.customer_id,
        o1_0.delivery_address,
        o1_0.estimated_delivery_time,
        o1_0.notes,
        o1_0.order_date,
        oi1_0.order_id,
        oi1_0.id,
        oi1_0.food_item_id,
        fi1_0.id,
        fi1_0.available,
        fi1_0.category,
        fi1_0.description,
        fi1_0.image_url,
        fi1_0.keywords,
        fi1_0.name,
        fi1_0.price,
        fi1_0.quantity,
        fi1_0.restaurant_id,
        oi1_0.price,
        oi1_0.quantity,
        o1_0.phone,
        o1_0.restaurant_id,
        o1_0.status,
        o1_0.total_amount 
    from
        orders o1_0 
    left join
        order_items oi1_0 
            on o1_0.id=oi1_0.order_id 
    left join
        food_items fi1_0 
            on fi1_0.id=oi1_0.food_item_id 
    where
        o1_0.id=?
2025-07-03 23:42:45.281 [main] DEBUG org.hibernate.SQL - 
    select
        t1_0.id,
        t1_0.amount,
        t1_0.created_at,
        t1_0.description,
        t1_0.order_id,
        t1_0.payment_method,
        t1_0.processed_at,
        t1_0.reference_id,
        t1_0.status,
        t1_0.type,
        t1_0.updated_at,
        t1_0.user_id 
    from
        transactions t1_0 
    where
        t1_0.order_id=? 
    order by
        t1_0.created_at desc
Hibernate: 
    select
        t1_0.id,
        t1_0.amount,
        t1_0.created_at,
        t1_0.description,
        t1_0.order_id,
        t1_0.payment_method,
        t1_0.processed_at,
        t1_0.reference_id,
        t1_0.status,
        t1_0.type,
        t1_0.updated_at,
        t1_0.user_id 
    from
        transactions t1_0 
    where
        t1_0.order_id=? 
    order by
        t1_0.created_at desc
2025-07-03 23:42:45.281 [main] DEBUG org.hibernate.SQL - 
    select
        next_val as id_val 
    from
        transactions_SEQ
Hibernate: 
    select
        next_val as id_val 
    from
        transactions_SEQ
2025-07-03 23:42:45.281 [main] DEBUG org.hibernate.SQL - 
    update
        transactions_SEQ 
    set
        next_val= ? 
    where
        next_val=?
Hibernate: 
    update
        transactions_SEQ 
    set
        next_val= ? 
    where
        next_val=?
2025-07-03 23:42:45.283 [main] DEBUG org.hibernate.SQL - 
    insert 
    into
        transactions
        (amount, created_at, description, order_id, payment_method, processed_at, reference_id, status, type, updated_at, user_id, id) 
    values
        (?, ?, ?, ?, ?, ?, ?, ?, ?, ?, ?, ?)
Hibernate: 
    insert 
    into
        transactions
        (amount, created_at, description, order_id, payment_method, processed_at, reference_id, status, type, updated_at, user_id, id) 
    values
        (?, ?, ?, ?, ?, ?, ?, ?, ?, ?, ?, ?)
2025-07-03 23:42:45.285 [main] DEBUG org.hibernate.SQL - 
    select
        t1_0.id,
        t1_0.amount,
        t1_0.created_at,
        t1_0.description,
        t1_0.order_id,
        t1_0.payment_method,
        t1_0.processed_at,
        t1_0.reference_id,
        t1_0.status,
        t1_0.type,
        t1_0.updated_at,
        t1_0.user_id 
    from
        transactions t1_0 
    where
        t1_0.id=?
Hibernate: 
    select
        t1_0.id,
        t1_0.amount,
        t1_0.created_at,
        t1_0.description,
        t1_0.order_id,
        t1_0.payment_method,
        t1_0.processed_at,
        t1_0.reference_id,
        t1_0.status,
        t1_0.type,
        t1_0.updated_at,
        t1_0.user_id 
    from
[...]
        o1_0.total_amount 
    from
        orders o1_0 
    left join
        order_items oi1_0 
            on o1_0.id=oi1_0.order_id 
    left join
        food_items fi1_0 
            on fi1_0.id=oi1_0.food_item_id 
    where
        o1_0.id=?
Hibernate: 
    select
        o1_0.id,
        o1_0.actual_delivery_time,
        o1_0.customer_id,
        o1_0.delivery_address,
        o1_0.estimated_delivery_time,
        o1_0.notes,
        o1_0.order_date,
        oi1_0.order_id,
        oi1_0.id,
        oi1_0.food_item_id,
        fi1_0.id,
        fi1_0.available,
        fi1_0.category,
        fi1_0.description,
        fi1_0.image_url,
        fi1_0.keywords,
        fi1_0.name,
        fi1_0.price,
        fi1_0.quantity,
        fi1_0.restaurant_id,
        oi1_0.price,
        oi1_0.quantity,
        o1_0.phone,
        o1_0.restaurant_id,
        o1_0.status,
        o1_0.total_amount 
    from
        orders o1_0 
    left join
        order_items oi1_0 
            on o1_0.id=oi1_0.order_id 
    left join
        food_items fi1_0 
            on fi1_0.id=oi1_0.food_item_id 
    where
        o1_0.id=?
2025-07-03 23:42:46.047 [main] DEBUG org.hibernate.SQL - 
    select
        t1_0.id,
        t1_0.amount,
        t1_0.created_at,
        t1_0.description,
        t1_0.order_id,
        t1_0.payment_method,
        t1_0.processed_at,
        t1_0.reference_id,
        t1_0.status,
        t1_0.type,
        t1_0.updated_at,
        t1_0.user_id 
    from
        transactions t1_0 
    where
        t1_0.order_id=? 
    order by
        t1_0.created_at desc
Hibernate: 
    select
        t1_0.id,
        t1_0.amount,
        t1_0.created_at,
        t1_0.description,
        t1_0.order_id,
        t1_0.payment_method,
        t1_0.processed_at,
        t1_0.reference_id,
        t1_0.status,
        t1_0.type,
        t1_0.updated_at,
        t1_0.user_id 
    from
        transactions t1_0 
    where
        t1_0.order_id=? 
    order by
        t1_0.created_at desc
2025-07-03 23:42:46.048 [main] DEBUG org.hibernate.SQL - 
    insert 
    into
        transactions
        (amount, created_at, description, order_id, payment_method, processed_at, reference_id, status, type, updated_at, user_id, id) 
    values
        (?, ?, ?, ?, ?, ?, ?, ?, ?, ?, ?, ?)
Hibernate: 
    insert 
    into
        transactions
        (amount, created_at, description, order_id, payment_method, processed_at, reference_id, status, type, updated_at, user_id, id) 
    values
        (?, ?, ?, ?, ?, ?, ?, ?, ?, ?, ?, ?)
2025-07-03 23:42:46.050 [main] DEBUG org.hibernate.SQL - 
    select
        t1_0.id,
        t1_0.amount,
        t1_0.created_at,
        t1_0.description,
        t1_0.order_id,
        t1_0.payment_method,
        t1_0.processed_at,
        t1_0.reference_id,
        t1_0.status,
        t1_0.type,
        t1_0.updated_at,
        t1_0.user_id 
    from
        transactions t1_0 
    where
        t1_0.id=?
Hibernate: 
    select
        t1_0.id,
        t1_0.amount,
        t1_0.created_at,
        t1_0.description,
        t1_0.order_id,
        t1_0.payment_method,
        t1_0.processed_at,
        t1_0.reference_id,
        t1_0.status,
        t1_0.type,
        t1_0.updated_at,
        t1_0.user_id 
    from
        transactions t1_0 
    where
        t1_0.id=?
2025-07-03 23:42:46.050 [main] DEBUG org.hibernate.SQL - 
    update
        transactions 
    set
        amount=?,
        created_at=?,
        description=?,
        order_id=?,
        payment_method=?,
        processed_at=?,
        reference_id=?,
        status=?,
        type=?,
        updated_at=?,
        user_id=? 
    where
        id=?
Hibernate: 
    update
        transactions 
    set
        amount=?,
        created_at=?,
        description=?,
        order_id=?,
        payment_method=?,
        processed_at=?,
        reference_id=?,
        status=?,
        type=?,
        updated_at=?,
        user_id=? 
    where
        id=?
✅ Malicious input correctly rejected: CARD'; DROP TABLE transactions; --
2025-07-03 23:42:46.052 [main] DEBUG org.hibernate.SQL - 
    select
        u1_0.id,
        u1_0.address,
        u1_0.email,
        u1_0.full_name,
        u1_0.is_active,
        u1_0.password_hash,
        u1_0.phone,
        u1_0.role 
    from
        users u1_0 
    where
        u1_0.id=?
Hibernate: 
    select
        u1_0.id,
        u1_0.address,
        u1_0.email,
        u1_0.full_name,
        u1_0.is_active,
        u1_0.password_hash,
        u1_0.phone,
        u1_0.role 
    from
        users u1_0 
    where
        u1_0.id=?
2025-07-03 23:42:46.052 [main] DEBUG org.hibernate.SQL - 
    select
        o1_0.id,
        o1_0.actual_delivery_time,
        o1_0.customer_id,
        o1_0.delivery_address,
        o1_0.estimated_delivery_time,
        o1_0.notes,
        o1_0.order_date,
        oi1_0.order_id,
        oi1_0.id,
        oi1_0.food_item_id,
        fi1_0.id,
        fi1_0.available,
        fi1_0.category,
        fi1_0.description,
        fi1_0.image_url,
        fi1_0.keywords,
        fi1_0.name,
        fi1_0.price,
        fi1_0.quantity,
        fi1_0.restaurant_id,
        oi1_0.price,
        oi1_0.quantity,
        o1_0.phone,
        o1_0.restaurant_id,
        o1_0.status,
        o1_0.total_amount 
    from
        orders o1_0 
    left join
        order_items oi1_0 
            on o1_0.id=oi1_0.order_id 
    left join
        food_items fi1_0 
            on fi1_0.id=oi1_0.food_item_id 
    where
        o1_0.id=?
Hibernate: 
    select
        o1_0.id,
        o1_0.actual_delivery_time,
        o1_0.customer_id,
        o1_0.delivery_address,
        o1_0.estimated_delivery_time,
        o1_0.notes,
        o1_0.order_date,
        oi1_0.order_id,
        oi1_0.id,
        oi1_0.food_item_id,
        fi1_0.id,
        fi1_0.available,
        fi1_0.category,
        fi1_0.description,
        fi1_0.image_url,
        fi1_0.keywords,
        fi1_0.name,
        fi1_0.price,
        fi1_0.quantity,
        fi1_0.restaurant_id,
        oi1_0.price,
        oi1_0.quantity,
        o1_0.phone,
        o1_0.restaurant_id,
        o1_0.status,
        o1_0.total_amount 
    from
        orders o1_0 
    left join
        order_items oi1_0 
            on o1_0.id=oi1_0.order_id 
    left join
        food_items fi1_0 
            on fi1_0.id=oi1_0.food_item_id 
    where
        o1_0.id=?
2025-07-03 23:42:46.053 [main] DEBUG org.hibernate.SQL - 
    select
        t1_0.id,
        t1_0.amount,
        t1_0.created_at,
        t1_0.description,
        t1_0.order_id,
        t1_0.payment_method,
        t1_0.processed_at,
        t1_0.reference_id,
        t1_0.status,
        t1_0.type,
        t1_0.updated_at,
        t1_0.user_id 
    from
        transactions t1_0 
    where
        t1_0.order_id=? 
    order by
        t1_0.created_at desc
Hibernate: 
    select
        t1_0.id,
        t1_0.amount,
        t1_0.created_at,
        t1_0.description,
        t1_0.order_id,
        t1_0.payment_method,
        t1_0.processed_at,
        t1_0.reference_id,
        t1_0.status,
        t1_0.type,
        t1_0.updated_at,
        t1_0.user_id 
    from
        transactions t1_0 
    where
        t1_0.order_id=? 
    order by
        t1_0.created_at desc
2025-07-03 23:42:46.053 [main] DEBUG org.hibernate.SQL - 
    insert 
    into
        transactions
        (amount, created_at, description, order_id, payment_method, processed_at, reference_id, status, type, updated_at, user_id, id) 
    values
        (?, ?, ?, ?, ?, ?, ?, ?, ?, ?, ?, ?)
Hibernate: 
    insert 
    into
        transactions
        (amount, created_at, description, order_id, payment_method, processed_at, reference_id, status, type, updated_at, user_id, id) 
    values
        (?, ?, ?, ?, ?, ?, ?, ?, ?, ?, ?, ?)
2025-07-03 23:42:46.055 [main] DEBUG org.hibernate.SQL - 
    select
        t1_0.id,
        t1_0.amount,
        t1_0.created_at,
        t1_0.description,
        t1_0.order_id,
        t1_0.payment_method,
        t1_0.processed_at,
        t1_0.reference_id,
        t1_0.status,
        t1_0.type,
        t1_0.updated_at,
        t1_0.user_id 
    from
        transactions t1_0 
    where
        t1_0.id=?
Hibernate: 
    select
        t1_0.id,
        t1_0.amount,
        t1_0.created_at,
        t1_0.description,
        t1_0.order_id,
        t1_0.payment_method,
        t1_0.processed_at,
        t1_0.reference_id,
        t1_0.status,
        t1_0.type,
        t1_0.updated_at,
        t1_0.user_id 
    from
        transactions t1_0 
    where
        t1_0.id=?
2025-07-03 23:42:46.055 [main] DEBUG org.hibernate.SQL - 
    update
        transactions 
    set
        amount=?,
        created_at=?,
        description=?,
        order_id=?,
        payment_method=?,
        processed_at=?,
        reference_id=?,
        status=?,
        type=?,
        updated_at=?,
        user_id=? 
    where
        id=?
Hibernate: 
    update
        transactions 
    set
        amount=?,
        created_at=?,
        description=?,
        order_id=?,
        payment_method=?,
        processed_at=?,
        reference_id=?,
        status=?,
        type=?,
        updated_at=?,
        user_id=? 
    where
        id=?
✅ Malicious input correctly rejected: <script>alert('xss')</script>
2025-07-03 23:42:46.057 [main] DEBUG org.hibernate.SQL - 
    select
        u1_0.id,
        u1_0.address,
        u1_0.email,
        u1_0.full_name,
        u1_0.is_active,
        u1_0.password_hash,
        u1_0.phone,
        u1_0.role 
    from
        users u1_0 
    where
        u1_0.id=?
Hibernate: 
    select
        u1_0.id,
        u1_0.address,
        u1_0.email,
        u1_0.full_name,
        u1_0.is_active,
        u1_0.password_hash,
        u1_0.phone,
        u1_0.role 
    from
        users u1_0 
    where
        u1_0.id=?
2025-07-03 23:42:46.058 [main] DEBUG org.hibernate.SQL - 
    select
        o1_0.id,
        o1_0.actual_delivery_time,
        o1_0.customer_id,
        o1_0.delivery_address,
        o1_0.estimated_delivery_time,
        o1_0.notes,
        o1_0.order_date,
        oi1_0.order_id,
        oi1_0.id,
        oi1_0.food_item_id,
        fi1_0.id,
        fi1_0.available,
        fi1_0.category,
        fi1_0.description,
        fi1_0.image_url,
        fi1_0.keywords,
        fi1_0.name,
        fi1_0.price,
        fi1_0.quantity,
        fi1_0.restaurant_id,
        oi1_0.price,
        oi1_0.quantity,
        o1_0.phone,
        o1_0.restaurant_id,
        o1_0.status,
        o1_0.total_amount 
    from
        orders o1_0 
    left join
        order_items oi1_0 
            on o1_0.id=oi1_0.order_id 
    left join
        food_items fi1_0 
            on fi1_0.id=oi1_0.food_item_id 
    where
        o1_0.id=?
Hibernate: 
    select
        o1_0.id,
        o1_0.actual_delivery_time,
        o1_0.customer_id,
        o1_0.delivery_address,
        o1_0.estimated_delivery_time,
        o1_0.notes,
        o1_0.order_date,
        oi1_0.order_id,
        oi1_0.id,
        oi1_0.food_item_id,
        fi1_0.id,
        fi1_0.available,
        fi1_0.category,
        fi1_0.description,
        fi1_0.image_url,
        fi1_0.keywords,
        fi1_0.name,
        fi1_0.price,
        fi1_0.quantity,
        fi1_0.restaurant_id,
        oi1_0.price,
        oi1_0.quantity,
        o1_0.phone,
        o1_0.restaurant_id,
        o1_0.status,
        o1_0.total_amount 
    from
        orders o1_0 
    left join
        order_items oi1_0 
            on o1_0.id=oi1_0.order_id 
    left join
        food_items fi1_0 
            on fi1_0.id=oi1_0.food_item_id 
    where
        o1_0.id=?
2025-07-03 23:42:46.058 [main] DEBUG org.hibernate.SQL - 
    select
        t1_0.id,
        t1_0.amount,
        t1_0.created_at,
        t1_0.description,
        t1_0.order_id,
        t1_0.payment_method,
        t1_0.processed_at,
        t1_0.reference_id,
        t1_0.status,
        t1_0.type,
        t1_0.updated_at,
        t1_0.user_id 
    from
        transactions t1_0 
    where
        t1_0.order_id=? 
    order by
        t1_0.created_at desc
Hibernate: 
    select
        t1_0.id,
        t1_0.amount,
        t1_0.created_at,
        t1_0.description,
        t1_0.order_id,
        t1_0.payment_method,
        t1_0.processed_at,
        t1_0.reference_id,
        t1_0.status,
        t1_0.type,
        t1_0.updated_at,
        t1_0.user_id 
    from
        transactions t1_0 
    where
        t1_0.order_id=? 
    order by
        t1_0.created_at desc
2025-07-03 23:42:46.058 [main] DEBUG org.hibernate.SQL - 
    insert 
    into
        transactions
        (amount, created_at, description, order_id, payment_method, processed_at, reference_id, status, type, updated_at, user_id, id) 
    values
        (?, ?, ?, ?, ?, ?, ?, ?, ?, ?, ?, ?)
Hibernate: 
    insert 
    into
        transactions
        (amount, created_at, description, order_id, payment_method, processed_at, reference_id, status, type, updated_at, user_id, id) 
    values
        (?, ?, ?, ?, ?, ?, ?, ?, ?, ?, ?, ?)
2025-07-03 23:42:46.060 [main] DEBUG org.hibernate.SQL - 
    select
        t1_0.id,
        t1_0.amount,
        t1_0.created_at,
        t1_0.description,
        t1_0.order_id,
        t1_0.payment_method,
        t1_0.processed_at,
        t1_0.reference_id,
        t1_0.status,
        t1_0.type,
        t1_0.updated_at,
        t1_0.user_id 
    from
        transactions t1_0 
    where
        t1_0.id=?
Hibernate: 
    select
        t1_0.id,
        t1_0.amount,
        t1_0.created_at,
        t1_0.description,
        t1_0.order_id,
        t1_0.payment_method,
        t1_0.processed_at,
        t1_0.reference_id,
        t1_0.status,
        t1_0.type,
        t1_0.updated_at,
        t1_0.user_id 
    from
        transactions t1_0 
    where
        t1_0.id=?
2025-07-03 23:42:46.060 [main] DEBUG org.hibernate.SQL - 
    update
        transactions 
    set
        amount=?,
        created_at=?,
        description=?,
        order_id=?,
        payment_method=?,
        processed_at=?,
        reference_id=?,
        status=?,
        type=?,
        updated_at=?,
        user_id=? 
    where
        id=?
Hibernate: 
    update
        transactions 
    set
        amount=?,
        created_at=?,
        description=?,
        order_id=?,
        payment_method=?,
        processed_at=?,
        reference_id=?,
        status=?,
        type=?,
        updated_at=?,
        user_id=? 
    where
        id=?
✅ Malicious input correctly rejected: CARD
CARD
2025-07-03 23:42:46.062 [main] DEBUG org.hibernate.SQL - 
    select
        u1_0.id,
        u1_0.address,
        u1_0.email,
        u1_0.full_name,
        u1_0.is_active,
        u1_0.password_hash,
        u1_0.phone,
        u1_0.role 
    from
        users u1_0 
    where
        u1_0.id=?
Hibernate: 
    select
        u1_0.id,
        u1_0.address,
        u1_0.email,
        u1_0.full_name,
        u1_0.is_active,
        u1_0.password_hash,
        u1_0.phone,
        u1_0.role 
    from
        users u1_0 
    where
        u1_0.id=?
2025-07-03 23:42:46.063 [main] DEBUG org.hibernate.SQL - 
    select
        o1_0.id,
        o1_0.actual_delivery_time,
        o1_0.customer_id,
        o1_0.delivery_address,
        o1_0.estimated_delivery_time,
        o1_0.notes,
        o1_0.order_date,
        oi1_0.order_id,
        oi1_0.id,
        oi1_0.food_item_id,
        fi1_0.id,
        fi1_0.available,
        fi1_0.category,
        fi1_0.description,
        fi1_0.image_url,
        fi1_0.keywords,
        fi1_0.name,
        fi1_0.price,
        fi1_0.quantity,
        fi1_0.restaurant_id,
        oi1_0.price,
        oi1_0.quantity,
        o1_0.phone,
        o1_0.restaurant_id,
        o1_0.status,
        o1_0.total_amount 
    from
        orders o1_0 
    left join
        order_items oi1_0 
            on o1_0.id=oi1_0.order_id 
    left join
        food_items fi1_0 
            on fi1_0.id=oi1_0.food_item_id 
    where
        o1_0.id=?
Hibernate: 
    select
        o1_0.id,
        o1_0.actual_delivery_time,
        o1_0.customer_id,
        o1_0.delivery_address,
        o1_0.estimated_delivery_time,
        o1_0.notes,
        o1_0.order_date,
        oi1_0.order_id,
        oi1_0.id,
        oi1_0.food_item_id,
        fi1_0.id,
        fi1_0.available,
        fi1_0.category,
        fi1_0.description,
        fi1_0.image_url,
        fi1_0.keywords,
        fi1_0.name,
        fi1_0.price,
        fi1_0.quantity,
        fi1_0.restaurant_id,
        oi1_0.price,
        oi1_0.quantity,
        o1_0.phone,
        o1_0.restaurant_id,
        o1_0.status,
        o1_0.total_amount 
    from
        orders o1_0 
    left join
        order_items oi1_0 
            on o1_0.id=oi1_0.order_id 
    left join
        food_items fi1_0 
            on fi1_0.id=oi1_0.food_item_id 
    where
        o1_0.id=?
2025-07-03 23:42:46.063 [main] DEBUG org.hibernate.SQL - 
    select
        t1_0.id,
        t1_0.amount,
        t1_0.created_at,
        t1_0.description,
        t1_0.order_id,
        t1_0.payment_method,
        t1_0.processed_at,
        t1_0.reference_id,
        t1_0.status,
        t1_0.type,
        t1_0.updated_at,
        t1_0.user_id 
    from
        transactions t1_0 
    where
        t1_0.order_id=? 
    order by
        t1_0.created_at desc
Hibernate: 
    select
        t1_0.id,
        t1_0.amount,
        t1_0.created_at,
        t1_0.description,
        t1_0.order_id,
        t1_0.payment_method,
        t1_0.processed_at,
        t1_0.reference_id,
        t1_0.status,
        t1_0.type,
        t1_0.updated_at,
        t1_0.user_id 
    from
        transactions t1_0 
    where
        t1_0.order_id=? 
    order by
        t1_0.created_at desc
2025-07-03 23:42:46.063 [main] DEBUG org.hibernate.SQL - 
    insert 
    into
        transactions
        (amount, created_at, description, order_id, payment_method, processed_at, reference_id, status, type, updated_at, user_id, id) 
    values
        (?, ?, ?, ?, ?, ?, ?, ?, ?, ?, ?, ?)
Hibernate: 
    insert 
    into
        transactions
        (amount, created_at, description, order_id, payment_method, processed_at, reference_id, status, type, updated_at, user_id, id) 
    values
        (?, ?, ?, ?, ?, ?, ?, ?, ?, ?, ?, ?)
2025-07-03 23:42:46.065 [main] DEBUG org.hibernate.SQL - 
    select
        t1_0.id,
        t1_0.amount,
        t1_0.created_at,
        t1_0.description,
        t1_0.order_id,
        t1_0.payment_method,
        t1_0.processed_at,
        t1_0.reference_id,
        t1_0.status,
        t1_0.type,
        t1_0.updated_at,
        t1_0.user_id 
    from
        transactions t1_0 
    where
        t1_0.id=?
Hibernate: 
    select
        t1_0.id,
        t1_0.amount,
        t1_0.created_at,
        t1_0.description,
        t1_0.order_id,
        t1_0.payment_method,
        t1_0.processed_at,
        t1_0.reference_id,
        t1_0.status,
        t1_0.type,
        t1_0.updated_at,
        t1_0.user_id 
    from
        transactions t1_0 
    where
        t1_0.id=?
2025-07-03 23:42:46.065 [main] DEBUG org.hibernate.SQL - 
    update
        transactions 
    set
        amount=?,
        created_at=?,
        description=?,
        order_id=?,
        payment_method=?,
        processed_at=?,
        reference_id=?,
        status=?,
        type=?,
        updated_at=?,
        user_id=? 
    where
        id=?
Hibernate: 
    update
        transactions 
    set
        amount=?,
        created_at=?,
        description=?,
        order_id=?,
        payment_method=?,
        processed_at=?,
        reference_id=?,
        status=?,
        type=?,
        updated_at=?,
        user_id=? 
    where
        id=?
✅ Malicious input correctly rejected: CARD&amp#0;WALLET
]]></system-out>
  </testcase>
</testsuite>