-------------------------------------------------------------------------------
Test set: com.myapp.ui.performance.PerformanceStressTest$ApiPerformanceTests
-------------------------------------------------------------------------------
Tests run: 3, Failures: 3, Errors: 0, Skipped: 0, Time elapsed: 210.9 s <<< FAILURE! -- in com.myapp.ui.performance.PerformanceStressTest$ApiPerformanceTests
com.myapp.ui.performance.PerformanceStressTest$ApiPerformanceTests.concurrentAuthentication -- Time elapsed: 60.29 s <<< FAILURE!
org.opentest4j.AssertionFailedError: All authentication attempts should complete ==> expected: <true> but was: <false>
	at org.junit.jupiter.api.AssertionFailureBuilder.build(AssertionFailureBuilder.java:151)
	at org.junit.jupiter.api.AssertionFailureBuilder.buildAndThrow(AssertionFailureBuilder.java:132)
	at org.junit.jupiter.api.AssertTrue.failNotTrue(AssertTrue.java:63)
	at org.junit.jupiter.api.AssertTrue.assertTrue(AssertTrue.java:36)
	at org.junit.jupiter.api.Assertions.assertTrue(Assertions.java:210)
	at com.myapp.ui.performance.PerformanceStressTest$ApiPerformanceTests.concurrentAuthentication(PerformanceStressTest.java:157)
	at java.base/java.lang.reflect.Method.invoke(Method.java:569)
	at java.base/java.util.ArrayList.forEach(ArrayList.java:1511)
	at java.base/java.util.ArrayList.forEach(ArrayList.java:1511)
	at java.base/java.util.ArrayList.forEach(ArrayList.java:1511)

com.myapp.ui.performance.PerformanceStressTest$ApiPerformanceTests.highFrequencyApiCalls -- Time elapsed: 90.30 s <<< FAILURE!
org.opentest4j.AssertionFailedError: All API calls should complete within 60 seconds ==> expected: <true> but was: <false>
	at org.junit.jupiter.api.AssertionFailureBuilder.build(AssertionFailureBuilder.java:151)
	at org.junit.jupiter.api.AssertionFailureBuilder.buildAndThrow(AssertionFailureBuilder.java:132)
	at org.junit.jupiter.api.AssertTrue.failNotTrue(AssertTrue.java:63)
	at org.junit.jupiter.api.AssertTrue.assertTrue(AssertTrue.java:36)
	at org.junit.jupiter.api.Assertions.assertTrue(Assertions.java:210)
	at com.myapp.ui.performance.PerformanceStressTest$ApiPerformanceTests.highFrequencyApiCalls(PerformanceStressTest.java:102)
	at java.base/java.lang.reflect.Method.invoke(Method.java:569)
	at java.base/java.util.ArrayList.forEach(ArrayList.java:1511)
	at java.base/java.util.ArrayList.forEach(ArrayList.java:1511)
	at java.base/java.util.ArrayList.forEach(ArrayList.java:1511)

com.myapp.ui.performance.PerformanceStressTest$ApiPerformanceTests.sustainedLoadTest -- Time elapsed: 60.29 s <<< FAILURE!
org.opentest4j.AssertionFailedError: Success rate should be above 70% ==> expected: <true> but was: <false>
	at org.junit.jupiter.api.AssertionFailureBuilder.build(AssertionFailureBuilder.java:151)
	at org.junit.jupiter.api.AssertionFailureBuilder.buildAndThrow(AssertionFailureBuilder.java:132)
	at org.junit.jupiter.api.AssertTrue.failNotTrue(AssertTrue.java:63)
	at org.junit.jupiter.api.AssertTrue.assertTrue(AssertTrue.java:36)
	at org.junit.jupiter.api.Assertions.assertTrue(Assertions.java:210)
	at com.myapp.ui.performance.PerformanceStressTest$ApiPerformanceTests.sustainedLoadTest(PerformanceStressTest.java:217)
	at java.base/java.lang.reflect.Method.invoke(Method.java:569)
	at java.base/java.util.ArrayList.forEach(ArrayList.java:1511)
	at java.base/java.util.ArrayList.forEach(ArrayList.java:1511)
	at java.base/java.util.ArrayList.forEach(ArrayList.java:1511)

