-------------------------------------------------------------------------------
Test set: com.myapp.ui.auth.ProfileControllerTest
-------------------------------------------------------------------------------
Tests run: 25, Failures: 0, Errors: 25, Skipped: 0, Time elapsed: 6.108 s <<< FAILURE! -- in com.myapp.ui.auth.ProfileControllerTest
com.myapp.ui.auth.ProfileControllerTest.testFullNameValidation -- Time elapsed: 0.886 s <<< ERROR!
java.lang.RuntimeException: java.util.concurrent.ExecutionException: java.lang.AbstractMethodError: Receiver class com.sun.glass.ui.monocle.MonocleWindow does not define or inherit an implementation of the resolved method 'abstract void _updateViewSize(long)' of abstract class com.sun.glass.ui.Window.
	at org.testfx.util.WaitForAsyncUtils.waitFor(WaitForAsyncUtils.java:301)
	at org.testfx.api.FxToolkit.waitForSetup(FxToolkit.java:244)
	at org.testfx.api.FxToolkit.setupApplication(FxToolkit.java:153)
	at org.testfx.framework.junit5.ApplicationTest.internalBefore(ApplicationTest.java:42)
	at java.base/java.lang.reflect.Method.invoke(Method.java:569)
	at java.base/java.util.ArrayList.forEach(ArrayList.java:1511)
	at java.base/java.util.ArrayList.forEach(ArrayList.java:1511)
Caused by: java.util.concurrent.ExecutionException: java.lang.AbstractMethodError: Receiver class com.sun.glass.ui.monocle.MonocleWindow does not define or inherit an implementation of the resolved method 'abstract void _updateViewSize(long)' of abstract class com.sun.glass.ui.Window.
	at java.base/java.util.concurrent.FutureTask.report(FutureTask.java:122)
	at java.base/java.util.concurrent.FutureTask.get(FutureTask.java:191)
	at org.testfx.util.WaitForAsyncUtils$ASyncFXCallable.get(WaitForAsyncUtils.java:696)
	at org.testfx.toolkit.impl.ToolkitServiceImpl.lambda$setupApplication$6(ToolkitServiceImpl.java:127)
	at java.base/java.util.concurrent.FutureTask.run(FutureTask.java:264)
	at java.base/java.util.concurrent.Executors$RunnableAdapter.call(Executors.java:539)
	at java.base/java.util.concurrent.FutureTask.run(FutureTask.java:264)
	at java.base/java.util.concurrent.ThreadPoolExecutor.runWorker(ThreadPoolExecutor.java:1136)
	at java.base/java.util.concurrent.ThreadPoolExecutor$Worker.run(ThreadPoolExecutor.java:635)
	at java.base/java.lang.Thread.run(Thread.java:840)
Caused by: java.lang.AbstractMethodError: Receiver class com.sun.glass.ui.monocle.MonocleWindow does not define or inherit an implementation of the resolved method 'abstract void _updateViewSize(long)' of abstract class com.sun.glass.ui.Window.
	at com.sun.glass.ui.Window.setView(Window.java:377)
	at com.sun.javafx.tk.quantum.WindowStage.lambda$setScene$0(WindowStage.java:271)
	at com.sun.javafx.tk.quantum.QuantumToolkit.runWithRenderLock(QuantumToolkit.java:442)
	at com.sun.javafx.tk.quantum.WindowStage.setScene(WindowStage.java:270)
	at javafx.stage.Window$SceneModel.updatePeerScene(Window.java:889)
	at javafx.stage.Window$SceneModel.invalidated(Window.java:858)
	at javafx.beans.property.ObjectPropertyBase.markInvalid(ObjectPropertyBase.java:112)
	at javafx.beans.property.ObjectPropertyBase.set(ObjectPropertyBase.java:147)
	at javafx.stage.Window.setScene(Window.java:823)
	at javafx.stage.Stage.setScene(Stage.java:270)
	at com.myapp.ui.auth.ProfileControllerTest.start(ProfileControllerTest.java:119)
	at org.testfx.framework.junit5.ApplicationAdapter.start(ApplicationAdapter.java:37)
	at org.testfx.toolkit.impl.ApplicationServiceImpl.lambda$start$0(ApplicationServiceImpl.java:49)
	at java.base/java.util.concurrent.FutureTask.run(FutureTask.java:264)
	at com.sun.javafx.application.PlatformImpl.lambda$runLater$10(PlatformImpl.java:456)
	at java.base/java.security.AccessController.doPrivileged(AccessController.java:399)
	at com.sun.javafx.application.PlatformImpl.lambda$runLater$11(PlatformImpl.java:455)
	at com.sun.glass.ui.monocle.RunnableProcessor.runLoop(RunnableProcessor.java:92)
	at com.sun.glass.ui.monocle.RunnableProcessor.run(RunnableProcessor.java:51)
	... 1 more

com.myapp.ui.auth.ProfileControllerTest.testRequiredFieldValidation -- Time elapsed: 0.287 s <<< ERROR!
java.lang.RuntimeException: java.util.concurrent.ExecutionException: java.lang.AbstractMethodError: Receiver class com.sun.glass.ui.monocle.MonocleWindow does not define or inherit an implementation of the resolved method 'abstract void _updateViewSize(long)' of abstract class com.sun.glass.ui.Window.
	at org.testfx.util.WaitForAsyncUtils.waitFor(WaitForAsyncUtils.java:301)
	at org.testfx.api.FxToolkit.waitForSetup(FxToolkit.java:244)
	at org.testfx.api.FxToolkit.setupApplication(FxToolkit.java:153)
	at org.testfx.framework.junit5.ApplicationTest.internalBefore(ApplicationTest.java:42)
	at java.base/java.lang.reflect.Method.invoke(Method.java:569)
	at java.base/java.util.ArrayList.forEach(ArrayList.java:1511)
	at java.base/java.util.ArrayList.forEach(ArrayList.java:1511)
Caused by: java.util.concurrent.ExecutionException: java.lang.AbstractMethodError: Receiver class com.sun.glass.ui.monocle.MonocleWindow does not define or inherit an implementation of the resolved method 'abstract void _updateViewSize(long)' of abstract class com.sun.glass.ui.Window.
	at java.base/java.util.concurrent.FutureTask.report(FutureTask.java:122)
	at java.base/java.util.concurrent.FutureTask.get(FutureTask.java:191)
	at org.testfx.util.WaitForAsyncUtils$ASyncFXCallable.get(WaitForAsyncUtils.java:696)
	at org.testfx.toolkit.impl.ToolkitServiceImpl.lambda$setupApplication$6(ToolkitServiceImpl.java:127)
	at java.base/java.util.concurrent.FutureTask.run(FutureTask.java:264)
	at java.base/java.util.concurrent.Executors$RunnableAdapter.call(Executors.java:539)
	at java.base/java.util.concurrent.FutureTask.run(FutureTask.java:264)
	at java.base/java.util.concurrent.ThreadPoolExecutor.runWorker(ThreadPoolExecutor.java:1136)
	at java.base/java.util.concurrent.ThreadPoolExecutor$Worker.run(ThreadPoolExecutor.java:635)
	at java.base/java.lang.Thread.run(Thread.java:840)
Caused by: java.lang.AbstractMethodError: Receiver class com.sun.glass.ui.monocle.MonocleWindow does not define or inherit an implementation of the resolved method 'abstract void _updateViewSize(long)' of abstract class com.sun.glass.ui.Window.
	at com.sun.glass.ui.Window.setView(Window.java:377)
	at com.sun.javafx.tk.quantum.WindowStage.lambda$setScene$0(WindowStage.java:271)
	at com.sun.javafx.tk.quantum.QuantumToolkit.runWithRenderLock(QuantumToolkit.java:442)
	at com.sun.javafx.tk.quantum.WindowStage.setScene(WindowStage.java:270)
	at javafx.stage.Window$12.invalidated(Window.java:1162)
	at javafx.beans.property.BooleanPropertyBase.markInvalid(BooleanPropertyBase.java:110)
	at javafx.beans.property.BooleanPropertyBase.set(BooleanPropertyBase.java:145)
	at javafx.stage.Window.setShowing(Window.java:1239)
	at javafx.stage.Window.show(Window.java:1254)
	at javafx.stage.Stage.show(Stage.java:277)
	at com.myapp.ui.auth.ProfileControllerTest.start(ProfileControllerTest.java:120)
	at org.testfx.framework.junit5.ApplicationAdapter.start(ApplicationAdapter.java:37)
	at org.testfx.toolkit.impl.ApplicationServiceImpl.lambda$start$0(ApplicationServiceImpl.java:49)
	at java.base/java.util.concurrent.FutureTask.run(FutureTask.java:264)
	at com.sun.javafx.application.PlatformImpl.lambda$runLater$10(PlatformImpl.java:456)
	at java.base/java.security.AccessController.doPrivileged(AccessController.java:399)
	at com.sun.javafx.application.PlatformImpl.lambda$runLater$11(PlatformImpl.java:455)
	at com.sun.glass.ui.monocle.RunnableProcessor.runLoop(RunnableProcessor.java:92)
	at com.sun.glass.ui.monocle.RunnableProcessor.run(RunnableProcessor.java:51)
	... 1 more

com.myapp.ui.auth.ProfileControllerTest.testProfileDataValidation -- Time elapsed: 0.310 s <<< ERROR!
java.lang.RuntimeException: java.util.concurrent.ExecutionException: java.lang.AbstractMethodError: Receiver class com.sun.glass.ui.monocle.MonocleWindow does not define or inherit an implementation of the resolved method 'abstract void _updateViewSize(long)' of abstract class com.sun.glass.ui.Window.
	at org.testfx.util.WaitForAsyncUtils.waitFor(WaitForAsyncUtils.java:301)
	at org.testfx.api.FxToolkit.waitForSetup(FxToolkit.java:244)
	at org.testfx.api.FxToolkit.setupApplication(FxToolkit.java:153)
	at org.testfx.framework.junit5.ApplicationTest.internalBefore(ApplicationTest.java:42)
	at java.base/java.lang.reflect.Method.invoke(Method.java:569)
	at java.base/java.util.ArrayList.forEach(ArrayList.java:1511)
	at java.base/java.util.ArrayList.forEach(ArrayList.java:1511)
Caused by: java.util.concurrent.ExecutionException: java.lang.AbstractMethodError: Receiver class com.sun.glass.ui.monocle.MonocleWindow does not define or inherit an implementation of the resolved method 'abstract void _updateViewSize(long)' of abstract class com.sun.glass.ui.Window.
	at java.base/java.util.concurrent.FutureTask.report(FutureTask.java:122)
	at java.base/java.util.concurrent.FutureTask.get(FutureTask.java:191)
	at org.testfx.util.WaitForAsyncUtils$ASyncFXCallable.get(WaitForAsyncUtils.java:696)
	at org.testfx.toolkit.impl.ToolkitServiceImpl.lambda$setupApplication$6(ToolkitServiceImpl.java:127)
	at java.base/java.util.concurrent.FutureTask.run(FutureTask.java:264)
	at java.base/java.util.concurrent.Executors$RunnableAdapter.call(Executors.java:539)
	at java.base/java.util.concurrent.FutureTask.run(FutureTask.java:264)
	at java.base/java.util.concurrent.ThreadPoolExecutor.runWorker(ThreadPoolExecutor.java:1136)
	at java.base/java.util.concurrent.ThreadPoolExecutor$Worker.run(ThreadPoolExecutor.java:635)
	at java.base/java.lang.Thread.run(Thread.java:840)
Caused by: java.lang.AbstractMethodError: Receiver class com.sun.glass.ui.monocle.MonocleWindow does not define or inherit an implementation of the resolved method 'abstract void _updateViewSize(long)' of abstract class com.sun.glass.ui.Window.
	at com.sun.glass.ui.Window.setView(Window.java:377)
	at com.sun.javafx.tk.quantum.WindowStage.lambda$setScene$0(WindowStage.java:271)
	at com.sun.javafx.tk.quantum.QuantumToolkit.runWithRenderLock(QuantumToolkit.java:442)
	at com.sun.javafx.tk.quantum.WindowStage.setScene(WindowStage.java:270)
	at javafx.stage.Window$12.invalidated(Window.java:1162)
	at javafx.beans.property.BooleanPropertyBase.markInvalid(BooleanPropertyBase.java:110)
	at javafx.beans.property.BooleanPropertyBase.set(BooleanPropertyBase.java:145)
	at javafx.stage.Window.setShowing(Window.java:1239)
	at javafx.stage.Window.show(Window.java:1254)
	at javafx.stage.Stage.show(Stage.java:277)
	at com.myapp.ui.auth.ProfileControllerTest.start(ProfileControllerTest.java:120)
	at org.testfx.framework.junit5.ApplicationAdapter.start(ApplicationAdapter.java:37)
	at org.testfx.toolkit.impl.ApplicationServiceImpl.lambda$start$0(ApplicationServiceImpl.java:49)
	at java.base/java.util.concurrent.FutureTask.run(FutureTask.java:264)
	at com.sun.javafx.application.PlatformImpl.lambda$runLater$10(PlatformImpl.java:456)
	at java.base/java.security.AccessController.doPrivileged(AccessController.java:399)
	at com.sun.javafx.application.PlatformImpl.lambda$runLater$11(PlatformImpl.java:455)
	at com.sun.glass.ui.monocle.RunnableProcessor.runLoop(RunnableProcessor.java:92)
	at com.sun.glass.ui.monocle.RunnableProcessor.run(RunnableProcessor.java:51)
	... 1 more

com.myapp.ui.auth.ProfileControllerTest.testPasswordFieldsSecurity -- Time elapsed: 0.292 s <<< ERROR!
java.lang.RuntimeException: java.util.concurrent.ExecutionException: java.lang.AbstractMethodError: Receiver class com.sun.glass.ui.monocle.MonocleWindow does not define or inherit an implementation of the resolved method 'abstract void _updateViewSize(long)' of abstract class com.sun.glass.ui.Window.
	at org.testfx.util.WaitForAsyncUtils.waitFor(WaitForAsyncUtils.java:301)
	at org.testfx.api.FxToolkit.waitForSetup(FxToolkit.java:244)
	at org.testfx.api.FxToolkit.setupApplication(FxToolkit.java:153)
	at org.testfx.framework.junit5.ApplicationTest.internalBefore(ApplicationTest.java:42)
	at java.base/java.lang.reflect.Method.invoke(Method.java:569)
	at java.base/java.util.ArrayList.forEach(ArrayList.java:1511)
	at java.base/java.util.ArrayList.forEach(ArrayList.java:1511)
Caused by: java.util.concurrent.ExecutionException: java.lang.AbstractMethodError: Receiver class com.sun.glass.ui.monocle.MonocleWindow does not define or inherit an implementation of the resolved method 'abstract void _updateViewSize(long)' of abstract class com.sun.glass.ui.Window.
	at java.base/java.util.concurrent.FutureTask.report(FutureTask.java:122)
	at java.base/java.util.concurrent.FutureTask.get(FutureTask.java:191)
	at org.testfx.util.WaitForAsyncUtils$ASyncFXCallable.get(WaitForAsyncUtils.java:696)
	at org.testfx.toolkit.impl.ToolkitServiceImpl.lambda$setupApplication$6(ToolkitServiceImpl.java:127)
	at java.base/java.util.concurrent.FutureTask.run(FutureTask.java:264)
	at java.base/java.util.concurrent.Executors$RunnableAdapter.call(Executors.java:539)
	at java.base/java.util.concurrent.FutureTask.run(FutureTask.java:264)
	at java.base/java.util.concurrent.ThreadPoolExecutor.runWorker(ThreadPoolExecutor.java:1136)
	at java.base/java.util.concurrent.ThreadPoolExecutor$Worker.run(ThreadPoolExecutor.java:635)
	at java.base/java.lang.Thread.run(Thread.java:840)
Caused by: java.lang.AbstractMethodError: Receiver class com.sun.glass.ui.monocle.MonocleWindow does not define or inherit an implementation of the resolved method 'abstract void _updateViewSize(long)' of abstract class com.sun.glass.ui.Window.
	at com.sun.glass.ui.Window.setView(Window.java:377)
	at com.sun.javafx.tk.quantum.WindowStage.lambda$setScene$0(WindowStage.java:271)
	at com.sun.javafx.tk.quantum.QuantumToolkit.runWithRenderLock(QuantumToolkit.java:442)
	at com.sun.javafx.tk.quantum.WindowStage.setScene(WindowStage.java:270)
	at javafx.stage.Window$12.invalidated(Window.java:1162)
	at javafx.beans.property.BooleanPropertyBase.markInvalid(BooleanPropertyBase.java:110)
	at javafx.beans.property.BooleanPropertyBase.set(BooleanPropertyBase.java:145)
	at javafx.stage.Window.setShowing(Window.java:1239)
	at javafx.stage.Window.show(Window.java:1254)
	at javafx.stage.Stage.show(Stage.java:277)
	at com.myapp.ui.auth.ProfileControllerTest.start(ProfileControllerTest.java:120)
	at org.testfx.framework.junit5.ApplicationAdapter.start(ApplicationAdapter.java:37)
	at org.testfx.toolkit.impl.ApplicationServiceImpl.lambda$start$0(ApplicationServiceImpl.java:49)
	at java.base/java.util.concurrent.FutureTask.run(FutureTask.java:264)
	at com.sun.javafx.application.PlatformImpl.lambda$runLater$10(PlatformImpl.java:456)
	at java.base/java.security.AccessController.doPrivileged(AccessController.java:399)
	at com.sun.javafx.application.PlatformImpl.lambda$runLater$11(PlatformImpl.java:455)
	at com.sun.glass.ui.monocle.RunnableProcessor.runLoop(RunnableProcessor.java:92)
	at com.sun.glass.ui.monocle.RunnableProcessor.run(RunnableProcessor.java:51)
	... 1 more

com.myapp.ui.auth.ProfileControllerTest.testSaveButtonEnabledWithData -- Time elapsed: 0.290 s <<< ERROR!
java.lang.RuntimeException: java.util.concurrent.ExecutionException: java.lang.AbstractMethodError: Receiver class com.sun.glass.ui.monocle.MonocleWindow does not define or inherit an implementation of the resolved method 'abstract void _updateViewSize(long)' of abstract class com.sun.glass.ui.Window.
	at org.testfx.util.WaitForAsyncUtils.waitFor(WaitForAsyncUtils.java:301)
	at org.testfx.api.FxToolkit.waitForSetup(FxToolkit.java:244)
	at org.testfx.api.FxToolkit.setupApplication(FxToolkit.java:153)
	at org.testfx.framework.junit5.ApplicationTest.internalBefore(ApplicationTest.java:42)
	at java.base/java.lang.reflect.Method.invoke(Method.java:569)
	at java.base/java.util.ArrayList.forEach(ArrayList.java:1511)
	at java.base/java.util.ArrayList.forEach(ArrayList.java:1511)
Caused by: java.util.concurrent.ExecutionException: java.lang.AbstractMethodError: Receiver class com.sun.glass.ui.monocle.MonocleWindow does not define or inherit an implementation of the resolved method 'abstract void _updateViewSize(long)' of abstract class com.sun.glass.ui.Window.
	at java.base/java.util.concurrent.FutureTask.report(FutureTask.java:122)
	at java.base/java.util.concurrent.FutureTask.get(FutureTask.java:191)
	at org.testfx.util.WaitForAsyncUtils$ASyncFXCallable.get(WaitForAsyncUtils.java:696)
	at org.testfx.toolkit.impl.ToolkitServiceImpl.lambda$setupApplication$6(ToolkitServiceImpl.java:127)
	at java.base/java.util.concurrent.FutureTask.run(FutureTask.java:264)
	at java.base/java.util.concurrent.Executors$RunnableAdapter.call(Executors.java:539)
	at java.base/java.util.concurrent.FutureTask.run(FutureTask.java:264)
	at java.base/java.util.concurrent.ThreadPoolExecutor.runWorker(ThreadPoolExecutor.java:1136)
	at java.base/java.util.concurrent.ThreadPoolExecutor$Worker.run(ThreadPoolExecutor.java:635)
	at java.base/java.lang.Thread.run(Thread.java:840)
Caused by: java.lang.AbstractMethodError: Receiver class com.sun.glass.ui.monocle.MonocleWindow does not define or inherit an implementation of the resolved method 'abstract void _updateViewSize(long)' of abstract class com.sun.glass.ui.Window.
	at com.sun.glass.ui.Window.setView(Window.java:377)
	at com.sun.javafx.tk.quantum.WindowStage.lambda$setScene$0(WindowStage.java:271)
	at com.sun.javafx.tk.quantum.QuantumToolkit.runWithRenderLock(QuantumToolkit.java:442)
	at com.sun.javafx.tk.quantum.WindowStage.setScene(WindowStage.java:270)
	at javafx.stage.Window$12.invalidated(Window.java:1162)
	at javafx.beans.property.BooleanPropertyBase.markInvalid(BooleanPropertyBase.java:110)
	at javafx.beans.property.BooleanPropertyBase.set(BooleanPropertyBase.java:145)
	at javafx.stage.Window.setShowing(Window.java:1239)
	at javafx.stage.Window.show(Window.java:1254)
	at javafx.stage.Stage.show(Stage.java:277)
	at com.myapp.ui.auth.ProfileControllerTest.start(ProfileControllerTest.java:120)
	at org.testfx.framework.junit5.ApplicationAdapter.start(ApplicationAdapter.java:37)
	at org.testfx.toolkit.impl.ApplicationServiceImpl.lambda$start$0(ApplicationServiceImpl.java:49)
	at java.base/java.util.concurrent.FutureTask.run(FutureTask.java:264)
	at com.sun.javafx.application.PlatformImpl.lambda$runLater$10(PlatformImpl.java:456)
	at java.base/java.security.AccessController.doPrivileged(AccessController.java:399)
	at com.sun.javafx.application.PlatformImpl.lambda$runLater$11(PlatformImpl.java:455)
	at com.sun.glass.ui.monocle.RunnableProcessor.runLoop(RunnableProcessor.java:92)
	at com.sun.glass.ui.monocle.RunnableProcessor.run(RunnableProcessor.java:51)
	... 1 more

com.myapp.ui.auth.ProfileControllerTest.testCancelButtonAction -- Time elapsed: 0.303 s <<< ERROR!
java.lang.RuntimeException: java.util.concurrent.ExecutionException: java.lang.AbstractMethodError: Receiver class com.sun.glass.ui.monocle.MonocleWindow does not define or inherit an implementation of the resolved method 'abstract void _updateViewSize(long)' of abstract class com.sun.glass.ui.Window.
	at org.testfx.util.WaitForAsyncUtils.waitFor(WaitForAsyncUtils.java:301)
	at org.testfx.api.FxToolkit.waitForSetup(FxToolkit.java:244)
	at org.testfx.api.FxToolkit.setupApplication(FxToolkit.java:153)
	at org.testfx.framework.junit5.ApplicationTest.internalBefore(ApplicationTest.java:42)
	at java.base/java.lang.reflect.Method.invoke(Method.java:569)
	at java.base/java.util.ArrayList.forEach(ArrayList.java:1511)
	at java.base/java.util.ArrayList.forEach(ArrayList.java:1511)
Caused by: java.util.concurrent.ExecutionException: java.lang.AbstractMethodError: Receiver class com.sun.glass.ui.monocle.MonocleWindow does not define or inherit an implementation of the resolved method 'abstract void _updateViewSize(long)' of abstract class com.sun.glass.ui.Window.
	at java.base/java.util.concurrent.FutureTask.report(FutureTask.java:122)
	at java.base/java.util.concurrent.FutureTask.get(FutureTask.java:191)
	at org.testfx.util.WaitForAsyncUtils$ASyncFXCallable.get(WaitForAsyncUtils.java:696)
	at org.testfx.toolkit.impl.ToolkitServiceImpl.lambda$setupApplication$6(ToolkitServiceImpl.java:127)
	at java.base/java.util.concurrent.FutureTask.run(FutureTask.java:264)
	at java.base/java.util.concurrent.Executors$RunnableAdapter.call(Executors.java:539)
	at java.base/java.util.concurrent.FutureTask.run(FutureTask.java:264)
	at java.base/java.util.concurrent.ThreadPoolExecutor.runWorker(ThreadPoolExecutor.java:1136)
	at java.base/java.util.concurrent.ThreadPoolExecutor$Worker.run(ThreadPoolExecutor.java:635)
	at java.base/java.lang.Thread.run(Thread.java:840)
Caused by: java.lang.AbstractMethodError: Receiver class com.sun.glass.ui.monocle.MonocleWindow does not define or inherit an implementation of the resolved method 'abstract void _updateViewSize(long)' of abstract class com.sun.glass.ui.Window.
	at com.sun.glass.ui.Window.setView(Window.java:377)
	at com.sun.javafx.tk.quantum.WindowStage.lambda$setScene$0(WindowStage.java:271)
	at com.sun.javafx.tk.quantum.QuantumToolkit.runWithRenderLock(QuantumToolkit.java:442)
	at com.sun.javafx.tk.quantum.WindowStage.setScene(WindowStage.java:270)
	at javafx.stage.Window$12.invalidated(Window.java:1162)
	at javafx.beans.property.BooleanPropertyBase.markInvalid(BooleanPropertyBase.java:110)
	at javafx.beans.property.BooleanPropertyBase.set(BooleanPropertyBase.java:145)
	at javafx.stage.Window.setShowing(Window.java:1239)
	at javafx.stage.Window.show(Window.java:1254)
	at javafx.stage.Stage.show(Stage.java:277)
	at com.myapp.ui.auth.ProfileControllerTest.start(ProfileControllerTest.java:120)
	at org.testfx.framework.junit5.ApplicationAdapter.start(ApplicationAdapter.java:37)
	at org.testfx.toolkit.impl.ApplicationServiceImpl.lambda$start$0(ApplicationServiceImpl.java:49)
	at java.base/java.util.concurrent.FutureTask.run(FutureTask.java:264)
	at com.sun.javafx.application.PlatformImpl.lambda$runLater$10(PlatformImpl.java:456)
	at java.base/java.security.AccessController.doPrivileged(AccessController.java:399)
	at com.sun.javafx.application.PlatformImpl.lambda$runLater$11(PlatformImpl.java:455)
	at com.sun.glass.ui.monocle.RunnableProcessor.runLoop(RunnableProcessor.java:92)
	at com.sun.glass.ui.monocle.RunnableProcessor.run(RunnableProcessor.java:51)
	... 1 more

com.myapp.ui.auth.ProfileControllerTest.testAddressValidation -- Time elapsed: 0.283 s <<< ERROR!
java.lang.RuntimeException: java.util.concurrent.ExecutionException: java.lang.AbstractMethodError: Receiver class com.sun.glass.ui.monocle.MonocleWindow does not define or inherit an implementation of the resolved method 'abstract void _updateViewSize(long)' of abstract class com.sun.glass.ui.Window.
	at org.testfx.util.WaitForAsyncUtils.waitFor(WaitForAsyncUtils.java:301)
	at org.testfx.api.FxToolkit.waitForSetup(FxToolkit.java:244)
	at org.testfx.api.FxToolkit.setupApplication(FxToolkit.java:153)
	at org.testfx.framework.junit5.ApplicationTest.internalBefore(ApplicationTest.java:42)
	at java.base/java.lang.reflect.Method.invoke(Method.java:569)
	at java.base/java.util.ArrayList.forEach(ArrayList.java:1511)
	at java.base/java.util.ArrayList.forEach(ArrayList.java:1511)
Caused by: java.util.concurrent.ExecutionException: java.lang.AbstractMethodError: Receiver class com.sun.glass.ui.monocle.MonocleWindow does not define or inherit an implementation of the resolved method 'abstract void _updateViewSize(long)' of abstract class com.sun.glass.ui.Window.
	at java.base/java.util.concurrent.FutureTask.report(FutureTask.java:122)
	at java.base/java.util.concurrent.FutureTask.get(FutureTask.java:191)
	at org.testfx.util.WaitForAsyncUtils$ASyncFXCallable.get(WaitForAsyncUtils.java:696)
	at org.testfx.toolkit.impl.ToolkitServiceImpl.lambda$setupApplication$6(ToolkitServiceImpl.java:127)
	at java.base/java.util.concurrent.FutureTask.run(FutureTask.java:264)
	at java.base/java.util.concurrent.Executors$RunnableAdapter.call(Executors.java:539)
	at java.base/java.util.concurrent.FutureTask.run(FutureTask.java:264)
	at java.base/java.util.concurrent.ThreadPoolExecutor.runWorker(ThreadPoolExecutor.java:1136)
	at java.base/java.util.concurrent.ThreadPoolExecutor$Worker.run(ThreadPoolExecutor.java:635)
	at java.base/java.lang.Thread.run(Thread.java:840)
Caused by: java.lang.AbstractMethodError: Receiver class com.sun.glass.ui.monocle.MonocleWindow does not define or inherit an implementation of the resolved method 'abstract void _updateViewSize(long)' of abstract class com.sun.glass.ui.Window.
	at com.sun.glass.ui.Window.setView(Window.java:377)
	at com.sun.javafx.tk.quantum.WindowStage.lambda$setScene$0(WindowStage.java:271)
	at com.sun.javafx.tk.quantum.QuantumToolkit.runWithRenderLock(QuantumToolkit.java:442)
	at com.sun.javafx.tk.quantum.WindowStage.setScene(WindowStage.java:270)
	at javafx.stage.Window$12.invalidated(Window.java:1162)
	at javafx.beans.property.BooleanPropertyBase.markInvalid(BooleanPropertyBase.java:110)
	at javafx.beans.property.BooleanPropertyBase.set(BooleanPropertyBase.java:145)
	at javafx.stage.Window.setShowing(Window.java:1239)
	at javafx.stage.Window.show(Window.java:1254)
	at javafx.stage.Stage.show(Stage.java:277)
	at com.myapp.ui.auth.ProfileControllerTest.start(ProfileControllerTest.java:120)
	at org.testfx.framework.junit5.ApplicationAdapter.start(ApplicationAdapter.java:37)
	at org.testfx.toolkit.impl.ApplicationServiceImpl.lambda$start$0(ApplicationServiceImpl.java:49)
	at java.base/java.util.concurrent.FutureTask.run(FutureTask.java:264)
	at com.sun.javafx.application.PlatformImpl.lambda$runLater$10(PlatformImpl.java:456)
	at java.base/java.security.AccessController.doPrivileged(AccessController.java:399)
	at com.sun.javafx.application.PlatformImpl.lambda$runLater$11(PlatformImpl.java:455)
	at com.sun.glass.ui.monocle.RunnableProcessor.runLoop(RunnableProcessor.java:92)
	at com.sun.glass.ui.monocle.RunnableProcessor.run(RunnableProcessor.java:51)
	... 1 more

com.myapp.ui.auth.ProfileControllerTest.testPasswordMismatchValidation -- Time elapsed: 0.270 s <<< ERROR!
java.lang.RuntimeException: java.util.concurrent.ExecutionException: java.lang.AbstractMethodError: Receiver class com.sun.glass.ui.monocle.MonocleWindow does not define or inherit an implementation of the resolved method 'abstract void _updateViewSize(long)' of abstract class com.sun.glass.ui.Window.
	at org.testfx.util.WaitForAsyncUtils.waitFor(WaitForAsyncUtils.java:301)
	at org.testfx.api.FxToolkit.waitForSetup(FxToolkit.java:244)
	at org.testfx.api.FxToolkit.setupApplication(FxToolkit.java:153)
	at org.testfx.framework.junit5.ApplicationTest.internalBefore(ApplicationTest.java:42)
	at java.base/java.lang.reflect.Method.invoke(Method.java:569)
	at java.base/java.util.ArrayList.forEach(ArrayList.java:1511)
	at java.base/java.util.ArrayList.forEach(ArrayList.java:1511)
Caused by: java.util.concurrent.ExecutionException: java.lang.AbstractMethodError: Receiver class com.sun.glass.ui.monocle.MonocleWindow does not define or inherit an implementation of the resolved method 'abstract void _updateViewSize(long)' of abstract class com.sun.glass.ui.Window.
	at java.base/java.util.concurrent.FutureTask.report(FutureTask.java:122)
	at java.base/java.util.concurrent.FutureTask.get(FutureTask.java:191)
	at org.testfx.util.WaitForAsyncUtils$ASyncFXCallable.get(WaitForAsyncUtils.java:696)
	at org.testfx.toolkit.impl.ToolkitServiceImpl.lambda$setupApplication$6(ToolkitServiceImpl.java:127)
	at java.base/java.util.concurrent.FutureTask.run(FutureTask.java:264)
	at java.base/java.util.concurrent.Executors$RunnableAdapter.call(Executors.java:539)
	at java.base/java.util.concurrent.FutureTask.run(FutureTask.java:264)
	at java.base/java.util.concurrent.ThreadPoolExecutor.runWorker(ThreadPoolExecutor.java:1136)
	at java.base/java.util.concurrent.ThreadPoolExecutor$Worker.run(ThreadPoolExecutor.java:635)
	at java.base/java.lang.Thread.run(Thread.java:840)
Caused by: java.lang.AbstractMethodError: Receiver class com.sun.glass.ui.monocle.MonocleWindow does not define or inherit an implementation of the resolved method 'abstract void _updateViewSize(long)' of abstract class com.sun.glass.ui.Window.
	at com.sun.glass.ui.Window.setView(Window.java:377)
	at com.sun.javafx.tk.quantum.WindowStage.lambda$setScene$0(WindowStage.java:271)
	at com.sun.javafx.tk.quantum.QuantumToolkit.runWithRenderLock(QuantumToolkit.java:442)
	at com.sun.javafx.tk.quantum.WindowStage.setScene(WindowStage.java:270)
	at javafx.stage.Window$12.invalidated(Window.java:1162)
	at javafx.beans.property.BooleanPropertyBase.markInvalid(BooleanPropertyBase.java:110)
	at javafx.beans.property.BooleanPropertyBase.set(BooleanPropertyBase.java:145)
	at javafx.stage.Window.setShowing(Window.java:1239)
	at javafx.stage.Window.show(Window.java:1254)
	at javafx.stage.Stage.show(Stage.java:277)
	at com.myapp.ui.auth.ProfileControllerTest.start(ProfileControllerTest.java:120)
	at org.testfx.framework.junit5.ApplicationAdapter.start(ApplicationAdapter.java:37)
	at org.testfx.toolkit.impl.ApplicationServiceImpl.lambda$start$0(ApplicationServiceImpl.java:49)
	at java.base/java.util.concurrent.FutureTask.run(FutureTask.java:264)
	at com.sun.javafx.application.PlatformImpl.lambda$runLater$10(PlatformImpl.java:456)
	at java.base/java.security.AccessController.doPrivileged(AccessController.java:399)
	at com.sun.javafx.application.PlatformImpl.lambda$runLater$11(PlatformImpl.java:455)
	at com.sun.glass.ui.monocle.RunnableProcessor.runLoop(RunnableProcessor.java:92)
	at com.sun.glass.ui.monocle.RunnableProcessor.run(RunnableProcessor.java:51)
	... 1 more

com.myapp.ui.auth.ProfileControllerTest.testEmailFormatValidation -- Time elapsed: 0.176 s <<< ERROR!
java.lang.RuntimeException: java.util.concurrent.ExecutionException: java.lang.AbstractMethodError: Receiver class com.sun.glass.ui.monocle.MonocleWindow does not define or inherit an implementation of the resolved method 'abstract void _updateViewSize(long)' of abstract class com.sun.glass.ui.Window.
	at org.testfx.util.WaitForAsyncUtils.waitFor(WaitForAsyncUtils.java:301)
	at org.testfx.api.FxToolkit.waitForSetup(FxToolkit.java:244)
	at org.testfx.api.FxToolkit.setupApplication(FxToolkit.java:153)
	at org.testfx.framework.junit5.ApplicationTest.internalBefore(ApplicationTest.java:42)
	at java.base/java.lang.reflect.Method.invoke(Method.java:569)
	at java.base/java.util.ArrayList.forEach(ArrayList.java:1511)
	at java.base/java.util.ArrayList.forEach(ArrayList.java:1511)
	Suppressed: java.lang.RuntimeException: java.lang.AbstractMethodError: Receiver class com.sun.glass.ui.monocle.MonocleWindow does not define or inherit an implementation of the resolved method 'abstract void _updateViewSize(long)' of abstract class com.sun.glass.ui.Window.
		at org.testfx.util.WaitForAsyncUtils.---- Delayed Exception: (See Trace Below) ----(WaitForAsyncUtils.java:0)
	Caused by: java.lang.AbstractMethodError: Receiver class com.sun.glass.ui.monocle.MonocleWindow does not define or inherit an implementation of the resolved method 'abstract void _updateViewSize(long)' of abstract class com.sun.glass.ui.Window.
		at com.sun.glass.ui.Window.setView(Window.java:377)
		at com.sun.javafx.tk.quantum.WindowStage.lambda$setScene$0(WindowStage.java:271)
		at com.sun.javafx.tk.quantum.QuantumToolkit.runWithRenderLock(QuantumToolkit.java:442)
		at com.sun.javafx.tk.quantum.WindowStage.setScene(WindowStage.java:270)
		at javafx.stage.Window$12.invalidated(Window.java:1162)
		at javafx.beans.property.BooleanPropertyBase.markInvalid(BooleanPropertyBase.java:110)
		at javafx.beans.property.BooleanPropertyBase.set(BooleanPropertyBase.java:145)
		at javafx.stage.Window.setShowing(Window.java:1239)
		at javafx.stage.Window.show(Window.java:1254)
		at javafx.stage.Stage.show(Stage.java:277)
		at javafx.stage.Stage.showAndWait(Stage.java:467)
		at javafx.scene.control.HeavyweightDialog.showAndWait(HeavyweightDialog.java:162)
		at javafx.scene.control.Dialog.showAndWait(Dialog.java:346)
		at com.myapp.ui.auth.ProfileController.showError(ProfileController.java:546)
		at com.myapp.ui.auth.ProfileController.lambda$8(ProfileController.java:201)
		at com.sun.javafx.application.PlatformImpl.lambda$runLater$10(PlatformImpl.java:456)
		at java.base/java.security.AccessController.doPrivileged(AccessController.java:399)
		at com.sun.javafx.application.PlatformImpl.lambda$runLater$11(PlatformImpl.java:455)
		at com.sun.glass.ui.monocle.RunnableProcessor.runLoop(RunnableProcessor.java:92)
		at com.sun.glass.ui.monocle.RunnableProcessor.run(RunnableProcessor.java:51)
		at java.base/java.lang.Thread.run(Thread.java:840)
Caused by: java.util.concurrent.ExecutionException: java.lang.AbstractMethodError: Receiver class com.sun.glass.ui.monocle.MonocleWindow does not define or inherit an implementation of the resolved method 'abstract void _updateViewSize(long)' of abstract class com.sun.glass.ui.Window.
	at java.base/java.util.concurrent.FutureTask.report(FutureTask.java:122)
	at java.base/java.util.concurrent.FutureTask.get(FutureTask.java:191)
	at org.testfx.util.WaitForAsyncUtils$ASyncFXCallable.get(WaitForAsyncUtils.java:696)
	at org.testfx.toolkit.impl.ToolkitServiceImpl.lambda$setupApplication$6(ToolkitServiceImpl.java:127)
	at java.base/java.util.concurrent.FutureTask.run(FutureTask.java:264)
	at java.base/java.util.concurrent.Executors$RunnableAdapter.call(Executors.java:539)
	at java.base/java.util.concurrent.FutureTask.run(FutureTask.java:264)
	at java.base/java.util.concurrent.ThreadPoolExecutor.runWorker(ThreadPoolExecutor.java:1136)
	at java.base/java.util.concurrent.ThreadPoolExecutor$Worker.run(ThreadPoolExecutor.java:635)
	at java.base/java.lang.Thread.run(Thread.java:840)
Caused by: java.lang.AbstractMethodError: Receiver class com.sun.glass.ui.monocle.MonocleWindow does not define or inherit an implementation of the resolved method 'abstract void _updateViewSize(long)' of abstract class com.sun.glass.ui.Window.
	at com.sun.glass.ui.Window.setView(Window.java:377)
	at com.sun.javafx.tk.quantum.WindowStage.lambda$setScene$0(WindowStage.java:271)
	at com.sun.javafx.tk.quantum.QuantumToolkit.runWithRenderLock(QuantumToolkit.java:442)
	at com.sun.javafx.tk.quantum.WindowStage.setScene(WindowStage.java:270)
	at javafx.stage.Window$12.invalidated(Window.java:1162)
	at javafx.beans.property.BooleanPropertyBase.markInvalid(BooleanPropertyBase.java:110)
	at javafx.beans.property.BooleanPropertyBase.set(BooleanPropertyBase.java:145)
	at javafx.stage.Window.setShowing(Window.java:1239)
	at javafx.stage.Window.show(Window.java:1254)
	at javafx.stage.Stage.show(Stage.java:277)
	at com.myapp.ui.auth.ProfileControllerTest.start(ProfileControllerTest.java:120)
	at org.testfx.framework.junit5.ApplicationAdapter.start(ApplicationAdapter.java:37)
	at org.testfx.toolkit.impl.ApplicationServiceImpl.lambda$start$0(ApplicationServiceImpl.java:49)
	at java.base/java.util.concurrent.FutureTask.run(FutureTask.java:264)
	at com.sun.javafx.application.PlatformImpl.lambda$runLater$10(PlatformImpl.java:456)
	at java.base/java.security.AccessController.doPrivileged(AccessController.java:399)
	at com.sun.javafx.application.PlatformImpl.lambda$runLater$11(PlatformImpl.java:455)
	at com.sun.glass.ui.monocle.RunnableProcessor.runLoop(RunnableProcessor.java:92)
	at com.sun.glass.ui.monocle.RunnableProcessor.run(RunnableProcessor.java:51)
	... 1 more

com.myapp.ui.auth.ProfileControllerTest.testActionButtons -- Time elapsed: 0.061 s <<< ERROR!
java.lang.RuntimeException: java.lang.AbstractMethodError: Receiver class com.sun.glass.ui.monocle.MonocleWindow does not define or inherit an implementation of the resolved method 'abstract void _updateViewSize(long)' of abstract class com.sun.glass.ui.Window.
	at org.testfx.util.WaitForAsyncUtils.---- Delayed Exception: (See Trace Below) ----(WaitForAsyncUtils.java:0)
	Suppressed: java.lang.RuntimeException: java.lang.AbstractMethodError: Receiver class com.sun.glass.ui.monocle.MonocleWindow does not define or inherit an implementation of the resolved method 'abstract void _updateViewSize(long)' of abstract class com.sun.glass.ui.Window.
		... 1 more
	Caused by: java.lang.AbstractMethodError: Receiver class com.sun.glass.ui.monocle.MonocleWindow does not define or inherit an implementation of the resolved method 'abstract void _updateViewSize(long)' of abstract class com.sun.glass.ui.Window.
		at com.sun.glass.ui.Window.setView(Window.java:377)
		at com.sun.javafx.tk.quantum.WindowStage.lambda$setScene$0(WindowStage.java:271)
		at com.sun.javafx.tk.quantum.QuantumToolkit.runWithRenderLock(QuantumToolkit.java:442)
		at com.sun.javafx.tk.quantum.WindowStage.setScene(WindowStage.java:270)
		at javafx.stage.Window$12.invalidated(Window.java:1162)
		at javafx.beans.property.BooleanPropertyBase.markInvalid(BooleanPropertyBase.java:110)
		at javafx.beans.property.BooleanPropertyBase.set(BooleanPropertyBase.java:145)
		at javafx.stage.Window.setShowing(Window.java:1239)
		at javafx.stage.Window.show(Window.java:1254)
		at javafx.stage.Stage.show(Stage.java:277)
		at javafx.stage.Stage.showAndWait(Stage.java:467)
		at javafx.scene.control.HeavyweightDialog.showAndWait(HeavyweightDialog.java:162)
		at javafx.scene.control.Dialog.showAndWait(Dialog.java:346)
		at com.myapp.ui.auth.ProfileController.showError(ProfileController.java:546)
		at com.myapp.ui.auth.ProfileController.lambda$8(ProfileController.java:201)
		at com.sun.javafx.application.PlatformImpl.lambda$runLater$10(PlatformImpl.java:456)
		at java.base/java.security.AccessController.doPrivileged(AccessController.java:399)
		at com.sun.javafx.application.PlatformImpl.lambda$runLater$11(PlatformImpl.java:455)
		at com.sun.glass.ui.monocle.RunnableProcessor.runLoop(RunnableProcessor.java:92)
		at com.sun.glass.ui.monocle.RunnableProcessor.run(RunnableProcessor.java:51)
		at java.base/java.lang.Thread.run(Thread.java:840)
Caused by: java.lang.AbstractMethodError: Receiver class com.sun.glass.ui.monocle.MonocleWindow does not define or inherit an implementation of the resolved method 'abstract void _updateViewSize(long)' of abstract class com.sun.glass.ui.Window.
	at com.sun.glass.ui.Window.setView(Window.java:377)
	at com.sun.javafx.tk.quantum.WindowStage.lambda$setScene$0(WindowStage.java:271)
	at com.sun.javafx.tk.quantum.QuantumToolkit.runWithRenderLock(QuantumToolkit.java:442)
	at com.sun.javafx.tk.quantum.WindowStage.setScene(WindowStage.java:270)
	at javafx.stage.Window$12.invalidated(Window.java:1162)
	at javafx.beans.property.BooleanPropertyBase.markInvalid(BooleanPropertyBase.java:110)
	at javafx.beans.property.BooleanPropertyBase.set(BooleanPropertyBase.java:145)
	at javafx.stage.Window.setShowing(Window.java:1239)
	at javafx.stage.Window.show(Window.java:1254)
	at javafx.stage.Stage.show(Stage.java:277)
	at javafx.stage.Stage.showAndWait(Stage.java:467)
	at javafx.scene.control.HeavyweightDialog.showAndWait(HeavyweightDialog.java:162)
	at javafx.scene.control.Dialog.showAndWait(Dialog.java:346)
	at com.myapp.ui.auth.ProfileController.showError(ProfileController.java:546)
	at com.myapp.ui.auth.ProfileController.lambda$8(ProfileController.java:201)
	at com.sun.javafx.application.PlatformImpl.lambda$runLater$10(PlatformImpl.java:456)
	at java.base/java.security.AccessController.doPrivileged(AccessController.java:399)
	at com.sun.javafx.application.PlatformImpl.lambda$runLater$11(PlatformImpl.java:455)
	at com.sun.glass.ui.monocle.RunnableProcessor.runLoop(RunnableProcessor.java:92)
	at com.sun.glass.ui.monocle.RunnableProcessor.run(RunnableProcessor.java:51)
	at java.base/java.lang.Thread.run(Thread.java:840)

com.myapp.ui.auth.ProfileControllerTest.testReadOnlyFields -- Time elapsed: 0.055 s <<< ERROR!
java.lang.RuntimeException: java.lang.AbstractMethodError: Receiver class com.sun.glass.ui.monocle.MonocleWindow does not define or inherit an implementation of the resolved method 'abstract void _updateViewSize(long)' of abstract class com.sun.glass.ui.Window.
	at org.testfx.util.WaitForAsyncUtils.---- Delayed Exception: (See Trace Below) ----(WaitForAsyncUtils.java:0)
	Suppressed: java.lang.RuntimeException: java.lang.AbstractMethodError: Receiver class com.sun.glass.ui.monocle.MonocleWindow does not define or inherit an implementation of the resolved method 'abstract void _updateViewSize(long)' of abstract class com.sun.glass.ui.Window.
		... 1 more
	Caused by: java.lang.AbstractMethodError: Receiver class com.sun.glass.ui.monocle.MonocleWindow does not define or inherit an implementation of the resolved method 'abstract void _updateViewSize(long)' of abstract class com.sun.glass.ui.Window.
		at com.sun.glass.ui.Window.setView(Window.java:377)
		at com.sun.javafx.tk.quantum.WindowStage.lambda$setScene$0(WindowStage.java:271)
		at com.sun.javafx.tk.quantum.QuantumToolkit.runWithRenderLock(QuantumToolkit.java:442)
		at com.sun.javafx.tk.quantum.WindowStage.setScene(WindowStage.java:270)
		at javafx.stage.Window$12.invalidated(Window.java:1162)
		at javafx.beans.property.BooleanPropertyBase.markInvalid(BooleanPropertyBase.java:110)
		at javafx.beans.property.BooleanPropertyBase.set(BooleanPropertyBase.java:145)
		at javafx.stage.Window.setShowing(Window.java:1239)
		at javafx.stage.Window.show(Window.java:1254)
		at javafx.stage.Stage.show(Stage.java:277)
		at javafx.stage.Stage.showAndWait(Stage.java:467)
		at javafx.scene.control.HeavyweightDialog.showAndWait(HeavyweightDialog.java:162)
		at javafx.scene.control.Dialog.showAndWait(Dialog.java:346)
		at com.myapp.ui.auth.ProfileController.showError(ProfileController.java:546)
		at com.myapp.ui.auth.ProfileController.lambda$8(ProfileController.java:201)
		at com.sun.javafx.application.PlatformImpl.lambda$runLater$10(PlatformImpl.java:456)
		at java.base/java.security.AccessController.doPrivileged(AccessController.java:399)
		at com.sun.javafx.application.PlatformImpl.lambda$runLater$11(PlatformImpl.java:455)
		at com.sun.glass.ui.monocle.RunnableProcessor.runLoop(RunnableProcessor.java:92)
		at com.sun.glass.ui.monocle.RunnableProcessor.run(RunnableProcessor.java:51)
		at java.base/java.lang.Thread.run(Thread.java:840)
Caused by: java.lang.AbstractMethodError: Receiver class com.sun.glass.ui.monocle.MonocleWindow does not define or inherit an implementation of the resolved method 'abstract void _updateViewSize(long)' of abstract class com.sun.glass.ui.Window.
	at com.sun.glass.ui.Window.setView(Window.java:377)
	at com.sun.javafx.tk.quantum.WindowStage.lambda$setScene$0(WindowStage.java:271)
	at com.sun.javafx.tk.quantum.QuantumToolkit.runWithRenderLock(QuantumToolkit.java:442)
	at com.sun.javafx.tk.quantum.WindowStage.setScene(WindowStage.java:270)
	at javafx.stage.Window$12.invalidated(Window.java:1162)
	at javafx.beans.property.BooleanPropertyBase.markInvalid(BooleanPropertyBase.java:110)
	at javafx.beans.property.BooleanPropertyBase.set(BooleanPropertyBase.java:145)
	at javafx.stage.Window.setShowing(Window.java:1239)
	at javafx.stage.Window.show(Window.java:1254)
	at javafx.stage.Stage.show(Stage.java:277)
	at javafx.stage.Stage.showAndWait(Stage.java:467)
	at javafx.scene.control.HeavyweightDialog.showAndWait(HeavyweightDialog.java:162)
	at javafx.scene.control.Dialog.showAndWait(Dialog.java:346)
	at com.myapp.ui.auth.ProfileController.showError(ProfileController.java:546)
	at com.myapp.ui.auth.ProfileController.lambda$8(ProfileController.java:201)
	at com.sun.javafx.application.PlatformImpl.lambda$runLater$10(PlatformImpl.java:456)
	at java.base/java.security.AccessController.doPrivileged(AccessController.java:399)
	at com.sun.javafx.application.PlatformImpl.lambda$runLater$11(PlatformImpl.java:455)
	at com.sun.glass.ui.monocle.RunnableProcessor.runLoop(RunnableProcessor.java:92)
	at com.sun.glass.ui.monocle.RunnableProcessor.run(RunnableProcessor.java:51)
	at java.base/java.lang.Thread.run(Thread.java:840)

com.myapp.ui.auth.ProfileControllerTest.testFieldClearingOnSetup -- Time elapsed: 0.183 s <<< ERROR!
java.lang.RuntimeException: java.lang.AbstractMethodError: Receiver class com.sun.glass.ui.monocle.MonocleWindow does not define or inherit an implementation of the resolved method 'abstract void _updateViewSize(long)' of abstract class com.sun.glass.ui.Window.
	at org.testfx.util.WaitForAsyncUtils.---- Delayed Exception: (See Trace Below) ----(WaitForAsyncUtils.java:0)
Caused by: java.lang.AbstractMethodError: Receiver class com.sun.glass.ui.monocle.MonocleWindow does not define or inherit an implementation of the resolved method 'abstract void _updateViewSize(long)' of abstract class com.sun.glass.ui.Window.
	at com.sun.glass.ui.Window.setView(Window.java:377)
	at com.sun.javafx.tk.quantum.WindowStage.lambda$setScene$0(WindowStage.java:271)
	at com.sun.javafx.tk.quantum.QuantumToolkit.runWithRenderLock(QuantumToolkit.java:442)
	at com.sun.javafx.tk.quantum.WindowStage.setScene(WindowStage.java:270)
	at javafx.stage.Window$12.invalidated(Window.java:1162)
	at javafx.beans.property.BooleanPropertyBase.markInvalid(BooleanPropertyBase.java:110)
	at javafx.beans.property.BooleanPropertyBase.set(BooleanPropertyBase.java:145)
	at javafx.stage.Window.setShowing(Window.java:1239)
	at javafx.stage.Window.show(Window.java:1254)
	at javafx.stage.Stage.show(Stage.java:277)
	at javafx.stage.Stage.showAndWait(Stage.java:467)
	at javafx.scene.control.HeavyweightDialog.showAndWait(HeavyweightDialog.java:162)
	at javafx.scene.control.Dialog.showAndWait(Dialog.java:346)
	at com.myapp.ui.auth.ProfileController.showError(ProfileController.java:546)
	at com.myapp.ui.auth.ProfileController.lambda$8(ProfileController.java:201)
	at com.sun.javafx.application.PlatformImpl.lambda$runLater$10(PlatformImpl.java:456)
	at java.base/java.security.AccessController.doPrivileged(AccessController.java:399)
	at com.sun.javafx.application.PlatformImpl.lambda$runLater$11(PlatformImpl.java:455)
	at com.sun.glass.ui.monocle.RunnableProcessor.runLoop(RunnableProcessor.java:92)
	at com.sun.glass.ui.monocle.RunnableProcessor.run(RunnableProcessor.java:51)
	at java.base/java.lang.Thread.run(Thread.java:840)

com.myapp.ui.auth.ProfileControllerTest.testChangePasswordButtonAction -- Time elapsed: 0.190 s <<< ERROR!
java.lang.RuntimeException: java.lang.RuntimeException: java.lang.AbstractMethodError: Receiver class com.sun.glass.ui.monocle.MonocleWindow does not define or inherit an implementation of the resolved method 'abstract void _updateViewSize(long)' of abstract class com.sun.glass.ui.Window.
	at org.testfx.util.WaitForAsyncUtils.waitFor(WaitForAsyncUtils.java:301)
	at org.testfx.api.FxToolkit.waitForSetup(FxToolkit.java:244)
	at org.testfx.api.FxToolkit.setupApplication(FxToolkit.java:153)
	at org.testfx.framework.junit5.ApplicationTest.internalBefore(ApplicationTest.java:42)
	at java.base/java.lang.reflect.Method.invoke(Method.java:569)
	at java.base/java.util.ArrayList.forEach(ArrayList.java:1511)
	at java.base/java.util.ArrayList.forEach(ArrayList.java:1511)
Caused by: java.lang.RuntimeException: java.lang.AbstractMethodError: Receiver class com.sun.glass.ui.monocle.MonocleWindow does not define or inherit an implementation of the resolved method 'abstract void _updateViewSize(long)' of abstract class com.sun.glass.ui.Window.
	at org.testfx.util.WaitForAsyncUtils.---- Delayed Exception: (See Trace Below) ----(WaitForAsyncUtils.java:0)
Caused by: java.lang.AbstractMethodError: Receiver class com.sun.glass.ui.monocle.MonocleWindow does not define or inherit an implementation of the resolved method 'abstract void _updateViewSize(long)' of abstract class com.sun.glass.ui.Window.
	at com.sun.glass.ui.Window.setView(Window.java:377)
	at com.sun.javafx.tk.quantum.WindowStage.lambda$setScene$0(WindowStage.java:271)
	at com.sun.javafx.tk.quantum.QuantumToolkit.runWithRenderLock(QuantumToolkit.java:442)
	at com.sun.javafx.tk.quantum.WindowStage.setScene(WindowStage.java:270)
	at javafx.stage.Window$12.invalidated(Window.java:1162)
	at javafx.beans.property.BooleanPropertyBase.markInvalid(BooleanPropertyBase.java:110)
	at javafx.beans.property.BooleanPropertyBase.set(BooleanPropertyBase.java:145)
	at javafx.stage.Window.setShowing(Window.java:1239)
	at javafx.stage.Window.show(Window.java:1254)
	at javafx.stage.Stage.show(Stage.java:277)
	at javafx.stage.Stage.showAndWait(Stage.java:467)
	at javafx.scene.control.HeavyweightDialog.showAndWait(HeavyweightDialog.java:162)
	at javafx.scene.control.Dialog.showAndWait(Dialog.java:346)
	at com.myapp.ui.auth.ProfileController.showError(ProfileController.java:546)
	at com.myapp.ui.auth.ProfileController.lambda$8(ProfileController.java:201)
	at com.sun.javafx.application.PlatformImpl.lambda$runLater$10(PlatformImpl.java:456)
	at java.base/java.security.AccessController.doPrivileged(AccessController.java:399)
	at com.sun.javafx.application.PlatformImpl.lambda$runLater$11(PlatformImpl.java:455)
	at com.sun.glass.ui.monocle.RunnableProcessor.runLoop(RunnableProcessor.java:92)
	at com.sun.glass.ui.monocle.RunnableProcessor.run(RunnableProcessor.java:51)
	at java.base/java.lang.Thread.run(Thread.java:840)

com.myapp.ui.auth.ProfileControllerTest.testFieldPromptTexts -- Time elapsed: 0.253 s <<< ERROR!
java.lang.RuntimeException: java.util.concurrent.ExecutionException: java.lang.AbstractMethodError: Receiver class com.sun.glass.ui.monocle.MonocleWindow does not define or inherit an implementation of the resolved method 'abstract void _updateViewSize(long)' of abstract class com.sun.glass.ui.Window.
	at org.testfx.util.WaitForAsyncUtils.waitFor(WaitForAsyncUtils.java:301)
	at org.testfx.api.FxToolkit.waitForSetup(FxToolkit.java:244)
	at org.testfx.api.FxToolkit.setupApplication(FxToolkit.java:153)
	at org.testfx.framework.junit5.ApplicationTest.internalBefore(ApplicationTest.java:42)
	at java.base/java.lang.reflect.Method.invoke(Method.java:569)
	at java.base/java.util.ArrayList.forEach(ArrayList.java:1511)
	at java.base/java.util.ArrayList.forEach(ArrayList.java:1511)
	Suppressed: java.lang.RuntimeException: java.lang.AbstractMethodError: Receiver class com.sun.glass.ui.monocle.MonocleWindow does not define or inherit an implementation of the resolved method 'abstract void _updateViewSize(long)' of abstract class com.sun.glass.ui.Window.
		at org.testfx.util.WaitForAsyncUtils.---- Delayed Exception: (See Trace Below) ----(WaitForAsyncUtils.java:0)
	Caused by: java.lang.AbstractMethodError: Receiver class com.sun.glass.ui.monocle.MonocleWindow does not define or inherit an implementation of the resolved method 'abstract void _updateViewSize(long)' of abstract class com.sun.glass.ui.Window.
		at com.sun.glass.ui.Window.setView(Window.java:377)
		at com.sun.javafx.tk.quantum.WindowStage.lambda$setScene$0(WindowStage.java:271)
		at com.sun.javafx.tk.quantum.QuantumToolkit.runWithRenderLock(QuantumToolkit.java:442)
		at com.sun.javafx.tk.quantum.WindowStage.setScene(WindowStage.java:270)
		at javafx.stage.Window$12.invalidated(Window.java:1162)
		at javafx.beans.property.BooleanPropertyBase.markInvalid(BooleanPropertyBase.java:110)
		at javafx.beans.property.BooleanPropertyBase.set(BooleanPropertyBase.java:145)
		at javafx.stage.Window.setShowing(Window.java:1239)
		at javafx.stage.Window.show(Window.java:1254)
		at javafx.stage.Stage.show(Stage.java:277)
		at javafx.stage.Stage.showAndWait(Stage.java:467)
		at javafx.scene.control.HeavyweightDialog.showAndWait(HeavyweightDialog.java:162)
		at javafx.scene.control.Dialog.showAndWait(Dialog.java:346)
		at com.myapp.ui.auth.ProfileController.showError(ProfileController.java:546)
		at com.myapp.ui.auth.ProfileController.lambda$8(ProfileController.java:201)
		at com.sun.javafx.application.PlatformImpl.lambda$runLater$10(PlatformImpl.java:456)
		at java.base/java.security.AccessController.doPrivileged(AccessController.java:399)
		at com.sun.javafx.application.PlatformImpl.lambda$runLater$11(PlatformImpl.java:455)
		at com.sun.glass.ui.monocle.RunnableProcessor.runLoop(RunnableProcessor.java:92)
		at com.sun.glass.ui.monocle.RunnableProcessor.run(RunnableProcessor.java:51)
		at java.base/java.lang.Thread.run(Thread.java:840)
Caused by: java.util.concurrent.ExecutionException: java.lang.AbstractMethodError: Receiver class com.sun.glass.ui.monocle.MonocleWindow does not define or inherit an implementation of the resolved method 'abstract void _updateViewSize(long)' of abstract class com.sun.glass.ui.Window.
	at java.base/java.util.concurrent.FutureTask.report(FutureTask.java:122)
	at java.base/java.util.concurrent.FutureTask.get(FutureTask.java:191)
	at org.testfx.util.WaitForAsyncUtils$ASyncFXCallable.get(WaitForAsyncUtils.java:696)
	at org.testfx.toolkit.impl.ToolkitServiceImpl.lambda$setupApplication$6(ToolkitServiceImpl.java:127)
	at java.base/java.util.concurrent.FutureTask.run(FutureTask.java:264)
	at java.base/java.util.concurrent.Executors$RunnableAdapter.call(Executors.java:539)
	at java.base/java.util.concurrent.FutureTask.run(FutureTask.java:264)
	at java.base/java.util.concurrent.ThreadPoolExecutor.runWorker(ThreadPoolExecutor.java:1136)
	at java.base/java.util.concurrent.ThreadPoolExecutor$Worker.run(ThreadPoolExecutor.java:635)
	at java.base/java.lang.Thread.run(Thread.java:840)
Caused by: java.lang.AbstractMethodError: Receiver class com.sun.glass.ui.monocle.MonocleWindow does not define or inherit an implementation of the resolved method 'abstract void _updateViewSize(long)' of abstract class com.sun.glass.ui.Window.
	at com.sun.glass.ui.Window.setView(Window.java:377)
	at com.sun.javafx.tk.quantum.WindowStage.lambda$setScene$0(WindowStage.java:271)
	at com.sun.javafx.tk.quantum.QuantumToolkit.runWithRenderLock(QuantumToolkit.java:442)
	at com.sun.javafx.tk.quantum.WindowStage.setScene(WindowStage.java:270)
	at javafx.stage.Window$12.invalidated(Window.java:1162)
	at javafx.beans.property.BooleanPropertyBase.markInvalid(BooleanPropertyBase.java:110)
	at javafx.beans.property.BooleanPropertyBase.set(BooleanPropertyBase.java:145)
	at javafx.stage.Window.setShowing(Window.java:1239)
	at javafx.stage.Window.show(Window.java:1254)
	at javafx.stage.Stage.show(Stage.java:277)
	at com.myapp.ui.auth.ProfileControllerTest.start(ProfileControllerTest.java:120)
	at org.testfx.framework.junit5.ApplicationAdapter.start(ApplicationAdapter.java:37)
	at org.testfx.toolkit.impl.ApplicationServiceImpl.lambda$start$0(ApplicationServiceImpl.java:49)
	at java.base/java.util.concurrent.FutureTask.run(FutureTask.java:264)
	at com.sun.javafx.application.PlatformImpl.lambda$runLater$10(PlatformImpl.java:456)
	at java.base/java.security.AccessController.doPrivileged(AccessController.java:399)
	at com.sun.javafx.application.PlatformImpl.lambda$runLater$11(PlatformImpl.java:455)
	at com.sun.glass.ui.monocle.RunnableProcessor.runLoop(RunnableProcessor.java:92)
	at com.sun.glass.ui.monocle.RunnableProcessor.run(RunnableProcessor.java:51)
	... 1 more

com.myapp.ui.auth.ProfileControllerTest.testPasswordStrengthValidation -- Time elapsed: 0.189 s <<< ERROR!
java.lang.RuntimeException: java.util.concurrent.ExecutionException: java.lang.AbstractMethodError: Receiver class com.sun.glass.ui.monocle.MonocleWindow does not define or inherit an implementation of the resolved method 'abstract void _updateViewSize(long)' of abstract class com.sun.glass.ui.Window.
	at org.testfx.util.WaitForAsyncUtils.waitFor(WaitForAsyncUtils.java:301)
	at org.testfx.api.FxToolkit.waitForSetup(FxToolkit.java:244)
	at org.testfx.api.FxToolkit.setupApplication(FxToolkit.java:153)
	at org.testfx.framework.junit5.ApplicationTest.internalBefore(ApplicationTest.java:42)
	at java.base/java.lang.reflect.Method.invoke(Method.java:569)
	at java.base/java.util.ArrayList.forEach(ArrayList.java:1511)
	at java.base/java.util.ArrayList.forEach(ArrayList.java:1511)
	Suppressed: java.lang.RuntimeException: java.lang.AbstractMethodError: Receiver class com.sun.glass.ui.monocle.MonocleWindow does not define or inherit an implementation of the resolved method 'abstract void _updateViewSize(long)' of abstract class com.sun.glass.ui.Window.
		at org.testfx.util.WaitForAsyncUtils.---- Delayed Exception: (See Trace Below) ----(WaitForAsyncUtils.java:0)
	Caused by: java.lang.AbstractMethodError: Receiver class com.sun.glass.ui.monocle.MonocleWindow does not define or inherit an implementation of the resolved method 'abstract void _updateViewSize(long)' of abstract class com.sun.glass.ui.Window.
		at com.sun.glass.ui.Window.setView(Window.java:377)
		at com.sun.javafx.tk.quantum.WindowStage.lambda$setScene$0(WindowStage.java:271)
		at com.sun.javafx.tk.quantum.QuantumToolkit.runWithRenderLock(QuantumToolkit.java:442)
		at com.sun.javafx.tk.quantum.WindowStage.setScene(WindowStage.java:270)
		at javafx.stage.Window$12.invalidated(Window.java:1162)
		at javafx.beans.property.BooleanPropertyBase.markInvalid(BooleanPropertyBase.java:110)
		at javafx.beans.property.BooleanPropertyBase.set(BooleanPropertyBase.java:145)
		at javafx.stage.Window.setShowing(Window.java:1239)
		at javafx.stage.Window.show(Window.java:1254)
		at javafx.stage.Stage.show(Stage.java:277)
		at javafx.stage.Stage.showAndWait(Stage.java:467)
		at javafx.scene.control.HeavyweightDialog.showAndWait(HeavyweightDialog.java:162)
		at javafx.scene.control.Dialog.showAndWait(Dialog.java:346)
		at com.myapp.ui.auth.ProfileController.showError(ProfileController.java:546)
		at com.myapp.ui.auth.ProfileController.lambda$8(ProfileController.java:201)
		at com.sun.javafx.application.PlatformImpl.lambda$runLater$10(PlatformImpl.java:456)
		at java.base/java.security.AccessController.doPrivileged(AccessController.java:399)
		at com.sun.javafx.application.PlatformImpl.lambda$runLater$11(PlatformImpl.java:455)
		at com.sun.glass.ui.monocle.RunnableProcessor.runLoop(RunnableProcessor.java:92)
		at com.sun.glass.ui.monocle.RunnableProcessor.run(RunnableProcessor.java:51)
		at java.base/java.lang.Thread.run(Thread.java:840)
Caused by: java.util.concurrent.ExecutionException: java.lang.AbstractMethodError: Receiver class com.sun.glass.ui.monocle.MonocleWindow does not define or inherit an implementation of the resolved method 'abstract void _updateViewSize(long)' of abstract class com.sun.glass.ui.Window.
	at java.base/java.util.concurrent.FutureTask.report(FutureTask.java:122)
	at java.base/java.util.concurrent.FutureTask.get(FutureTask.java:191)
	at org.testfx.util.WaitForAsyncUtils$ASyncFXCallable.get(WaitForAsyncUtils.java:696)
	at org.testfx.toolkit.impl.ToolkitServiceImpl.lambda$setupApplication$6(ToolkitServiceImpl.java:127)
	at java.base/java.util.concurrent.FutureTask.run(FutureTask.java:264)
	at java.base/java.util.concurrent.Executors$RunnableAdapter.call(Executors.java:539)
	at java.base/java.util.concurrent.FutureTask.run(FutureTask.java:264)
	at java.base/java.util.concurrent.ThreadPoolExecutor.runWorker(ThreadPoolExecutor.java:1136)
	at java.base/java.util.concurrent.ThreadPoolExecutor$Worker.run(ThreadPoolExecutor.java:635)
	at java.base/java.lang.Thread.run(Thread.java:840)
Caused by: java.lang.AbstractMethodError: Receiver class com.sun.glass.ui.monocle.MonocleWindow does not define or inherit an implementation of the resolved method 'abstract void _updateViewSize(long)' of abstract class com.sun.glass.ui.Window.
	at com.sun.glass.ui.Window.setView(Window.java:377)
	at com.sun.javafx.tk.quantum.WindowStage.lambda$setScene$0(WindowStage.java:271)
	at com.sun.javafx.tk.quantum.QuantumToolkit.runWithRenderLock(QuantumToolkit.java:442)
	at com.sun.javafx.tk.quantum.WindowStage.setScene(WindowStage.java:270)
	at javafx.stage.Window$SceneModel.updatePeerScene(Window.java:889)
	at javafx.stage.Window$SceneModel.invalidated(Window.java:858)
	at javafx.beans.property.ObjectPropertyBase.markInvalid(ObjectPropertyBase.java:112)
	at javafx.beans.property.ObjectPropertyBase.set(ObjectPropertyBase.java:147)
	at javafx.stage.Window.setScene(Window.java:823)
	at javafx.stage.Stage.setScene(Stage.java:270)
	at com.myapp.ui.auth.ProfileControllerTest.start(ProfileControllerTest.java:119)
	at org.testfx.framework.junit5.ApplicationAdapter.start(ApplicationAdapter.java:37)
	at org.testfx.toolkit.impl.ApplicationServiceImpl.lambda$start$0(ApplicationServiceImpl.java:49)
	at java.base/java.util.concurrent.FutureTask.run(FutureTask.java:264)
	at com.sun.javafx.application.PlatformImpl.lambda$runLater$10(PlatformImpl.java:456)
	at java.base/java.security.AccessController.doPrivileged(AccessController.java:399)
	at com.sun.javafx.application.PlatformImpl.lambda$runLater$11(PlatformImpl.java:455)
	at com.sun.glass.ui.monocle.RunnableProcessor.runLoop(RunnableProcessor.java:92)
	at com.sun.glass.ui.monocle.RunnableProcessor.run(RunnableProcessor.java:51)
	... 1 more

com.myapp.ui.auth.ProfileControllerTest.testInvalidPhoneNumberValidation -- Time elapsed: 0.310 s <<< ERROR!
java.lang.RuntimeException: java.util.concurrent.ExecutionException: java.lang.AbstractMethodError: Receiver class com.sun.glass.ui.monocle.MonocleWindow does not define or inherit an implementation of the resolved method 'abstract void _updateViewSize(long)' of abstract class com.sun.glass.ui.Window.
	at org.testfx.util.WaitForAsyncUtils.waitFor(WaitForAsyncUtils.java:301)
	at org.testfx.api.FxToolkit.waitForSetup(FxToolkit.java:244)
	at org.testfx.api.FxToolkit.setupApplication(FxToolkit.java:153)
	at org.testfx.framework.junit5.ApplicationTest.internalBefore(ApplicationTest.java:42)
	at java.base/java.lang.reflect.Method.invoke(Method.java:569)
	at java.base/java.util.ArrayList.forEach(ArrayList.java:1511)
	at java.base/java.util.ArrayList.forEach(ArrayList.java:1511)
Caused by: java.util.concurrent.ExecutionException: java.lang.AbstractMethodError: Receiver class com.sun.glass.ui.monocle.MonocleWindow does not define or inherit an implementation of the resolved method 'abstract void _updateViewSize(long)' of abstract class com.sun.glass.ui.Window.
	at java.base/java.util.concurrent.FutureTask.report(FutureTask.java:122)
	at java.base/java.util.concurrent.FutureTask.get(FutureTask.java:191)
	at org.testfx.util.WaitForAsyncUtils$ASyncFXCallable.get(WaitForAsyncUtils.java:696)
	at org.testfx.toolkit.impl.ToolkitServiceImpl.lambda$setupApplication$6(ToolkitServiceImpl.java:127)
	at java.base/java.util.concurrent.FutureTask.run(FutureTask.java:264)
	at java.base/java.util.concurrent.Executors$RunnableAdapter.call(Executors.java:539)
	at java.base/java.util.concurrent.FutureTask.run(FutureTask.java:264)
	at java.base/java.util.concurrent.ThreadPoolExecutor.runWorker(ThreadPoolExecutor.java:1136)
	at java.base/java.util.concurrent.ThreadPoolExecutor$Worker.run(ThreadPoolExecutor.java:635)
	at java.base/java.lang.Thread.run(Thread.java:840)
Caused by: java.lang.AbstractMethodError: Receiver class com.sun.glass.ui.monocle.MonocleWindow does not define or inherit an implementation of the resolved method 'abstract void _updateViewSize(long)' of abstract class com.sun.glass.ui.Window.
	at com.sun.glass.ui.Window.setView(Window.java:377)
	at com.sun.javafx.tk.quantum.WindowStage.lambda$setScene$0(WindowStage.java:271)
	at com.sun.javafx.tk.quantum.QuantumToolkit.runWithRenderLock(QuantumToolkit.java:442)
	at com.sun.javafx.tk.quantum.WindowStage.setScene(WindowStage.java:270)
	at javafx.stage.Window$SceneModel.updatePeerScene(Window.java:889)
	at javafx.stage.Window$SceneModel.invalidated(Window.java:858)
	at javafx.beans.property.ObjectPropertyBase.markInvalid(ObjectPropertyBase.java:112)
	at javafx.beans.property.ObjectPropertyBase.set(ObjectPropertyBase.java:147)
	at javafx.stage.Window.setScene(Window.java:823)
	at javafx.stage.Stage.setScene(Stage.java:270)
	at com.myapp.ui.auth.ProfileControllerTest.start(ProfileControllerTest.java:119)
	at org.testfx.framework.junit5.ApplicationAdapter.start(ApplicationAdapter.java:37)
	at org.testfx.toolkit.impl.ApplicationServiceImpl.lambda$start$0(ApplicationServiceImpl.java:49)
	at java.base/java.util.concurrent.FutureTask.run(FutureTask.java:264)
	at com.sun.javafx.application.PlatformImpl.lambda$runLater$10(PlatformImpl.java:456)
	at java.base/java.security.AccessController.doPrivileged(AccessController.java:399)
	at com.sun.javafx.application.PlatformImpl.lambda$runLater$11(PlatformImpl.java:455)
	at com.sun.glass.ui.monocle.RunnableProcessor.runLoop(RunnableProcessor.java:92)
	at com.sun.glass.ui.monocle.RunnableProcessor.run(RunnableProcessor.java:51)
	... 1 more

com.myapp.ui.auth.ProfileControllerTest.testAccountStatusDisplay -- Time elapsed: 0.276 s <<< ERROR!
java.lang.RuntimeException: java.util.concurrent.ExecutionException: java.lang.AbstractMethodError: Receiver class com.sun.glass.ui.monocle.MonocleWindow does not define or inherit an implementation of the resolved method 'abstract void _updateViewSize(long)' of abstract class com.sun.glass.ui.Window.
	at org.testfx.util.WaitForAsyncUtils.waitFor(WaitForAsyncUtils.java:301)
	at org.testfx.api.FxToolkit.waitForSetup(FxToolkit.java:244)
	at org.testfx.api.FxToolkit.setupApplication(FxToolkit.java:153)
	at org.testfx.framework.junit5.ApplicationTest.internalBefore(ApplicationTest.java:42)
	at java.base/java.lang.reflect.Method.invoke(Method.java:569)
	at java.base/java.util.ArrayList.forEach(ArrayList.java:1511)
	at java.base/java.util.ArrayList.forEach(ArrayList.java:1511)
Caused by: java.util.concurrent.ExecutionException: java.lang.AbstractMethodError: Receiver class com.sun.glass.ui.monocle.MonocleWindow does not define or inherit an implementation of the resolved method 'abstract void _updateViewSize(long)' of abstract class com.sun.glass.ui.Window.
	at java.base/java.util.concurrent.FutureTask.report(FutureTask.java:122)
	at java.base/java.util.concurrent.FutureTask.get(FutureTask.java:191)
	at org.testfx.util.WaitForAsyncUtils$ASyncFXCallable.get(WaitForAsyncUtils.java:696)
	at org.testfx.toolkit.impl.ToolkitServiceImpl.lambda$setupApplication$6(ToolkitServiceImpl.java:127)
	at java.base/java.util.concurrent.FutureTask.run(FutureTask.java:264)
	at java.base/java.util.concurrent.Executors$RunnableAdapter.call(Executors.java:539)
	at java.base/java.util.concurrent.FutureTask.run(FutureTask.java:264)
	at java.base/java.util.concurrent.ThreadPoolExecutor.runWorker(ThreadPoolExecutor.java:1136)
	at java.base/java.util.concurrent.ThreadPoolExecutor$Worker.run(ThreadPoolExecutor.java:635)
	at java.base/java.lang.Thread.run(Thread.java:840)
Caused by: java.lang.AbstractMethodError: Receiver class com.sun.glass.ui.monocle.MonocleWindow does not define or inherit an implementation of the resolved method 'abstract void _updateViewSize(long)' of abstract class com.sun.glass.ui.Window.
	at com.sun.glass.ui.Window.setView(Window.java:377)
	at com.sun.javafx.tk.quantum.WindowStage.lambda$setScene$0(WindowStage.java:271)
	at com.sun.javafx.tk.quantum.QuantumToolkit.runWithRenderLock(QuantumToolkit.java:442)
	at com.sun.javafx.tk.quantum.WindowStage.setScene(WindowStage.java:270)
	at javafx.stage.Window$12.invalidated(Window.java:1162)
	at javafx.beans.property.BooleanPropertyBase.markInvalid(BooleanPropertyBase.java:110)
	at javafx.beans.property.BooleanPropertyBase.set(BooleanPropertyBase.java:145)
	at javafx.stage.Window.setShowing(Window.java:1239)
	at javafx.stage.Window.show(Window.java:1254)
	at javafx.stage.Stage.show(Stage.java:277)
	at com.myapp.ui.auth.ProfileControllerTest.start(ProfileControllerTest.java:120)
	at org.testfx.framework.junit5.ApplicationAdapter.start(ApplicationAdapter.java:37)
	at org.testfx.toolkit.impl.ApplicationServiceImpl.lambda$start$0(ApplicationServiceImpl.java:49)
	at java.base/java.util.concurrent.FutureTask.run(FutureTask.java:264)
	at com.sun.javafx.application.PlatformImpl.lambda$runLater$10(PlatformImpl.java:456)
	at java.base/java.security.AccessController.doPrivileged(AccessController.java:399)
	at com.sun.javafx.application.PlatformImpl.lambda$runLater$11(PlatformImpl.java:455)
	at com.sun.glass.ui.monocle.RunnableProcessor.runLoop(RunnableProcessor.java:92)
	at com.sun.glass.ui.monocle.RunnableProcessor.run(RunnableProcessor.java:51)
	... 1 more

com.myapp.ui.auth.ProfileControllerTest.testPhoneNumberValidation -- Time elapsed: 0.134 s <<< ERROR!
java.lang.RuntimeException: java.util.concurrent.ExecutionException: java.lang.AbstractMethodError: Receiver class com.sun.glass.ui.monocle.MonocleWindow does not define or inherit an implementation of the resolved method 'abstract void _updateViewSize(long)' of abstract class com.sun.glass.ui.Window.
	at org.testfx.util.WaitForAsyncUtils.waitFor(WaitForAsyncUtils.java:301)
	at org.testfx.api.FxToolkit.waitForSetup(FxToolkit.java:244)
	at org.testfx.api.FxToolkit.setupApplication(FxToolkit.java:153)
	at org.testfx.framework.junit5.ApplicationTest.internalBefore(ApplicationTest.java:42)
	at java.base/java.lang.reflect.Method.invoke(Method.java:569)
	at java.base/java.util.ArrayList.forEach(ArrayList.java:1511)
	at java.base/java.util.ArrayList.forEach(ArrayList.java:1511)
	Suppressed: java.lang.RuntimeException: java.lang.AbstractMethodError: Receiver class com.sun.glass.ui.monocle.MonocleWindow does not define or inherit an implementation of the resolved method 'abstract void _updateViewSize(long)' of abstract class com.sun.glass.ui.Window.
		at org.testfx.util.WaitForAsyncUtils.---- Delayed Exception: (See Trace Below) ----(WaitForAsyncUtils.java:0)
	Caused by: java.lang.AbstractMethodError: Receiver class com.sun.glass.ui.monocle.MonocleWindow does not define or inherit an implementation of the resolved method 'abstract void _updateViewSize(long)' of abstract class com.sun.glass.ui.Window.
		at com.sun.glass.ui.Window.setView(Window.java:377)
		at com.sun.javafx.tk.quantum.WindowStage.lambda$setScene$0(WindowStage.java:271)
		at com.sun.javafx.tk.quantum.QuantumToolkit.runWithRenderLock(QuantumToolkit.java:442)
		at com.sun.javafx.tk.quantum.WindowStage.setScene(WindowStage.java:270)
		at javafx.stage.Window$12.invalidated(Window.java:1162)
		at javafx.beans.property.BooleanPropertyBase.markInvalid(BooleanPropertyBase.java:110)
		at javafx.beans.property.BooleanPropertyBase.set(BooleanPropertyBase.java:145)
		at javafx.stage.Window.setShowing(Window.java:1239)
		at javafx.stage.Window.show(Window.java:1254)
		at javafx.stage.Stage.show(Stage.java:277)
		at javafx.stage.Stage.showAndWait(Stage.java:467)
		at javafx.scene.control.HeavyweightDialog.showAndWait(HeavyweightDialog.java:162)
		at javafx.scene.control.Dialog.showAndWait(Dialog.java:346)
		at com.myapp.ui.auth.ProfileController.showError(ProfileController.java:546)
		at com.myapp.ui.auth.ProfileController.lambda$8(ProfileController.java:201)
		at com.sun.javafx.application.PlatformImpl.lambda$runLater$10(PlatformImpl.java:456)
		at java.base/java.security.AccessController.doPrivileged(AccessController.java:399)
		at com.sun.javafx.application.PlatformImpl.lambda$runLater$11(PlatformImpl.java:455)
		at com.sun.glass.ui.monocle.RunnableProcessor.runLoop(RunnableProcessor.java:92)
		at com.sun.glass.ui.monocle.RunnableProcessor.run(RunnableProcessor.java:51)
		at java.base/java.lang.Thread.run(Thread.java:840)
Caused by: java.util.concurrent.ExecutionException: java.lang.AbstractMethodError: Receiver class com.sun.glass.ui.monocle.MonocleWindow does not define or inherit an implementation of the resolved method 'abstract void _updateViewSize(long)' of abstract class com.sun.glass.ui.Window.
	at java.base/java.util.concurrent.FutureTask.report(FutureTask.java:122)
	at java.base/java.util.concurrent.FutureTask.get(FutureTask.java:191)
	at org.testfx.util.WaitForAsyncUtils$ASyncFXCallable.get(WaitForAsyncUtils.java:696)
	at org.testfx.toolkit.impl.ToolkitServiceImpl.lambda$setupApplication$6(ToolkitServiceImpl.java:127)
	at java.base/java.util.concurrent.FutureTask.run(FutureTask.java:264)
	at java.base/java.util.concurrent.Executors$RunnableAdapter.call(Executors.java:539)
	at java.base/java.util.concurrent.FutureTask.run(FutureTask.java:264)
	at java.base/java.util.concurrent.ThreadPoolExecutor.runWorker(ThreadPoolExecutor.java:1136)
	at java.base/java.util.concurrent.ThreadPoolExecutor$Worker.run(ThreadPoolExecutor.java:635)
	at java.base/java.lang.Thread.run(Thread.java:840)
Caused by: java.lang.AbstractMethodError: Receiver class com.sun.glass.ui.monocle.MonocleWindow does not define or inherit an implementation of the resolved method 'abstract void _updateViewSize(long)' of abstract class com.sun.glass.ui.Window.
	at com.sun.glass.ui.Window.setView(Window.java:377)
	at com.sun.javafx.tk.quantum.WindowStage.lambda$setScene$0(WindowStage.java:271)
	at com.sun.javafx.tk.quantum.QuantumToolkit.runWithRenderLock(QuantumToolkit.java:442)
	at com.sun.javafx.tk.quantum.WindowStage.setScene(WindowStage.java:270)
	at javafx.stage.Window$12.invalidated(Window.java:1162)
	at javafx.beans.property.BooleanPropertyBase.markInvalid(BooleanPropertyBase.java:110)
	at javafx.beans.property.BooleanPropertyBase.set(BooleanPropertyBase.java:145)
	at javafx.stage.Window.setShowing(Window.java:1239)
	at javafx.stage.Window.show(Window.java:1254)
	at javafx.stage.Stage.show(Stage.java:277)
	at com.myapp.ui.auth.ProfileControllerTest.start(ProfileControllerTest.java:120)
	at org.testfx.framework.junit5.ApplicationAdapter.start(ApplicationAdapter.java:37)
	at org.testfx.toolkit.impl.ApplicationServiceImpl.lambda$start$0(ApplicationServiceImpl.java:49)
	at java.base/java.util.concurrent.FutureTask.run(FutureTask.java:264)
	at com.sun.javafx.application.PlatformImpl.lambda$runLater$10(PlatformImpl.java:456)
	at java.base/java.security.AccessController.doPrivileged(AccessController.java:399)
	at com.sun.javafx.application.PlatformImpl.lambda$runLater$11(PlatformImpl.java:455)
	at com.sun.glass.ui.monocle.RunnableProcessor.runLoop(RunnableProcessor.java:92)
	at com.sun.glass.ui.monocle.RunnableProcessor.run(RunnableProcessor.java:51)
	... 1 more

com.myapp.ui.auth.ProfileControllerTest.testInitialization -- Time elapsed: 0.164 s <<< ERROR!
java.lang.RuntimeException: java.util.concurrent.ExecutionException: java.lang.AbstractMethodError: Receiver class com.sun.glass.ui.monocle.MonocleWindow does not define or inherit an implementation of the resolved method 'abstract void _updateViewSize(long)' of abstract class com.sun.glass.ui.Window.
	at org.testfx.util.WaitForAsyncUtils.waitFor(WaitForAsyncUtils.java:301)
	at org.testfx.api.FxToolkit.waitForSetup(FxToolkit.java:244)
	at org.testfx.api.FxToolkit.setupApplication(FxToolkit.java:153)
	at org.testfx.framework.junit5.ApplicationTest.internalBefore(ApplicationTest.java:42)
	at java.base/java.lang.reflect.Method.invoke(Method.java:569)
	at java.base/java.util.ArrayList.forEach(ArrayList.java:1511)
	at java.base/java.util.ArrayList.forEach(ArrayList.java:1511)
	Suppressed: java.lang.RuntimeException: java.lang.AbstractMethodError: Receiver class com.sun.glass.ui.monocle.MonocleWindow does not define or inherit an implementation of the resolved method 'abstract void _updateViewSize(long)' of abstract class com.sun.glass.ui.Window.
		at org.testfx.util.WaitForAsyncUtils.---- Delayed Exception: (See Trace Below) ----(WaitForAsyncUtils.java:0)
	Caused by: java.lang.AbstractMethodError: Receiver class com.sun.glass.ui.monocle.MonocleWindow does not define or inherit an implementation of the resolved method 'abstract void _updateViewSize(long)' of abstract class com.sun.glass.ui.Window.
		at com.sun.glass.ui.Window.setView(Window.java:377)
		at com.sun.javafx.tk.quantum.WindowStage.lambda$setScene$0(WindowStage.java:271)
		at com.sun.javafx.tk.quantum.QuantumToolkit.runWithRenderLock(QuantumToolkit.java:442)
		at com.sun.javafx.tk.quantum.WindowStage.setScene(WindowStage.java:270)
		at javafx.stage.Window$12.invalidated(Window.java:1162)
		at javafx.beans.property.BooleanPropertyBase.markInvalid(BooleanPropertyBase.java:110)
		at javafx.beans.property.BooleanPropertyBase.set(BooleanPropertyBase.java:145)
		at javafx.stage.Window.setShowing(Window.java:1239)
		at javafx.stage.Window.show(Window.java:1254)
		at javafx.stage.Stage.show(Stage.java:277)
		at javafx.stage.Stage.showAndWait(Stage.java:467)
		at javafx.scene.control.HeavyweightDialog.showAndWait(HeavyweightDialog.java:162)
		at javafx.scene.control.Dialog.showAndWait(Dialog.java:346)
		at com.myapp.ui.auth.ProfileController.showError(ProfileController.java:546)
		at com.myapp.ui.auth.ProfileController.lambda$8(ProfileController.java:201)
		at com.sun.javafx.application.PlatformImpl.lambda$runLater$10(PlatformImpl.java:456)
		at java.base/java.security.AccessController.doPrivileged(AccessController.java:399)
		at com.sun.javafx.application.PlatformImpl.lambda$runLater$11(PlatformImpl.java:455)
		at com.sun.glass.ui.monocle.RunnableProcessor.runLoop(RunnableProcessor.java:92)
		at com.sun.glass.ui.monocle.RunnableProcessor.run(RunnableProcessor.java:51)
		at java.base/java.lang.Thread.run(Thread.java:840)
Caused by: java.util.concurrent.ExecutionException: java.lang.AbstractMethodError: Receiver class com.sun.glass.ui.monocle.MonocleWindow does not define or inherit an implementation of the resolved method 'abstract void _updateViewSize(long)' of abstract class com.sun.glass.ui.Window.
	at java.base/java.util.concurrent.FutureTask.report(FutureTask.java:122)
	at java.base/java.util.concurrent.FutureTask.get(FutureTask.java:191)
	at org.testfx.util.WaitForAsyncUtils$ASyncFXCallable.get(WaitForAsyncUtils.java:696)
	at org.testfx.toolkit.impl.ToolkitServiceImpl.lambda$setupApplication$6(ToolkitServiceImpl.java:127)
	at java.base/java.util.concurrent.FutureTask.run(FutureTask.java:264)
	at java.base/java.util.concurrent.Executors$RunnableAdapter.call(Executors.java:539)
	at java.base/java.util.concurrent.FutureTask.run(FutureTask.java:264)
	at java.base/java.util.concurrent.ThreadPoolExecutor.runWorker(ThreadPoolExecutor.java:1136)
	at java.base/java.util.concurrent.ThreadPoolExecutor$Worker.run(ThreadPoolExecutor.java:635)
	at java.base/java.lang.Thread.run(Thread.java:840)
Caused by: java.lang.AbstractMethodError: Receiver class com.sun.glass.ui.monocle.MonocleWindow does not define or inherit an implementation of the resolved method 'abstract void _updateViewSize(long)' of abstract class com.sun.glass.ui.Window.
	at com.sun.glass.ui.Window.setView(Window.java:377)
	at com.sun.javafx.tk.quantum.WindowStage.lambda$setScene$0(WindowStage.java:271)
	at com.sun.javafx.tk.quantum.QuantumToolkit.runWithRenderLock(QuantumToolkit.java:442)
	at com.sun.javafx.tk.quantum.WindowStage.setScene(WindowStage.java:270)
	at javafx.stage.Window$SceneModel.updatePeerScene(Window.java:889)
	at javafx.stage.Window$SceneModel.invalidated(Window.java:858)
	at javafx.beans.property.ObjectPropertyBase.markInvalid(ObjectPropertyBase.java:112)
	at javafx.beans.property.ObjectPropertyBase.set(ObjectPropertyBase.java:147)
	at javafx.stage.Window.setScene(Window.java:823)
	at javafx.stage.Stage.setScene(Stage.java:270)
	at com.myapp.ui.auth.ProfileControllerTest.start(ProfileControllerTest.java:119)
	at org.testfx.framework.junit5.ApplicationAdapter.start(ApplicationAdapter.java:37)
	at org.testfx.toolkit.impl.ApplicationServiceImpl.lambda$start$0(ApplicationServiceImpl.java:49)
	at java.base/java.util.concurrent.FutureTask.run(FutureTask.java:264)
	at com.sun.javafx.application.PlatformImpl.lambda$runLater$10(PlatformImpl.java:456)
	at java.base/java.security.AccessController.doPrivileged(AccessController.java:399)
	at com.sun.javafx.application.PlatformImpl.lambda$runLater$11(PlatformImpl.java:455)
	at com.sun.glass.ui.monocle.RunnableProcessor.runLoop(RunnableProcessor.java:92)
	at com.sun.glass.ui.monocle.RunnableProcessor.run(RunnableProcessor.java:51)
	... 1 more

com.myapp.ui.auth.ProfileControllerTest.testPasswordChangeValidation -- Time elapsed: 0.219 s <<< ERROR!
java.lang.RuntimeException: java.util.concurrent.ExecutionException: java.lang.AbstractMethodError: Receiver class com.sun.glass.ui.monocle.MonocleWindow does not define or inherit an implementation of the resolved method 'abstract void _updateViewSize(long)' of abstract class com.sun.glass.ui.Window.
	at org.testfx.util.WaitForAsyncUtils.waitFor(WaitForAsyncUtils.java:301)
[...]
	at java.base/java.security.AccessController.doPrivileged(AccessController.java:399)
	at com.sun.javafx.application.PlatformImpl.lambda$runLater$11(PlatformImpl.java:455)
	at com.sun.glass.ui.monocle.RunnableProcessor.runLoop(RunnableProcessor.java:92)
	at com.sun.glass.ui.monocle.RunnableProcessor.run(RunnableProcessor.java:51)
	... 1 more

com.myapp.ui.auth.ProfileControllerTest.testUIComponentsExist -- Time elapsed: 0.175 s <<< ERROR!
java.lang.RuntimeException: java.lang.AbstractMethodError: Receiver class com.sun.glass.ui.monocle.MonocleWindow does not define or inherit an implementation of the resolved method 'abstract void _updateViewSize(long)' of abstract class com.sun.glass.ui.Window.
	at org.testfx.util.WaitForAsyncUtils.---- Delayed Exception: (See Trace Below) ----(WaitForAsyncUtils.java:0)
Caused by: java.lang.AbstractMethodError: Receiver class com.sun.glass.ui.monocle.MonocleWindow does not define or inherit an implementation of the resolved method 'abstract void _updateViewSize(long)' of abstract class com.sun.glass.ui.Window.
	at com.sun.glass.ui.Window.setView(Window.java:377)
	at com.sun.javafx.tk.quantum.WindowStage.lambda$setScene$0(WindowStage.java:271)
	at com.sun.javafx.tk.quantum.QuantumToolkit.runWithRenderLock(QuantumToolkit.java:442)
	at com.sun.javafx.tk.quantum.WindowStage.setScene(WindowStage.java:270)
	at javafx.stage.Window$12.invalidated(Window.java:1162)
	at javafx.beans.property.BooleanPropertyBase.markInvalid(BooleanPropertyBase.java:110)
	at javafx.beans.property.BooleanPropertyBase.set(BooleanPropertyBase.java:145)
	at javafx.stage.Window.setShowing(Window.java:1239)
	at javafx.stage.Window.show(Window.java:1254)
	at javafx.stage.Stage.show(Stage.java:277)
	at javafx.stage.Stage.showAndWait(Stage.java:467)
	at javafx.scene.control.HeavyweightDialog.showAndWait(HeavyweightDialog.java:162)
	at javafx.scene.control.Dialog.showAndWait(Dialog.java:346)
	at com.myapp.ui.auth.ProfileController.showError(ProfileController.java:546)
	at com.myapp.ui.auth.ProfileController.lambda$8(ProfileController.java:201)
	at com.sun.javafx.application.PlatformImpl.lambda$runLater$10(PlatformImpl.java:456)
	at java.base/java.security.AccessController.doPrivileged(AccessController.java:399)
	at com.sun.javafx.application.PlatformImpl.lambda$runLater$11(PlatformImpl.java:455)
	at com.sun.glass.ui.monocle.RunnableProcessor.runLoop(RunnableProcessor.java:92)
	at com.sun.glass.ui.monocle.RunnableProcessor.run(RunnableProcessor.java:51)
	at java.base/java.lang.Thread.run(Thread.java:840)

com.myapp.ui.auth.ProfileControllerTest.testButtonStates -- Time elapsed: 0.172 s <<< ERROR!
java.lang.RuntimeException: java.util.concurrent.ExecutionException: java.lang.AbstractMethodError: Receiver class com.sun.glass.ui.monocle.MonocleWindow does not define or inherit an implementation of the resolved method 'abstract void _updateViewSize(long)' of abstract class com.sun.glass.ui.Window.
	at org.testfx.util.WaitForAsyncUtils.waitFor(WaitForAsyncUtils.java:301)
	at org.testfx.api.FxToolkit.waitForSetup(FxToolkit.java:244)
	at org.testfx.api.FxToolkit.setupApplication(FxToolkit.java:153)
	at org.testfx.framework.junit5.ApplicationTest.internalBefore(ApplicationTest.java:42)
	at java.base/java.lang.reflect.Method.invoke(Method.java:569)
	at java.base/java.util.ArrayList.forEach(ArrayList.java:1511)
	at java.base/java.util.ArrayList.forEach(ArrayList.java:1511)
	Suppressed: java.lang.RuntimeException: java.lang.AbstractMethodError: Receiver class com.sun.glass.ui.monocle.MonocleWindow does not define or inherit an implementation of the resolved method 'abstract void _updateViewSize(long)' of abstract class com.sun.glass.ui.Window.
		at org.testfx.util.WaitForAsyncUtils.---- Delayed Exception: (See Trace Below) ----(WaitForAsyncUtils.java:0)
	Caused by: java.lang.AbstractMethodError: Receiver class com.sun.glass.ui.monocle.MonocleWindow does not define or inherit an implementation of the resolved method 'abstract void _updateViewSize(long)' of abstract class com.sun.glass.ui.Window.
		at com.sun.glass.ui.Window.setView(Window.java:377)
		at com.sun.javafx.tk.quantum.WindowStage.lambda$setScene$0(WindowStage.java:271)
		at com.sun.javafx.tk.quantum.QuantumToolkit.runWithRenderLock(QuantumToolkit.java:442)
		at com.sun.javafx.tk.quantum.WindowStage.setScene(WindowStage.java:270)
		at javafx.stage.Window$12.invalidated(Window.java:1162)
		at javafx.beans.property.BooleanPropertyBase.markInvalid(BooleanPropertyBase.java:110)
		at javafx.beans.property.BooleanPropertyBase.set(BooleanPropertyBase.java:145)
		at javafx.stage.Window.setShowing(Window.java:1239)
		at javafx.stage.Window.show(Window.java:1254)
		at javafx.stage.Stage.show(Stage.java:277)
		at javafx.stage.Stage.showAndWait(Stage.java:467)
		at javafx.scene.control.HeavyweightDialog.showAndWait(HeavyweightDialog.java:162)
		at javafx.scene.control.Dialog.showAndWait(Dialog.java:346)
		at com.myapp.ui.auth.ProfileController.showError(ProfileController.java:546)
		at com.myapp.ui.auth.ProfileController.lambda$8(ProfileController.java:201)
		at com.sun.javafx.application.PlatformImpl.lambda$runLater$10(PlatformImpl.java:456)
		at java.base/java.security.AccessController.doPrivileged(AccessController.java:399)
		at com.sun.javafx.application.PlatformImpl.lambda$runLater$11(PlatformImpl.java:455)
		at com.sun.glass.ui.monocle.RunnableProcessor.runLoop(RunnableProcessor.java:92)
		at com.sun.glass.ui.monocle.RunnableProcessor.run(RunnableProcessor.java:51)
		at java.base/java.lang.Thread.run(Thread.java:840)
Caused by: java.util.concurrent.ExecutionException: java.lang.AbstractMethodError: Receiver class com.sun.glass.ui.monocle.MonocleWindow does not define or inherit an implementation of the resolved method 'abstract void _updateViewSize(long)' of abstract class com.sun.glass.ui.Window.
	at java.base/java.util.concurrent.FutureTask.report(FutureTask.java:122)
	at java.base/java.util.concurrent.FutureTask.get(FutureTask.java:191)
	at org.testfx.util.WaitForAsyncUtils$ASyncFXCallable.get(WaitForAsyncUtils.java:696)
	at org.testfx.toolkit.impl.ToolkitServiceImpl.lambda$setupApplication$6(ToolkitServiceImpl.java:127)
	at java.base/java.util.concurrent.FutureTask.run(FutureTask.java:264)
	at java.base/java.util.concurrent.Executors$RunnableAdapter.call(Executors.java:539)
	at java.base/java.util.concurrent.FutureTask.run(FutureTask.java:264)
	at java.base/java.util.concurrent.ThreadPoolExecutor.runWorker(ThreadPoolExecutor.java:1136)
	at java.base/java.util.concurrent.ThreadPoolExecutor$Worker.run(ThreadPoolExecutor.java:635)
	at java.base/java.lang.Thread.run(Thread.java:840)
Caused by: java.lang.AbstractMethodError: Receiver class com.sun.glass.ui.monocle.MonocleWindow does not define or inherit an implementation of the resolved method 'abstract void _updateViewSize(long)' of abstract class com.sun.glass.ui.Window.
	at com.sun.glass.ui.Window.setView(Window.java:377)
	at com.sun.javafx.tk.quantum.WindowStage.lambda$setScene$0(WindowStage.java:271)
	at com.sun.javafx.tk.quantum.QuantumToolkit.runWithRenderLock(QuantumToolkit.java:442)
	at com.sun.javafx.tk.quantum.WindowStage.setScene(WindowStage.java:270)
	at javafx.stage.Window$12.invalidated(Window.java:1162)
	at javafx.beans.property.BooleanPropertyBase.markInvalid(BooleanPropertyBase.java:110)
	at javafx.beans.property.BooleanPropertyBase.set(BooleanPropertyBase.java:145)
	at javafx.stage.Window.setShowing(Window.java:1239)
	at javafx.stage.Window.show(Window.java:1254)
	at javafx.stage.Stage.show(Stage.java:277)
	at com.myapp.ui.auth.ProfileControllerTest.start(ProfileControllerTest.java:120)
	at org.testfx.framework.junit5.ApplicationAdapter.start(ApplicationAdapter.java:37)
	at org.testfx.toolkit.impl.ApplicationServiceImpl.lambda$start$0(ApplicationServiceImpl.java:49)
	at java.base/java.util.concurrent.FutureTask.run(FutureTask.java:264)
	at com.sun.javafx.application.PlatformImpl.lambda$runLater$10(PlatformImpl.java:456)
	at java.base/java.security.AccessController.doPrivileged(AccessController.java:399)
	at com.sun.javafx.application.PlatformImpl.lambda$runLater$11(PlatformImpl.java:455)
	at com.sun.glass.ui.monocle.RunnableProcessor.runLoop(RunnableProcessor.java:92)
	at com.sun.glass.ui.monocle.RunnableProcessor.run(RunnableProcessor.java:51)
	... 1 more

com.myapp.ui.auth.ProfileControllerTest.testSaveButtonAction -- Time elapsed: 0.152 s <<< ERROR!
java.lang.RuntimeException: java.util.concurrent.ExecutionException: java.lang.AbstractMethodError: Receiver class com.sun.glass.ui.monocle.MonocleWindow does not define or inherit an implementation of the resolved method 'abstract void _updateViewSize(long)' of abstract class com.sun.glass.ui.Window.
	at org.testfx.util.WaitForAsyncUtils.waitFor(WaitForAsyncUtils.java:301)
	at org.testfx.api.FxToolkit.waitForSetup(FxToolkit.java:244)
	at org.testfx.api.FxToolkit.setupApplication(FxToolkit.java:153)
	at org.testfx.framework.junit5.ApplicationTest.internalBefore(ApplicationTest.java:42)
	at java.base/java.lang.reflect.Method.invoke(Method.java:569)
	at java.base/java.util.ArrayList.forEach(ArrayList.java:1511)
	at java.base/java.util.ArrayList.forEach(ArrayList.java:1511)
	Suppressed: java.lang.RuntimeException: java.lang.AbstractMethodError: Receiver class com.sun.glass.ui.monocle.MonocleWindow does not define or inherit an implementation of the resolved method 'abstract void _updateViewSize(long)' of abstract class com.sun.glass.ui.Window.
		at org.testfx.util.WaitForAsyncUtils.---- Delayed Exception: (See Trace Below) ----(WaitForAsyncUtils.java:0)
	Caused by: java.lang.AbstractMethodError: Receiver class com.sun.glass.ui.monocle.MonocleWindow does not define or inherit an implementation of the resolved method 'abstract void _updateViewSize(long)' of abstract class com.sun.glass.ui.Window.
		at com.sun.glass.ui.Window.setView(Window.java:377)
		at com.sun.javafx.tk.quantum.WindowStage.lambda$setScene$0(WindowStage.java:271)
		at com.sun.javafx.tk.quantum.QuantumToolkit.runWithRenderLock(QuantumToolkit.java:442)
		at com.sun.javafx.tk.quantum.WindowStage.setScene(WindowStage.java:270)
		at javafx.stage.Window$12.invalidated(Window.java:1162)
		at javafx.beans.property.BooleanPropertyBase.markInvalid(BooleanPropertyBase.java:110)
		at javafx.beans.property.BooleanPropertyBase.set(BooleanPropertyBase.java:145)
		at javafx.stage.Window.setShowing(Window.java:1239)
		at javafx.stage.Window.show(Window.java:1254)
		at javafx.stage.Stage.show(Stage.java:277)
		at javafx.stage.Stage.showAndWait(Stage.java:467)
		at javafx.scene.control.HeavyweightDialog.showAndWait(HeavyweightDialog.java:162)
		at javafx.scene.control.Dialog.showAndWait(Dialog.java:346)
		at com.myapp.ui.auth.ProfileController.showError(ProfileController.java:546)
		at com.myapp.ui.auth.ProfileController.lambda$8(ProfileController.java:201)
		at com.sun.javafx.application.PlatformImpl.lambda$runLater$10(PlatformImpl.java:456)
		at java.base/java.security.AccessController.doPrivileged(AccessController.java:399)
		at com.sun.javafx.application.PlatformImpl.lambda$runLater$11(PlatformImpl.java:455)
		at com.sun.glass.ui.monocle.RunnableProcessor.runLoop(RunnableProcessor.java:92)
		at com.sun.glass.ui.monocle.RunnableProcessor.run(RunnableProcessor.java:51)
		at java.base/java.lang.Thread.run(Thread.java:840)
Caused by: java.util.concurrent.ExecutionException: java.lang.AbstractMethodError: Receiver class com.sun.glass.ui.monocle.MonocleWindow does not define or inherit an implementation of the resolved method 'abstract void _updateViewSize(long)' of abstract class com.sun.glass.ui.Window.
	at java.base/java.util.concurrent.FutureTask.report(FutureTask.java:122)
	at java.base/java.util.concurrent.FutureTask.get(FutureTask.java:191)
	at org.testfx.util.WaitForAsyncUtils$ASyncFXCallable.get(WaitForAsyncUtils.java:696)
	at org.testfx.toolkit.impl.ToolkitServiceImpl.lambda$setupApplication$6(ToolkitServiceImpl.java:127)
	at java.base/java.util.concurrent.FutureTask.run(FutureTask.java:264)
	at java.base/java.util.concurrent.Executors$RunnableAdapter.call(Executors.java:539)
	at java.base/java.util.concurrent.FutureTask.run(FutureTask.java:264)
	at java.base/java.util.concurrent.ThreadPoolExecutor.runWorker(ThreadPoolExecutor.java:1136)
	at java.base/java.util.concurrent.ThreadPoolExecutor$Worker.run(ThreadPoolExecutor.java:635)
	at java.base/java.lang.Thread.run(Thread.java:840)
Caused by: java.lang.AbstractMethodError: Receiver class com.sun.glass.ui.monocle.MonocleWindow does not define or inherit an implementation of the resolved method 'abstract void _updateViewSize(long)' of abstract class com.sun.glass.ui.Window.
	at com.sun.glass.ui.Window.setView(Window.java:377)
	at com.sun.javafx.tk.quantum.WindowStage.lambda$setScene$0(WindowStage.java:271)
	at com.sun.javafx.tk.quantum.QuantumToolkit.runWithRenderLock(QuantumToolkit.java:442)
	at com.sun.javafx.tk.quantum.WindowStage.setScene(WindowStage.java:270)
	at javafx.stage.Window$SceneModel.updatePeerScene(Window.java:889)
	at javafx.stage.Window$SceneModel.invalidated(Window.java:858)
	at javafx.beans.property.ObjectPropertyBase.markInvalid(ObjectPropertyBase.java:112)
	at javafx.beans.property.ObjectPropertyBase.set(ObjectPropertyBase.java:147)
	at javafx.stage.Window.setScene(Window.java:823)
	at javafx.stage.Stage.setScene(Stage.java:270)
	at com.myapp.ui.auth.ProfileControllerTest.start(ProfileControllerTest.java:119)
	at org.testfx.framework.junit5.ApplicationAdapter.start(ApplicationAdapter.java:37)
	at org.testfx.toolkit.impl.ApplicationServiceImpl.lambda$start$0(ApplicationServiceImpl.java:49)
	at java.base/java.util.concurrent.FutureTask.run(FutureTask.java:264)
	at com.sun.javafx.application.PlatformImpl.lambda$runLater$10(PlatformImpl.java:456)
	at java.base/java.security.AccessController.doPrivileged(AccessController.java:399)
	at com.sun.javafx.application.PlatformImpl.lambda$runLater$11(PlatformImpl.java:455)
	at com.sun.glass.ui.monocle.RunnableProcessor.runLoop(RunnableProcessor.java:92)
	at com.sun.glass.ui.monocle.RunnableProcessor.run(RunnableProcessor.java:51)
	... 1 more

com.myapp.ui.auth.ProfileControllerTest.testPasswordFields -- Time elapsed: 0.140 s <<< ERROR!
java.lang.RuntimeException: java.util.concurrent.ExecutionException: java.lang.AbstractMethodError: Receiver class com.sun.glass.ui.monocle.MonocleWindow does not define or inherit an implementation of the resolved method 'abstract void _updateViewSize(long)' of abstract class com.sun.glass.ui.Window.
	at org.testfx.util.WaitForAsyncUtils.waitFor(WaitForAsyncUtils.java:301)
	at org.testfx.api.FxToolkit.waitForSetup(FxToolkit.java:244)
	at org.testfx.api.FxToolkit.setupApplication(FxToolkit.java:153)
	at org.testfx.framework.junit5.ApplicationTest.internalBefore(ApplicationTest.java:42)
	at java.base/java.lang.reflect.Method.invoke(Method.java:569)
	at java.base/java.util.ArrayList.forEach(ArrayList.java:1511)
	at java.base/java.util.ArrayList.forEach(ArrayList.java:1511)
	Suppressed: java.lang.RuntimeException: java.lang.AbstractMethodError: Receiver class com.sun.glass.ui.monocle.MonocleWindow does not define or inherit an implementation of the resolved method 'abstract void _updateViewSize(long)' of abstract class com.sun.glass.ui.Window.
		at org.testfx.util.WaitForAsyncUtils.---- Delayed Exception: (See Trace Below) ----(WaitForAsyncUtils.java:0)
	Caused by: java.lang.AbstractMethodError: Receiver class com.sun.glass.ui.monocle.MonocleWindow does not define or inherit an implementation of the resolved method 'abstract void _updateViewSize(long)' of abstract class com.sun.glass.ui.Window.
		at com.sun.glass.ui.Window.setView(Window.java:377)
		at com.sun.javafx.tk.quantum.WindowStage.lambda$setScene$0(WindowStage.java:271)
		at com.sun.javafx.tk.quantum.QuantumToolkit.runWithRenderLock(QuantumToolkit.java:442)
		at com.sun.javafx.tk.quantum.WindowStage.setScene(WindowStage.java:270)
		at javafx.stage.Window$12.invalidated(Window.java:1162)
		at javafx.beans.property.BooleanPropertyBase.markInvalid(BooleanPropertyBase.java:110)
		at javafx.beans.property.BooleanPropertyBase.set(BooleanPropertyBase.java:145)
		at javafx.stage.Window.setShowing(Window.java:1239)
		at javafx.stage.Window.show(Window.java:1254)
		at javafx.stage.Stage.show(Stage.java:277)
		at javafx.stage.Stage.showAndWait(Stage.java:467)
		at javafx.scene.control.HeavyweightDialog.showAndWait(HeavyweightDialog.java:162)
		at javafx.scene.control.Dialog.showAndWait(Dialog.java:346)
		at com.myapp.ui.auth.ProfileController.showError(ProfileController.java:546)
		at com.myapp.ui.auth.ProfileController.lambda$8(ProfileController.java:201)
		at com.sun.javafx.application.PlatformImpl.lambda$runLater$10(PlatformImpl.java:456)
		at java.base/java.security.AccessController.doPrivileged(AccessController.java:399)
		at com.sun.javafx.application.PlatformImpl.lambda$runLater$11(PlatformImpl.java:455)
		at com.sun.glass.ui.monocle.RunnableProcessor.runLoop(RunnableProcessor.java:92)
		at com.sun.glass.ui.monocle.RunnableProcessor.run(RunnableProcessor.java:51)
		at java.base/java.lang.Thread.run(Thread.java:840)
Caused by: java.util.concurrent.ExecutionException: java.lang.AbstractMethodError: Receiver class com.sun.glass.ui.monocle.MonocleWindow does not define or inherit an implementation of the resolved method 'abstract void _updateViewSize(long)' of abstract class com.sun.glass.ui.Window.
	at java.base/java.util.concurrent.FutureTask.report(FutureTask.java:122)
	at java.base/java.util.concurrent.FutureTask.get(FutureTask.java:191)
	at org.testfx.util.WaitForAsyncUtils$ASyncFXCallable.get(WaitForAsyncUtils.java:696)
	at org.testfx.toolkit.impl.ToolkitServiceImpl.lambda$setupApplication$6(ToolkitServiceImpl.java:127)
	at java.base/java.util.concurrent.FutureTask.run(FutureTask.java:264)
	at java.base/java.util.concurrent.Executors$RunnableAdapter.call(Executors.java:539)
	at java.base/java.util.concurrent.FutureTask.run(FutureTask.java:264)
	at java.base/java.util.concurrent.ThreadPoolExecutor.runWorker(ThreadPoolExecutor.java:1136)
	at java.base/java.util.concurrent.ThreadPoolExecutor$Worker.run(ThreadPoolExecutor.java:635)
	at java.base/java.lang.Thread.run(Thread.java:840)
Caused by: java.lang.AbstractMethodError: Receiver class com.sun.glass.ui.monocle.MonocleWindow does not define or inherit an implementation of the resolved method 'abstract void _updateViewSize(long)' of abstract class com.sun.glass.ui.Window.
	at com.sun.glass.ui.Window.setView(Window.java:377)
	at com.sun.javafx.tk.quantum.WindowStage.lambda$setScene$0(WindowStage.java:271)
	at com.sun.javafx.tk.quantum.QuantumToolkit.runWithRenderLock(QuantumToolkit.java:442)
	at com.sun.javafx.tk.quantum.WindowStage.setScene(WindowStage.java:270)
	at javafx.stage.Window$SceneModel.updatePeerScene(Window.java:889)
	at javafx.stage.Window$SceneModel.invalidated(Window.java:858)
	at javafx.beans.property.ObjectPropertyBase.markInvalid(ObjectPropertyBase.java:112)
	at javafx.beans.property.ObjectPropertyBase.set(ObjectPropertyBase.java:147)
	at javafx.stage.Window.setScene(Window.java:823)
	at javafx.stage.Stage.setScene(Stage.java:270)
	at com.myapp.ui.auth.ProfileControllerTest.start(ProfileControllerTest.java:119)
	at org.testfx.framework.junit5.ApplicationAdapter.start(ApplicationAdapter.java:37)
	at org.testfx.toolkit.impl.ApplicationServiceImpl.lambda$start$0(ApplicationServiceImpl.java:49)
	at java.base/java.util.concurrent.FutureTask.run(FutureTask.java:264)
	at com.sun.javafx.application.PlatformImpl.lambda$runLater$10(PlatformImpl.java:456)
	at java.base/java.security.AccessController.doPrivileged(AccessController.java:399)
	at com.sun.javafx.application.PlatformImpl.lambda$runLater$11(PlatformImpl.java:455)
	at com.sun.glass.ui.monocle.RunnableProcessor.runLoop(RunnableProcessor.java:92)
	at com.sun.glass.ui.monocle.RunnableProcessor.run(RunnableProcessor.java:51)
	... 1 more

