-------------------------------------------------------------------------------
Test set: com.myapp.ui.integration.IntegrationTestSuite
-------------------------------------------------------------------------------
Tests run: 10, Failures: 3, Errors: 0, Skipped: 0, Time elapsed: 11447 s <<< FAILURE! -- in com.myapp.ui.integration.IntegrationTestSuite
com.myapp.ui.integration.IntegrationTestSuite.testConcurrentOrderPlacement -- Time elapsed: 10.30 s <<< FAILURE!
org.opentest4j.AssertionFailedError: Concurrent operations should complete ==> expected: <true> but was: <false>
	at org.junit.jupiter.api.AssertionFailureBuilder.build(AssertionFailureBuilder.java:151)
	at org.junit.jupiter.api.AssertionFailureBuilder.buildAndThrow(AssertionFailureBuilder.java:132)
	at org.junit.jupiter.api.AssertTrue.failNotTrue(AssertTrue.java:63)
	at org.junit.jupiter.api.AssertTrue.assertTrue(AssertTrue.java:36)
	at org.junit.jupiter.api.Assertions.assertTrue(Assertions.java:210)
	at com.myapp.ui.common.BaseTestClass.assertTrue(BaseTestClass.java:250)
	at com.myapp.ui.integration.IntegrationTestSuite.testConcurrentOrderPlacement(IntegrationTestSuite.java:129)
	at java.base/java.lang.reflect.Method.invoke(Method.java:569)
	at java.base/java.util.ArrayList.forEach(ArrayList.java:1511)
	at java.base/java.util.ArrayList.forEach(ArrayList.java:1511)

com.myapp.ui.integration.IntegrationTestSuite.testUIResponsivenessUnderLoad -- Time elapsed: 1801 s <<< FAILURE!
org.opentest4j.AssertionFailedError: UI should remain responsive under load: 1801053ms ==> expected: <true> but was: <false>
	at org.junit.jupiter.api.AssertionFailureBuilder.build(AssertionFailureBuilder.java:151)
	at org.junit.jupiter.api.AssertionFailureBuilder.buildAndThrow(AssertionFailureBuilder.java:132)
	at org.junit.jupiter.api.AssertTrue.failNotTrue(AssertTrue.java:63)
	at org.junit.jupiter.api.AssertTrue.assertTrue(AssertTrue.java:36)
	at org.junit.jupiter.api.Assertions.assertTrue(Assertions.java:210)
	at com.myapp.ui.common.BaseTestClass.assertTrue(BaseTestClass.java:250)
	at com.myapp.ui.integration.IntegrationTestSuite.testUIResponsivenessUnderLoad(IntegrationTestSuite.java:366)
	at java.base/java.lang.reflect.Method.invoke(Method.java:569)
	at java.base/java.util.ArrayList.forEach(ArrayList.java:1511)
	at java.base/java.util.ArrayList.forEach(ArrayList.java:1511)

com.myapp.ui.integration.IntegrationTestSuite.testLargeDataLoad -- Time elapsed: 30.28 s <<< FAILURE!
org.opentest4j.AssertionFailedError: Large data load should complete in reasonable time: 30002ms ==> expected: <true> but was: <false>
	at org.junit.jupiter.api.AssertionFailureBuilder.build(AssertionFailureBuilder.java:151)
	at org.junit.jupiter.api.AssertionFailureBuilder.buildAndThrow(AssertionFailureBuilder.java:132)
	at org.junit.jupiter.api.AssertTrue.failNotTrue(AssertTrue.java:63)
	at org.junit.jupiter.api.AssertTrue.assertTrue(AssertTrue.java:36)
	at org.junit.jupiter.api.Assertions.assertTrue(Assertions.java:210)
	at com.myapp.ui.common.BaseTestClass.assertTrue(BaseTestClass.java:250)
	at com.myapp.ui.integration.IntegrationTestSuite.testLargeDataLoad(IntegrationTestSuite.java:228)
	at java.base/java.lang.reflect.Method.invoke(Method.java:569)
	at java.base/java.util.ArrayList.forEach(ArrayList.java:1511)
	at java.base/java.util.ArrayList.forEach(ArrayList.java:1511)

